2025-12-18 01:19:17 - shared_modules.data_collection.optimized_data_fetcher - WARNING - [FAIL] Rate limited for ENSUSDT_5 (attempt 1/5)
2025-12-18 01:19:17 - shared_modules.data_collection.optimized_data_fetcher - ERROR - [FAIL] Exception for ENSUSDT_5: local variable 'retry_delay' referenced before assignment (attempt 2/5)
2025-12-18 01:19:17 - shared_modules.data_collection.optimized_data_fetcher - ERROR - [FAIL] Exception for ENSUSDT_5: local variable 'retry_delay' referenced before assignment (attempt 3/5)
2025-12-18 01:19:17 - shared_modules.data_collection.optimized_data_fetcher - ERROR - [FAIL] Exception for ENSUSDT_5: local variable 'retry_delay' referenced before assignment (attempt 4/5)
2025-12-18 01:19:17 - shared_modules.data_collection.optimized_data_fetcher - ERROR - [FAIL] Exception for ENSUSDT_5: local variable 'retry_delay' referenced before assignment (attempt 5/5)
2025-12-18 01:19:17 - shared_modules.data_collection.optimized_data_fetcher - ERROR - [FAIL] Failed to fetch ENSUSDT_5
2025-12-18 01:19:17 - shared_modules.data_collection.optimized_data_fetcher - WARNING - [FAIL] Rate limited for EPTUSDT_60 (attempt 1/5)
2025-12-18 01:19:17 - shared_modules.data_collection.optimized_data_fetcher - ERROR - [FAIL] Exception for EPTUSDT_60: local variable 'retry_delay' referenced before assignment (attempt 2/5)
2025-12-18 01:19:17 - shared_modules.data_collection.optimized_data_fetcher - ERROR - [FAIL] Exception for EPTUSDT_60: local variable 'retry_delay' referenced before assignment (attempt 3/5)
2025-12-18 01:19:17 - shared_modules.data_collection.optimized_data_fetcher - ERROR - [FAIL] Exception for EPTUSDT_60: local variable 'retry_delay' referenced before assignment (attempt 4/5)
2025-12-18 01:19:17 - shared_modules.data_collection.optimized_data_fetcher - ERROR - [FAIL] Exception for EPTUSDT_60: local variable 'retry_delay' referenced before assignment (attempt 5/5)
2025-12-18 01:19:17 - shared_modules.data_collection.optimized_data_fetcher - ERROR - [FAIL] Failed to fetch EPTUSDT_60
2025-12-18 01:19:17 - shared_modules.data_collection.optimized_data_fetcher - WARNING - [FAIL] Rate limited for EPTUSDT_240 (attempt 1/5)
2025-12-18 01:19:17 - shared_modules.data_collection.optimized_data_fetcher - ERROR - [FAIL] Exception for EPTUSDT_240: local variable 'retry_delay' referenced before assignment (attempt 2/5)
2025-12-18 01:19:17 - shared_modules.data_collection.optimized_data_fetcher - ERROR - [FAIL] Exception for EPTUSDT_240: local variable 'retry_delay' referenced before assignment (attempt 3/5)
2025-12-18 01:19:17 - shared_modules.data_collection.optimized_data_fetcher - ERROR - [FAIL] Exception for EPTUSDT_240: local variable 'retry_delay' referenced before assignment (attempt 4/5)
2025-12-18 01:19:17 - shared_modules.data_collection.optimized_data_fetcher - ERROR - [FAIL] Exception for EPTUSDT_240: local variable 'retry_delay' referenced before assignment (attempt 5/5)
2025-12-18 01:19:17 - shared_modules.data_collection.optimized_data_fetcher - ERROR - [FAIL] Failed to fetch EPTUSDT_240
2025-12-18 01:19:17 - shared_modules.data_collection.optimized_data_fetcher - WARNING - [FAIL] Rate limited for ERAUSDT_240 (attempt 1/5)
2025-12-18 01:19:17 - shared_modules.data_collection.optimized_data_fetcher - ERROR - [FAIL] Exception for ERAUSDT_240: local variable 'retry_delay' referenced before assignment (attempt 2/5)
2025-12-18 01:19:17 - shared_modules.data_collection.optimized_data_fetcher - ERROR - [FAIL] Exception for ERAUSDT_240: local variable 'retry_delay' referenced before assignment (attempt 3/5)
2025-12-18 01:19:17 - shared_modules.data_collection.optimized_data_fetcher - ERROR - [FAIL] Exception for ERAUSDT_240: local variable 'retry_delay' referenced before assignment (attempt 4/5)
2025-12-18 01:19:17 - shared_modules.data_collection.optimized_data_fetcher - ERROR - [FAIL] Exception for ERAUSDT_240: local variable 'retry_delay' referenced before assignment (attempt 5/5)
2025-12-18 01:19:17 - shared_modules.data_collection.optimized_data_fetcher - ERROR - [FAIL] Failed to fetch ERAUSDT_240
2025-12-18 01:19:17 - shared_modules.data_collection.optimized_data_fetcher - WARNING - [FAIL] Rate limited for DOTUSDT_240 (attempt 1/5)
2025-12-18 01:19:17 - shared_modules.data_collection.optimized_data_fetcher - ERROR - [FAIL] Exception for DOTUSDT_240: local variable 'retry_delay' referenced before assignment (attempt 2/5)
2025-12-18 01:19:17 - shared_modules.data_collection.optimized_data_fetcher - ERROR - [FAIL] Exception for DOTUSDT_240: local variable 'retry_delay' referenced before assignment (attempt 3/5)
2025-12-18 01:19:17 - shared_modules.data_collection.optimized_data_fetcher - ERROR - [FAIL] Exception for DOTUSDT_240: local variable 'retry_delay' referenced before assignment (attempt 4/5)
2025-12-18 01:19:17 - shared_modules.data_collection.optimized_data_fetcher - ERROR - [FAIL] Exception for DOTUSDT_240: local variable 'retry_delay' referenced before assignment (attempt 5/5)
2025-12-18 01:19:17 - shared_modules.data_collection.optimized_data_fetcher - ERROR - [FAIL] Failed to fetch DOTUSDT_240
2025-12-18 01:19:17 - shared_modules.data_collection.optimized_data_fetcher - WARNING - [FAIL] Rate limited for ETCUSDT_1 (attempt 1/5)
2025-12-18 01:19:17 - shared_modules.data_collection.optimized_data_fetcher - ERROR - [FAIL] Exception for ETCUSDT_1: local variable 'retry_delay' referenced before assignment (attempt 2/5)
2025-12-18 01:19:17 - shared_modules.data_collection.optimized_data_fetcher - ERROR - [FAIL] Exception for ETCUSDT_1: local variable 'retry_delay' referenced before assignment (attempt 3/5)
2025-12-18 01:19:17 - shared_modules.data_collection.optimized_data_fetcher - ERROR - [FAIL] Exception for ETCUSDT_1: local variable 'retry_delay' referenced before assignment (attempt 4/5)
2025-12-18 01:19:17 - shared_modules.data_collection.optimized_data_fetcher - ERROR - [FAIL] Exception for ETCUSDT_1: local variable 'retry_delay' referenced before assignment (attempt 5/5)
2025-12-18 01:19:17 - shared_modules.data_collection.optimized_data_fetcher - ERROR - [FAIL] Failed to fetch ETCUSDT_1
2025-12-18 01:19:17 - shared_modules.data_collection.optimized_data_fetcher - WARNING - [FAIL] Rate limited for ETHFIUSDT_5 (attempt 1/5)
2025-12-18 01:19:17 - shared_modules.data_collection.optimized_data_fetcher - ERROR - [FAIL] Exception for ETHFIUSDT_5: local variable 'retry_delay' referenced before assignment (attempt 2/5)
2025-12-18 01:19:17 - shared_modules.data_collection.optimized_data_fetcher - ERROR - [FAIL] Exception for ETHFIUSDT_5: local variable 'retry_delay' referenced before assignment (attempt 3/5)
2025-12-18 01:19:17 - shared_modules.data_collection.optimized_data_fetcher - ERROR - [FAIL] Exception for ETHFIUSDT_5: local variable 'retry_delay' referenced before assignment (attempt 4/5)
2025-12-18 01:19:17 - shared_modules.data_collection.optimized_data_fetcher - ERROR - [FAIL] Exception for ETHFIUSDT_5: local variable 'retry_delay' referenced before assignment (attempt 5/5)
2025-12-18 01:19:17 - shared_modules.data_collection.optimized_data_fetcher - ERROR - [FAIL] Failed to fetch ETHFIUSDT_5
2025-12-18 01:19:18 - shared_modules.data_collection.optimized_data_fetcher - WARNING - [FAIL] Rate limited for ETHUSDT_5 (attempt 1/5)
2025-12-18 01:19:18 - shared_modules.data_collection.optimized_data_fetcher - ERROR - [FAIL] Exception for ETHUSDT_5: local variable 'retry_delay' referenced before assignment (attempt 2/5)
2025-12-18 01:19:18 - shared_modules.data_collection.optimized_data_fetcher - ERROR - [FAIL] Exception for ETHUSDT_5: local variable 'retry_delay' referenced before assignment (attempt 3/5)
2025-12-18 01:19:18 - shared_modules.data_collection.optimized_data_fetcher - ERROR - [FAIL] Exception for ETHUSDT_5: local variable 'retry_delay' referenced before assignment (attempt 4/5)
2025-12-18 01:19:18 - shared_modules.data_collection.optimized_data_fetcher - ERROR - [FAIL] Exception for ETHUSDT_5: local variable 'retry_delay' referenced before assignment (attempt 5/5)
2025-12-18 01:19:18 - shared_modules.data_collection.optimized_data_fetcher - ERROR - [FAIL] Failed to fetch ETHUSDT_5
2025-12-18 01:19:18 - shared_modules.data_collection.optimized_data_fetcher - WARNING - [FAIL] Rate limited for ENAUSDT_1 (attempt 1/5)
2025-12-18 01:19:18 - shared_modules.data_collection.optimized_data_fetcher - ERROR - [FAIL] Exception for ENAUSDT_1: local variable 'retry_delay' referenced before assignment (attempt 2/5)
2025-12-18 01:19:18 - shared_modules.data_collection.optimized_data_fetcher - ERROR - [FAIL] Exception for ENAUSDT_1: local variable 'retry_delay' referenced before assignment (attempt 3/5)
2025-12-18 01:19:18 - shared_modules.data_collection.optimized_data_fetcher - ERROR - [FAIL] Exception for ENAUSDT_1: local variable 'retry_delay' referenced before assignment (attempt 4/5)
2025-12-18 01:19:18 - shared_modules.data_collection.optimized_data_fetcher - ERROR - [FAIL] Exception for ENAUSDT_1: local variable 'retry_delay' referenced before assignment (attempt 5/5)
2025-12-18 01:19:18 - shared_modules.data_collection.optimized_data_fetcher - ERROR - [FAIL] Failed to fetch ENAUSDT_1
2025-12-18 01:19:19 - shared_modules.data_collection.optimized_data_fetcher - WARNING - [FAIL] Rate limited for EULUSDT_240 (attempt 1/5)
2025-12-18 01:19:19 - shared_modules.data_collection.optimized_data_fetcher - ERROR - [FAIL] Exception for EULUSDT_240: local variable 'retry_delay' referenced before assignment (attempt 2/5)
2025-12-18 01:19:19 - shared_modules.data_collection.optimized_data_fetcher - ERROR - [FAIL] Exception for EULUSDT_240: local variable 'retry_delay' referenced before assignment (attempt 3/5)
2025-12-18 01:19:19 - shared_modules.data_collection.optimized_data_fetcher - ERROR - [FAIL] Exception for EULUSDT_240: local variable 'retry_delay' referenced before assignment (attempt 4/5)
2025-12-18 01:19:19 - shared_modules.data_collection.optimized_data_fetcher - ERROR - [FAIL] Exception for EULUSDT_240: local variable 'retry_delay' referenced before assignment (attempt 5/5)
2025-12-18 01:19:19 - shared_modules.data_collection.optimized_data_fetcher - ERROR - [FAIL] Failed to fetch EULUSDT_240
2025-12-18 01:19:19 - shared_modules.data_collection.optimized_data_fetcher - WARNING - [FAIL] Rate limited for FIDAUSDT_240 (attempt 1/5)
2025-12-18 01:19:19 - shared_modules.data_collection.optimized_data_fetcher - ERROR - [FAIL] Exception for FIDAUSDT_240: local variable 'retry_delay' referenced before assignment (attempt 2/5)
2025-12-18 01:19:19 - shared_modules.data_collection.optimized_data_fetcher - ERROR - [FAIL] Exception for FIDAUSDT_240: local variable 'retry_delay' referenced before assignment (attempt 3/5)
2025-12-18 01:19:19 - shared_modules.data_collection.optimized_data_fetcher - ERROR - [FAIL] Exception for FIDAUSDT_240: local variable 'retry_delay' referenced before assignment (attempt 4/5)
2025-12-18 01:19:19 - shared_modules.data_collection.optimized_data_fetcher - ERROR - [FAIL] Exception for FIDAUSDT_240: local variable 'retry_delay' referenced before assignment (attempt 5/5)
2025-12-18 01:19:19 - shared_modules.data_collection.optimized_data_fetcher - ERROR - [FAIL] Failed to fetch FIDAUSDT_240
2025-12-18 01:19:19 - shared_modules.data_collection.optimized_data_fetcher - WARNING - [FAIL] Rate limited for ENJUSDT_1 (attempt 1/5)
2025-12-18 01:19:19 - shared_modules.data_collection.optimized_data_fetcher - ERROR - [FAIL] Exception for ENJUSDT_1: local variable 'retry_delay' referenced before assignment (attempt 2/5)
2025-12-18 01:19:19 - shared_modules.data_collection.optimized_data_fetcher - ERROR - [FAIL] Exception for ENJUSDT_1: local variable 'retry_delay' referenced before assignment (attempt 3/5)
2025-12-18 01:19:19 - shared_modules.data_collection.optimized_data_fetcher - ERROR - [FAIL] Exception for ENJUSDT_1: local variable 'retry_delay' referenced before assignment (attempt 4/5)
2025-12-18 01:19:19 - shared_modules.data_collection.optimized_data_fetcher - ERROR - [FAIL] Exception for ENJUSDT_1: local variable 'retry_delay' referenced before assignment (attempt 5/5)
2025-12-18 01:19:19 - shared_modules.data_collection.optimized_data_fetcher - ERROR - [FAIL] Failed to fetch ENJUSDT_1
2025-12-18 01:19:19 - shared_modules.data_collection.optimized_data_fetcher - WARNING - [FAIL] Rate limited for FLOCKUSDT_1 (attempt 1/5)
2025-12-18 01:19:19 - shared_modules.data_collection.optimized_data_fetcher - ERROR - [FAIL] Exception for FLOCKUSDT_1: local variable 'retry_delay' referenced before assignment (attempt 2/5)
2025-12-18 01:19:19 - shared_modules.data_collection.optimized_data_fetcher - ERROR - [FAIL] Exception for FLOCKUSDT_1: local variable 'retry_delay' referenced before assignment (attempt 3/5)
2025-12-18 01:19:19 - shared_modules.data_collection.optimized_data_fetcher - ERROR - [FAIL] Exception for FLOCKUSDT_1: local variable 'retry_delay' referenced before assignment (attempt 4/5)
2025-12-18 01:19:19 - shared_modules.data_collection.optimized_data_fetcher - ERROR - [FAIL] Exception for FLOCKUSDT_1: local variable 'retry_delay' referenced before assignment (attempt 5/5)
2025-12-18 01:19:19 - shared_modules.data_collection.optimized_data_fetcher - ERROR - [FAIL] Failed to fetch FLOCKUSDT_1
2025-12-18 01:19:19 - shared_modules.data_collection.optimized_data_fetcher - WARNING - [FAIL] Rate limited for FOLKSUSDT_5 (attempt 1/5)
2025-12-18 01:19:19 - shared_modules.data_collection.optimized_data_fetcher - ERROR - [FAIL] Exception for FOLKSUSDT_5: local variable 'retry_delay' referenced before assignment (attempt 2/5)
2025-12-18 01:19:19 - shared_modules.data_collection.optimized_data_fetcher - ERROR - [FAIL] Exception for FOLKSUSDT_5: local variable 'retry_delay' referenced before assignment (attempt 3/5)
2025-12-18 01:19:19 - shared_modules.data_collection.optimized_data_fetcher - ERROR - [FAIL] Exception for FOLKSUSDT_5: local variable 'retry_delay' referenced before assignment (attempt 4/5)
2025-12-18 01:19:19 - shared_modules.data_collection.optimized_data_fetcher - ERROR - [FAIL] Exception for FOLKSUSDT_5: local variable 'retry_delay' referenced before assignment (attempt 5/5)
2025-12-18 01:19:19 - shared_modules.data_collection.optimized_data_fetcher - ERROR - [FAIL] Failed to fetch FOLKSUSDT_5
2025-12-18 01:19:19 - shared_modules.data_collection.optimized_data_fetcher - WARNING - [FAIL] Rate limited for FOLKSUSDT_60 (attempt 1/5)
2025-12-18 01:19:19 - shared_modules.data_collection.optimized_data_fetcher - ERROR - [FAIL] Exception for FOLKSUSDT_60: local variable 'retry_delay' referenced before assignment (attempt 2/5)
2025-12-18 01:19:19 - shared_modules.data_collection.optimized_data_fetcher - ERROR - [FAIL] Exception for FOLKSUSDT_60: local variable 'retry_delay' referenced before assignment (attempt 3/5)
2025-12-18 01:19:19 - shared_modules.data_collection.optimized_data_fetcher - ERROR - [FAIL] Exception for FOLKSUSDT_60: local variable 'retry_delay' referenced before assignment (attempt 4/5)
2025-12-18 01:19:19 - shared_modules.data_collection.optimized_data_fetcher - ERROR - [FAIL] Exception for FOLKSUSDT_60: local variable 'retry_delay' referenced before assignment (attempt 5/5)
2025-12-18 01:19:19 - shared_modules.data_collection.optimized_data_fetcher - ERROR - [FAIL] Failed to fetch FOLKSUSDT_60
2025-12-18 01:19:19 - shared_modules.data_collection.optimized_data_fetcher - WARNING - [FAIL] Rate limited for ETHFIUSDT_1 (attempt 1/5)
2025-12-18 01:19:19 - shared_modules.data_collection.optimized_data_fetcher - ERROR - [FAIL] Exception for ETHFIUSDT_1: local variable 'retry_delay' referenced before assignment (attempt 2/5)
2025-12-18 01:19:19 - shared_modules.data_collection.optimized_data_fetcher - ERROR - [FAIL] Exception for ETHFIUSDT_1: local variable 'retry_delay' referenced before assignment (attempt 3/5)
2025-12-18 01:19:19 - shared_modules.data_collection.optimized_data_fetcher - ERROR - [FAIL] Exception for ETHFIUSDT_1: local variable 'retry_delay' referenced before assignment (attempt 4/5)
2025-12-18 01:19:19 - shared_modules.data_collection.optimized_data_fetcher - ERROR - [FAIL] Exception for ETHFIUSDT_1: local variable 'retry_delay' referenced before assignment (attempt 5/5)
2025-12-18 01:19:19 - shared_modules.data_collection.optimized_data_fetcher - ERROR - [FAIL] Failed to fetch ETHFIUSDT_1
2025-12-18 01:19:19 - shared_modules.data_collection.optimized_data_fetcher - WARNING - [FAIL] Rate limited for ESUSDT_240 (attempt 1/5)
2025-12-18 01:19:19 - shared_modules.data_collection.optimized_data_fetcher - ERROR - [FAIL] Exception for ESUSDT_240: local variable 'retry_delay' referenced before assignment (attempt 2/5)
2025-12-18 01:19:19 - shared_modules.data_collection.optimized_data_fetcher - ERROR - [FAIL] Exception for ESUSDT_240: local variable 'retry_delay' referenced before assignment (attempt 3/5)
2025-12-18 01:19:19 - shared_modules.data_collection.optimized_data_fetcher - ERROR - [FAIL] Exception for ESUSDT_240: local variable 'retry_delay' referenced before assignment (attempt 4/5)
2025-12-18 01:19:19 - shared_modules.data_collection.optimized_data_fetcher - ERROR - [FAIL] Exception for ESUSDT_240: local variable 'retry_delay' referenced before assignment (attempt 5/5)
2025-12-18 01:19:19 - shared_modules.data_collection.optimized_data_fetcher - ERROR - [FAIL] Failed to fetch ESUSDT_240
2025-12-18 01:19:24 - shared_modules.data_collection.optimized_data_fetcher - WARNING - [FAIL] Rate limited for RONINUSDT_5 (attempt 1/5)
2025-12-18 01:19:24 - shared_modules.data_collection.optimized_data_fetcher - ERROR - [FAIL] Exception for RONINUSDT_5: local variable 'retry_delay' referenced before assignment (attempt 2/5)
2025-12-18 01:19:24 - shared_modules.data_collection.optimized_data_fetcher - ERROR - [FAIL] Exception for RONINUSDT_5: local variable 'retry_delay' referenced before assignment (attempt 3/5)
2025-12-18 01:19:24 - shared_modules.data_collection.optimized_data_fetcher - ERROR - [FAIL] Exception for RONINUSDT_5: local variable 'retry_delay' referenced before assignment (attempt 4/5)
2025-12-18 01:19:24 - shared_modules.data_collection.optimized_data_fetcher - ERROR - [FAIL] Exception for RONINUSDT_5: local variable 'retry_delay' referenced before assignment (attempt 5/5)
2025-12-18 01:19:24 - shared_modules.data_collection.optimized_data_fetcher - ERROR - [FAIL] Failed to fetch RONINUSDT_5
2025-12-18 01:19:24 - shared_modules.data_collection.optimized_data_fetcher - WARNING - [FAIL] Rate limited for RUNEUSDT_5 (attempt 1/5)
2025-12-18 01:19:24 - shared_modules.data_collection.optimized_data_fetcher - ERROR - [FAIL] Exception for RUNEUSDT_5: local variable 'retry_delay' referenced before assignment (attempt 2/5)
2025-12-18 01:19:24 - shared_modules.data_collection.optimized_data_fetcher - ERROR - [FAIL] Exception for RUNEUSDT_5: local variable 'retry_delay' referenced before assignment (attempt 3/5)
2025-12-18 01:19:24 - shared_modules.data_collection.optimized_data_fetcher - ERROR - [FAIL] Exception for RUNEUSDT_5: local variable 'retry_delay' referenced before assignment (attempt 4/5)
2025-12-18 01:19:24 - shared_modules.data_collection.optimized_data_fetcher - ERROR - [FAIL] Exception for RUNEUSDT_5: local variable 'retry_delay' referenced before assignment (attempt 5/5)
2025-12-18 01:19:24 - shared_modules.data_collection.optimized_data_fetcher - ERROR - [FAIL] Failed to fetch RUNEUSDT_5
2025-12-18 01:19:24 - shared_modules.data_collection.optimized_data_fetcher - WARNING - [FAIL] Rate limited for SANDUSDT_60 (attempt 1/5)
2025-12-18 01:19:24 - shared_modules.data_collection.optimized_data_fetcher - ERROR - [FAIL] Exception for SANDUSDT_60: local variable 'retry_delay' referenced before assignment (attempt 2/5)
2025-12-18 01:19:24 - shared_modules.data_collection.optimized_data_fetcher - ERROR - [FAIL] Exception for SANDUSDT_60: local variable 'retry_delay' referenced before assignment (attempt 3/5)
2025-12-18 01:19:24 - shared_modules.data_collection.optimized_data_fetcher - ERROR - [FAIL] Exception for SANDUSDT_60: local variable 'retry_delay' referenced before assignment (attempt 4/5)
2025-12-18 01:19:24 - shared_modules.data_collection.optimized_data_fetcher - ERROR - [FAIL] Exception for SANDUSDT_60: local variable 'retry_delay' referenced before assignment (attempt 5/5)
2025-12-18 01:19:24 - shared_modules.data_collection.optimized_data_fetcher - ERROR - [FAIL] Failed to fetch SANDUSDT_60
