2025-12-17 23:30:09 - shared_modules.data_collection.optimized_data_fetcher - WARNING - [FAIL] Rate limited for ENSOUSDT_240 (attempt 1/5)
2025-12-17 23:30:09 - shared_modules.data_collection.optimized_data_fetcher - ERROR - [FAIL] Exception for ENSOUSDT_240: local variable 'retry_delay' referenced before assignment (attempt 2/5)
2025-12-17 23:30:09 - shared_modules.data_collection.optimized_data_fetcher - ERROR - [FAIL] Exception for ENSOUSDT_240: local variable 'retry_delay' referenced before assignment (attempt 3/5)
2025-12-17 23:30:09 - shared_modules.data_collection.optimized_data_fetcher - ERROR - [FAIL] Exception for ENSOUSDT_240: local variable 'retry_delay' referenced before assignment (attempt 4/5)
2025-12-17 23:30:09 - shared_modules.data_collection.optimized_data_fetcher - ERROR - [FAIL] Exception for ENSOUSDT_240: local variable 'retry_delay' referenced before assignment (attempt 5/5)
2025-12-17 23:30:09 - shared_modules.data_collection.optimized_data_fetcher - ERROR - [FAIL] Failed to fetch ENSOUSDT_240
2025-12-17 23:30:10 - shared_modules.data_collection.optimized_data_fetcher - WARNING - [FAIL] Rate limited for DOTUSDT_5 (attempt 1/5)
2025-12-17 23:30:10 - shared_modules.data_collection.optimized_data_fetcher - ERROR - [FAIL] Exception for DOTUSDT_5: local variable 'retry_delay' referenced before assignment (attempt 2/5)
2025-12-17 23:30:10 - shared_modules.data_collection.optimized_data_fetcher - ERROR - [FAIL] Exception for DOTUSDT_5: local variable 'retry_delay' referenced before assignment (attempt 3/5)
2025-12-17 23:30:10 - shared_modules.data_collection.optimized_data_fetcher - ERROR - [FAIL] Exception for DOTUSDT_5: local variable 'retry_delay' referenced before assignment (attempt 4/5)
2025-12-17 23:30:10 - shared_modules.data_collection.optimized_data_fetcher - ERROR - [FAIL] Exception for DOTUSDT_5: local variable 'retry_delay' referenced before assignment (attempt 5/5)
2025-12-17 23:30:10 - shared_modules.data_collection.optimized_data_fetcher - ERROR - [FAIL] Failed to fetch DOTUSDT_5
2025-12-17 23:30:10 - shared_modules.data_collection.optimized_data_fetcher - WARNING - [FAIL] Rate limited for ETHFIUSDT_60 (attempt 1/5)
2025-12-17 23:30:10 - shared_modules.data_collection.optimized_data_fetcher - ERROR - [FAIL] Exception for ETHFIUSDT_60: local variable 'retry_delay' referenced before assignment (attempt 2/5)
2025-12-17 23:30:10 - shared_modules.data_collection.optimized_data_fetcher - ERROR - [FAIL] Exception for ETHFIUSDT_60: local variable 'retry_delay' referenced before assignment (attempt 3/5)
2025-12-17 23:30:10 - shared_modules.data_collection.optimized_data_fetcher - ERROR - [FAIL] Exception for ETHFIUSDT_60: local variable 'retry_delay' referenced before assignment (attempt 4/5)
2025-12-17 23:30:10 - shared_modules.data_collection.optimized_data_fetcher - ERROR - [FAIL] Exception for ETHFIUSDT_60: local variable 'retry_delay' referenced before assignment (attempt 5/5)
2025-12-17 23:30:10 - shared_modules.data_collection.optimized_data_fetcher - ERROR - [FAIL] Failed to fetch ETHFIUSDT_60
2025-12-17 23:30:10 - shared_modules.data_collection.optimized_data_fetcher - WARNING - [FAIL] Rate limited for DYMUSDT_120 (attempt 1/5)
2025-12-17 23:30:10 - shared_modules.data_collection.optimized_data_fetcher - ERROR - [FAIL] Exception for DYMUSDT_120: local variable 'retry_delay' referenced before assignment (attempt 2/5)
2025-12-17 23:30:10 - shared_modules.data_collection.optimized_data_fetcher - ERROR - [FAIL] Exception for DYMUSDT_120: local variable 'retry_delay' referenced before assignment (attempt 3/5)
2025-12-17 23:30:10 - shared_modules.data_collection.optimized_data_fetcher - ERROR - [FAIL] Exception for DYMUSDT_120: local variable 'retry_delay' referenced before assignment (attempt 4/5)
2025-12-17 23:30:10 - shared_modules.data_collection.optimized_data_fetcher - ERROR - [FAIL] Exception for DYMUSDT_120: local variable 'retry_delay' referenced before assignment (attempt 5/5)
2025-12-17 23:30:10 - shared_modules.data_collection.optimized_data_fetcher - ERROR - [FAIL] Failed to fetch DYMUSDT_120
2025-12-17 23:30:10 - shared_modules.data_collection.optimized_data_fetcher - WARNING - [FAIL] Rate limited for EPICUSDT_1 (attempt 1/5)
2025-12-17 23:30:10 - shared_modules.data_collection.optimized_data_fetcher - ERROR - [FAIL] Exception for EPICUSDT_1: local variable 'retry_delay' referenced before assignment (attempt 2/5)
2025-12-17 23:30:10 - shared_modules.data_collection.optimized_data_fetcher - ERROR - [FAIL] Exception for EPICUSDT_1: local variable 'retry_delay' referenced before assignment (attempt 3/5)
2025-12-17 23:30:10 - shared_modules.data_collection.optimized_data_fetcher - ERROR - [FAIL] Exception for EPICUSDT_1: local variable 'retry_delay' referenced before assignment (attempt 4/5)
2025-12-17 23:30:10 - shared_modules.data_collection.optimized_data_fetcher - ERROR - [FAIL] Exception for EPICUSDT_1: local variable 'retry_delay' referenced before assignment (attempt 5/5)
2025-12-17 23:30:10 - shared_modules.data_collection.optimized_data_fetcher - ERROR - [FAIL] Failed to fetch EPICUSDT_1
2025-12-17 23:30:10 - shared_modules.data_collection.optimized_data_fetcher - WARNING - [FAIL] Rate limited for ESUSDT_5 (attempt 1/5)
2025-12-17 23:30:10 - shared_modules.data_collection.optimized_data_fetcher - ERROR - [FAIL] Exception for ESUSDT_5: local variable 'retry_delay' referenced before assignment (attempt 2/5)
2025-12-17 23:30:10 - shared_modules.data_collection.optimized_data_fetcher - ERROR - [FAIL] Exception for ESUSDT_5: local variable 'retry_delay' referenced before assignment (attempt 3/5)
2025-12-17 23:30:10 - shared_modules.data_collection.optimized_data_fetcher - ERROR - [FAIL] Exception for ESUSDT_5: local variable 'retry_delay' referenced before assignment (attempt 4/5)
2025-12-17 23:30:10 - shared_modules.data_collection.optimized_data_fetcher - ERROR - [FAIL] Exception for ESUSDT_5: local variable 'retry_delay' referenced before assignment (attempt 5/5)
2025-12-17 23:30:10 - shared_modules.data_collection.optimized_data_fetcher - ERROR - [FAIL] Failed to fetch ESUSDT_5
2025-12-17 23:30:14 - shared_modules.data_collection.optimized_data_fetcher - WARNING - [FAIL] Rate limited for ORCAUSDT_5 (attempt 1/5)
2025-12-17 23:30:14 - shared_modules.data_collection.optimized_data_fetcher - ERROR - [FAIL] Exception for ORCAUSDT_5: local variable 'retry_delay' referenced before assignment (attempt 2/5)
2025-12-17 23:30:14 - shared_modules.data_collection.optimized_data_fetcher - ERROR - [FAIL] Exception for ORCAUSDT_5: local variable 'retry_delay' referenced before assignment (attempt 3/5)
2025-12-17 23:30:14 - shared_modules.data_collection.optimized_data_fetcher - ERROR - [FAIL] Exception for ORCAUSDT_5: local variable 'retry_delay' referenced before assignment (attempt 4/5)
2025-12-17 23:30:14 - shared_modules.data_collection.optimized_data_fetcher - ERROR - [FAIL] Exception for ORCAUSDT_5: local variable 'retry_delay' referenced before assignment (attempt 5/5)
2025-12-17 23:30:14 - shared_modules.data_collection.optimized_data_fetcher - ERROR - [FAIL] Failed to fetch ORCAUSDT_5
2025-12-17 23:30:14 - shared_modules.data_collection.optimized_data_fetcher - WARNING - [FAIL] Rate limited for ORCAUSDT_1 (attempt 1/5)
2025-12-17 23:30:14 - shared_modules.data_collection.optimized_data_fetcher - ERROR - [FAIL] Exception for ORCAUSDT_1: local variable 'retry_delay' referenced before assignment (attempt 2/5)
2025-12-17 23:30:14 - shared_modules.data_collection.optimized_data_fetcher - ERROR - [FAIL] Exception for ORCAUSDT_1: local variable 'retry_delay' referenced before assignment (attempt 3/5)
2025-12-17 23:30:14 - shared_modules.data_collection.optimized_data_fetcher - ERROR - [FAIL] Exception for ORCAUSDT_1: local variable 'retry_delay' referenced before assignment (attempt 4/5)
2025-12-17 23:30:14 - shared_modules.data_collection.optimized_data_fetcher - ERROR - [FAIL] Exception for ORCAUSDT_1: local variable 'retry_delay' referenced before assignment (attempt 5/5)
2025-12-17 23:30:14 - shared_modules.data_collection.optimized_data_fetcher - ERROR - [FAIL] Failed to fetch ORCAUSDT_1
2025-12-17 23:30:14 - shared_modules.data_collection.optimized_data_fetcher - WARNING - [FAIL] Rate limited for ORCAUSDT_15 (attempt 1/5)
2025-12-17 23:30:14 - shared_modules.data_collection.optimized_data_fetcher - ERROR - [FAIL] Exception for ORCAUSDT_15: local variable 'retry_delay' referenced before assignment (attempt 2/5)
2025-12-17 23:30:14 - shared_modules.data_collection.optimized_data_fetcher - ERROR - [FAIL] Exception for ORCAUSDT_15: local variable 'retry_delay' referenced before assignment (attempt 3/5)
2025-12-17 23:30:14 - shared_modules.data_collection.optimized_data_fetcher - ERROR - [FAIL] Exception for ORCAUSDT_15: local variable 'retry_delay' referenced before assignment (attempt 4/5)
2025-12-17 23:30:14 - shared_modules.data_collection.optimized_data_fetcher - ERROR - [FAIL] Exception for ORCAUSDT_15: local variable 'retry_delay' referenced before assignment (attempt 5/5)
2025-12-17 23:30:14 - shared_modules.data_collection.optimized_data_fetcher - ERROR - [FAIL] Failed to fetch ORCAUSDT_15
2025-12-17 23:30:14 - shared_modules.data_collection.optimized_data_fetcher - WARNING - [FAIL] Rate limited for PHBUSDT_5 (attempt 1/5)
2025-12-17 23:30:14 - shared_modules.data_collection.optimized_data_fetcher - ERROR - [FAIL] Exception for PHBUSDT_5: local variable 'retry_delay' referenced before assignment (attempt 2/5)
2025-12-17 23:30:14 - shared_modules.data_collection.optimized_data_fetcher - ERROR - [FAIL] Exception for PHBUSDT_5: local variable 'retry_delay' referenced before assignment (attempt 3/5)
2025-12-17 23:30:14 - shared_modules.data_collection.optimized_data_fetcher - ERROR - [FAIL] Exception for PHBUSDT_5: local variable 'retry_delay' referenced before assignment (attempt 4/5)
2025-12-17 23:30:14 - shared_modules.data_collection.optimized_data_fetcher - ERROR - [FAIL] Exception for PHBUSDT_5: local variable 'retry_delay' referenced before assignment (attempt 5/5)
2025-12-17 23:30:14 - shared_modules.data_collection.optimized_data_fetcher - ERROR - [FAIL] Failed to fetch PHBUSDT_5
2025-12-17 23:30:14 - shared_modules.data_collection.optimized_data_fetcher - WARNING - [FAIL] Rate limited for PROVEUSDT_60 (attempt 1/5)
2025-12-17 23:30:14 - shared_modules.data_collection.optimized_data_fetcher - ERROR - [FAIL] Exception for PROVEUSDT_60: local variable 'retry_delay' referenced before assignment (attempt 2/5)
2025-12-17 23:30:14 - shared_modules.data_collection.optimized_data_fetcher - ERROR - [FAIL] Exception for PROVEUSDT_60: local variable 'retry_delay' referenced before assignment (attempt 3/5)
2025-12-17 23:30:14 - shared_modules.data_collection.optimized_data_fetcher - ERROR - [FAIL] Exception for PROVEUSDT_60: local variable 'retry_delay' referenced before assignment (attempt 4/5)
2025-12-17 23:30:14 - shared_modules.data_collection.optimized_data_fetcher - ERROR - [FAIL] Exception for PROVEUSDT_60: local variable 'retry_delay' referenced before assignment (attempt 5/5)
2025-12-17 23:30:14 - shared_modules.data_collection.optimized_data_fetcher - ERROR - [FAIL] Failed to fetch PROVEUSDT_60
2025-12-17 23:30:14 - shared_modules.data_collection.optimized_data_fetcher - WARNING - [FAIL] Rate limited for PUMPFUNUSDT_60 (attempt 1/5)
2025-12-17 23:30:14 - shared_modules.data_collection.optimized_data_fetcher - ERROR - [FAIL] Exception for PUMPFUNUSDT_60: local variable 'retry_delay' referenced before assignment (attempt 2/5)
2025-12-17 23:30:14 - shared_modules.data_collection.optimized_data_fetcher - ERROR - [FAIL] Exception for PUMPFUNUSDT_60: local variable 'retry_delay' referenced before assignment (attempt 3/5)
2025-12-17 23:30:14 - shared_modules.data_collection.optimized_data_fetcher - ERROR - [FAIL] Exception for PUMPFUNUSDT_60: local variable 'retry_delay' referenced before assignment (attempt 4/5)
2025-12-17 23:30:14 - shared_modules.data_collection.optimized_data_fetcher - ERROR - [FAIL] Exception for PUMPFUNUSDT_60: local variable 'retry_delay' referenced before assignment (attempt 5/5)
2025-12-17 23:30:14 - shared_modules.data_collection.optimized_data_fetcher - ERROR - [FAIL] Failed to fetch PUMPFUNUSDT_60
2025-12-17 23:30:14 - shared_modules.data_collection.optimized_data_fetcher - WARNING - [FAIL] Rate limited for PUNDIXUSDT_60 (attempt 1/5)
2025-12-17 23:30:14 - shared_modules.data_collection.optimized_data_fetcher - ERROR - [FAIL] Exception for PUNDIXUSDT_60: local variable 'retry_delay' referenced before assignment (attempt 2/5)
2025-12-17 23:30:14 - shared_modules.data_collection.optimized_data_fetcher - ERROR - [FAIL] Exception for PUNDIXUSDT_60: local variable 'retry_delay' referenced before assignment (attempt 3/5)
2025-12-17 23:30:14 - shared_modules.data_collection.optimized_data_fetcher - ERROR - [FAIL] Exception for PUNDIXUSDT_60: local variable 'retry_delay' referenced before assignment (attempt 4/5)
2025-12-17 23:30:14 - shared_modules.data_collection.optimized_data_fetcher - ERROR - [FAIL] Exception for PUNDIXUSDT_60: local variable 'retry_delay' referenced before assignment (attempt 5/5)
2025-12-17 23:30:14 - shared_modules.data_collection.optimized_data_fetcher - ERROR - [FAIL] Failed to fetch PUNDIXUSDT_60
2025-12-17 23:30:14 - shared_modules.data_collection.optimized_data_fetcher - WARNING - [FAIL] Rate limited for PYRUSDT_15 (attempt 1/5)
2025-12-17 23:30:14 - shared_modules.data_collection.optimized_data_fetcher - ERROR - [FAIL] Exception for PYRUSDT_15: local variable 'retry_delay' referenced before assignment (attempt 2/5)
2025-12-17 23:30:14 - shared_modules.data_collection.optimized_data_fetcher - ERROR - [FAIL] Exception for PYRUSDT_15: local variable 'retry_delay' referenced before assignment (attempt 3/5)
2025-12-17 23:30:14 - shared_modules.data_collection.optimized_data_fetcher - ERROR - [FAIL] Exception for PYRUSDT_15: local variable 'retry_delay' referenced before assignment (attempt 4/5)
2025-12-17 23:30:14 - shared_modules.data_collection.optimized_data_fetcher - ERROR - [FAIL] Exception for PYRUSDT_15: local variable 'retry_delay' referenced before assignment (attempt 5/5)
2025-12-17 23:30:14 - shared_modules.data_collection.optimized_data_fetcher - ERROR - [FAIL] Failed to fetch PYRUSDT_15
2025-12-17 23:30:14 - shared_modules.data_collection.optimized_data_fetcher - WARNING - [FAIL] Rate limited for QTUMUSDT_1 (attempt 1/5)
2025-12-17 23:30:14 - shared_modules.data_collection.optimized_data_fetcher - ERROR - [FAIL] Exception for QTUMUSDT_1: local variable 'retry_delay' referenced before assignment (attempt 2/5)
2025-12-17 23:30:14 - shared_modules.data_collection.optimized_data_fetcher - ERROR - [FAIL] Exception for QTUMUSDT_1: local variable 'retry_delay' referenced before assignment (attempt 3/5)
2025-12-17 23:30:14 - shared_modules.data_collection.optimized_data_fetcher - ERROR - [FAIL] Exception for QTUMUSDT_1: local variable 'retry_delay' referenced before assignment (attempt 4/5)
2025-12-17 23:30:14 - shared_modules.data_collection.optimized_data_fetcher - ERROR - [FAIL] Exception for QTUMUSDT_1: local variable 'retry_delay' referenced before assignment (attempt 5/5)
2025-12-17 23:30:14 - shared_modules.data_collection.optimized_data_fetcher - ERROR - [FAIL] Failed to fetch QTUMUSDT_1
2025-12-17 23:30:14 - shared_modules.data_collection.optimized_data_fetcher - WARNING - [FAIL] Rate limited for QNTUSDT_120 (attempt 1/5)
2025-12-17 23:30:14 - shared_modules.data_collection.optimized_data_fetcher - ERROR - [FAIL] Exception for QNTUSDT_120: local variable 'retry_delay' referenced before assignment (attempt 2/5)
2025-12-17 23:30:14 - shared_modules.data_collection.optimized_data_fetcher - ERROR - [FAIL] Exception for QNTUSDT_120: local variable 'retry_delay' referenced before assignment (attempt 3/5)
2025-12-17 23:30:14 - shared_modules.data_collection.optimized_data_fetcher - ERROR - [FAIL] Exception for QNTUSDT_120: local variable 'retry_delay' referenced before assignment (attempt 4/5)
2025-12-17 23:30:14 - shared_modules.data_collection.optimized_data_fetcher - ERROR - [FAIL] Exception for QNTUSDT_120: local variable 'retry_delay' referenced before assignment (attempt 5/5)
2025-12-17 23:30:14 - shared_modules.data_collection.optimized_data_fetcher - ERROR - [FAIL] Failed to fetch QNTUSDT_120
2025-12-17 23:30:15 - shared_modules.data_collection.optimized_data_fetcher - WARNING - [FAIL] Rate limited for POWRUSDT_120 (attempt 1/5)
2025-12-17 23:30:15 - shared_modules.data_collection.optimized_data_fetcher - ERROR - [FAIL] Exception for POWRUSDT_120: local variable 'retry_delay' referenced before assignment (attempt 2/5)
2025-12-17 23:30:15 - shared_modules.data_collection.optimized_data_fetcher - ERROR - [FAIL] Exception for POWRUSDT_120: local variable 'retry_delay' referenced before assignment (attempt 3/5)
2025-12-17 23:30:15 - shared_modules.data_collection.optimized_data_fetcher - ERROR - [FAIL] Exception for POWRUSDT_120: local variable 'retry_delay' referenced before assignment (attempt 4/5)
2025-12-17 23:30:15 - shared_modules.data_collection.optimized_data_fetcher - ERROR - [FAIL] Exception for POWRUSDT_120: local variable 'retry_delay' referenced before assignment (attempt 5/5)
2025-12-17 23:30:15 - shared_modules.data_collection.optimized_data_fetcher - ERROR - [FAIL] Failed to fetch POWRUSDT_120
2025-12-17 23:30:15 - shared_modules.data_collection.optimized_data_fetcher - WARNING - [FAIL] Rate limited for RAYDIUMUSDT_120 (attempt 1/5)
2025-12-17 23:30:15 - shared_modules.data_collection.optimized_data_fetcher - ERROR - [FAIL] Exception for RAYDIUMUSDT_120: local variable 'retry_delay' referenced before assignment (attempt 2/5)
2025-12-17 23:30:15 - shared_modules.data_collection.optimized_data_fetcher - ERROR - [FAIL] Exception for RAYDIUMUSDT_120: local variable 'retry_delay' referenced before assignment (attempt 3/5)
2025-12-17 23:30:15 - shared_modules.data_collection.optimized_data_fetcher - ERROR - [FAIL] Exception for RAYDIUMUSDT_120: local variable 'retry_delay' referenced before assignment (attempt 4/5)
2025-12-17 23:30:15 - shared_modules.data_collection.optimized_data_fetcher - ERROR - [FAIL] Exception for RAYDIUMUSDT_120: local variable 'retry_delay' referenced before assignment (attempt 5/5)
2025-12-17 23:30:15 - shared_modules.data_collection.optimized_data_fetcher - ERROR - [FAIL] Failed to fetch RAYDIUMUSDT_120
2025-12-17 23:30:15 - shared_modules.data_collection.optimized_data_fetcher - WARNING - [FAIL] Rate limited for RENDERUSDT_240 (attempt 1/5)
2025-12-17 23:30:15 - shared_modules.data_collection.optimized_data_fetcher - ERROR - [FAIL] Exception for RENDERUSDT_240: local variable 'retry_delay' referenced before assignment (attempt 2/5)
2025-12-17 23:30:15 - shared_modules.data_collection.optimized_data_fetcher - ERROR - [FAIL] Exception for RENDERUSDT_240: local variable 'retry_delay' referenced before assignment (attempt 3/5)
2025-12-17 23:30:15 - shared_modules.data_collection.optimized_data_fetcher - ERROR - [FAIL] Exception for RENDERUSDT_240: local variable 'retry_delay' referenced before assignment (attempt 4/5)
2025-12-17 23:30:15 - shared_modules.data_collection.optimized_data_fetcher - ERROR - [FAIL] Exception for RENDERUSDT_240: local variable 'retry_delay' referenced before assignment (attempt 5/5)
2025-12-17 23:30:15 - shared_modules.data_collection.optimized_data_fetcher - ERROR - [FAIL] Failed to fetch RENDERUSDT_240
2025-12-17 23:30:15 - shared_modules.data_collection.optimized_data_fetcher - WARNING - [FAIL] Rate limited for REZUSDT_5 (attempt 1/5)
2025-12-17 23:30:15 - shared_modules.data_collection.optimized_data_fetcher - ERROR - [FAIL] Exception for REZUSDT_5: local variable 'retry_delay' referenced before assignment (attempt 2/5)
2025-12-17 23:30:15 - shared_modules.data_collection.optimized_data_fetcher - ERROR - [FAIL] Exception for REZUSDT_5: local variable 'retry_delay' referenced before assignment (attempt 3/5)
2025-12-17 23:30:15 - shared_modules.data_collection.optimized_data_fetcher - ERROR - [FAIL] Exception for REZUSDT_5: local variable 'retry_delay' referenced before assignment (attempt 4/5)
2025-12-17 23:30:15 - shared_modules.data_collection.optimized_data_fetcher - ERROR - [FAIL] Exception for REZUSDT_5: local variable 'retry_delay' referenced before assignment (attempt 5/5)
2025-12-17 23:30:15 - shared_modules.data_collection.optimized_data_fetcher - ERROR - [FAIL] Failed to fetch REZUSDT_5
2025-12-17 23:30:15 - shared_modules.data_collection.optimized_data_fetcher - WARNING - [FAIL] Rate limited for REZUSDT_60 (attempt 1/5)
2025-12-17 23:30:15 - shared_modules.data_collection.optimized_data_fetcher - ERROR - [FAIL] Exception for REZUSDT_60: local variable 'retry_delay' referenced before assignment (attempt 2/5)
2025-12-17 23:30:15 - shared_modules.data_collection.optimized_data_fetcher - ERROR - [FAIL] Exception for REZUSDT_60: local variable 'retry_delay' referenced before assignment (attempt 3/5)
2025-12-17 23:30:15 - shared_modules.data_collection.optimized_data_fetcher - ERROR - [FAIL] Exception for REZUSDT_60: local variable 'retry_delay' referenced before assignment (attempt 4/5)
2025-12-17 23:30:15 - shared_modules.data_collection.optimized_data_fetcher - ERROR - [FAIL] Exception for REZUSDT_60: local variable 'retry_delay' referenced before assignment (attempt 5/5)
2025-12-17 23:30:15 - shared_modules.data_collection.optimized_data_fetcher - ERROR - [FAIL] Failed to fetch REZUSDT_60
2025-12-17 23:30:15 - shared_modules.data_collection.optimized_data_fetcher - WARNING - [FAIL] Rate limited for RIVERUSDT_5 (attempt 1/5)
2025-12-17 23:30:15 - shared_modules.data_collection.optimized_data_fetcher - ERROR - [FAIL] Exception for RIVERUSDT_5: local variable 'retry_delay' referenced before assignment (attempt 2/5)
2025-12-17 23:30:15 - shared_modules.data_collection.optimized_data_fetcher - ERROR - [FAIL] Exception for RIVERUSDT_5: local variable 'retry_delay' referenced before assignment (attempt 3/5)
2025-12-17 23:30:15 - shared_modules.data_collection.optimized_data_fetcher - ERROR - [FAIL] Exception for RIVERUSDT_5: local variable 'retry_delay' referenced before assignment (attempt 4/5)
2025-12-17 23:30:15 - shared_modules.data_collection.optimized_data_fetcher - ERROR - [FAIL] Exception for RIVERUSDT_5: local variable 'retry_delay' referenced before assignment (attempt 5/5)
2025-12-17 23:30:15 - shared_modules.data_collection.optimized_data_fetcher - ERROR - [FAIL] Failed to fetch RIVERUSDT_5
2025-12-17 23:30:16 - shared_modules.data_collection.optimized_data_fetcher - WARNING - [FAIL] Rate limited for RLSUSDT_120 (attempt 1/5)
2025-12-17 23:30:16 - shared_modules.data_collection.optimized_data_fetcher - ERROR - [FAIL] Exception for RLSUSDT_120: local variable 'retry_delay' referenced before assignment (attempt 2/5)
2025-12-17 23:30:16 - shared_modules.data_collection.optimized_data_fetcher - ERROR - [FAIL] Exception for RLSUSDT_120: local variable 'retry_delay' referenced before assignment (attempt 3/5)
2025-12-17 23:30:16 - shared_modules.data_collection.optimized_data_fetcher - ERROR - [FAIL] Exception for RLSUSDT_120: local variable 'retry_delay' referenced before assignment (attempt 4/5)
2025-12-17 23:30:16 - shared_modules.data_collection.optimized_data_fetcher - ERROR - [FAIL] Exception for RLSUSDT_120: local variable 'retry_delay' referenced before assignment (attempt 5/5)
2025-12-17 23:30:16 - shared_modules.data_collection.optimized_data_fetcher - ERROR - [FAIL] Failed to fetch RLSUSDT_120
2025-12-17 23:30:16 - shared_modules.data_collection.optimized_data_fetcher - WARNING - [FAIL] Rate limited for ROAMUSDT_5 (attempt 1/5)
2025-12-17 23:30:16 - shared_modules.data_collection.optimized_data_fetcher - ERROR - [FAIL] Exception for ROAMUSDT_5: local variable 'retry_delay' referenced before assignment (attempt 2/5)
2025-12-17 23:30:16 - shared_modules.data_collection.optimized_data_fetcher - ERROR - [FAIL] Exception for ROAMUSDT_5: local variable 'retry_delay' referenced before assignment (attempt 3/5)
2025-12-17 23:30:16 - shared_modules.data_collection.optimized_data_fetcher - ERROR - [FAIL] Exception for ROAMUSDT_5: local variable 'retry_delay' referenced before assignment (attempt 4/5)
2025-12-17 23:30:16 - shared_modules.data_collection.optimized_data_fetcher - ERROR - [FAIL] Exception for ROAMUSDT_5: local variable 'retry_delay' referenced before assignment (attempt 5/5)
2025-12-17 23:30:16 - shared_modules.data_collection.optimized_data_fetcher - ERROR - [FAIL] Failed to fetch ROAMUSDT_5
2025-12-17 23:30:16 - shared_modules.data_collection.optimized_data_fetcher - WARNING - [FAIL] Rate limited for ROAMUSDT_60 (attempt 1/5)
2025-12-17 23:30:16 - shared_modules.data_collection.optimized_data_fetcher - ERROR - [FAIL] Exception for ROAMUSDT_60: local variable 'retry_delay' referenced before assignment (attempt 2/5)
2025-12-17 23:30:16 - shared_modules.data_collection.optimized_data_fetcher - ERROR - [FAIL] Exception for ROAMUSDT_60: local variable 'retry_delay' referenced before assignment (attempt 3/5)
2025-12-17 23:30:16 - shared_modules.data_collection.optimized_data_fetcher - ERROR - [FAIL] Exception for ROAMUSDT_60: local variable 'retry_delay' referenced before assignment (attempt 4/5)
2025-12-17 23:30:16 - shared_modules.data_collection.optimized_data_fetcher - ERROR - [FAIL] Exception for ROAMUSDT_60: local variable 'retry_delay' referenced before assignment (attempt 5/5)
2025-12-17 23:30:16 - shared_modules.data_collection.optimized_data_fetcher - ERROR - [FAIL] Failed to fetch ROAMUSDT_60
2025-12-17 23:30:16 - shared_modules.data_collection.optimized_data_fetcher - WARNING - [FAIL] Rate limited for RONINUSDT_240 (attempt 1/5)
2025-12-17 23:30:16 - shared_modules.data_collection.optimized_data_fetcher - ERROR - [FAIL] Exception for RONINUSDT_240: local variable 'retry_delay' referenced before assignment (attempt 2/5)
2025-12-17 23:30:16 - shared_modules.data_collection.optimized_data_fetcher - ERROR - [FAIL] Exception for RONINUSDT_240: local variable 'retry_delay' referenced before assignment (attempt 3/5)
2025-12-17 23:30:16 - shared_modules.data_collection.optimized_data_fetcher - ERROR - [FAIL] Exception for RONINUSDT_240: local variable 'retry_delay' referenced before assignment (attempt 4/5)
2025-12-17 23:30:16 - shared_modules.data_collection.optimized_data_fetcher - ERROR - [FAIL] Exception for RONINUSDT_240: local variable 'retry_delay' referenced before assignment (attempt 5/5)
2025-12-17 23:30:16 - shared_modules.data_collection.optimized_data_fetcher - ERROR - [FAIL] Failed to fetch RONINUSDT_240
2025-12-17 23:30:16 - shared_modules.data_collection.optimized_data_fetcher - WARNING - [FAIL] Rate limited for RAVEUSDT_60 (attempt 1/5)
2025-12-17 23:30:16 - shared_modules.data_collection.optimized_data_fetcher - ERROR - [FAIL] Exception for RAVEUSDT_60: local variable 'retry_delay' referenced before assignment (attempt 2/5)
2025-12-17 23:30:16 - shared_modules.data_collection.optimized_data_fetcher - ERROR - [FAIL] Exception for RAVEUSDT_60: local variable 'retry_delay' referenced before assignment (attempt 3/5)
2025-12-17 23:30:16 - shared_modules.data_collection.optimized_data_fetcher - ERROR - [FAIL] Exception for RAVEUSDT_60: local variable 'retry_delay' referenced before assignment (attempt 4/5)
2025-12-17 23:30:16 - shared_modules.data_collection.optimized_data_fetcher - ERROR - [FAIL] Exception for RAVEUSDT_60: local variable 'retry_delay' referenced before assignment (attempt 5/5)
2025-12-17 23:30:16 - shared_modules.data_collection.optimized_data_fetcher - ERROR - [FAIL] Failed to fetch RAVEUSDT_60
2025-12-17 23:30:16 - shared_modules.data_collection.optimized_data_fetcher - WARNING - [FAIL] Rate limited for RSRUSDT_15 (attempt 1/5)
2025-12-17 23:30:16 - shared_modules.data_collection.optimized_data_fetcher - ERROR - [FAIL] Exception for RSRUSDT_15: local variable 'retry_delay' referenced before assignment (attempt 2/5)
2025-12-17 23:30:16 - shared_modules.data_collection.optimized_data_fetcher - ERROR - [FAIL] Exception for RSRUSDT_15: local variable 'retry_delay' referenced before assignment (attempt 3/5)
2025-12-17 23:30:16 - shared_modules.data_collection.optimized_data_fetcher - ERROR - [FAIL] Exception for RSRUSDT_15: local variable 'retry_delay' referenced before assignment (attempt 4/5)
2025-12-17 23:30:16 - shared_modules.data_collection.optimized_data_fetcher - ERROR - [FAIL] Exception for RSRUSDT_15: local variable 'retry_delay' referenced before assignment (attempt 5/5)
2025-12-17 23:30:16 - shared_modules.data_collection.optimized_data_fetcher - ERROR - [FAIL] Failed to fetch RSRUSDT_15
2025-12-17 23:30:16 - shared_modules.data_collection.optimized_data_fetcher - WARNING - [FAIL] Rate limited for RSRUSDT_60 (attempt 1/5)
2025-12-17 23:30:16 - shared_modules.data_collection.optimized_data_fetcher - ERROR - [FAIL] Exception for RSRUSDT_60: local variable 'retry_delay' referenced before assignment (attempt 2/5)
2025-12-17 23:30:16 - shared_modules.data_collection.optimized_data_fetcher - ERROR - [FAIL] Exception for RSRUSDT_60: local variable 'retry_delay' referenced before assignment (attempt 3/5)
2025-12-17 23:30:16 - shared_modules.data_collection.optimized_data_fetcher - ERROR - [FAIL] Exception for RSRUSDT_60: local variable 'retry_delay' referenced before assignment (attempt 4/5)
2025-12-17 23:30:16 - shared_modules.data_collection.optimized_data_fetcher - ERROR - [FAIL] Exception for RSRUSDT_60: local variable 'retry_delay' referenced before assignment (attempt 5/5)
2025-12-17 23:30:16 - shared_modules.data_collection.optimized_data_fetcher - ERROR - [FAIL] Failed to fetch RSRUSDT_60
2025-12-17 23:30:16 - shared_modules.data_collection.optimized_data_fetcher - WARNING - [FAIL] Rate limited for SAFEUSDT_15 (attempt 1/5)
2025-12-17 23:30:16 - shared_modules.data_collection.optimized_data_fetcher - ERROR - [FAIL] Exception for SAFEUSDT_15: local variable 'retry_delay' referenced before assignment (attempt 2/5)
2025-12-17 23:30:16 - shared_modules.data_collection.optimized_data_fetcher - ERROR - [FAIL] Exception for SAFEUSDT_15: local variable 'retry_delay' referenced before assignment (attempt 3/5)
2025-12-17 23:30:16 - shared_modules.data_collection.optimized_data_fetcher - ERROR - [FAIL] Exception for SAFEUSDT_15: local variable 'retry_delay' referenced before assignment (attempt 4/5)
2025-12-17 23:30:16 - shared_modules.data_collection.optimized_data_fetcher - ERROR - [FAIL] Exception for SAFEUSDT_15: local variable 'retry_delay' referenced before assignment (attempt 5/5)
2025-12-17 23:30:16 - shared_modules.data_collection.optimized_data_fetcher - ERROR - [FAIL] Failed to fetch SAFEUSDT_15
2025-12-17 23:30:16 - shared_modules.data_collection.optimized_data_fetcher - WARNING - [FAIL] Rate limited for SAFEUSDT_240 (attempt 1/5)
2025-12-17 23:30:16 - shared_modules.data_collection.optimized_data_fetcher - ERROR - [FAIL] Exception for SAFEUSDT_240: local variable 'retry_delay' referenced before assignment (attempt 2/5)
2025-12-17 23:30:16 - shared_modules.data_collection.optimized_data_fetcher - ERROR - [FAIL] Exception for SAFEUSDT_240: local variable 'retry_delay' referenced before assignment (attempt 3/5)
2025-12-17 23:30:16 - shared_modules.data_collection.optimized_data_fetcher - ERROR - [FAIL] Exception for SAFEUSDT_240: local variable 'retry_delay' referenced before assignment (attempt 4/5)
2025-12-17 23:30:16 - shared_modules.data_collection.optimized_data_fetcher - ERROR - [FAIL] Exception for SAFEUSDT_240: local variable 'retry_delay' referenced before assignment (attempt 5/5)
2025-12-17 23:30:16 - shared_modules.data_collection.optimized_data_fetcher - ERROR - [FAIL] Failed to fetch SAFEUSDT_240
2025-12-17 23:30:16 - shared_modules.data_collection.optimized_data_fetcher - WARNING - [FAIL] Rate limited for SANDUSDT_15 (attempt 1/5)
2025-12-17 23:30:16 - shared_modules.data_collection.optimized_data_fetcher - ERROR - [FAIL] Exception for SANDUSDT_15: local variable 'retry_delay' referenced before assignment (attempt 2/5)
2025-12-17 23:30:16 - shared_modules.data_collection.optimized_data_fetcher - ERROR - [FAIL] Exception for SANDUSDT_15: local variable 'retry_delay' referenced before assignment (attempt 3/5)
2025-12-17 23:30:16 - shared_modules.data_collection.optimized_data_fetcher - ERROR - [FAIL] Exception for SANDUSDT_15: local variable 'retry_delay' referenced before assignment (attempt 4/5)
2025-12-17 23:30:16 - shared_modules.data_collection.optimized_data_fetcher - ERROR - [FAIL] Exception for SANDUSDT_15: local variable 'retry_delay' referenced before assignment (attempt 5/5)
2025-12-17 23:30:16 - shared_modules.data_collection.optimized_data_fetcher - ERROR - [FAIL] Failed to fetch SANDUSDT_15
2025-12-17 23:30:16 - shared_modules.data_collection.optimized_data_fetcher - WARNING - [FAIL] Rate limited for SAHARAUSDT_1 (attempt 1/5)
2025-12-17 23:30:16 - shared_modules.data_collection.optimized_data_fetcher - ERROR - [FAIL] Exception for SAHARAUSDT_1: local variable 'retry_delay' referenced before assignment (attempt 2/5)
2025-12-17 23:30:16 - shared_modules.data_collection.optimized_data_fetcher - ERROR - [FAIL] Exception for SAHARAUSDT_1: local variable 'retry_delay' referenced before assignment (attempt 3/5)
2025-12-17 23:30:16 - shared_modules.data_collection.optimized_data_fetcher - ERROR - [FAIL] Exception for SAHARAUSDT_1: local variable 'retry_delay' referenced before assignment (attempt 4/5)
2025-12-17 23:30:16 - shared_modules.data_collection.optimized_data_fetcher - ERROR - [FAIL] Exception for SAHARAUSDT_1: local variable 'retry_delay' referenced before assignment (attempt 5/5)
2025-12-17 23:30:16 - shared_modules.data_collection.optimized_data_fetcher - ERROR - [FAIL] Failed to fetch SAHARAUSDT_1
2025-12-17 23:30:16 - shared_modules.data_collection.optimized_data_fetcher - WARNING - [FAIL] Rate limited for SAPIENUSDT_60 (attempt 1/5)
2025-12-17 23:30:16 - shared_modules.data_collection.optimized_data_fetcher - ERROR - [FAIL] Exception for SAPIENUSDT_60: local variable 'retry_delay' referenced before assignment (attempt 2/5)
2025-12-17 23:30:16 - shared_modules.data_collection.optimized_data_fetcher - ERROR - [FAIL] Exception for SAPIENUSDT_60: local variable 'retry_delay' referenced before assignment (attempt 3/5)
2025-12-17 23:30:16 - shared_modules.data_collection.optimized_data_fetcher - ERROR - [FAIL] Exception for SAPIENUSDT_60: local variable 'retry_delay' referenced before assignment (attempt 4/5)
2025-12-17 23:30:16 - shared_modules.data_collection.optimized_data_fetcher - ERROR - [FAIL] Exception for SAPIENUSDT_60: local variable 'retry_delay' referenced before assignment (attempt 5/5)
2025-12-17 23:30:16 - shared_modules.data_collection.optimized_data_fetcher - ERROR - [FAIL] Failed to fetch SAPIENUSDT_60
2025-12-17 23:30:16 - shared_modules.data_collection.optimized_data_fetcher - WARNING - [FAIL] Rate limited for SAROSUSDT_1 (attempt 1/5)
2025-12-17 23:30:16 - shared_modules.data_collection.optimized_data_fetcher - ERROR - [FAIL] Exception for SAROSUSDT_1: local variable 'retry_delay' referenced before assignment (attempt 2/5)
2025-12-17 23:30:16 - shared_modules.data_collection.optimized_data_fetcher - ERROR - [FAIL] Exception for SAROSUSDT_1: local variable 'retry_delay' referenced before assignment (attempt 3/5)
2025-12-17 23:30:16 - shared_modules.data_collection.optimized_data_fetcher - ERROR - [FAIL] Exception for SAROSUSDT_1: local variable 'retry_delay' referenced before assignment (attempt 4/5)
2025-12-17 23:30:16 - shared_modules.data_collection.optimized_data_fetcher - ERROR - [FAIL] Exception for SAROSUSDT_1: local variable 'retry_delay' referenced before assignment (attempt 5/5)
2025-12-17 23:30:16 - shared_modules.data_collection.optimized_data_fetcher - ERROR - [FAIL] Failed to fetch SAROSUSDT_1
2025-12-17 23:30:16 - shared_modules.data_collection.optimized_data_fetcher - WARNING - [FAIL] Rate limited for SAROSUSDT_120 (attempt 1/5)
2025-12-17 23:30:16 - shared_modules.data_collection.optimized_data_fetcher - ERROR - [FAIL] Exception for SAROSUSDT_120: local variable 'retry_delay' referenced before assignment (attempt 2/5)
2025-12-17 23:30:16 - shared_modules.data_collection.optimized_data_fetcher - ERROR - [FAIL] Exception for SAROSUSDT_120: local variable 'retry_delay' referenced before assignment (attempt 3/5)
2025-12-17 23:30:16 - shared_modules.data_collection.optimized_data_fetcher - ERROR - [FAIL] Exception for SAROSUSDT_120: local variable 'retry_delay' referenced before assignment (attempt 4/5)
2025-12-17 23:30:16 - shared_modules.data_collection.optimized_data_fetcher - ERROR - [FAIL] Exception for SAROSUSDT_120: local variable 'retry_delay' referenced before assignment (attempt 5/5)
2025-12-17 23:30:16 - shared_modules.data_collection.optimized_data_fetcher - ERROR - [FAIL] Failed to fetch SAROSUSDT_120
2025-12-17 23:30:16 - shared_modules.data_collection.optimized_data_fetcher - WARNING - [FAIL] Rate limited for ROAMUSDT_1 (attempt 1/5)
2025-12-17 23:30:16 - shared_modules.data_collection.optimized_data_fetcher - ERROR - [FAIL] Exception for ROAMUSDT_1: local variable 'retry_delay' referenced before assignment (attempt 2/5)
2025-12-17 23:30:16 - shared_modules.data_collection.optimized_data_fetcher - ERROR - [FAIL] Exception for ROAMUSDT_1: local variable 'retry_delay' referenced before assignment (attempt 3/5)
2025-12-17 23:30:16 - shared_modules.data_collection.optimized_data_fetcher - ERROR - [FAIL] Exception for ROAMUSDT_1: local variable 'retry_delay' referenced before assignment (attempt 4/5)
2025-12-17 23:30:16 - shared_modules.data_collection.optimized_data_fetcher - ERROR - [FAIL] Exception for ROAMUSDT_1: local variable 'retry_delay' referenced before assignment (attempt 5/5)
2025-12-17 23:30:16 - shared_modules.data_collection.optimized_data_fetcher - ERROR - [FAIL] Failed to fetch ROAMUSDT_1
2025-12-17 23:30:16 - shared_modules.data_collection.optimized_data_fetcher - WARNING - [FAIL] Rate limited for RLUSDUSDT_1 (attempt 1/5)
2025-12-17 23:30:16 - shared_modules.data_collection.optimized_data_fetcher - ERROR - [FAIL] Exception for RLUSDUSDT_1: local variable 'retry_delay' referenced before assignment (attempt 2/5)
2025-12-17 23:30:16 - shared_modules.data_collection.optimized_data_fetcher - ERROR - [FAIL] Exception for RLUSDUSDT_1: local variable 'retry_delay' referenced before assignment (attempt 3/5)
2025-12-17 23:30:16 - shared_modules.data_collection.optimized_data_fetcher - ERROR - [FAIL] Exception for RLUSDUSDT_1: local variable 'retry_delay' referenced before assignment (attempt 4/5)
2025-12-17 23:30:16 - shared_modules.data_collection.optimized_data_fetcher - ERROR - [FAIL] Exception for RLUSDUSDT_1: local variable 'retry_delay' referenced before assignment (attempt 5/5)
2025-12-17 23:30:16 - shared_modules.data_collection.optimized_data_fetcher - ERROR - [FAIL] Failed to fetch RLUSDUSDT_1
2025-12-17 23:30:16 - shared_modules.data_collection.optimized_data_fetcher - WARNING - [FAIL] Rate limited for RENDERUSDT_1 (attempt 1/5)
2025-12-17 23:30:16 - shared_modules.data_collection.optimized_data_fetcher - ERROR - [FAIL] Exception for RENDERUSDT_1: local variable 'retry_delay' referenced before assignment (attempt 2/5)
2025-12-17 23:30:16 - shared_modules.data_collection.optimized_data_fetcher - ERROR - [FAIL] Exception for RENDERUSDT_1: local variable 'retry_delay' referenced before assignment (attempt 3/5)
2025-12-17 23:30:16 - shared_modules.data_collection.optimized_data_fetcher - ERROR - [FAIL] Exception for RENDERUSDT_1: local variable 'retry_delay' referenced before assignment (attempt 4/5)
2025-12-17 23:30:16 - shared_modules.data_collection.optimized_data_fetcher - ERROR - [FAIL] Exception for RENDERUSDT_1: local variable 'retry_delay' referenced before assignment (attempt 5/5)
2025-12-17 23:30:16 - shared_modules.data_collection.optimized_data_fetcher - ERROR - [FAIL] Failed to fetch RENDERUSDT_1
