2025-12-17 22:49:15 - shared_modules.data_collection.optimized_data_fetcher - WARNING - [FAIL] Rate limited for FUSDT_15 (attempt 1/5)
2025-12-17 22:49:15 - shared_modules.data_collection.optimized_data_fetcher - ERROR - [FAIL] Exception for FUSDT_15: local variable 'retry_delay' referenced before assignment (attempt 2/5)
2025-12-17 22:49:15 - shared_modules.data_collection.optimized_data_fetcher - ERROR - [FAIL] Exception for FUSDT_15: local variable 'retry_delay' referenced before assignment (attempt 3/5)
2025-12-17 22:49:15 - shared_modules.data_collection.optimized_data_fetcher - ERROR - [FAIL] Exception for FUSDT_15: local variable 'retry_delay' referenced before assignment (attempt 4/5)
2025-12-17 22:49:15 - shared_modules.data_collection.optimized_data_fetcher - ERROR - [FAIL] Exception for FUSDT_15: local variable 'retry_delay' referenced before assignment (attempt 5/5)
2025-12-17 22:49:15 - shared_modules.data_collection.optimized_data_fetcher - ERROR - [FAIL] Failed to fetch FUSDT_15
2025-12-17 22:49:19 - shared_modules.data_collection.optimized_data_fetcher - WARNING - [FAIL] Rate limited for REZUSDT_1 (attempt 1/5)
2025-12-17 22:49:19 - shared_modules.data_collection.optimized_data_fetcher - ERROR - [FAIL] Exception for REZUSDT_1: local variable 'retry_delay' referenced before assignment (attempt 2/5)
2025-12-17 22:49:19 - shared_modules.data_collection.optimized_data_fetcher - ERROR - [FAIL] Exception for REZUSDT_1: local variable 'retry_delay' referenced before assignment (attempt 3/5)
2025-12-17 22:49:19 - shared_modules.data_collection.optimized_data_fetcher - ERROR - [FAIL] Exception for REZUSDT_1: local variable 'retry_delay' referenced before assignment (attempt 4/5)
2025-12-17 22:49:19 - shared_modules.data_collection.optimized_data_fetcher - ERROR - [FAIL] Exception for REZUSDT_1: local variable 'retry_delay' referenced before assignment (attempt 5/5)
2025-12-17 22:49:19 - shared_modules.data_collection.optimized_data_fetcher - ERROR - [FAIL] Failed to fetch REZUSDT_1
2025-12-17 22:49:19 - shared_modules.data_collection.optimized_data_fetcher - WARNING - [FAIL] Rate limited for RONINUSDT_5 (attempt 1/5)
2025-12-17 22:49:19 - shared_modules.data_collection.optimized_data_fetcher - ERROR - [FAIL] Exception for RONINUSDT_5: local variable 'retry_delay' referenced before assignment (attempt 2/5)
2025-12-17 22:49:19 - shared_modules.data_collection.optimized_data_fetcher - ERROR - [FAIL] Exception for RONINUSDT_5: local variable 'retry_delay' referenced before assignment (attempt 3/5)
2025-12-17 22:49:19 - shared_modules.data_collection.optimized_data_fetcher - ERROR - [FAIL] Exception for RONINUSDT_5: local variable 'retry_delay' referenced before assignment (attempt 4/5)
2025-12-17 22:49:19 - shared_modules.data_collection.optimized_data_fetcher - ERROR - [FAIL] Exception for RONINUSDT_5: local variable 'retry_delay' referenced before assignment (attempt 5/5)
2025-12-17 22:49:19 - shared_modules.data_collection.optimized_data_fetcher - ERROR - [FAIL] Failed to fetch RONINUSDT_5
2025-12-17 22:49:19 - shared_modules.data_collection.optimized_data_fetcher - WARNING - [FAIL] Rate limited for RONINUSDT_240 (attempt 1/5)
2025-12-17 22:49:19 - shared_modules.data_collection.optimized_data_fetcher - ERROR - [FAIL] Exception for RONINUSDT_240: local variable 'retry_delay' referenced before assignment (attempt 2/5)
2025-12-17 22:49:19 - shared_modules.data_collection.optimized_data_fetcher - ERROR - [FAIL] Exception for RONINUSDT_240: local variable 'retry_delay' referenced before assignment (attempt 3/5)
2025-12-17 22:49:19 - shared_modules.data_collection.optimized_data_fetcher - ERROR - [FAIL] Exception for RONINUSDT_240: local variable 'retry_delay' referenced before assignment (attempt 4/5)
2025-12-17 22:49:19 - shared_modules.data_collection.optimized_data_fetcher - ERROR - [FAIL] Exception for RONINUSDT_240: local variable 'retry_delay' referenced before assignment (attempt 5/5)
2025-12-17 22:49:19 - shared_modules.data_collection.optimized_data_fetcher - ERROR - [FAIL] Failed to fetch RONINUSDT_240
2025-12-17 22:49:19 - shared_modules.data_collection.optimized_data_fetcher - WARNING - [FAIL] Rate limited for RPLUSDT_60 (attempt 1/5)
2025-12-17 22:49:19 - shared_modules.data_collection.optimized_data_fetcher - ERROR - [FAIL] Exception for RPLUSDT_60: local variable 'retry_delay' referenced before assignment (attempt 2/5)
2025-12-17 22:49:19 - shared_modules.data_collection.optimized_data_fetcher - ERROR - [FAIL] Exception for RPLUSDT_60: local variable 'retry_delay' referenced before assignment (attempt 3/5)
2025-12-17 22:49:19 - shared_modules.data_collection.optimized_data_fetcher - ERROR - [FAIL] Exception for RPLUSDT_60: local variable 'retry_delay' referenced before assignment (attempt 4/5)
2025-12-17 22:49:19 - shared_modules.data_collection.optimized_data_fetcher - ERROR - [FAIL] Exception for RPLUSDT_60: local variable 'retry_delay' referenced before assignment (attempt 5/5)
2025-12-17 22:49:19 - shared_modules.data_collection.optimized_data_fetcher - ERROR - [FAIL] Failed to fetch RPLUSDT_60
2025-12-17 22:49:19 - shared_modules.data_collection.optimized_data_fetcher - WARNING - [FAIL] Rate limited for RPLUSDT_240 (attempt 1/5)
2025-12-17 22:49:19 - shared_modules.data_collection.optimized_data_fetcher - ERROR - [FAIL] Exception for RPLUSDT_240: local variable 'retry_delay' referenced before assignment (attempt 2/5)
2025-12-17 22:49:19 - shared_modules.data_collection.optimized_data_fetcher - ERROR - [FAIL] Exception for RPLUSDT_240: local variable 'retry_delay' referenced before assignment (attempt 3/5)
2025-12-17 22:49:19 - shared_modules.data_collection.optimized_data_fetcher - ERROR - [FAIL] Exception for RPLUSDT_240: local variable 'retry_delay' referenced before assignment (attempt 4/5)
2025-12-17 22:49:19 - shared_modules.data_collection.optimized_data_fetcher - ERROR - [FAIL] Exception for RPLUSDT_240: local variable 'retry_delay' referenced before assignment (attempt 5/5)
2025-12-17 22:49:19 - shared_modules.data_collection.optimized_data_fetcher - ERROR - [FAIL] Failed to fetch RPLUSDT_240
2025-12-17 22:49:19 - shared_modules.data_collection.optimized_data_fetcher - WARNING - [FAIL] Rate limited for RSRUSDT_60 (attempt 1/5)
2025-12-17 22:49:19 - shared_modules.data_collection.optimized_data_fetcher - ERROR - [FAIL] Exception for RSRUSDT_60: local variable 'retry_delay' referenced before assignment (attempt 2/5)
2025-12-17 22:49:19 - shared_modules.data_collection.optimized_data_fetcher - ERROR - [FAIL] Exception for RSRUSDT_60: local variable 'retry_delay' referenced before assignment (attempt 3/5)
2025-12-17 22:49:19 - shared_modules.data_collection.optimized_data_fetcher - ERROR - [FAIL] Exception for RSRUSDT_60: local variable 'retry_delay' referenced before assignment (attempt 4/5)
2025-12-17 22:49:19 - shared_modules.data_collection.optimized_data_fetcher - ERROR - [FAIL] Exception for RSRUSDT_60: local variable 'retry_delay' referenced before assignment (attempt 5/5)
2025-12-17 22:49:19 - shared_modules.data_collection.optimized_data_fetcher - ERROR - [FAIL] Failed to fetch RSRUSDT_60
2025-12-17 22:49:19 - shared_modules.data_collection.optimized_data_fetcher - WARNING - [FAIL] Rate limited for SAFEUSDT_120 (attempt 1/5)
2025-12-17 22:49:19 - shared_modules.data_collection.optimized_data_fetcher - ERROR - [FAIL] Exception for SAFEUSDT_120: local variable 'retry_delay' referenced before assignment (attempt 2/5)
2025-12-17 22:49:19 - shared_modules.data_collection.optimized_data_fetcher - ERROR - [FAIL] Exception for SAFEUSDT_120: local variable 'retry_delay' referenced before assignment (attempt 3/5)
2025-12-17 22:49:19 - shared_modules.data_collection.optimized_data_fetcher - ERROR - [FAIL] Exception for SAFEUSDT_120: local variable 'retry_delay' referenced before assignment (attempt 4/5)
2025-12-17 22:49:19 - shared_modules.data_collection.optimized_data_fetcher - ERROR - [FAIL] Exception for SAFEUSDT_120: local variable 'retry_delay' referenced before assignment (attempt 5/5)
2025-12-17 22:49:19 - shared_modules.data_collection.optimized_data_fetcher - ERROR - [FAIL] Failed to fetch SAFEUSDT_120
2025-12-17 22:49:19 - shared_modules.data_collection.optimized_data_fetcher - WARNING - [FAIL] Rate limited for SAGAUSDT_1 (attempt 1/5)
2025-12-17 22:49:19 - shared_modules.data_collection.optimized_data_fetcher - ERROR - [FAIL] Exception for SAGAUSDT_1: local variable 'retry_delay' referenced before assignment (attempt 2/5)
2025-12-17 22:49:19 - shared_modules.data_collection.optimized_data_fetcher - ERROR - [FAIL] Exception for SAGAUSDT_1: local variable 'retry_delay' referenced before assignment (attempt 3/5)
2025-12-17 22:49:19 - shared_modules.data_collection.optimized_data_fetcher - ERROR - [FAIL] Exception for SAGAUSDT_1: local variable 'retry_delay' referenced before assignment (attempt 4/5)
2025-12-17 22:49:19 - shared_modules.data_collection.optimized_data_fetcher - ERROR - [FAIL] Exception for SAGAUSDT_1: local variable 'retry_delay' referenced before assignment (attempt 5/5)
2025-12-17 22:49:19 - shared_modules.data_collection.optimized_data_fetcher - ERROR - [FAIL] Failed to fetch SAGAUSDT_1
2025-12-17 22:49:19 - shared_modules.data_collection.optimized_data_fetcher - WARNING - [FAIL] Rate limited for SAFEUSDT_240 (attempt 1/5)
2025-12-17 22:49:19 - shared_modules.data_collection.optimized_data_fetcher - ERROR - [FAIL] Exception for SAFEUSDT_240: local variable 'retry_delay' referenced before assignment (attempt 2/5)
2025-12-17 22:49:19 - shared_modules.data_collection.optimized_data_fetcher - ERROR - [FAIL] Exception for SAFEUSDT_240: local variable 'retry_delay' referenced before assignment (attempt 3/5)
2025-12-17 22:49:19 - shared_modules.data_collection.optimized_data_fetcher - ERROR - [FAIL] Exception for SAFEUSDT_240: local variable 'retry_delay' referenced before assignment (attempt 4/5)
2025-12-17 22:49:19 - shared_modules.data_collection.optimized_data_fetcher - ERROR - [FAIL] Exception for SAFEUSDT_240: local variable 'retry_delay' referenced before assignment (attempt 5/5)
2025-12-17 22:49:19 - shared_modules.data_collection.optimized_data_fetcher - ERROR - [FAIL] Failed to fetch SAFEUSDT_240
2025-12-17 22:49:19 - shared_modules.data_collection.optimized_data_fetcher - WARNING - [FAIL] Rate limited for REZUSDT_15 (attempt 1/5)
2025-12-17 22:49:19 - shared_modules.data_collection.optimized_data_fetcher - ERROR - [FAIL] Exception for REZUSDT_15: local variable 'retry_delay' referenced before assignment (attempt 2/5)
2025-12-17 22:49:19 - shared_modules.data_collection.optimized_data_fetcher - ERROR - [FAIL] Exception for REZUSDT_15: local variable 'retry_delay' referenced before assignment (attempt 3/5)
2025-12-17 22:49:19 - shared_modules.data_collection.optimized_data_fetcher - ERROR - [FAIL] Exception for REZUSDT_15: local variable 'retry_delay' referenced before assignment (attempt 4/5)
2025-12-17 22:49:19 - shared_modules.data_collection.optimized_data_fetcher - ERROR - [FAIL] Exception for REZUSDT_15: local variable 'retry_delay' referenced before assignment (attempt 5/5)
2025-12-17 22:49:19 - shared_modules.data_collection.optimized_data_fetcher - ERROR - [FAIL] Failed to fetch REZUSDT_15
2025-12-17 22:49:19 - shared_modules.data_collection.optimized_data_fetcher - WARNING - [FAIL] Rate limited for REZUSDT_60 (attempt 1/5)
2025-12-17 22:49:19 - shared_modules.data_collection.optimized_data_fetcher - ERROR - [FAIL] Exception for REZUSDT_60: local variable 'retry_delay' referenced before assignment (attempt 2/5)
2025-12-17 22:49:19 - shared_modules.data_collection.optimized_data_fetcher - ERROR - [FAIL] Exception for REZUSDT_60: local variable 'retry_delay' referenced before assignment (attempt 3/5)
2025-12-17 22:49:19 - shared_modules.data_collection.optimized_data_fetcher - ERROR - [FAIL] Exception for REZUSDT_60: local variable 'retry_delay' referenced before assignment (attempt 4/5)
2025-12-17 22:49:19 - shared_modules.data_collection.optimized_data_fetcher - ERROR - [FAIL] Exception for REZUSDT_60: local variable 'retry_delay' referenced before assignment (attempt 5/5)
2025-12-17 22:49:19 - shared_modules.data_collection.optimized_data_fetcher - ERROR - [FAIL] Failed to fetch REZUSDT_60
2025-12-17 22:49:19 - shared_modules.data_collection.optimized_data_fetcher - WARNING - [FAIL] Rate limited for SCRUSDT_60 (attempt 1/5)
2025-12-17 22:49:19 - shared_modules.data_collection.optimized_data_fetcher - ERROR - [FAIL] Exception for SCRUSDT_60: local variable 'retry_delay' referenced before assignment (attempt 2/5)
2025-12-17 22:49:19 - shared_modules.data_collection.optimized_data_fetcher - ERROR - [FAIL] Exception for SCRUSDT_60: local variable 'retry_delay' referenced before assignment (attempt 3/5)
2025-12-17 22:49:19 - shared_modules.data_collection.optimized_data_fetcher - ERROR - [FAIL] Exception for SCRUSDT_60: local variable 'retry_delay' referenced before assignment (attempt 4/5)
2025-12-17 22:49:19 - shared_modules.data_collection.optimized_data_fetcher - ERROR - [FAIL] Exception for SCRUSDT_60: local variable 'retry_delay' referenced before assignment (attempt 5/5)
2025-12-17 22:49:19 - shared_modules.data_collection.optimized_data_fetcher - ERROR - [FAIL] Failed to fetch SCRUSDT_60
2025-12-17 22:49:19 - shared_modules.data_collection.optimized_data_fetcher - WARNING - [FAIL] Rate limited for SDUSDT_1 (attempt 1/5)
2025-12-17 22:49:19 - shared_modules.data_collection.optimized_data_fetcher - ERROR - [FAIL] Exception for SDUSDT_1: local variable 'retry_delay' referenced before assignment (attempt 2/5)
2025-12-17 22:49:19 - shared_modules.data_collection.optimized_data_fetcher - ERROR - [FAIL] Exception for SDUSDT_1: local variable 'retry_delay' referenced before assignment (attempt 3/5)
2025-12-17 22:49:19 - shared_modules.data_collection.optimized_data_fetcher - ERROR - [FAIL] Exception for SDUSDT_1: local variable 'retry_delay' referenced before assignment (attempt 4/5)
2025-12-17 22:49:19 - shared_modules.data_collection.optimized_data_fetcher - ERROR - [FAIL] Exception for SDUSDT_1: local variable 'retry_delay' referenced before assignment (attempt 5/5)
2025-12-17 22:49:19 - shared_modules.data_collection.optimized_data_fetcher - ERROR - [FAIL] Failed to fetch SDUSDT_1
2025-12-17 22:49:19 - shared_modules.data_collection.optimized_data_fetcher - WARNING - [FAIL] Rate limited for SEIUSDT_240 (attempt 1/5)
2025-12-17 22:49:19 - shared_modules.data_collection.optimized_data_fetcher - ERROR - [FAIL] Exception for SEIUSDT_240: local variable 'retry_delay' referenced before assignment (attempt 2/5)
2025-12-17 22:49:19 - shared_modules.data_collection.optimized_data_fetcher - ERROR - [FAIL] Exception for SEIUSDT_240: local variable 'retry_delay' referenced before assignment (attempt 3/5)
2025-12-17 22:49:19 - shared_modules.data_collection.optimized_data_fetcher - ERROR - [FAIL] Exception for SEIUSDT_240: local variable 'retry_delay' referenced before assignment (attempt 4/5)
2025-12-17 22:49:19 - shared_modules.data_collection.optimized_data_fetcher - ERROR - [FAIL] Exception for SEIUSDT_240: local variable 'retry_delay' referenced before assignment (attempt 5/5)
2025-12-17 22:49:19 - shared_modules.data_collection.optimized_data_fetcher - ERROR - [FAIL] Failed to fetch SEIUSDT_240
2025-12-17 22:49:19 - shared_modules.data_collection.optimized_data_fetcher - WARNING - [FAIL] Rate limited for SFPUSDT_5 (attempt 1/5)
2025-12-17 22:49:19 - shared_modules.data_collection.optimized_data_fetcher - ERROR - [FAIL] Exception for SFPUSDT_5: local variable 'retry_delay' referenced before assignment (attempt 2/5)
2025-12-17 22:49:19 - shared_modules.data_collection.optimized_data_fetcher - ERROR - [FAIL] Exception for SFPUSDT_5: local variable 'retry_delay' referenced before assignment (attempt 3/5)
2025-12-17 22:49:19 - shared_modules.data_collection.optimized_data_fetcher - ERROR - [FAIL] Exception for SFPUSDT_5: local variable 'retry_delay' referenced before assignment (attempt 4/5)
2025-12-17 22:49:19 - shared_modules.data_collection.optimized_data_fetcher - ERROR - [FAIL] Exception for SFPUSDT_5: local variable 'retry_delay' referenced before assignment (attempt 5/5)
2025-12-17 22:49:19 - shared_modules.data_collection.optimized_data_fetcher - ERROR - [FAIL] Failed to fetch SFPUSDT_5
2025-12-17 22:49:19 - shared_modules.data_collection.optimized_data_fetcher - WARNING - [FAIL] Rate limited for SHELLUSDT_5 (attempt 1/5)
2025-12-17 22:49:19 - shared_modules.data_collection.optimized_data_fetcher - ERROR - [FAIL] Exception for SHELLUSDT_5: local variable 'retry_delay' referenced before assignment (attempt 2/5)
2025-12-17 22:49:19 - shared_modules.data_collection.optimized_data_fetcher - ERROR - [FAIL] Exception for SHELLUSDT_5: local variable 'retry_delay' referenced before assignment (attempt 3/5)
2025-12-17 22:49:19 - shared_modules.data_collection.optimized_data_fetcher - ERROR - [FAIL] Exception for SHELLUSDT_5: local variable 'retry_delay' referenced before assignment (attempt 4/5)
2025-12-17 22:49:19 - shared_modules.data_collection.optimized_data_fetcher - ERROR - [FAIL] Exception for SHELLUSDT_5: local variable 'retry_delay' referenced before assignment (attempt 5/5)
2025-12-17 22:49:19 - shared_modules.data_collection.optimized_data_fetcher - ERROR - [FAIL] Failed to fetch SHELLUSDT_5
2025-12-17 22:49:19 - shared_modules.data_collection.optimized_data_fetcher - WARNING - [FAIL] Rate limited for RONINUSDT_1 (attempt 1/5)
2025-12-17 22:49:19 - shared_modules.data_collection.optimized_data_fetcher - ERROR - [FAIL] Exception for RONINUSDT_1: local variable 'retry_delay' referenced before assignment (attempt 2/5)
2025-12-17 22:49:19 - shared_modules.data_collection.optimized_data_fetcher - ERROR - [FAIL] Exception for RONINUSDT_1: local variable 'retry_delay' referenced before assignment (attempt 3/5)
2025-12-17 22:49:19 - shared_modules.data_collection.optimized_data_fetcher - ERROR - [FAIL] Exception for RONINUSDT_1: local variable 'retry_delay' referenced before assignment (attempt 4/5)
2025-12-17 22:49:19 - shared_modules.data_collection.optimized_data_fetcher - ERROR - [FAIL] Exception for RONINUSDT_1: local variable 'retry_delay' referenced before assignment (attempt 5/5)
2025-12-17 22:49:19 - shared_modules.data_collection.optimized_data_fetcher - ERROR - [FAIL] Failed to fetch RONINUSDT_1
2025-12-17 22:49:19 - shared_modules.data_collection.optimized_data_fetcher - WARNING - [FAIL] Rate limited for SHIB1000USDT_5 (attempt 1/5)
2025-12-17 22:49:19 - shared_modules.data_collection.optimized_data_fetcher - ERROR - [FAIL] Exception for SHIB1000USDT_5: local variable 'retry_delay' referenced before assignment (attempt 2/5)
2025-12-17 22:49:19 - shared_modules.data_collection.optimized_data_fetcher - ERROR - [FAIL] Exception for SHIB1000USDT_5: local variable 'retry_delay' referenced before assignment (attempt 3/5)
2025-12-17 22:49:19 - shared_modules.data_collection.optimized_data_fetcher - ERROR - [FAIL] Exception for SHIB1000USDT_5: local variable 'retry_delay' referenced before assignment (attempt 4/5)
2025-12-17 22:49:19 - shared_modules.data_collection.optimized_data_fetcher - ERROR - [FAIL] Exception for SHIB1000USDT_5: local variable 'retry_delay' referenced before assignment (attempt 5/5)
2025-12-17 22:49:19 - shared_modules.data_collection.optimized_data_fetcher - ERROR - [FAIL] Failed to fetch SHIB1000USDT_5
2025-12-17 22:49:19 - shared_modules.data_collection.optimized_data_fetcher - WARNING - [FAIL] Rate limited for SIGNUSDT_15 (attempt 1/5)
2025-12-17 22:49:19 - shared_modules.data_collection.optimized_data_fetcher - ERROR - [FAIL] Exception for SIGNUSDT_15: local variable 'retry_delay' referenced before assignment (attempt 2/5)
2025-12-17 22:49:19 - shared_modules.data_collection.optimized_data_fetcher - ERROR - [FAIL] Exception for SIGNUSDT_15: local variable 'retry_delay' referenced before assignment (attempt 3/5)
2025-12-17 22:49:19 - shared_modules.data_collection.optimized_data_fetcher - ERROR - [FAIL] Exception for SIGNUSDT_15: local variable 'retry_delay' referenced before assignment (attempt 4/5)
2025-12-17 22:49:19 - shared_modules.data_collection.optimized_data_fetcher - ERROR - [FAIL] Exception for SIGNUSDT_15: local variable 'retry_delay' referenced before assignment (attempt 5/5)
2025-12-17 22:49:19 - shared_modules.data_collection.optimized_data_fetcher - ERROR - [FAIL] Failed to fetch SIGNUSDT_15
2025-12-17 22:49:19 - shared_modules.data_collection.optimized_data_fetcher - WARNING - [FAIL] Rate limited for SIGNUSDT_5 (attempt 1/5)
2025-12-17 22:49:19 - shared_modules.data_collection.optimized_data_fetcher - ERROR - [FAIL] Exception for SIGNUSDT_5: local variable 'retry_delay' referenced before assignment (attempt 2/5)
2025-12-17 22:49:19 - shared_modules.data_collection.optimized_data_fetcher - ERROR - [FAIL] Exception for SIGNUSDT_5: local variable 'retry_delay' referenced before assignment (attempt 3/5)
2025-12-17 22:49:19 - shared_modules.data_collection.optimized_data_fetcher - ERROR - [FAIL] Exception for SIGNUSDT_5: local variable 'retry_delay' referenced before assignment (attempt 4/5)
2025-12-17 22:49:19 - shared_modules.data_collection.optimized_data_fetcher - ERROR - [FAIL] Exception for SIGNUSDT_5: local variable 'retry_delay' referenced before assignment (attempt 5/5)
2025-12-17 22:49:19 - shared_modules.data_collection.optimized_data_fetcher - ERROR - [FAIL] Failed to fetch SIGNUSDT_5
2025-12-17 22:49:19 - shared_modules.data_collection.optimized_data_fetcher - WARNING - [FAIL] Rate limited for SKYAIUSDT_1 (attempt 1/5)
2025-12-17 22:49:19 - shared_modules.data_collection.optimized_data_fetcher - ERROR - [FAIL] Exception for SKYAIUSDT_1: local variable 'retry_delay' referenced before assignment (attempt 2/5)
2025-12-17 22:49:19 - shared_modules.data_collection.optimized_data_fetcher - ERROR - [FAIL] Exception for SKYAIUSDT_1: local variable 'retry_delay' referenced before assignment (attempt 3/5)
2025-12-17 22:49:19 - shared_modules.data_collection.optimized_data_fetcher - ERROR - [FAIL] Exception for SKYAIUSDT_1: local variable 'retry_delay' referenced before assignment (attempt 4/5)
2025-12-17 22:49:19 - shared_modules.data_collection.optimized_data_fetcher - ERROR - [FAIL] Exception for SKYAIUSDT_1: local variable 'retry_delay' referenced before assignment (attempt 5/5)
2025-12-17 22:49:19 - shared_modules.data_collection.optimized_data_fetcher - ERROR - [FAIL] Failed to fetch SKYAIUSDT_1
2025-12-17 22:49:19 - shared_modules.data_collection.optimized_data_fetcher - WARNING - [FAIL] Rate limited for SKYUSDT_1 (attempt 1/5)
2025-12-17 22:49:19 - shared_modules.data_collection.optimized_data_fetcher - ERROR - [FAIL] Exception for SKYUSDT_1: local variable 'retry_delay' referenced before assignment (attempt 2/5)
2025-12-17 22:49:19 - shared_modules.data_collection.optimized_data_fetcher - ERROR - [FAIL] Exception for SKYUSDT_1: local variable 'retry_delay' referenced before assignment (attempt 3/5)
2025-12-17 22:49:19 - shared_modules.data_collection.optimized_data_fetcher - ERROR - [FAIL] Exception for SKYUSDT_1: local variable 'retry_delay' referenced before assignment (attempt 4/5)
2025-12-17 22:49:19 - shared_modules.data_collection.optimized_data_fetcher - ERROR - [FAIL] Exception for SKYUSDT_1: local variable 'retry_delay' referenced before assignment (attempt 5/5)
2025-12-17 22:49:19 - shared_modules.data_collection.optimized_data_fetcher - ERROR - [FAIL] Failed to fetch SKYUSDT_1
2025-12-17 22:49:19 - shared_modules.data_collection.optimized_data_fetcher - WARNING - [FAIL] Rate limited for SOLAYERUSDT_1 (attempt 1/5)
2025-12-17 22:49:19 - shared_modules.data_collection.optimized_data_fetcher - ERROR - [FAIL] Exception for SOLAYERUSDT_1: local variable 'retry_delay' referenced before assignment (attempt 2/5)
2025-12-17 22:49:19 - shared_modules.data_collection.optimized_data_fetcher - ERROR - [FAIL] Exception for SOLAYERUSDT_1: local variable 'retry_delay' referenced before assignment (attempt 3/5)
2025-12-17 22:49:19 - shared_modules.data_collection.optimized_data_fetcher - ERROR - [FAIL] Exception for SOLAYERUSDT_1: local variable 'retry_delay' referenced before assignment (attempt 4/5)
2025-12-17 22:49:19 - shared_modules.data_collection.optimized_data_fetcher - ERROR - [FAIL] Exception for SOLAYERUSDT_1: local variable 'retry_delay' referenced before assignment (attempt 5/5)
2025-12-17 22:49:19 - shared_modules.data_collection.optimized_data_fetcher - ERROR - [FAIL] Failed to fetch SOLAYERUSDT_1
2025-12-17 22:49:19 - shared_modules.data_collection.optimized_data_fetcher - WARNING - [FAIL] Rate limited for SOLUSDT_1 (attempt 1/5)
2025-12-17 22:49:19 - shared_modules.data_collection.optimized_data_fetcher - ERROR - [FAIL] Exception for SOLUSDT_1: local variable 'retry_delay' referenced before assignment (attempt 2/5)
2025-12-17 22:49:19 - shared_modules.data_collection.optimized_data_fetcher - ERROR - [FAIL] Exception for SOLUSDT_1: local variable 'retry_delay' referenced before assignment (attempt 3/5)
2025-12-17 22:49:19 - shared_modules.data_collection.optimized_data_fetcher - ERROR - [FAIL] Exception for SOLUSDT_1: local variable 'retry_delay' referenced before assignment (attempt 4/5)
2025-12-17 22:49:19 - shared_modules.data_collection.optimized_data_fetcher - ERROR - [FAIL] Exception for SOLUSDT_1: local variable 'retry_delay' referenced before assignment (attempt 5/5)
2025-12-17 22:49:19 - shared_modules.data_collection.optimized_data_fetcher - ERROR - [FAIL] Failed to fetch SOLUSDT_1
2025-12-17 22:49:19 - shared_modules.data_collection.optimized_data_fetcher - WARNING - [FAIL] Rate limited for SOLAYERUSDT_240 (attempt 1/5)
2025-12-17 22:49:19 - shared_modules.data_collection.optimized_data_fetcher - ERROR - [FAIL] Exception for SOLAYERUSDT_240: local variable 'retry_delay' referenced before assignment (attempt 2/5)
2025-12-17 22:49:19 - shared_modules.data_collection.optimized_data_fetcher - ERROR - [FAIL] Exception for SOLAYERUSDT_240: local variable 'retry_delay' referenced before assignment (attempt 3/5)
2025-12-17 22:49:19 - shared_modules.data_collection.optimized_data_fetcher - ERROR - [FAIL] Exception for SOLAYERUSDT_240: local variable 'retry_delay' referenced before assignment (attempt 4/5)
2025-12-17 22:49:19 - shared_modules.data_collection.optimized_data_fetcher - ERROR - [FAIL] Exception for SOLAYERUSDT_240: local variable 'retry_delay' referenced before assignment (attempt 5/5)
2025-12-17 22:49:19 - shared_modules.data_collection.optimized_data_fetcher - ERROR - [FAIL] Failed to fetch SOLAYERUSDT_240
2025-12-17 22:49:19 - shared_modules.data_collection.optimized_data_fetcher - WARNING - [FAIL] Rate limited for SAPIENUSDT_5 (attempt 1/5)
2025-12-17 22:49:19 - shared_modules.data_collection.optimized_data_fetcher - ERROR - [FAIL] Exception for SAPIENUSDT_5: local variable 'retry_delay' referenced before assignment (attempt 2/5)
2025-12-17 22:49:19 - shared_modules.data_collection.optimized_data_fetcher - ERROR - [FAIL] Exception for SAPIENUSDT_5: local variable 'retry_delay' referenced before assignment (attempt 3/5)
2025-12-17 22:49:19 - shared_modules.data_collection.optimized_data_fetcher - ERROR - [FAIL] Exception for SAPIENUSDT_5: local variable 'retry_delay' referenced before assignment (attempt 4/5)
2025-12-17 22:49:19 - shared_modules.data_collection.optimized_data_fetcher - ERROR - [FAIL] Exception for SAPIENUSDT_5: local variable 'retry_delay' referenced before assignment (attempt 5/5)
2025-12-17 22:49:19 - shared_modules.data_collection.optimized_data_fetcher - ERROR - [FAIL] Failed to fetch SAPIENUSDT_5
2025-12-17 22:49:19 - shared_modules.data_collection.optimized_data_fetcher - WARNING - [FAIL] Rate limited for SOLVUSDT_120 (attempt 1/5)
2025-12-17 22:49:19 - shared_modules.data_collection.optimized_data_fetcher - ERROR - [FAIL] Exception for SOLVUSDT_120: local variable 'retry_delay' referenced before assignment (attempt 2/5)
2025-12-17 22:49:19 - shared_modules.data_collection.optimized_data_fetcher - ERROR - [FAIL] Exception for SOLVUSDT_120: local variable 'retry_delay' referenced before assignment (attempt 3/5)
2025-12-17 22:49:19 - shared_modules.data_collection.optimized_data_fetcher - ERROR - [FAIL] Exception for SOLVUSDT_120: local variable 'retry_delay' referenced before assignment (attempt 4/5)
2025-12-17 22:49:19 - shared_modules.data_collection.optimized_data_fetcher - ERROR - [FAIL] Exception for SOLVUSDT_120: local variable 'retry_delay' referenced before assignment (attempt 5/5)
2025-12-17 22:49:19 - shared_modules.data_collection.optimized_data_fetcher - ERROR - [FAIL] Failed to fetch SOLVUSDT_120
2025-12-17 22:49:19 - shared_modules.data_collection.optimized_data_fetcher - WARNING - [FAIL] Rate limited for SOMIUSDT_60 (attempt 1/5)
2025-12-17 22:49:19 - shared_modules.data_collection.optimized_data_fetcher - ERROR - [FAIL] Exception for SOMIUSDT_60: local variable 'retry_delay' referenced before assignment (attempt 2/5)
2025-12-17 22:49:19 - shared_modules.data_collection.optimized_data_fetcher - ERROR - [FAIL] Exception for SOMIUSDT_60: local variable 'retry_delay' referenced before assignment (attempt 3/5)
2025-12-17 22:49:19 - shared_modules.data_collection.optimized_data_fetcher - ERROR - [FAIL] Exception for SOMIUSDT_60: local variable 'retry_delay' referenced before assignment (attempt 4/5)
2025-12-17 22:49:19 - shared_modules.data_collection.optimized_data_fetcher - ERROR - [FAIL] Exception for SOMIUSDT_60: local variable 'retry_delay' referenced before assignment (attempt 5/5)
2025-12-17 22:49:19 - shared_modules.data_collection.optimized_data_fetcher - ERROR - [FAIL] Failed to fetch SOMIUSDT_60
2025-12-17 22:49:19 - shared_modules.data_collection.optimized_data_fetcher - WARNING - [FAIL] Rate limited for SONICUSDT_240 (attempt 1/5)
2025-12-17 22:49:19 - shared_modules.data_collection.optimized_data_fetcher - ERROR - [FAIL] Exception for SONICUSDT_240: local variable 'retry_delay' referenced before assignment (attempt 2/5)
2025-12-17 22:49:19 - shared_modules.data_collection.optimized_data_fetcher - ERROR - [FAIL] Exception for SONICUSDT_240: local variable 'retry_delay' referenced before assignment (attempt 3/5)
2025-12-17 22:49:19 - shared_modules.data_collection.optimized_data_fetcher - ERROR - [FAIL] Exception for SONICUSDT_240: local variable 'retry_delay' referenced before assignment (attempt 4/5)
2025-12-17 22:49:19 - shared_modules.data_collection.optimized_data_fetcher - ERROR - [FAIL] Exception for SONICUSDT_240: local variable 'retry_delay' referenced before assignment (attempt 5/5)
2025-12-17 22:49:19 - shared_modules.data_collection.optimized_data_fetcher - ERROR - [FAIL] Failed to fetch SONICUSDT_240
2025-12-17 22:49:19 - shared_modules.data_collection.optimized_data_fetcher - WARNING - [FAIL] Rate limited for SOONUSDT_5 (attempt 1/5)
2025-12-17 22:49:19 - shared_modules.data_collection.optimized_data_fetcher - ERROR - [FAIL] Exception for SOONUSDT_5: local variable 'retry_delay' referenced before assignment (attempt 2/5)
2025-12-17 22:49:19 - shared_modules.data_collection.optimized_data_fetcher - ERROR - [FAIL] Exception for SOONUSDT_5: local variable 'retry_delay' referenced before assignment (attempt 3/5)
2025-12-17 22:49:19 - shared_modules.data_collection.optimized_data_fetcher - ERROR - [FAIL] Exception for SOONUSDT_5: local variable 'retry_delay' referenced before assignment (attempt 4/5)
2025-12-17 22:49:19 - shared_modules.data_collection.optimized_data_fetcher - ERROR - [FAIL] Exception for SOONUSDT_5: local variable 'retry_delay' referenced before assignment (attempt 5/5)
2025-12-17 22:49:19 - shared_modules.data_collection.optimized_data_fetcher - ERROR - [FAIL] Failed to fetch SOONUSDT_5
2025-12-17 22:49:19 - shared_modules.data_collection.optimized_data_fetcher - WARNING - [FAIL] Rate limited for SCRTUSDT_120 (attempt 1/5)
2025-12-17 22:49:19 - shared_modules.data_collection.optimized_data_fetcher - ERROR - [FAIL] Exception for SCRTUSDT_120: local variable 'retry_delay' referenced before assignment (attempt 2/5)
2025-12-17 22:49:19 - shared_modules.data_collection.optimized_data_fetcher - ERROR - [FAIL] Exception for SCRTUSDT_120: local variable 'retry_delay' referenced before assignment (attempt 3/5)
2025-12-17 22:49:19 - shared_modules.data_collection.optimized_data_fetcher - ERROR - [FAIL] Exception for SCRTUSDT_120: local variable 'retry_delay' referenced before assignment (attempt 4/5)
2025-12-17 22:49:19 - shared_modules.data_collection.optimized_data_fetcher - ERROR - [FAIL] Exception for SCRTUSDT_120: local variable 'retry_delay' referenced before assignment (attempt 5/5)
2025-12-17 22:49:19 - shared_modules.data_collection.optimized_data_fetcher - ERROR - [FAIL] Failed to fetch SCRTUSDT_120
2025-12-17 22:49:19 - shared_modules.data_collection.optimized_data_fetcher - WARNING - [FAIL] Rate limited for SCRTUSDT_240 (attempt 1/5)
2025-12-17 22:49:19 - shared_modules.data_collection.optimized_data_fetcher - ERROR - [FAIL] Exception for SCRTUSDT_240: local variable 'retry_delay' referenced before assignment (attempt 2/5)
2025-12-17 22:49:19 - shared_modules.data_collection.optimized_data_fetcher - ERROR - [FAIL] Exception for SCRTUSDT_240: local variable 'retry_delay' referenced before assignment (attempt 3/5)
2025-12-17 22:49:19 - shared_modules.data_collection.optimized_data_fetcher - ERROR - [FAIL] Exception for SCRTUSDT_240: local variable 'retry_delay' referenced before assignment (attempt 4/5)
2025-12-17 22:49:20 - shared_modules.data_collection.optimized_data_fetcher - ERROR - [FAIL] Exception for SCRTUSDT_240: local variable 'retry_delay' referenced before assignment (attempt 5/5)
2025-12-17 22:49:20 - shared_modules.data_collection.optimized_data_fetcher - ERROR - [FAIL] Failed to fetch SCRTUSDT_240
2025-12-17 22:49:20 - shared_modules.data_collection.optimized_data_fetcher - WARNING - [FAIL] Rate limited for SOPHUSDT_5 (attempt 1/5)
2025-12-17 22:49:20 - shared_modules.data_collection.optimized_data_fetcher - ERROR - [FAIL] Exception for SOPHUSDT_5: local variable 'retry_delay' referenced before assignment (attempt 2/5)
2025-12-17 22:49:20 - shared_modules.data_collection.optimized_data_fetcher - ERROR - [FAIL] Exception for SOPHUSDT_5: local variable 'retry_delay' referenced before assignment (attempt 3/5)
2025-12-17 22:49:20 - shared_modules.data_collection.optimized_data_fetcher - ERROR - [FAIL] Exception for SOPHUSDT_5: local variable 'retry_delay' referenced before assignment (attempt 4/5)
2025-12-17 22:49:20 - shared_modules.data_collection.optimized_data_fetcher - ERROR - [FAIL] Exception for SOPHUSDT_5: local variable 'retry_delay' referenced before assignment (attempt 5/5)
2025-12-17 22:49:20 - shared_modules.data_collection.optimized_data_fetcher - ERROR - [FAIL] Failed to fetch SOPHUSDT_5
2025-12-17 22:49:20 - shared_modules.data_collection.optimized_data_fetcher - WARNING - [FAIL] Rate limited for SOPHUSDT_120 (attempt 1/5)
2025-12-17 22:49:20 - shared_modules.data_collection.optimized_data_fetcher - ERROR - [FAIL] Exception for SOPHUSDT_120: local variable 'retry_delay' referenced before assignment (attempt 2/5)
2025-12-17 22:49:20 - shared_modules.data_collection.optimized_data_fetcher - ERROR - [FAIL] Exception for SOPHUSDT_120: local variable 'retry_delay' referenced before assignment (attempt 3/5)
2025-12-17 22:49:20 - shared_modules.data_collection.optimized_data_fetcher - ERROR - [FAIL] Exception for SOPHUSDT_120: local variable 'retry_delay' referenced before assignment (attempt 4/5)
2025-12-17 22:49:20 - shared_modules.data_collection.optimized_data_fetcher - ERROR - [FAIL] Exception for SOPHUSDT_120: local variable 'retry_delay' referenced before assignment (attempt 5/5)
2025-12-17 22:49:20 - shared_modules.data_collection.optimized_data_fetcher - ERROR - [FAIL] Failed to fetch SOPHUSDT_120
2025-12-17 22:49:20 - shared_modules.data_collection.optimized_data_fetcher - WARNING - [FAIL] Rate limited for SOPHUSDT_15 (attempt 1/5)
2025-12-17 22:49:20 - shared_modules.data_collection.optimized_data_fetcher - ERROR - [FAIL] Exception for SOPHUSDT_15: local variable 'retry_delay' referenced before assignment (attempt 2/5)
2025-12-17 22:49:20 - shared_modules.data_collection.optimized_data_fetcher - ERROR - [FAIL] Exception for SOPHUSDT_15: local variable 'retry_delay' referenced before assignment (attempt 3/5)
2025-12-17 22:49:20 - shared_modules.data_collection.optimized_data_fetcher - ERROR - [FAIL] Exception for SOPHUSDT_15: local variable 'retry_delay' referenced before assignment (attempt 4/5)
2025-12-17 22:49:20 - shared_modules.data_collection.optimized_data_fetcher - ERROR - [FAIL] Exception for SOPHUSDT_15: local variable 'retry_delay' referenced before assignment (attempt 5/5)
2025-12-17 22:49:20 - shared_modules.data_collection.optimized_data_fetcher - ERROR - [FAIL] Failed to fetch SOPHUSDT_15
2025-12-17 22:49:20 - shared_modules.data_collection.optimized_data_fetcher - WARNING - [FAIL] Rate limited for SOSOUSDT_240 (attempt 1/5)
2025-12-17 22:49:20 - shared_modules.data_collection.optimized_data_fetcher - ERROR - [FAIL] Exception for SOSOUSDT_240: local variable 'retry_delay' referenced before assignment (attempt 2/5)
2025-12-17 22:49:20 - shared_modules.data_collection.optimized_data_fetcher - ERROR - [FAIL] Exception for SOSOUSDT_240: local variable 'retry_delay' referenced before assignment (attempt 3/5)
2025-12-17 22:49:20 - shared_modules.data_collection.optimized_data_fetcher - ERROR - [FAIL] Exception for SOSOUSDT_240: local variable 'retry_delay' referenced before assignment (attempt 4/5)
2025-12-17 22:49:20 - shared_modules.data_collection.optimized_data_fetcher - ERROR - [FAIL] Exception for SOSOUSDT_240: local variable 'retry_delay' referenced before assignment (attempt 5/5)
2025-12-17 22:49:20 - shared_modules.data_collection.optimized_data_fetcher - ERROR - [FAIL] Failed to fetch SOSOUSDT_240
2025-12-17 22:49:20 - shared_modules.data_collection.optimized_data_fetcher - WARNING - [FAIL] Rate limited for SPKUSDT_240 (attempt 1/5)
2025-12-17 22:49:20 - shared_modules.data_collection.optimized_data_fetcher - ERROR - [FAIL] Exception for SPKUSDT_240: local variable 'retry_delay' referenced before assignment (attempt 2/5)
2025-12-17 22:49:20 - shared_modules.data_collection.optimized_data_fetcher - ERROR - [FAIL] Exception for SPKUSDT_240: local variable 'retry_delay' referenced before assignment (attempt 3/5)
2025-12-17 22:49:20 - shared_modules.data_collection.optimized_data_fetcher - ERROR - [FAIL] Exception for SPKUSDT_240: local variable 'retry_delay' referenced before assignment (attempt 4/5)
2025-12-17 22:49:20 - shared_modules.data_collection.optimized_data_fetcher - ERROR - [FAIL] Exception for SPKUSDT_240: local variable 'retry_delay' referenced before assignment (attempt 5/5)
2025-12-17 22:49:20 - shared_modules.data_collection.optimized_data_fetcher - ERROR - [FAIL] Failed to fetch SPKUSDT_240
2025-12-17 22:49:20 - shared_modules.data_collection.optimized_data_fetcher - WARNING - [FAIL] Rate limited for SQDUSDT_15 (attempt 1/5)
2025-12-17 22:49:20 - shared_modules.data_collection.optimized_data_fetcher - ERROR - [FAIL] Exception for SQDUSDT_15: local variable 'retry_delay' referenced before assignment (attempt 2/5)
2025-12-17 22:49:20 - shared_modules.data_collection.optimized_data_fetcher - ERROR - [FAIL] Exception for SQDUSDT_15: local variable 'retry_delay' referenced before assignment (attempt 3/5)
2025-12-17 22:49:20 - shared_modules.data_collection.optimized_data_fetcher - ERROR - [FAIL] Exception for SQDUSDT_15: local variable 'retry_delay' referenced before assignment (attempt 4/5)
2025-12-17 22:49:20 - shared_modules.data_collection.optimized_data_fetcher - ERROR - [FAIL] Exception for SQDUSDT_15: local variable 'retry_delay' referenced before assignment (attempt 5/5)
2025-12-17 22:49:20 - shared_modules.data_collection.optimized_data_fetcher - ERROR - [FAIL] Failed to fetch SQDUSDT_15
2025-12-17 22:49:20 - shared_modules.data_collection.optimized_data_fetcher - WARNING - [FAIL] Rate limited for SQDUSDT_1 (attempt 1/5)
2025-12-17 22:49:20 - shared_modules.data_collection.optimized_data_fetcher - ERROR - [FAIL] Exception for SQDUSDT_1: local variable 'retry_delay' referenced before assignment (attempt 2/5)
2025-12-17 22:49:20 - shared_modules.data_collection.optimized_data_fetcher - ERROR - [FAIL] Exception for SQDUSDT_1: local variable 'retry_delay' referenced before assignment (attempt 3/5)
2025-12-17 22:49:20 - shared_modules.data_collection.optimized_data_fetcher - ERROR - [FAIL] Exception for SQDUSDT_1: local variable 'retry_delay' referenced before assignment (attempt 4/5)
2025-12-17 22:49:20 - shared_modules.data_collection.optimized_data_fetcher - ERROR - [FAIL] Exception for SQDUSDT_1: local variable 'retry_delay' referenced before assignment (attempt 5/5)
2025-12-17 22:49:20 - shared_modules.data_collection.optimized_data_fetcher - ERROR - [FAIL] Failed to fetch SQDUSDT_1
2025-12-17 22:49:20 - shared_modules.data_collection.optimized_data_fetcher - WARNING - [FAIL] Rate limited for SQDUSDT_240 (attempt 1/5)
2025-12-17 22:49:20 - shared_modules.data_collection.optimized_data_fetcher - ERROR - [FAIL] Exception for SQDUSDT_240: local variable 'retry_delay' referenced before assignment (attempt 2/5)
2025-12-17 22:49:20 - shared_modules.data_collection.optimized_data_fetcher - ERROR - [FAIL] Exception for SQDUSDT_240: local variable 'retry_delay' referenced before assignment (attempt 3/5)
2025-12-17 22:49:20 - shared_modules.data_collection.optimized_data_fetcher - ERROR - [FAIL] Exception for SQDUSDT_240: local variable 'retry_delay' referenced before assignment (attempt 4/5)
2025-12-17 22:49:20 - shared_modules.data_collection.optimized_data_fetcher - ERROR - [FAIL] Exception for SQDUSDT_240: local variable 'retry_delay' referenced before assignment (attempt 5/5)
2025-12-17 22:49:20 - shared_modules.data_collection.optimized_data_fetcher - ERROR - [FAIL] Failed to fetch SQDUSDT_240
2025-12-17 22:49:20 - shared_modules.data_collection.optimized_data_fetcher - WARNING - [FAIL] Rate limited for SQDUSDT_60 (attempt 1/5)
2025-12-17 22:49:20 - shared_modules.data_collection.optimized_data_fetcher - ERROR - [FAIL] Exception for SQDUSDT_60: local variable 'retry_delay' referenced before assignment (attempt 2/5)
2025-12-17 22:49:20 - shared_modules.data_collection.optimized_data_fetcher - ERROR - [FAIL] Exception for SQDUSDT_60: local variable 'retry_delay' referenced before assignment (attempt 3/5)
2025-12-17 22:49:20 - shared_modules.data_collection.optimized_data_fetcher - ERROR - [FAIL] Exception for SQDUSDT_60: local variable 'retry_delay' referenced before assignment (attempt 4/5)
2025-12-17 22:49:20 - shared_modules.data_collection.optimized_data_fetcher - ERROR - [FAIL] Exception for SQDUSDT_60: local variable 'retry_delay' referenced before assignment (attempt 5/5)
2025-12-17 22:49:20 - shared_modules.data_collection.optimized_data_fetcher - ERROR - [FAIL] Failed to fetch SQDUSDT_60
2025-12-17 22:49:20 - shared_modules.data_collection.optimized_data_fetcher - WARNING - [FAIL] Rate limited for SSVUSDT_1 (attempt 1/5)
2025-12-17 22:49:20 - shared_modules.data_collection.optimized_data_fetcher - ERROR - [FAIL] Exception for SSVUSDT_1: local variable 'retry_delay' referenced before assignment (attempt 2/5)
2025-12-17 22:49:20 - shared_modules.data_collection.optimized_data_fetcher - ERROR - [FAIL] Exception for SSVUSDT_1: local variable 'retry_delay' referenced before assignment (attempt 3/5)
2025-12-17 22:49:20 - shared_modules.data_collection.optimized_data_fetcher - ERROR - [FAIL] Exception for SSVUSDT_1: local variable 'retry_delay' referenced before assignment (attempt 4/5)
2025-12-17 22:49:20 - shared_modules.data_collection.optimized_data_fetcher - ERROR - [FAIL] Exception for SSVUSDT_1: local variable 'retry_delay' referenced before assignment (attempt 5/5)
2025-12-17 22:49:20 - shared_modules.data_collection.optimized_data_fetcher - ERROR - [FAIL] Failed to fetch SSVUSDT_1
2025-12-17 22:49:20 - shared_modules.data_collection.optimized_data_fetcher - WARNING - [FAIL] Rate limited for SSVUSDT_60 (attempt 1/5)
2025-12-17 22:49:20 - shared_modules.data_collection.optimized_data_fetcher - ERROR - [FAIL] Exception for SSVUSDT_60: local variable 'retry_delay' referenced before assignment (attempt 2/5)
2025-12-17 22:49:20 - shared_modules.data_collection.optimized_data_fetcher - ERROR - [FAIL] Exception for SSVUSDT_60: local variable 'retry_delay' referenced before assignment (attempt 3/5)
2025-12-17 22:49:20 - shared_modules.data_collection.optimized_data_fetcher - ERROR - [FAIL] Exception for SSVUSDT_60: local variable 'retry_delay' referenced before assignment (attempt 4/5)
2025-12-17 22:49:20 - shared_modules.data_collection.optimized_data_fetcher - ERROR - [FAIL] Exception for SSVUSDT_60: local variable 'retry_delay' referenced before assignment (attempt 5/5)
2025-12-17 22:49:20 - shared_modules.data_collection.optimized_data_fetcher - ERROR - [FAIL] Failed to fetch SSVUSDT_60
2025-12-17 22:49:20 - shared_modules.data_collection.optimized_data_fetcher - WARNING - [FAIL] Rate limited for STABLEUSDT_15 (attempt 1/5)
2025-12-17 22:49:20 - shared_modules.data_collection.optimized_data_fetcher - ERROR - [FAIL] Exception for STABLEUSDT_15: local variable 'retry_delay' referenced before assignment (attempt 2/5)
2025-12-17 22:49:20 - shared_modules.data_collection.optimized_data_fetcher - ERROR - [FAIL] Exception for STABLEUSDT_15: local variable 'retry_delay' referenced before assignment (attempt 3/5)
2025-12-17 22:49:20 - shared_modules.data_collection.optimized_data_fetcher - ERROR - [FAIL] Exception for STABLEUSDT_15: local variable 'retry_delay' referenced before assignment (attempt 4/5)
2025-12-17 22:49:20 - shared_modules.data_collection.optimized_data_fetcher - ERROR - [FAIL] Exception for STABLEUSDT_15: local variable 'retry_delay' referenced before assignment (attempt 5/5)
2025-12-17 22:49:20 - shared_modules.data_collection.optimized_data_fetcher - ERROR - [FAIL] Failed to fetch STABLEUSDT_15
2025-12-17 22:49:20 - shared_modules.data_collection.optimized_data_fetcher - WARNING - [FAIL] Rate limited for SKYUSDT_15 (attempt 1/5)
2025-12-17 22:49:20 - shared_modules.data_collection.optimized_data_fetcher - ERROR - [FAIL] Exception for SKYUSDT_15: local variable 'retry_delay' referenced before assignment (attempt 2/5)
2025-12-17 22:49:20 - shared_modules.data_collection.optimized_data_fetcher - ERROR - [FAIL] Exception for SKYUSDT_15: local variable 'retry_delay' referenced before assignment (attempt 3/5)
2025-12-17 22:49:20 - shared_modules.data_collection.optimized_data_fetcher - ERROR - [FAIL] Exception for SKYUSDT_15: local variable 'retry_delay' referenced before assignment (attempt 4/5)
2025-12-17 22:49:20 - shared_modules.data_collection.optimized_data_fetcher - ERROR - [FAIL] Exception for SKYUSDT_15: local variable 'retry_delay' referenced before assignment (attempt 5/5)
2025-12-17 22:49:20 - shared_modules.data_collection.optimized_data_fetcher - ERROR - [FAIL] Failed to fetch SKYUSDT_15
2025-12-17 22:49:20 - shared_modules.data_collection.optimized_data_fetcher - WARNING - [FAIL] Rate limited for SKYUSDT_5 (attempt 1/5)
2025-12-17 22:49:20 - shared_modules.data_collection.optimized_data_fetcher - ERROR - [FAIL] Exception for SKYUSDT_5: local variable 'retry_delay' referenced before assignment (attempt 2/5)
2025-12-17 22:49:20 - shared_modules.data_collection.optimized_data_fetcher - ERROR - [FAIL] Exception for SKYUSDT_5: local variable 'retry_delay' referenced before assignment (attempt 3/5)
2025-12-17 22:49:20 - shared_modules.data_collection.optimized_data_fetcher - ERROR - [FAIL] Exception for SKYUSDT_5: local variable 'retry_delay' referenced before assignment (attempt 4/5)
2025-12-17 22:49:20 - shared_modules.data_collection.optimized_data_fetcher - ERROR - [FAIL] Exception for SKYUSDT_5: local variable 'retry_delay' referenced before assignment (attempt 5/5)
2025-12-17 22:49:20 - shared_modules.data_collection.optimized_data_fetcher - ERROR - [FAIL] Failed to fetch SKYUSDT_5
2025-12-17 22:49:20 - shared_modules.data_collection.optimized_data_fetcher - WARNING - [FAIL] Rate limited for STEEMUSDT_60 (attempt 1/5)
2025-12-17 22:49:20 - shared_modules.data_collection.optimized_data_fetcher - ERROR - [FAIL] Exception for STEEMUSDT_60: local variable 'retry_delay' referenced before assignment (attempt 2/5)
2025-12-17 22:49:20 - shared_modules.data_collection.optimized_data_fetcher - ERROR - [FAIL] Exception for STEEMUSDT_60: local variable 'retry_delay' referenced before assignment (attempt 3/5)
2025-12-17 22:49:20 - shared_modules.data_collection.optimized_data_fetcher - ERROR - [FAIL] Exception for STEEMUSDT_60: local variable 'retry_delay' referenced before assignment (attempt 4/5)
2025-12-17 22:49:20 - shared_modules.data_collection.optimized_data_fetcher - ERROR - [FAIL] Exception for STEEMUSDT_60: local variable 'retry_delay' referenced before assignment (attempt 5/5)
2025-12-17 22:49:20 - shared_modules.data_collection.optimized_data_fetcher - ERROR - [FAIL] Failed to fetch STEEMUSDT_60
2025-12-17 22:49:20 - shared_modules.data_collection.optimized_data_fetcher - WARNING - [FAIL] Rate limited for STBLUSDT_5 (attempt 1/5)
2025-12-17 22:49:20 - shared_modules.data_collection.optimized_data_fetcher - ERROR - [FAIL] Exception for STBLUSDT_5: local variable 'retry_delay' referenced before assignment (attempt 2/5)
2025-12-17 22:49:20 - shared_modules.data_collection.optimized_data_fetcher - ERROR - [FAIL] Exception for STBLUSDT_5: local variable 'retry_delay' referenced before assignment (attempt 3/5)
2025-12-17 22:49:20 - shared_modules.data_collection.optimized_data_fetcher - ERROR - [FAIL] Exception for STBLUSDT_5: local variable 'retry_delay' referenced before assignment (attempt 4/5)
2025-12-17 22:49:20 - shared_modules.data_collection.optimized_data_fetcher - ERROR - [FAIL] Exception for STBLUSDT_5: local variable 'retry_delay' referenced before assignment (attempt 5/5)
2025-12-17 22:49:20 - shared_modules.data_collection.optimized_data_fetcher - ERROR - [FAIL] Failed to fetch STBLUSDT_5
2025-12-17 22:49:20 - shared_modules.data_collection.optimized_data_fetcher - WARNING - [FAIL] Rate limited for STEEMUSDT_120 (attempt 1/5)
2025-12-17 22:49:20 - shared_modules.data_collection.optimized_data_fetcher - ERROR - [FAIL] Exception for STEEMUSDT_120: local variable 'retry_delay' referenced before assignment (attempt 2/5)
2025-12-17 22:49:20 - shared_modules.data_collection.optimized_data_fetcher - ERROR - [FAIL] Exception for STEEMUSDT_120: local variable 'retry_delay' referenced before assignment (attempt 3/5)
2025-12-17 22:49:20 - shared_modules.data_collection.optimized_data_fetcher - ERROR - [FAIL] Exception for STEEMUSDT_120: local variable 'retry_delay' referenced before assignment (attempt 4/5)
2025-12-17 22:49:20 - shared_modules.data_collection.optimized_data_fetcher - ERROR - [FAIL] Exception for STEEMUSDT_120: local variable 'retry_delay' referenced before assignment (attempt 5/5)
2025-12-17 22:49:20 - shared_modules.data_collection.optimized_data_fetcher - ERROR - [FAIL] Failed to fetch STEEMUSDT_120
2025-12-17 22:49:20 - shared_modules.data_collection.optimized_data_fetcher - WARNING - [FAIL] Rate limited for STORJUSDT_60 (attempt 1/5)
2025-12-17 22:49:20 - shared_modules.data_collection.optimized_data_fetcher - ERROR - [FAIL] Exception for STORJUSDT_60: local variable 'retry_delay' referenced before assignment (attempt 2/5)
2025-12-17 22:49:20 - shared_modules.data_collection.optimized_data_fetcher - ERROR - [FAIL] Exception for STORJUSDT_60: local variable 'retry_delay' referenced before assignment (attempt 3/5)
2025-12-17 22:49:20 - shared_modules.data_collection.optimized_data_fetcher - ERROR - [FAIL] Exception for STORJUSDT_60: local variable 'retry_delay' referenced before assignment (attempt 4/5)
2025-12-17 22:49:20 - shared_modules.data_collection.optimized_data_fetcher - ERROR - [FAIL] Exception for STORJUSDT_60: local variable 'retry_delay' referenced before assignment (attempt 5/5)
2025-12-17 22:49:20 - shared_modules.data_collection.optimized_data_fetcher - ERROR - [FAIL] Failed to fetch STORJUSDT_60
2025-12-17 22:49:20 - shared_modules.data_collection.optimized_data_fetcher - WARNING - [FAIL] Rate limited for STOUSDT_1 (attempt 1/5)
2025-12-17 22:49:20 - shared_modules.data_collection.optimized_data_fetcher - ERROR - [FAIL] Exception for STOUSDT_1: local variable 'retry_delay' referenced before assignment (attempt 2/5)
2025-12-17 22:49:20 - shared_modules.data_collection.optimized_data_fetcher - ERROR - [FAIL] Exception for STOUSDT_1: local variable 'retry_delay' referenced before assignment (attempt 3/5)
2025-12-17 22:49:20 - shared_modules.data_collection.optimized_data_fetcher - ERROR - [FAIL] Exception for STOUSDT_1: local variable 'retry_delay' referenced before assignment (attempt 4/5)
2025-12-17 22:49:20 - shared_modules.data_collection.optimized_data_fetcher - ERROR - [FAIL] Exception for STOUSDT_1: local variable 'retry_delay' referenced before assignment (attempt 5/5)
2025-12-17 22:49:20 - shared_modules.data_collection.optimized_data_fetcher - ERROR - [FAIL] Failed to fetch STOUSDT_1
2025-12-17 22:49:20 - shared_modules.data_collection.optimized_data_fetcher - WARNING - [FAIL] Rate limited for STEEMUSDT_240 (attempt 1/5)
2025-12-17 22:49:20 - shared_modules.data_collection.optimized_data_fetcher - ERROR - [FAIL] Exception for STEEMUSDT_240: local variable 'retry_delay' referenced before assignment (attempt 2/5)
2025-12-17 22:49:20 - shared_modules.data_collection.optimized_data_fetcher - ERROR - [FAIL] Exception for STEEMUSDT_240: local variable 'retry_delay' referenced before assignment (attempt 3/5)
2025-12-17 22:49:20 - shared_modules.data_collection.optimized_data_fetcher - ERROR - [FAIL] Exception for STEEMUSDT_240: local variable 'retry_delay' referenced before assignment (attempt 4/5)
2025-12-17 22:49:20 - shared_modules.data_collection.optimized_data_fetcher - ERROR - [FAIL] Exception for STEEMUSDT_240: local variable 'retry_delay' referenced before assignment (attempt 5/5)
2025-12-17 22:49:20 - shared_modules.data_collection.optimized_data_fetcher - ERROR - [FAIL] Failed to fetch STEEMUSDT_240
2025-12-17 22:49:20 - shared_modules.data_collection.optimized_data_fetcher - WARNING - [FAIL] Rate limited for STEEMUSDT_5 (attempt 1/5)
2025-12-17 22:49:20 - shared_modules.data_collection.optimized_data_fetcher - ERROR - [FAIL] Exception for STEEMUSDT_5: local variable 'retry_delay' referenced before assignment (attempt 2/5)
2025-12-17 22:49:20 - shared_modules.data_collection.optimized_data_fetcher - ERROR - [FAIL] Exception for STEEMUSDT_5: local variable 'retry_delay' referenced before assignment (attempt 3/5)
2025-12-17 22:49:20 - shared_modules.data_collection.optimized_data_fetcher - ERROR - [FAIL] Exception for STEEMUSDT_5: local variable 'retry_delay' referenced before assignment (attempt 4/5)
2025-12-17 22:49:20 - shared_modules.data_collection.optimized_data_fetcher - ERROR - [FAIL] Exception for STEEMUSDT_5: local variable 'retry_delay' referenced before assignment (attempt 5/5)
2025-12-17 22:49:20 - shared_modules.data_collection.optimized_data_fetcher - ERROR - [FAIL] Failed to fetch STEEMUSDT_5
2025-12-17 22:49:20 - shared_modules.data_collection.optimized_data_fetcher - WARNING - [FAIL] Rate limited for STGUSDT_15 (attempt 1/5)
2025-12-17 22:49:20 - shared_modules.data_collection.optimized_data_fetcher - ERROR - [FAIL] Exception for STGUSDT_15: local variable 'retry_delay' referenced before assignment (attempt 2/5)
2025-12-17 22:49:20 - shared_modules.data_collection.optimized_data_fetcher - ERROR - [FAIL] Exception for STGUSDT_15: local variable 'retry_delay' referenced before assignment (attempt 3/5)
2025-12-17 22:49:20 - shared_modules.data_collection.optimized_data_fetcher - ERROR - [FAIL] Exception for STGUSDT_15: local variable 'retry_delay' referenced before assignment (attempt 4/5)
2025-12-17 22:49:20 - shared_modules.data_collection.optimized_data_fetcher - ERROR - [FAIL] Exception for STGUSDT_15: local variable 'retry_delay' referenced before assignment (attempt 5/5)
2025-12-17 22:49:20 - shared_modules.data_collection.optimized_data_fetcher - ERROR - [FAIL] Failed to fetch STGUSDT_15
2025-12-17 22:49:20 - shared_modules.data_collection.optimized_data_fetcher - WARNING - [FAIL] Rate limited for STORJUSDT_120 (attempt 1/5)
2025-12-17 22:49:20 - shared_modules.data_collection.optimized_data_fetcher - ERROR - [FAIL] Exception for STORJUSDT_120: local variable 'retry_delay' referenced before assignment (attempt 2/5)
2025-12-17 22:49:20 - shared_modules.data_collection.optimized_data_fetcher - ERROR - [FAIL] Exception for STORJUSDT_120: local variable 'retry_delay' referenced before assignment (attempt 3/5)
2025-12-17 22:49:20 - shared_modules.data_collection.optimized_data_fetcher - ERROR - [FAIL] Exception for STORJUSDT_120: local variable 'retry_delay' referenced before assignment (attempt 4/5)
2025-12-17 22:49:20 - shared_modules.data_collection.optimized_data_fetcher - ERROR - [FAIL] Exception for STORJUSDT_120: local variable 'retry_delay' referenced before assignment (attempt 5/5)
2025-12-17 22:49:20 - shared_modules.data_collection.optimized_data_fetcher - ERROR - [FAIL] Failed to fetch STORJUSDT_120
2025-12-17 22:49:20 - shared_modules.data_collection.optimized_data_fetcher - WARNING - [FAIL] Rate limited for STOUSDT_60 (attempt 1/5)
2025-12-17 22:49:20 - shared_modules.data_collection.optimized_data_fetcher - ERROR - [FAIL] Exception for STOUSDT_60: local variable 'retry_delay' referenced before assignment (attempt 2/5)
2025-12-17 22:49:20 - shared_modules.data_collection.optimized_data_fetcher - ERROR - [FAIL] Exception for STOUSDT_60: local variable 'retry_delay' referenced before assignment (attempt 3/5)
2025-12-17 22:49:20 - shared_modules.data_collection.optimized_data_fetcher - ERROR - [FAIL] Exception for STOUSDT_60: local variable 'retry_delay' referenced before assignment (attempt 4/5)
2025-12-17 22:49:20 - shared_modules.data_collection.optimized_data_fetcher - ERROR - [FAIL] Exception for STOUSDT_60: local variable 'retry_delay' referenced before assignment (attempt 5/5)
2025-12-17 22:49:20 - shared_modules.data_collection.optimized_data_fetcher - ERROR - [FAIL] Failed to fetch STOUSDT_60
2025-12-17 22:49:20 - shared_modules.data_collection.optimized_data_fetcher - WARNING - [FAIL] Rate limited for STOUSDT_120 (attempt 1/5)
2025-12-17 22:49:20 - shared_modules.data_collection.optimized_data_fetcher - ERROR - [FAIL] Exception for STOUSDT_120: local variable 'retry_delay' referenced before assignment (attempt 2/5)
2025-12-17 22:49:20 - shared_modules.data_collection.optimized_data_fetcher - ERROR - [FAIL] Exception for STOUSDT_120: local variable 'retry_delay' referenced before assignment (attempt 3/5)
2025-12-17 22:49:20 - shared_modules.data_collection.optimized_data_fetcher - ERROR - [FAIL] Exception for STOUSDT_120: local variable 'retry_delay' referenced before assignment (attempt 4/5)
2025-12-17 22:49:20 - shared_modules.data_collection.optimized_data_fetcher - ERROR - [FAIL] Exception for STOUSDT_120: local variable 'retry_delay' referenced before assignment (attempt 5/5)
2025-12-17 22:49:20 - shared_modules.data_collection.optimized_data_fetcher - ERROR - [FAIL] Failed to fetch STOUSDT_120
2025-12-17 22:49:20 - shared_modules.data_collection.optimized_data_fetcher - WARNING - [FAIL] Rate limited for STXUSDT_1 (attempt 1/5)
2025-12-17 22:49:20 - shared_modules.data_collection.optimized_data_fetcher - ERROR - [FAIL] Exception for STXUSDT_1: local variable 'retry_delay' referenced before assignment (attempt 2/5)
2025-12-17 22:49:20 - shared_modules.data_collection.optimized_data_fetcher - ERROR - [FAIL] Exception for STXUSDT_1: local variable 'retry_delay' referenced before assignment (attempt 3/5)
2025-12-17 22:49:20 - shared_modules.data_collection.optimized_data_fetcher - ERROR - [FAIL] Exception for STXUSDT_1: local variable 'retry_delay' referenced before assignment (attempt 4/5)
2025-12-17 22:49:20 - shared_modules.data_collection.optimized_data_fetcher - ERROR - [FAIL] Exception for STXUSDT_1: local variable 'retry_delay' referenced before assignment (attempt 5/5)
2025-12-17 22:49:20 - shared_modules.data_collection.optimized_data_fetcher - ERROR - [FAIL] Failed to fetch STXUSDT_1
2025-12-17 22:49:20 - shared_modules.data_collection.optimized_data_fetcher - WARNING - [FAIL] Rate limited for STXUSDT_15 (attempt 1/5)
2025-12-17 22:49:20 - shared_modules.data_collection.optimized_data_fetcher - ERROR - [FAIL] Exception for STXUSDT_15: local variable 'retry_delay' referenced before assignment (attempt 2/5)
2025-12-17 22:49:20 - shared_modules.data_collection.optimized_data_fetcher - ERROR - [FAIL] Exception for STXUSDT_15: local variable 'retry_delay' referenced before assignment (attempt 3/5)
2025-12-17 22:49:20 - shared_modules.data_collection.optimized_data_fetcher - ERROR - [FAIL] Exception for STXUSDT_15: local variable 'retry_delay' referenced before assignment (attempt 4/5)
2025-12-17 22:49:20 - shared_modules.data_collection.optimized_data_fetcher - ERROR - [FAIL] Exception for STXUSDT_15: local variable 'retry_delay' referenced before assignment (attempt 5/5)
2025-12-17 22:49:20 - shared_modules.data_collection.optimized_data_fetcher - ERROR - [FAIL] Failed to fetch STXUSDT_15
2025-12-17 22:49:20 - shared_modules.data_collection.optimized_data_fetcher - WARNING - [FAIL] Rate limited for STXUSDT_5 (attempt 1/5)
2025-12-17 22:49:20 - shared_modules.data_collection.optimized_data_fetcher - ERROR - [FAIL] Exception for STXUSDT_5: local variable 'retry_delay' referenced before assignment (attempt 2/5)
2025-12-17 22:49:20 - shared_modules.data_collection.optimized_data_fetcher - ERROR - [FAIL] Exception for STXUSDT_5: local variable 'retry_delay' referenced before assignment (attempt 3/5)
2025-12-17 22:49:20 - shared_modules.data_collection.optimized_data_fetcher - ERROR - [FAIL] Exception for STXUSDT_5: local variable 'retry_delay' referenced before assignment (attempt 4/5)
2025-12-17 22:49:20 - shared_modules.data_collection.optimized_data_fetcher - ERROR - [FAIL] Exception for STXUSDT_5: local variable 'retry_delay' referenced before assignment (attempt 5/5)
2025-12-17 22:49:20 - shared_modules.data_collection.optimized_data_fetcher - ERROR - [FAIL] Failed to fetch STXUSDT_5
2025-12-17 22:49:20 - shared_modules.data_collection.optimized_data_fetcher - WARNING - [FAIL] Rate limited for STOUSDT_240 (attempt 1/5)
2025-12-17 22:49:20 - shared_modules.data_collection.optimized_data_fetcher - ERROR - [FAIL] Exception for STOUSDT_240: local variable 'retry_delay' referenced before assignment (attempt 2/5)
2025-12-17 22:49:20 - shared_modules.data_collection.optimized_data_fetcher - ERROR - [FAIL] Exception for STOUSDT_240: local variable 'retry_delay' referenced before assignment (attempt 3/5)
2025-12-17 22:49:20 - shared_modules.data_collection.optimized_data_fetcher - ERROR - [FAIL] Exception for STOUSDT_240: local variable 'retry_delay' referenced before assignment (attempt 4/5)
2025-12-17 22:49:20 - shared_modules.data_collection.optimized_data_fetcher - ERROR - [FAIL] Exception for STOUSDT_240: local variable 'retry_delay' referenced before assignment (attempt 5/5)
2025-12-17 22:49:20 - shared_modules.data_collection.optimized_data_fetcher - ERROR - [FAIL] Failed to fetch STOUSDT_240
2025-12-17 22:49:20 - shared_modules.data_collection.optimized_data_fetcher - WARNING - [FAIL] Rate limited for SUIUSDT_60 (attempt 1/5)
2025-12-17 22:49:20 - shared_modules.data_collection.optimized_data_fetcher - ERROR - [FAIL] Exception for SUIUSDT_60: local variable 'retry_delay' referenced before assignment (attempt 2/5)
2025-12-17 22:49:20 - shared_modules.data_collection.optimized_data_fetcher - ERROR - [FAIL] Exception for SUIUSDT_60: local variable 'retry_delay' referenced before assignment (attempt 3/5)
2025-12-17 22:49:20 - shared_modules.data_collection.optimized_data_fetcher - ERROR - [FAIL] Exception for SUIUSDT_60: local variable 'retry_delay' referenced before assignment (attempt 4/5)
2025-12-17 22:49:20 - shared_modules.data_collection.optimized_data_fetcher - ERROR - [FAIL] Exception for SUIUSDT_60: local variable 'retry_delay' referenced before assignment (attempt 5/5)
2025-12-17 22:49:20 - shared_modules.data_collection.optimized_data_fetcher - ERROR - [FAIL] Failed to fetch SUIUSDT_60
2025-12-17 22:49:20 - shared_modules.data_collection.optimized_data_fetcher - WARNING - [FAIL] Rate limited for STXUSDT_120 (attempt 1/5)
2025-12-17 22:49:20 - shared_modules.data_collection.optimized_data_fetcher - ERROR - [FAIL] Exception for STXUSDT_120: local variable 'retry_delay' referenced before assignment (attempt 2/5)
2025-12-17 22:49:20 - shared_modules.data_collection.optimized_data_fetcher - ERROR - [FAIL] Exception for STXUSDT_120: local variable 'retry_delay' referenced before assignment (attempt 3/5)
2025-12-17 22:49:20 - shared_modules.data_collection.optimized_data_fetcher - ERROR - [FAIL] Exception for STXUSDT_120: local variable 'retry_delay' referenced before assignment (attempt 4/5)
2025-12-17 22:49:20 - shared_modules.data_collection.optimized_data_fetcher - ERROR - [FAIL] Exception for STXUSDT_120: local variable 'retry_delay' referenced before assignment (attempt 5/5)
2025-12-17 22:49:20 - shared_modules.data_collection.optimized_data_fetcher - ERROR - [FAIL] Failed to fetch STXUSDT_120
2025-12-17 22:49:20 - shared_modules.data_collection.optimized_data_fetcher - WARNING - [FAIL] Rate limited for SUNUSDT_15 (attempt 1/5)
2025-12-17 22:49:20 - shared_modules.data_collection.optimized_data_fetcher - ERROR - [FAIL] Exception for SUNUSDT_15: local variable 'retry_delay' referenced before assignment (attempt 2/5)
2025-12-17 22:49:20 - shared_modules.data_collection.optimized_data_fetcher - ERROR - [FAIL] Exception for SUNUSDT_15: local variable 'retry_delay' referenced before assignment (attempt 3/5)
2025-12-17 22:49:20 - shared_modules.data_collection.optimized_data_fetcher - ERROR - [FAIL] Exception for SUNUSDT_15: local variable 'retry_delay' referenced before assignment (attempt 4/5)
2025-12-17 22:49:20 - shared_modules.data_collection.optimized_data_fetcher - ERROR - [FAIL] Exception for SUNUSDT_15: local variable 'retry_delay' referenced before assignment (attempt 5/5)
2025-12-17 22:49:20 - shared_modules.data_collection.optimized_data_fetcher - ERROR - [FAIL] Failed to fetch SUNUSDT_15
2025-12-17 22:49:20 - shared_modules.data_collection.optimized_data_fetcher - WARNING - [FAIL] Rate limited for SUNUSDT_240 (attempt 1/5)
2025-12-17 22:49:20 - shared_modules.data_collection.optimized_data_fetcher - ERROR - [FAIL] Exception for SUNUSDT_240: local variable 'retry_delay' referenced before assignment (attempt 2/5)
2025-12-17 22:49:20 - shared_modules.data_collection.optimized_data_fetcher - ERROR - [FAIL] Exception for SUNUSDT_240: local variable 'retry_delay' referenced before assignment (attempt 3/5)
2025-12-17 22:49:20 - shared_modules.data_collection.optimized_data_fetcher - ERROR - [FAIL] Exception for SUNUSDT_240: local variable 'retry_delay' referenced before assignment (attempt 4/5)
2025-12-17 22:49:20 - shared_modules.data_collection.optimized_data_fetcher - ERROR - [FAIL] Exception for SUNUSDT_240: local variable 'retry_delay' referenced before assignment (attempt 5/5)
2025-12-17 22:49:20 - shared_modules.data_collection.optimized_data_fetcher - ERROR - [FAIL] Failed to fetch SUNUSDT_240
2025-12-17 22:49:20 - shared_modules.data_collection.optimized_data_fetcher - WARNING - [FAIL] Rate limited for SUNUSDT_1 (attempt 1/5)
2025-12-17 22:49:20 - shared_modules.data_collection.optimized_data_fetcher - ERROR - [FAIL] Exception for SUNUSDT_1: local variable 'retry_delay' referenced before assignment (attempt 2/5)
2025-12-17 22:49:20 - shared_modules.data_collection.optimized_data_fetcher - ERROR - [FAIL] Exception for SUNUSDT_1: local variable 'retry_delay' referenced before assignment (attempt 3/5)
2025-12-17 22:49:20 - shared_modules.data_collection.optimized_data_fetcher - ERROR - [FAIL] Exception for SUNUSDT_1: local variable 'retry_delay' referenced before assignment (attempt 4/5)
2025-12-17 22:49:20 - shared_modules.data_collection.optimized_data_fetcher - ERROR - [FAIL] Exception for SUNUSDT_1: local variable 'retry_delay' referenced before assignment (attempt 5/5)
2025-12-17 22:49:20 - shared_modules.data_collection.optimized_data_fetcher - ERROR - [FAIL] Failed to fetch SUNUSDT_1
2025-12-17 22:49:20 - shared_modules.data_collection.optimized_data_fetcher - WARNING - [FAIL] Rate limited for SUSDT_15 (attempt 1/5)
2025-12-17 22:49:20 - shared_modules.data_collection.optimized_data_fetcher - ERROR - [FAIL] Exception for SUSDT_15: local variable 'retry_delay' referenced before assignment (attempt 2/5)
2025-12-17 22:49:20 - shared_modules.data_collection.optimized_data_fetcher - ERROR - [FAIL] Exception for SUSDT_15: local variable 'retry_delay' referenced before assignment (attempt 3/5)
2025-12-17 22:49:20 - shared_modules.data_collection.optimized_data_fetcher - ERROR - [FAIL] Exception for SUSDT_15: local variable 'retry_delay' referenced before assignment (attempt 4/5)
2025-12-17 22:49:20 - shared_modules.data_collection.optimized_data_fetcher - ERROR - [FAIL] Exception for SUSDT_15: local variable 'retry_delay' referenced before assignment (attempt 5/5)
2025-12-17 22:49:20 - shared_modules.data_collection.optimized_data_fetcher - ERROR - [FAIL] Failed to fetch SUSDT_15
2025-12-17 22:49:20 - shared_modules.data_collection.optimized_data_fetcher - WARNING - [FAIL] Rate limited for SUPERUSDT_120 (attempt 1/5)
2025-12-17 22:49:20 - shared_modules.data_collection.optimized_data_fetcher - ERROR - [FAIL] Exception for SUPERUSDT_120: local variable 'retry_delay' referenced before assignment (attempt 2/5)
2025-12-17 22:49:20 - shared_modules.data_collection.optimized_data_fetcher - ERROR - [FAIL] Exception for SUPERUSDT_120: local variable 'retry_delay' referenced before assignment (attempt 3/5)
2025-12-17 22:49:20 - shared_modules.data_collection.optimized_data_fetcher - ERROR - [FAIL] Exception for SUPERUSDT_120: local variable 'retry_delay' referenced before assignment (attempt 4/5)
2025-12-17 22:49:20 - shared_modules.data_collection.optimized_data_fetcher - ERROR - [FAIL] Exception for SUPERUSDT_120: local variable 'retry_delay' referenced before assignment (attempt 5/5)
2025-12-17 22:49:20 - shared_modules.data_collection.optimized_data_fetcher - ERROR - [FAIL] Failed to fetch SUPERUSDT_120
2025-12-17 22:49:20 - shared_modules.data_collection.optimized_data_fetcher - WARNING - [FAIL] Rate limited for SNTUSDT_240 (attempt 1/5)
2025-12-17 22:49:20 - shared_modules.data_collection.optimized_data_fetcher - ERROR - [FAIL] Exception for SNTUSDT_240: local variable 'retry_delay' referenced before assignment (attempt 2/5)
2025-12-17 22:49:20 - shared_modules.data_collection.optimized_data_fetcher - ERROR - [FAIL] Exception for SNTUSDT_240: local variable 'retry_delay' referenced before assignment (attempt 3/5)
2025-12-17 22:49:20 - shared_modules.data_collection.optimized_data_fetcher - ERROR - [FAIL] Exception for SNTUSDT_240: local variable 'retry_delay' referenced before assignment (attempt 4/5)
2025-12-17 22:49:20 - shared_modules.data_collection.optimized_data_fetcher - ERROR - [FAIL] Exception for SNTUSDT_240: local variable 'retry_delay' referenced before assignment (attempt 5/5)
2025-12-17 22:49:20 - shared_modules.data_collection.optimized_data_fetcher - ERROR - [FAIL] Failed to fetch SNTUSDT_240
2025-12-17 22:49:20 - shared_modules.data_collection.optimized_data_fetcher - WARNING - [FAIL] Rate limited for SWARMSUSDT_1 (attempt 1/5)
2025-12-17 22:49:20 - shared_modules.data_collection.optimized_data_fetcher - ERROR - [FAIL] Exception for SWARMSUSDT_1: local variable 'retry_delay' referenced before assignment (attempt 2/5)
2025-12-17 22:49:20 - shared_modules.data_collection.optimized_data_fetcher - ERROR - [FAIL] Exception for SWARMSUSDT_1: local variable 'retry_delay' referenced before assignment (attempt 3/5)
2025-12-17 22:49:20 - shared_modules.data_collection.optimized_data_fetcher - ERROR - [FAIL] Exception for SWARMSUSDT_1: local variable 'retry_delay' referenced before assignment (attempt 4/5)
2025-12-17 22:49:20 - shared_modules.data_collection.optimized_data_fetcher - ERROR - [FAIL] Exception for SWARMSUSDT_1: local variable 'retry_delay' referenced before assignment (attempt 5/5)
2025-12-17 22:49:20 - shared_modules.data_collection.optimized_data_fetcher - ERROR - [FAIL] Failed to fetch SWARMSUSDT_1
2025-12-17 22:49:20 - shared_modules.data_collection.optimized_data_fetcher - WARNING - [FAIL] Rate limited for SXPUSDT_1 (attempt 1/5)
2025-12-17 22:49:20 - shared_modules.data_collection.optimized_data_fetcher - ERROR - [FAIL] Exception for SXPUSDT_1: local variable 'retry_delay' referenced before assignment (attempt 2/5)
2025-12-17 22:49:20 - shared_modules.data_collection.optimized_data_fetcher - ERROR - [FAIL] Exception for SXPUSDT_1: local variable 'retry_delay' referenced before assignment (attempt 3/5)
2025-12-17 22:49:20 - shared_modules.data_collection.optimized_data_fetcher - ERROR - [FAIL] Exception for SXPUSDT_1: local variable 'retry_delay' referenced before assignment (attempt 4/5)
2025-12-17 22:49:20 - shared_modules.data_collection.optimized_data_fetcher - ERROR - [FAIL] Exception for SXPUSDT_1: local variable 'retry_delay' referenced before assignment (attempt 5/5)
2025-12-17 22:49:20 - shared_modules.data_collection.optimized_data_fetcher - ERROR - [FAIL] Failed to fetch SXPUSDT_1
2025-12-17 22:49:20 - shared_modules.data_collection.optimized_data_fetcher - WARNING - [FAIL] Rate limited for SWARMSUSDT_5 (attempt 1/5)
2025-12-17 22:49:20 - shared_modules.data_collection.optimized_data_fetcher - ERROR - [FAIL] Exception for SWARMSUSDT_5: local variable 'retry_delay' referenced before assignment (attempt 2/5)
2025-12-17 22:49:20 - shared_modules.data_collection.optimized_data_fetcher - ERROR - [FAIL] Exception for SWARMSUSDT_5: local variable 'retry_delay' referenced before assignment (attempt 3/5)
2025-12-17 22:49:20 - shared_modules.data_collection.optimized_data_fetcher - ERROR - [FAIL] Exception for SWARMSUSDT_5: local variable 'retry_delay' referenced before assignment (attempt 4/5)
2025-12-17 22:49:20 - shared_modules.data_collection.optimized_data_fetcher - ERROR - [FAIL] Exception for SWARMSUSDT_5: local variable 'retry_delay' referenced before assignment (attempt 5/5)
2025-12-17 22:49:20 - shared_modules.data_collection.optimized_data_fetcher - ERROR - [FAIL] Failed to fetch SWARMSUSDT_5
2025-12-17 22:49:20 - shared_modules.data_collection.optimized_data_fetcher - WARNING - [FAIL] Rate limited for SWARMSUSDT_120 (attempt 1/5)
2025-12-17 22:49:20 - shared_modules.data_collection.optimized_data_fetcher - ERROR - [FAIL] Exception for SWARMSUSDT_120: local variable 'retry_delay' referenced before assignment (attempt 2/5)
2025-12-17 22:49:20 - shared_modules.data_collection.optimized_data_fetcher - ERROR - [FAIL] Exception for SWARMSUSDT_120: local variable 'retry_delay' referenced before assignment (attempt 3/5)
2025-12-17 22:49:20 - shared_modules.data_collection.optimized_data_fetcher - ERROR - [FAIL] Exception for SWARMSUSDT_120: local variable 'retry_delay' referenced before assignment (attempt 4/5)
2025-12-17 22:49:20 - shared_modules.data_collection.optimized_data_fetcher - ERROR - [FAIL] Exception for SWARMSUSDT_120: local variable 'retry_delay' referenced before assignment (attempt 5/5)
2025-12-17 22:49:20 - shared_modules.data_collection.optimized_data_fetcher - ERROR - [FAIL] Failed to fetch SWARMSUSDT_120
2025-12-17 22:49:20 - shared_modules.data_collection.optimized_data_fetcher - WARNING - [FAIL] Rate limited for SUSHIUSDT_15 (attempt 1/5)
2025-12-17 22:49:20 - shared_modules.data_collection.optimized_data_fetcher - ERROR - [FAIL] Exception for SUSHIUSDT_15: local variable 'retry_delay' referenced before assignment (attempt 2/5)
2025-12-17 22:49:20 - shared_modules.data_collection.optimized_data_fetcher - ERROR - [FAIL] Exception for SUSHIUSDT_15: local variable 'retry_delay' referenced before assignment (attempt 3/5)
2025-12-17 22:49:20 - shared_modules.data_collection.optimized_data_fetcher - ERROR - [FAIL] Exception for SUSHIUSDT_15: local variable 'retry_delay' referenced before assignment (attempt 4/5)
2025-12-17 22:49:20 - shared_modules.data_collection.optimized_data_fetcher - ERROR - [FAIL] Exception for SUSHIUSDT_15: local variable 'retry_delay' referenced before assignment (attempt 5/5)
2025-12-17 22:49:20 - shared_modules.data_collection.optimized_data_fetcher - ERROR - [FAIL] Failed to fetch SUSHIUSDT_15
2025-12-17 22:49:20 - shared_modules.data_collection.optimized_data_fetcher - WARNING - [FAIL] Rate limited for SWARMSUSDT_15 (attempt 1/5)
2025-12-17 22:49:20 - shared_modules.data_collection.optimized_data_fetcher - ERROR - [FAIL] Exception for SWARMSUSDT_15: local variable 'retry_delay' referenced before assignment (attempt 2/5)
2025-12-17 22:49:20 - shared_modules.data_collection.optimized_data_fetcher - ERROR - [FAIL] Exception for SWARMSUSDT_15: local variable 'retry_delay' referenced before assignment (attempt 3/5)
2025-12-17 22:49:20 - shared_modules.data_collection.optimized_data_fetcher - ERROR - [FAIL] Exception for SWARMSUSDT_15: local variable 'retry_delay' referenced before assignment (attempt 4/5)
2025-12-17 22:49:20 - shared_modules.data_collection.optimized_data_fetcher - ERROR - [FAIL] Exception for SWARMSUSDT_15: local variable 'retry_delay' referenced before assignment (attempt 5/5)
2025-12-17 22:49:20 - shared_modules.data_collection.optimized_data_fetcher - ERROR - [FAIL] Failed to fetch SWARMSUSDT_15
2025-12-17 22:49:20 - shared_modules.data_collection.optimized_data_fetcher - WARNING - [FAIL] Rate limited for SUSDT_120 (attempt 1/5)
2025-12-17 22:49:20 - shared_modules.data_collection.optimized_data_fetcher - ERROR - [FAIL] Exception for SUSDT_120: local variable 'retry_delay' referenced before assignment (attempt 2/5)
2025-12-17 22:49:20 - shared_modules.data_collection.optimized_data_fetcher - ERROR - [FAIL] Exception for SUSDT_120: local variable 'retry_delay' referenced before assignment (attempt 3/5)
2025-12-17 22:49:20 - shared_modules.data_collection.optimized_data_fetcher - ERROR - [FAIL] Exception for SUSDT_120: local variable 'retry_delay' referenced before assignment (attempt 4/5)
2025-12-17 22:49:20 - shared_modules.data_collection.optimized_data_fetcher - ERROR - [FAIL] Exception for SUSDT_120: local variable 'retry_delay' referenced before assignment (attempt 5/5)
2025-12-17 22:49:20 - shared_modules.data_collection.optimized_data_fetcher - ERROR - [FAIL] Failed to fetch SUSDT_120
2025-12-17 22:49:20 - shared_modules.data_collection.optimized_data_fetcher - WARNING - [FAIL] Rate limited for SXTUSDT_1 (attempt 1/5)
2025-12-17 22:49:20 - shared_modules.data_collection.optimized_data_fetcher - ERROR - [FAIL] Exception for SXTUSDT_1: local variable 'retry_delay' referenced before assignment (attempt 2/5)
2025-12-17 22:49:20 - shared_modules.data_collection.optimized_data_fetcher - ERROR - [FAIL] Exception for SXTUSDT_1: local variable 'retry_delay' referenced before assignment (attempt 3/5)
2025-12-17 22:49:20 - shared_modules.data_collection.optimized_data_fetcher - ERROR - [FAIL] Exception for SXTUSDT_1: local variable 'retry_delay' referenced before assignment (attempt 4/5)
2025-12-17 22:49:20 - shared_modules.data_collection.optimized_data_fetcher - ERROR - [FAIL] Exception for SXTUSDT_1: local variable 'retry_delay' referenced before assignment (attempt 5/5)
2025-12-17 22:49:20 - shared_modules.data_collection.optimized_data_fetcher - ERROR - [FAIL] Failed to fetch SXTUSDT_1
2025-12-17 22:49:20 - shared_modules.data_collection.optimized_data_fetcher - WARNING - [FAIL] Rate limited for SUSDT_240 (attempt 1/5)
2025-12-17 22:49:20 - shared_modules.data_collection.optimized_data_fetcher - ERROR - [FAIL] Exception for SUSDT_240: local variable 'retry_delay' referenced before assignment (attempt 2/5)
2025-12-17 22:49:20 - shared_modules.data_collection.optimized_data_fetcher - ERROR - [FAIL] Exception for SUSDT_240: local variable 'retry_delay' referenced before assignment (attempt 3/5)
2025-12-17 22:49:20 - shared_modules.data_collection.optimized_data_fetcher - ERROR - [FAIL] Exception for SUSDT_240: local variable 'retry_delay' referenced before assignment (attempt 4/5)
2025-12-17 22:49:20 - shared_modules.data_collection.optimized_data_fetcher - ERROR - [FAIL] Exception for SUSDT_240: local variable 'retry_delay' referenced before assignment (attempt 5/5)
2025-12-17 22:49:20 - shared_modules.data_collection.optimized_data_fetcher - ERROR - [FAIL] Failed to fetch SUSDT_240
2025-12-17 22:49:20 - shared_modules.data_collection.optimized_data_fetcher - WARNING - [FAIL] Rate limited for SXPUSDT_120 (attempt 1/5)
2025-12-17 22:49:20 - shared_modules.data_collection.optimized_data_fetcher - ERROR - [FAIL] Exception for SXPUSDT_120: local variable 'retry_delay' referenced before assignment (attempt 2/5)
2025-12-17 22:49:20 - shared_modules.data_collection.optimized_data_fetcher - ERROR - [FAIL] Exception for SXPUSDT_120: local variable 'retry_delay' referenced before assignment (attempt 3/5)
2025-12-17 22:49:20 - shared_modules.data_collection.optimized_data_fetcher - ERROR - [FAIL] Exception for SXPUSDT_120: local variable 'retry_delay' referenced before assignment (attempt 4/5)
2025-12-17 22:49:20 - shared_modules.data_collection.optimized_data_fetcher - ERROR - [FAIL] Exception for SXPUSDT_120: local variable 'retry_delay' referenced before assignment (attempt 5/5)
2025-12-17 22:49:20 - shared_modules.data_collection.optimized_data_fetcher - ERROR - [FAIL] Failed to fetch SXPUSDT_120
2025-12-17 22:49:20 - shared_modules.data_collection.optimized_data_fetcher - WARNING - [FAIL] Rate limited for SUSHIUSDT_60 (attempt 1/5)
2025-12-17 22:49:20 - shared_modules.data_collection.optimized_data_fetcher - ERROR - [FAIL] Exception for SUSHIUSDT_60: local variable 'retry_delay' referenced before assignment (attempt 2/5)
2025-12-17 22:49:20 - shared_modules.data_collection.optimized_data_fetcher - ERROR - [FAIL] Exception for SUSHIUSDT_60: local variable 'retry_delay' referenced before assignment (attempt 3/5)
2025-12-17 22:49:20 - shared_modules.data_collection.optimized_data_fetcher - ERROR - [FAIL] Exception for SUSHIUSDT_60: local variable 'retry_delay' referenced before assignment (attempt 4/5)
2025-12-17 22:49:20 - shared_modules.data_collection.optimized_data_fetcher - ERROR - [FAIL] Exception for SUSHIUSDT_60: local variable 'retry_delay' referenced before assignment (attempt 5/5)
2025-12-17 22:49:20 - shared_modules.data_collection.optimized_data_fetcher - ERROR - [FAIL] Failed to fetch SUSHIUSDT_60
2025-12-17 22:49:20 - shared_modules.data_collection.optimized_data_fetcher - WARNING - [FAIL] Rate limited for SUSHIUSDT_5 (attempt 1/5)
2025-12-17 22:49:20 - shared_modules.data_collection.optimized_data_fetcher - ERROR - [FAIL] Exception for SUSHIUSDT_5: local variable 'retry_delay' referenced before assignment (attempt 2/5)
2025-12-17 22:49:20 - shared_modules.data_collection.optimized_data_fetcher - ERROR - [FAIL] Exception for SUSHIUSDT_5: local variable 'retry_delay' referenced before assignment (attempt 3/5)
2025-12-17 22:49:20 - shared_modules.data_collection.optimized_data_fetcher - ERROR - [FAIL] Exception for SUSHIUSDT_5: local variable 'retry_delay' referenced before assignment (attempt 4/5)
2025-12-17 22:49:20 - shared_modules.data_collection.optimized_data_fetcher - ERROR - [FAIL] Exception for SUSHIUSDT_5: local variable 'retry_delay' referenced before assignment (attempt 5/5)
2025-12-17 22:49:20 - shared_modules.data_collection.optimized_data_fetcher - ERROR - [FAIL] Failed to fetch SUSHIUSDT_5
2025-12-17 22:49:20 - shared_modules.data_collection.optimized_data_fetcher - WARNING - [FAIL] Rate limited for SXPUSDT_240 (attempt 1/5)
2025-12-17 22:49:20 - shared_modules.data_collection.optimized_data_fetcher - ERROR - [FAIL] Exception for SXPUSDT_240: local variable 'retry_delay' referenced before assignment (attempt 2/5)
2025-12-17 22:49:20 - shared_modules.data_collection.optimized_data_fetcher - ERROR - [FAIL] Exception for SXPUSDT_240: local variable 'retry_delay' referenced before assignment (attempt 3/5)
2025-12-17 22:49:20 - shared_modules.data_collection.optimized_data_fetcher - ERROR - [FAIL] Exception for SXPUSDT_240: local variable 'retry_delay' referenced before assignment (attempt 4/5)
2025-12-17 22:49:20 - shared_modules.data_collection.optimized_data_fetcher - ERROR - [FAIL] Exception for SXPUSDT_240: local variable 'retry_delay' referenced before assignment (attempt 5/5)
2025-12-17 22:49:20 - shared_modules.data_collection.optimized_data_fetcher - ERROR - [FAIL] Failed to fetch SXPUSDT_240
2025-12-17 22:49:20 - shared_modules.data_collection.optimized_data_fetcher - WARNING - [FAIL] Rate limited for SXTUSDT_60 (attempt 1/5)
2025-12-17 22:49:20 - shared_modules.data_collection.optimized_data_fetcher - ERROR - [FAIL] Exception for SXTUSDT_60: local variable 'retry_delay' referenced before assignment (attempt 2/5)
2025-12-17 22:49:20 - shared_modules.data_collection.optimized_data_fetcher - ERROR - [FAIL] Exception for SXTUSDT_60: local variable 'retry_delay' referenced before assignment (attempt 3/5)
2025-12-17 22:49:20 - shared_modules.data_collection.optimized_data_fetcher - ERROR - [FAIL] Exception for SXTUSDT_60: local variable 'retry_delay' referenced before assignment (attempt 4/5)
2025-12-17 22:49:20 - shared_modules.data_collection.optimized_data_fetcher - ERROR - [FAIL] Exception for SXTUSDT_60: local variable 'retry_delay' referenced before assignment (attempt 5/5)
2025-12-17 22:49:20 - shared_modules.data_collection.optimized_data_fetcher - ERROR - [FAIL] Failed to fetch SXTUSDT_60
2025-12-17 22:49:20 - shared_modules.data_collection.optimized_data_fetcher - WARNING - [FAIL] Rate limited for SYNUSDT_1 (attempt 1/5)
2025-12-17 22:49:20 - shared_modules.data_collection.optimized_data_fetcher - ERROR - [FAIL] Exception for SYNUSDT_1: local variable 'retry_delay' referenced before assignment (attempt 2/5)
2025-12-17 22:49:20 - shared_modules.data_collection.optimized_data_fetcher - ERROR - [FAIL] Exception for SYNUSDT_1: local variable 'retry_delay' referenced before assignment (attempt 3/5)
2025-12-17 22:49:20 - shared_modules.data_collection.optimized_data_fetcher - ERROR - [FAIL] Exception for SYNUSDT_1: local variable 'retry_delay' referenced before assignment (attempt 4/5)
2025-12-17 22:49:20 - shared_modules.data_collection.optimized_data_fetcher - ERROR - [FAIL] Exception for SYNUSDT_1: local variable 'retry_delay' referenced before assignment (attempt 5/5)
2025-12-17 22:49:20 - shared_modules.data_collection.optimized_data_fetcher - ERROR - [FAIL] Failed to fetch SYNUSDT_1
2025-12-17 22:49:20 - shared_modules.data_collection.optimized_data_fetcher - WARNING - [FAIL] Rate limited for SOPHUSDT_1 (attempt 1/5)
2025-12-17 22:49:20 - shared_modules.data_collection.optimized_data_fetcher - ERROR - [FAIL] Exception for SOPHUSDT_1: local variable 'retry_delay' referenced before assignment (attempt 2/5)
2025-12-17 22:49:20 - shared_modules.data_collection.optimized_data_fetcher - ERROR - [FAIL] Exception for SOPHUSDT_1: local variable 'retry_delay' referenced before assignment (attempt 3/5)
2025-12-17 22:49:20 - shared_modules.data_collection.optimized_data_fetcher - ERROR - [FAIL] Exception for SOPHUSDT_1: local variable 'retry_delay' referenced before assignment (attempt 4/5)
2025-12-17 22:49:20 - shared_modules.data_collection.optimized_data_fetcher - ERROR - [FAIL] Exception for SOPHUSDT_1: local variable 'retry_delay' referenced before assignment (attempt 5/5)
2025-12-17 22:49:20 - shared_modules.data_collection.optimized_data_fetcher - ERROR - [FAIL] Failed to fetch SOPHUSDT_1
2025-12-17 22:49:20 - shared_modules.data_collection.optimized_data_fetcher - WARNING - [FAIL] Rate limited for SUIUSDT_120 (attempt 1/5)
2025-12-17 22:49:20 - shared_modules.data_collection.optimized_data_fetcher - ERROR - [FAIL] Exception for SUIUSDT_120: local variable 'retry_delay' referenced before assignment (attempt 2/5)
2025-12-17 22:49:20 - shared_modules.data_collection.optimized_data_fetcher - ERROR - [FAIL] Exception for SUIUSDT_120: local variable 'retry_delay' referenced before assignment (attempt 3/5)
2025-12-17 22:49:20 - shared_modules.data_collection.optimized_data_fetcher - ERROR - [FAIL] Exception for SUIUSDT_120: local variable 'retry_delay' referenced before assignment (attempt 4/5)
2025-12-17 22:49:20 - shared_modules.data_collection.optimized_data_fetcher - ERROR - [FAIL] Exception for SUIUSDT_120: local variable 'retry_delay' referenced before assignment (attempt 5/5)
2025-12-17 22:49:20 - shared_modules.data_collection.optimized_data_fetcher - ERROR - [FAIL] Failed to fetch SUIUSDT_120
