2025-12-18 04:35:48 - shared_modules.data_collection.optimized_data_fetcher - WARNING - [FAIL] Rate limited for EPTUSDT_60 (attempt 1/5)
2025-12-18 04:35:48 - shared_modules.data_collection.optimized_data_fetcher - ERROR - [FAIL] Exception for EPTUSDT_60: local variable 'retry_delay' referenced before assignment (attempt 2/5)
2025-12-18 04:35:48 - shared_modules.data_collection.optimized_data_fetcher - ERROR - [FAIL] Exception for EPTUSDT_60: local variable 'retry_delay' referenced before assignment (attempt 3/5)
2025-12-18 04:35:48 - shared_modules.data_collection.optimized_data_fetcher - ERROR - [FAIL] Exception for EPTUSDT_60: local variable 'retry_delay' referenced before assignment (attempt 4/5)
2025-12-18 04:35:48 - shared_modules.data_collection.optimized_data_fetcher - ERROR - [FAIL] Exception for EPTUSDT_60: local variable 'retry_delay' referenced before assignment (attempt 5/5)
2025-12-18 04:35:48 - shared_modules.data_collection.optimized_data_fetcher - ERROR - [FAIL] Failed to fetch EPTUSDT_60
2025-12-18 04:35:48 - shared_modules.data_collection.optimized_data_fetcher - WARNING - [FAIL] Rate limited for ESUSDT_60 (attempt 1/5)
2025-12-18 04:35:48 - shared_modules.data_collection.optimized_data_fetcher - ERROR - [FAIL] Exception for ESUSDT_60: local variable 'retry_delay' referenced before assignment (attempt 2/5)
2025-12-18 04:35:48 - shared_modules.data_collection.optimized_data_fetcher - ERROR - [FAIL] Exception for ESUSDT_60: local variable 'retry_delay' referenced before assignment (attempt 3/5)
2025-12-18 04:35:48 - shared_modules.data_collection.optimized_data_fetcher - ERROR - [FAIL] Exception for ESUSDT_60: local variable 'retry_delay' referenced before assignment (attempt 4/5)
2025-12-18 04:35:48 - shared_modules.data_collection.optimized_data_fetcher - ERROR - [FAIL] Exception for ESUSDT_60: local variable 'retry_delay' referenced before assignment (attempt 5/5)
2025-12-18 04:35:48 - shared_modules.data_collection.optimized_data_fetcher - ERROR - [FAIL] Failed to fetch ESUSDT_60
2025-12-18 04:35:49 - shared_modules.data_collection.optimized_data_fetcher - WARNING - [FAIL] Rate limited for ETHFIUSDT_15 (attempt 1/5)
2025-12-18 04:35:49 - shared_modules.data_collection.optimized_data_fetcher - ERROR - [FAIL] Exception for ETHFIUSDT_15: local variable 'retry_delay' referenced before assignment (attempt 2/5)
2025-12-18 04:35:49 - shared_modules.data_collection.optimized_data_fetcher - ERROR - [FAIL] Exception for ETHFIUSDT_15: local variable 'retry_delay' referenced before assignment (attempt 3/5)
2025-12-18 04:35:49 - shared_modules.data_collection.optimized_data_fetcher - ERROR - [FAIL] Exception for ETHFIUSDT_15: local variable 'retry_delay' referenced before assignment (attempt 4/5)
2025-12-18 04:35:49 - shared_modules.data_collection.optimized_data_fetcher - ERROR - [FAIL] Exception for ETHFIUSDT_15: local variable 'retry_delay' referenced before assignment (attempt 5/5)
2025-12-18 04:35:49 - shared_modules.data_collection.optimized_data_fetcher - ERROR - [FAIL] Failed to fetch ETHFIUSDT_15
2025-12-18 04:35:49 - shared_modules.data_collection.optimized_data_fetcher - WARNING - [FAIL] Rate limited for FFUSDT_15 (attempt 1/5)
2025-12-18 04:35:49 - shared_modules.data_collection.optimized_data_fetcher - ERROR - [FAIL] Exception for FFUSDT_15: local variable 'retry_delay' referenced before assignment (attempt 2/5)
2025-12-18 04:35:49 - shared_modules.data_collection.optimized_data_fetcher - ERROR - [FAIL] Exception for FFUSDT_15: local variable 'retry_delay' referenced before assignment (attempt 3/5)
2025-12-18 04:35:49 - shared_modules.data_collection.optimized_data_fetcher - ERROR - [FAIL] Exception for FFUSDT_15: local variable 'retry_delay' referenced before assignment (attempt 4/5)
2025-12-18 04:35:49 - shared_modules.data_collection.optimized_data_fetcher - ERROR - [FAIL] Exception for FFUSDT_15: local variable 'retry_delay' referenced before assignment (attempt 5/5)
2025-12-18 04:35:49 - shared_modules.data_collection.optimized_data_fetcher - ERROR - [FAIL] Failed to fetch FFUSDT_15
2025-12-18 04:35:53 - shared_modules.data_collection.optimized_data_fetcher - WARNING - [FAIL] Rate limited for PUNDIXUSDT_15 (attempt 1/5)
2025-12-18 04:35:53 - shared_modules.data_collection.optimized_data_fetcher - ERROR - [FAIL] Exception for PUNDIXUSDT_15: local variable 'retry_delay' referenced before assignment (attempt 2/5)
2025-12-18 04:35:53 - shared_modules.data_collection.optimized_data_fetcher - ERROR - [FAIL] Exception for PUNDIXUSDT_15: local variable 'retry_delay' referenced before assignment (attempt 3/5)
2025-12-18 04:35:53 - shared_modules.data_collection.optimized_data_fetcher - ERROR - [FAIL] Exception for PUNDIXUSDT_15: local variable 'retry_delay' referenced before assignment (attempt 4/5)
2025-12-18 04:35:53 - shared_modules.data_collection.optimized_data_fetcher - ERROR - [FAIL] Exception for PUNDIXUSDT_15: local variable 'retry_delay' referenced before assignment (attempt 5/5)
2025-12-18 04:35:53 - shared_modules.data_collection.optimized_data_fetcher - ERROR - [FAIL] Failed to fetch PUNDIXUSDT_15
2025-12-18 04:35:53 - shared_modules.data_collection.optimized_data_fetcher - WARNING - [FAIL] Rate limited for QTUMUSDT_120 (attempt 1/5)
2025-12-18 04:35:53 - shared_modules.data_collection.optimized_data_fetcher - ERROR - [FAIL] Exception for QTUMUSDT_120: local variable 'retry_delay' referenced before assignment (attempt 2/5)
2025-12-18 04:35:53 - shared_modules.data_collection.optimized_data_fetcher - ERROR - [FAIL] Exception for QTUMUSDT_120: local variable 'retry_delay' referenced before assignment (attempt 3/5)
2025-12-18 04:35:53 - shared_modules.data_collection.optimized_data_fetcher - ERROR - [FAIL] Exception for QTUMUSDT_120: local variable 'retry_delay' referenced before assignment (attempt 4/5)
2025-12-18 04:35:53 - shared_modules.data_collection.optimized_data_fetcher - ERROR - [FAIL] Exception for QTUMUSDT_120: local variable 'retry_delay' referenced before assignment (attempt 5/5)
2025-12-18 04:35:53 - shared_modules.data_collection.optimized_data_fetcher - ERROR - [FAIL] Failed to fetch QTUMUSDT_120
2025-12-18 04:35:53 - shared_modules.data_collection.optimized_data_fetcher - WARNING - [FAIL] Rate limited for RSRUSDT_60 (attempt 1/5)
2025-12-18 04:35:53 - shared_modules.data_collection.optimized_data_fetcher - ERROR - [FAIL] Exception for RSRUSDT_60: local variable 'retry_delay' referenced before assignment (attempt 2/5)
2025-12-18 04:35:53 - shared_modules.data_collection.optimized_data_fetcher - ERROR - [FAIL] Exception for RSRUSDT_60: local variable 'retry_delay' referenced before assignment (attempt 3/5)
2025-12-18 04:35:53 - shared_modules.data_collection.optimized_data_fetcher - ERROR - [FAIL] Exception for RSRUSDT_60: local variable 'retry_delay' referenced before assignment (attempt 4/5)
2025-12-18 04:35:53 - shared_modules.data_collection.optimized_data_fetcher - ERROR - [FAIL] Exception for RSRUSDT_60: local variable 'retry_delay' referenced before assignment (attempt 5/5)
2025-12-18 04:35:53 - shared_modules.data_collection.optimized_data_fetcher - ERROR - [FAIL] Failed to fetch RSRUSDT_60
2025-12-18 04:35:53 - shared_modules.data_collection.optimized_data_fetcher - WARNING - [FAIL] Rate limited for RSRUSDT_15 (attempt 1/5)
2025-12-18 04:35:53 - shared_modules.data_collection.optimized_data_fetcher - ERROR - [FAIL] Exception for RSRUSDT_15: local variable 'retry_delay' referenced before assignment (attempt 2/5)
2025-12-18 04:35:53 - shared_modules.data_collection.optimized_data_fetcher - ERROR - [FAIL] Exception for RSRUSDT_15: local variable 'retry_delay' referenced before assignment (attempt 3/5)
2025-12-18 04:35:53 - shared_modules.data_collection.optimized_data_fetcher - ERROR - [FAIL] Exception for RSRUSDT_15: local variable 'retry_delay' referenced before assignment (attempt 4/5)
2025-12-18 04:35:53 - shared_modules.data_collection.optimized_data_fetcher - ERROR - [FAIL] Exception for RSRUSDT_15: local variable 'retry_delay' referenced before assignment (attempt 5/5)
2025-12-18 04:35:53 - shared_modules.data_collection.optimized_data_fetcher - ERROR - [FAIL] Failed to fetch RSRUSDT_15
2025-12-18 04:35:53 - shared_modules.data_collection.optimized_data_fetcher - WARNING - [FAIL] Rate limited for RUNEUSDT_60 (attempt 1/5)
2025-12-18 04:35:53 - shared_modules.data_collection.optimized_data_fetcher - ERROR - [FAIL] Exception for RUNEUSDT_60: local variable 'retry_delay' referenced before assignment (attempt 2/5)
2025-12-18 04:35:53 - shared_modules.data_collection.optimized_data_fetcher - ERROR - [FAIL] Exception for RUNEUSDT_60: local variable 'retry_delay' referenced before assignment (attempt 3/5)
2025-12-18 04:35:53 - shared_modules.data_collection.optimized_data_fetcher - ERROR - [FAIL] Exception for RUNEUSDT_60: local variable 'retry_delay' referenced before assignment (attempt 4/5)
2025-12-18 04:35:53 - shared_modules.data_collection.optimized_data_fetcher - ERROR - [FAIL] Exception for RUNEUSDT_60: local variable 'retry_delay' referenced before assignment (attempt 5/5)
2025-12-18 04:35:53 - shared_modules.data_collection.optimized_data_fetcher - ERROR - [FAIL] Failed to fetch RUNEUSDT_60
2025-12-18 04:35:53 - shared_modules.data_collection.optimized_data_fetcher - WARNING - [FAIL] Rate limited for RUNEUSDT_120 (attempt 1/5)
2025-12-18 04:35:53 - shared_modules.data_collection.optimized_data_fetcher - ERROR - [FAIL] Exception for RUNEUSDT_120: local variable 'retry_delay' referenced before assignment (attempt 2/5)
2025-12-18 04:35:53 - shared_modules.data_collection.optimized_data_fetcher - ERROR - [FAIL] Exception for RUNEUSDT_120: local variable 'retry_delay' referenced before assignment (attempt 3/5)
2025-12-18 04:35:53 - shared_modules.data_collection.optimized_data_fetcher - ERROR - [FAIL] Exception for RUNEUSDT_120: local variable 'retry_delay' referenced before assignment (attempt 4/5)
2025-12-18 04:35:53 - shared_modules.data_collection.optimized_data_fetcher - ERROR - [FAIL] Exception for RUNEUSDT_120: local variable 'retry_delay' referenced before assignment (attempt 5/5)
2025-12-18 04:35:53 - shared_modules.data_collection.optimized_data_fetcher - ERROR - [FAIL] Failed to fetch RUNEUSDT_120
2025-12-18 04:35:53 - shared_modules.data_collection.optimized_data_fetcher - WARNING - [FAIL] Rate limited for SAHARAUSDT_5 (attempt 1/5)
2025-12-18 04:35:53 - shared_modules.data_collection.optimized_data_fetcher - ERROR - [FAIL] Exception for SAHARAUSDT_5: local variable 'retry_delay' referenced before assignment (attempt 2/5)
2025-12-18 04:35:53 - shared_modules.data_collection.optimized_data_fetcher - ERROR - [FAIL] Exception for SAHARAUSDT_5: local variable 'retry_delay' referenced before assignment (attempt 3/5)
2025-12-18 04:35:53 - shared_modules.data_collection.optimized_data_fetcher - ERROR - [FAIL] Exception for SAHARAUSDT_5: local variable 'retry_delay' referenced before assignment (attempt 4/5)
2025-12-18 04:35:53 - shared_modules.data_collection.optimized_data_fetcher - ERROR - [FAIL] Exception for SAHARAUSDT_5: local variable 'retry_delay' referenced before assignment (attempt 5/5)
2025-12-18 04:35:53 - shared_modules.data_collection.optimized_data_fetcher - ERROR - [FAIL] Failed to fetch SAHARAUSDT_5
2025-12-18 04:35:54 - shared_modules.data_collection.optimized_data_fetcher - WARNING - [FAIL] Rate limited for SAFEUSDT_120 (attempt 1/5)
2025-12-18 04:35:54 - shared_modules.data_collection.optimized_data_fetcher - ERROR - [FAIL] Exception for SAFEUSDT_120: local variable 'retry_delay' referenced before assignment (attempt 2/5)
2025-12-18 04:35:54 - shared_modules.data_collection.optimized_data_fetcher - ERROR - [FAIL] Exception for SAFEUSDT_120: local variable 'retry_delay' referenced before assignment (attempt 3/5)
2025-12-18 04:35:54 - shared_modules.data_collection.optimized_data_fetcher - ERROR - [FAIL] Exception for SAFEUSDT_120: local variable 'retry_delay' referenced before assignment (attempt 4/5)
2025-12-18 04:35:54 - shared_modules.data_collection.optimized_data_fetcher - ERROR - [FAIL] Exception for SAFEUSDT_120: local variable 'retry_delay' referenced before assignment (attempt 5/5)
2025-12-18 04:35:54 - shared_modules.data_collection.optimized_data_fetcher - ERROR - [FAIL] Failed to fetch SAFEUSDT_120
2025-12-18 04:35:54 - shared_modules.data_collection.optimized_data_fetcher - WARNING - [FAIL] Rate limited for RENDERUSDT_60 (attempt 1/5)
2025-12-18 04:35:54 - shared_modules.data_collection.optimized_data_fetcher - ERROR - [FAIL] Exception for RENDERUSDT_60: local variable 'retry_delay' referenced before assignment (attempt 2/5)
2025-12-18 04:35:54 - shared_modules.data_collection.optimized_data_fetcher - ERROR - [FAIL] Exception for RENDERUSDT_60: local variable 'retry_delay' referenced before assignment (attempt 3/5)
2025-12-18 04:35:54 - shared_modules.data_collection.optimized_data_fetcher - ERROR - [FAIL] Exception for RENDERUSDT_60: local variable 'retry_delay' referenced before assignment (attempt 4/5)
2025-12-18 04:35:54 - shared_modules.data_collection.optimized_data_fetcher - ERROR - [FAIL] Exception for RENDERUSDT_60: local variable 'retry_delay' referenced before assignment (attempt 5/5)
2025-12-18 04:35:54 - shared_modules.data_collection.optimized_data_fetcher - ERROR - [FAIL] Failed to fetch RENDERUSDT_60
2025-12-18 04:35:54 - shared_modules.data_collection.optimized_data_fetcher - WARNING - [FAIL] Rate limited for SFPUSDT_240 (attempt 1/5)
2025-12-18 04:35:54 - shared_modules.data_collection.optimized_data_fetcher - ERROR - [FAIL] Exception for SFPUSDT_240: local variable 'retry_delay' referenced before assignment (attempt 2/5)
2025-12-18 04:35:54 - shared_modules.data_collection.optimized_data_fetcher - ERROR - [FAIL] Exception for SFPUSDT_240: local variable 'retry_delay' referenced before assignment (attempt 3/5)
2025-12-18 04:35:54 - shared_modules.data_collection.optimized_data_fetcher - ERROR - [FAIL] Exception for SFPUSDT_240: local variable 'retry_delay' referenced before assignment (attempt 4/5)
2025-12-18 04:35:54 - shared_modules.data_collection.optimized_data_fetcher - ERROR - [FAIL] Exception for SFPUSDT_240: local variable 'retry_delay' referenced before assignment (attempt 5/5)
2025-12-18 04:35:54 - shared_modules.data_collection.optimized_data_fetcher - ERROR - [FAIL] Failed to fetch SFPUSDT_240
2025-12-18 04:35:54 - shared_modules.data_collection.optimized_data_fetcher - WARNING - [FAIL] Rate limited for SDUSDT_5 (attempt 1/5)
2025-12-18 04:35:54 - shared_modules.data_collection.optimized_data_fetcher - ERROR - [FAIL] Exception for SDUSDT_5: local variable 'retry_delay' referenced before assignment (attempt 2/5)
2025-12-18 04:35:54 - shared_modules.data_collection.optimized_data_fetcher - ERROR - [FAIL] Exception for SDUSDT_5: local variable 'retry_delay' referenced before assignment (attempt 3/5)
2025-12-18 04:35:54 - shared_modules.data_collection.optimized_data_fetcher - ERROR - [FAIL] Exception for SDUSDT_5: local variable 'retry_delay' referenced before assignment (attempt 4/5)
2025-12-18 04:35:54 - shared_modules.data_collection.optimized_data_fetcher - ERROR - [FAIL] Exception for SDUSDT_5: local variable 'retry_delay' referenced before assignment (attempt 5/5)
2025-12-18 04:35:54 - shared_modules.data_collection.optimized_data_fetcher - ERROR - [FAIL] Failed to fetch SDUSDT_5
2025-12-18 04:35:54 - shared_modules.data_collection.optimized_data_fetcher - WARNING - [FAIL] Rate limited for SCUSDT_60 (attempt 1/5)
2025-12-18 04:35:54 - shared_modules.data_collection.optimized_data_fetcher - ERROR - [FAIL] Exception for SCUSDT_60: local variable 'retry_delay' referenced before assignment (attempt 2/5)
2025-12-18 04:35:54 - shared_modules.data_collection.optimized_data_fetcher - ERROR - [FAIL] Exception for SCUSDT_60: local variable 'retry_delay' referenced before assignment (attempt 3/5)
2025-12-18 04:35:54 - shared_modules.data_collection.optimized_data_fetcher - ERROR - [FAIL] Exception for SCUSDT_60: local variable 'retry_delay' referenced before assignment (attempt 4/5)
2025-12-18 04:35:54 - shared_modules.data_collection.optimized_data_fetcher - ERROR - [FAIL] Exception for SCUSDT_60: local variable 'retry_delay' referenced before assignment (attempt 5/5)
2025-12-18 04:35:54 - shared_modules.data_collection.optimized_data_fetcher - ERROR - [FAIL] Failed to fetch SCUSDT_60
2025-12-18 04:35:54 - shared_modules.data_collection.optimized_data_fetcher - WARNING - [FAIL] Rate limited for SCUSDT_15 (attempt 1/5)
2025-12-18 04:35:54 - shared_modules.data_collection.optimized_data_fetcher - ERROR - [FAIL] Exception for SCUSDT_15: local variable 'retry_delay' referenced before assignment (attempt 2/5)
2025-12-18 04:35:54 - shared_modules.data_collection.optimized_data_fetcher - ERROR - [FAIL] Exception for SCUSDT_15: local variable 'retry_delay' referenced before assignment (attempt 3/5)
2025-12-18 04:35:54 - shared_modules.data_collection.optimized_data_fetcher - ERROR - [FAIL] Exception for SCUSDT_15: local variable 'retry_delay' referenced before assignment (attempt 4/5)
2025-12-18 04:35:54 - shared_modules.data_collection.optimized_data_fetcher - ERROR - [FAIL] Exception for SCUSDT_15: local variable 'retry_delay' referenced before assignment (attempt 5/5)
2025-12-18 04:35:54 - shared_modules.data_collection.optimized_data_fetcher - ERROR - [FAIL] Failed to fetch SCUSDT_15
2025-12-18 04:35:54 - shared_modules.data_collection.optimized_data_fetcher - WARNING - [FAIL] Rate limited for RSRUSDT_120 (attempt 1/5)
2025-12-18 04:35:54 - shared_modules.data_collection.optimized_data_fetcher - ERROR - [FAIL] Exception for RSRUSDT_120: local variable 'retry_delay' referenced before assignment (attempt 2/5)
2025-12-18 04:35:54 - shared_modules.data_collection.optimized_data_fetcher - ERROR - [FAIL] Exception for RSRUSDT_120: local variable 'retry_delay' referenced before assignment (attempt 3/5)
2025-12-18 04:35:54 - shared_modules.data_collection.optimized_data_fetcher - ERROR - [FAIL] Exception for RSRUSDT_120: local variable 'retry_delay' referenced before assignment (attempt 4/5)
2025-12-18 04:35:54 - shared_modules.data_collection.optimized_data_fetcher - ERROR - [FAIL] Exception for RSRUSDT_120: local variable 'retry_delay' referenced before assignment (attempt 5/5)
2025-12-18 04:35:54 - shared_modules.data_collection.optimized_data_fetcher - ERROR - [FAIL] Failed to fetch RSRUSDT_120
2025-12-18 04:35:54 - shared_modules.data_collection.optimized_data_fetcher - WARNING - [FAIL] Rate limited for SHIB1000USDT_1 (attempt 1/5)
2025-12-18 04:35:54 - shared_modules.data_collection.optimized_data_fetcher - ERROR - [FAIL] Exception for SHIB1000USDT_1: local variable 'retry_delay' referenced before assignment (attempt 2/5)
2025-12-18 04:35:54 - shared_modules.data_collection.optimized_data_fetcher - ERROR - [FAIL] Exception for SHIB1000USDT_1: local variable 'retry_delay' referenced before assignment (attempt 3/5)
2025-12-18 04:35:54 - shared_modules.data_collection.optimized_data_fetcher - ERROR - [FAIL] Exception for SHIB1000USDT_1: local variable 'retry_delay' referenced before assignment (attempt 4/5)
2025-12-18 04:35:54 - shared_modules.data_collection.optimized_data_fetcher - ERROR - [FAIL] Exception for SHIB1000USDT_1: local variable 'retry_delay' referenced before assignment (attempt 5/5)
2025-12-18 04:35:54 - shared_modules.data_collection.optimized_data_fetcher - ERROR - [FAIL] Failed to fetch SHIB1000USDT_1
2025-12-18 04:35:54 - shared_modules.data_collection.optimized_data_fetcher - WARNING - [FAIL] Rate limited for SKLUSDT_5 (attempt 1/5)
2025-12-18 04:35:54 - shared_modules.data_collection.optimized_data_fetcher - ERROR - [FAIL] Exception for SKLUSDT_5: local variable 'retry_delay' referenced before assignment (attempt 2/5)
2025-12-18 04:35:54 - shared_modules.data_collection.optimized_data_fetcher - ERROR - [FAIL] Exception for SKLUSDT_5: local variable 'retry_delay' referenced before assignment (attempt 3/5)
2025-12-18 04:35:54 - shared_modules.data_collection.optimized_data_fetcher - ERROR - [FAIL] Exception for SKLUSDT_5: local variable 'retry_delay' referenced before assignment (attempt 4/5)
2025-12-18 04:35:54 - shared_modules.data_collection.optimized_data_fetcher - ERROR - [FAIL] Exception for SKLUSDT_5: local variable 'retry_delay' referenced before assignment (attempt 5/5)
2025-12-18 04:35:54 - shared_modules.data_collection.optimized_data_fetcher - ERROR - [FAIL] Failed to fetch SKLUSDT_5
2025-12-18 04:35:54 - shared_modules.data_collection.optimized_data_fetcher - WARNING - [FAIL] Rate limited for SNTUSDT_1 (attempt 1/5)
2025-12-18 04:35:54 - shared_modules.data_collection.optimized_data_fetcher - ERROR - [FAIL] Exception for SNTUSDT_1: local variable 'retry_delay' referenced before assignment (attempt 2/5)
2025-12-18 04:35:54 - shared_modules.data_collection.optimized_data_fetcher - ERROR - [FAIL] Exception for SNTUSDT_1: local variable 'retry_delay' referenced before assignment (attempt 3/5)
2025-12-18 04:35:54 - shared_modules.data_collection.optimized_data_fetcher - ERROR - [FAIL] Exception for SNTUSDT_1: local variable 'retry_delay' referenced before assignment (attempt 4/5)
2025-12-18 04:35:54 - shared_modules.data_collection.optimized_data_fetcher - ERROR - [FAIL] Exception for SNTUSDT_1: local variable 'retry_delay' referenced before assignment (attempt 5/5)
2025-12-18 04:35:54 - shared_modules.data_collection.optimized_data_fetcher - ERROR - [FAIL] Failed to fetch SNTUSDT_1
2025-12-18 04:35:54 - shared_modules.data_collection.optimized_data_fetcher - WARNING - [FAIL] Rate limited for SHIB1000USDT_60 (attempt 1/5)
2025-12-18 04:35:54 - shared_modules.data_collection.optimized_data_fetcher - ERROR - [FAIL] Exception for SHIB1000USDT_60: local variable 'retry_delay' referenced before assignment (attempt 2/5)
2025-12-18 04:35:54 - shared_modules.data_collection.optimized_data_fetcher - ERROR - [FAIL] Exception for SHIB1000USDT_60: local variable 'retry_delay' referenced before assignment (attempt 3/5)
2025-12-18 04:35:54 - shared_modules.data_collection.optimized_data_fetcher - ERROR - [FAIL] Exception for SHIB1000USDT_60: local variable 'retry_delay' referenced before assignment (attempt 4/5)
2025-12-18 04:35:54 - shared_modules.data_collection.optimized_data_fetcher - ERROR - [FAIL] Exception for SHIB1000USDT_60: local variable 'retry_delay' referenced before assignment (attempt 5/5)
2025-12-18 04:35:54 - shared_modules.data_collection.optimized_data_fetcher - ERROR - [FAIL] Failed to fetch SHIB1000USDT_60
2025-12-18 04:35:54 - shared_modules.data_collection.optimized_data_fetcher - WARNING - [FAIL] Rate limited for SKLUSDT_1 (attempt 1/5)
2025-12-18 04:35:54 - shared_modules.data_collection.optimized_data_fetcher - ERROR - [FAIL] Exception for SKLUSDT_1: local variable 'retry_delay' referenced before assignment (attempt 2/5)
2025-12-18 04:35:54 - shared_modules.data_collection.optimized_data_fetcher - ERROR - [FAIL] Exception for SKLUSDT_1: local variable 'retry_delay' referenced before assignment (attempt 3/5)
2025-12-18 04:35:54 - shared_modules.data_collection.optimized_data_fetcher - ERROR - [FAIL] Exception for SKLUSDT_1: local variable 'retry_delay' referenced before assignment (attempt 4/5)
2025-12-18 04:35:54 - shared_modules.data_collection.optimized_data_fetcher - ERROR - [FAIL] Exception for SKLUSDT_1: local variable 'retry_delay' referenced before assignment (attempt 5/5)
2025-12-18 04:35:54 - shared_modules.data_collection.optimized_data_fetcher - ERROR - [FAIL] Failed to fetch SKLUSDT_1
2025-12-18 04:35:54 - shared_modules.data_collection.optimized_data_fetcher - WARNING - [FAIL] Rate limited for SKYUSDT_15 (attempt 1/5)
2025-12-18 04:35:54 - shared_modules.data_collection.optimized_data_fetcher - ERROR - [FAIL] Exception for SKYUSDT_15: local variable 'retry_delay' referenced before assignment (attempt 2/5)
2025-12-18 04:35:54 - shared_modules.data_collection.optimized_data_fetcher - ERROR - [FAIL] Exception for SKYUSDT_15: local variable 'retry_delay' referenced before assignment (attempt 3/5)
2025-12-18 04:35:54 - shared_modules.data_collection.optimized_data_fetcher - ERROR - [FAIL] Exception for SKYUSDT_15: local variable 'retry_delay' referenced before assignment (attempt 4/5)
2025-12-18 04:35:54 - shared_modules.data_collection.optimized_data_fetcher - ERROR - [FAIL] Exception for SKYUSDT_15: local variable 'retry_delay' referenced before assignment (attempt 5/5)
2025-12-18 04:35:54 - shared_modules.data_collection.optimized_data_fetcher - ERROR - [FAIL] Failed to fetch SKYUSDT_15
2025-12-18 04:35:54 - shared_modules.data_collection.optimized_data_fetcher - WARNING - [FAIL] Rate limited for SKYUSDT_60 (attempt 1/5)
2025-12-18 04:35:54 - shared_modules.data_collection.optimized_data_fetcher - ERROR - [FAIL] Exception for SKYUSDT_60: local variable 'retry_delay' referenced before assignment (attempt 2/5)
2025-12-18 04:35:54 - shared_modules.data_collection.optimized_data_fetcher - ERROR - [FAIL] Exception for SKYUSDT_60: local variable 'retry_delay' referenced before assignment (attempt 3/5)
2025-12-18 04:35:54 - shared_modules.data_collection.optimized_data_fetcher - ERROR - [FAIL] Exception for SKYUSDT_60: local variable 'retry_delay' referenced before assignment (attempt 4/5)
2025-12-18 04:35:54 - shared_modules.data_collection.optimized_data_fetcher - ERROR - [FAIL] Exception for SKYUSDT_60: local variable 'retry_delay' referenced before assignment (attempt 5/5)
2025-12-18 04:35:54 - shared_modules.data_collection.optimized_data_fetcher - ERROR - [FAIL] Failed to fetch SKYUSDT_60
2025-12-18 04:35:54 - shared_modules.data_collection.optimized_data_fetcher - WARNING - [FAIL] Rate limited for SKYUSDT_240 (attempt 1/5)
2025-12-18 04:35:54 - shared_modules.data_collection.optimized_data_fetcher - ERROR - [FAIL] Exception for SKYUSDT_240: local variable 'retry_delay' referenced before assignment (attempt 2/5)
2025-12-18 04:35:54 - shared_modules.data_collection.optimized_data_fetcher - ERROR - [FAIL] Exception for SKYUSDT_240: local variable 'retry_delay' referenced before assignment (attempt 3/5)
2025-12-18 04:35:54 - shared_modules.data_collection.optimized_data_fetcher - ERROR - [FAIL] Exception for SKYUSDT_240: local variable 'retry_delay' referenced before assignment (attempt 4/5)
2025-12-18 04:35:54 - shared_modules.data_collection.optimized_data_fetcher - ERROR - [FAIL] Exception for SKYUSDT_240: local variable 'retry_delay' referenced before assignment (attempt 5/5)
2025-12-18 04:35:54 - shared_modules.data_collection.optimized_data_fetcher - ERROR - [FAIL] Failed to fetch SKYUSDT_240
2025-12-18 04:35:54 - shared_modules.data_collection.optimized_data_fetcher - WARNING - [FAIL] Rate limited for SIGNUSDT_240 (attempt 1/5)
2025-12-18 04:35:54 - shared_modules.data_collection.optimized_data_fetcher - ERROR - [FAIL] Exception for SIGNUSDT_240: local variable 'retry_delay' referenced before assignment (attempt 2/5)
2025-12-18 04:35:54 - shared_modules.data_collection.optimized_data_fetcher - ERROR - [FAIL] Exception for SIGNUSDT_240: local variable 'retry_delay' referenced before assignment (attempt 3/5)
2025-12-18 04:35:54 - shared_modules.data_collection.optimized_data_fetcher - ERROR - [FAIL] Exception for SIGNUSDT_240: local variable 'retry_delay' referenced before assignment (attempt 4/5)
2025-12-18 04:35:54 - shared_modules.data_collection.optimized_data_fetcher - ERROR - [FAIL] Exception for SIGNUSDT_240: local variable 'retry_delay' referenced before assignment (attempt 5/5)
2025-12-18 04:35:54 - shared_modules.data_collection.optimized_data_fetcher - ERROR - [FAIL] Failed to fetch SIGNUSDT_240
2025-12-18 04:35:54 - shared_modules.data_collection.optimized_data_fetcher - WARNING - [FAIL] Rate limited for SOLAYERUSDT_60 (attempt 1/5)
2025-12-18 04:35:54 - shared_modules.data_collection.optimized_data_fetcher - ERROR - [FAIL] Exception for SOLAYERUSDT_60: local variable 'retry_delay' referenced before assignment (attempt 2/5)
2025-12-18 04:35:54 - shared_modules.data_collection.optimized_data_fetcher - ERROR - [FAIL] Exception for SOLAYERUSDT_60: local variable 'retry_delay' referenced before assignment (attempt 3/5)
2025-12-18 04:35:54 - shared_modules.data_collection.optimized_data_fetcher - ERROR - [FAIL] Exception for SOLAYERUSDT_60: local variable 'retry_delay' referenced before assignment (attempt 4/5)
2025-12-18 04:35:54 - shared_modules.data_collection.optimized_data_fetcher - ERROR - [FAIL] Exception for SOLAYERUSDT_60: local variable 'retry_delay' referenced before assignment (attempt 5/5)
2025-12-18 04:35:54 - shared_modules.data_collection.optimized_data_fetcher - ERROR - [FAIL] Failed to fetch SOLAYERUSDT_60
2025-12-18 04:35:54 - shared_modules.data_collection.optimized_data_fetcher - WARNING - [FAIL] Rate limited for SAPIENUSDT_120 (attempt 1/5)
2025-12-18 04:35:54 - shared_modules.data_collection.optimized_data_fetcher - ERROR - [FAIL] Exception for SAPIENUSDT_120: local variable 'retry_delay' referenced before assignment (attempt 2/5)
2025-12-18 04:35:54 - shared_modules.data_collection.optimized_data_fetcher - ERROR - [FAIL] Exception for SAPIENUSDT_120: local variable 'retry_delay' referenced before assignment (attempt 3/5)
2025-12-18 04:35:54 - shared_modules.data_collection.optimized_data_fetcher - ERROR - [FAIL] Exception for SAPIENUSDT_120: local variable 'retry_delay' referenced before assignment (attempt 4/5)
2025-12-18 04:35:54 - shared_modules.data_collection.optimized_data_fetcher - ERROR - [FAIL] Exception for SAPIENUSDT_120: local variable 'retry_delay' referenced before assignment (attempt 5/5)
2025-12-18 04:35:54 - shared_modules.data_collection.optimized_data_fetcher - ERROR - [FAIL] Failed to fetch SAPIENUSDT_120
2025-12-18 04:35:54 - shared_modules.data_collection.optimized_data_fetcher - WARNING - [FAIL] Rate limited for SAROSUSDT_5 (attempt 1/5)
2025-12-18 04:35:54 - shared_modules.data_collection.optimized_data_fetcher - ERROR - [FAIL] Exception for SAROSUSDT_5: local variable 'retry_delay' referenced before assignment (attempt 2/5)
2025-12-18 04:35:54 - shared_modules.data_collection.optimized_data_fetcher - ERROR - [FAIL] Exception for SAROSUSDT_5: local variable 'retry_delay' referenced before assignment (attempt 3/5)
2025-12-18 04:35:54 - shared_modules.data_collection.optimized_data_fetcher - ERROR - [FAIL] Exception for SAROSUSDT_5: local variable 'retry_delay' referenced before assignment (attempt 4/5)
2025-12-18 04:35:54 - shared_modules.data_collection.optimized_data_fetcher - ERROR - [FAIL] Exception for SAROSUSDT_5: local variable 'retry_delay' referenced before assignment (attempt 5/5)
2025-12-18 04:35:54 - shared_modules.data_collection.optimized_data_fetcher - ERROR - [FAIL] Failed to fetch SAROSUSDT_5
2025-12-18 04:35:54 - shared_modules.data_collection.optimized_data_fetcher - WARNING - [FAIL] Rate limited for SNXUSDT_60 (attempt 1/5)
2025-12-18 04:35:54 - shared_modules.data_collection.optimized_data_fetcher - ERROR - [FAIL] Exception for SNXUSDT_60: local variable 'retry_delay' referenced before assignment (attempt 2/5)
2025-12-18 04:35:54 - shared_modules.data_collection.optimized_data_fetcher - ERROR - [FAIL] Exception for SNXUSDT_60: local variable 'retry_delay' referenced before assignment (attempt 3/5)
2025-12-18 04:35:54 - shared_modules.data_collection.optimized_data_fetcher - ERROR - [FAIL] Exception for SNXUSDT_60: local variable 'retry_delay' referenced before assignment (attempt 4/5)
2025-12-18 04:35:54 - shared_modules.data_collection.optimized_data_fetcher - ERROR - [FAIL] Exception for SNXUSDT_60: local variable 'retry_delay' referenced before assignment (attempt 5/5)
2025-12-18 04:35:54 - shared_modules.data_collection.optimized_data_fetcher - ERROR - [FAIL] Failed to fetch SNXUSDT_60
2025-12-18 04:35:54 - shared_modules.data_collection.optimized_data_fetcher - WARNING - [FAIL] Rate limited for SOLUSDT_240 (attempt 1/5)
2025-12-18 04:35:54 - shared_modules.data_collection.optimized_data_fetcher - ERROR - [FAIL] Exception for SOLUSDT_240: local variable 'retry_delay' referenced before assignment (attempt 2/5)
2025-12-18 04:35:54 - shared_modules.data_collection.optimized_data_fetcher - ERROR - [FAIL] Exception for SOLUSDT_240: local variable 'retry_delay' referenced before assignment (attempt 3/5)
2025-12-18 04:35:54 - shared_modules.data_collection.optimized_data_fetcher - ERROR - [FAIL] Exception for SOLUSDT_240: local variable 'retry_delay' referenced before assignment (attempt 4/5)
2025-12-18 04:35:54 - shared_modules.data_collection.optimized_data_fetcher - ERROR - [FAIL] Exception for SOLUSDT_240: local variable 'retry_delay' referenced before assignment (attempt 5/5)
2025-12-18 04:35:54 - shared_modules.data_collection.optimized_data_fetcher - ERROR - [FAIL] Failed to fetch SOLUSDT_240
2025-12-18 04:35:54 - shared_modules.data_collection.optimized_data_fetcher - WARNING - [FAIL] Rate limited for SOLVUSDT_5 (attempt 1/5)
2025-12-18 04:35:54 - shared_modules.data_collection.optimized_data_fetcher - ERROR - [FAIL] Exception for SOLVUSDT_5: local variable 'retry_delay' referenced before assignment (attempt 2/5)
2025-12-18 04:35:54 - shared_modules.data_collection.optimized_data_fetcher - ERROR - [FAIL] Exception for SOLVUSDT_5: local variable 'retry_delay' referenced before assignment (attempt 3/5)
2025-12-18 04:35:54 - shared_modules.data_collection.optimized_data_fetcher - ERROR - [FAIL] Exception for SOLVUSDT_5: local variable 'retry_delay' referenced before assignment (attempt 4/5)
2025-12-18 04:35:54 - shared_modules.data_collection.optimized_data_fetcher - ERROR - [FAIL] Exception for SOLVUSDT_5: local variable 'retry_delay' referenced before assignment (attempt 5/5)
2025-12-18 04:35:54 - shared_modules.data_collection.optimized_data_fetcher - ERROR - [FAIL] Failed to fetch SOLVUSDT_5
2025-12-18 04:35:55 - shared_modules.data_collection.optimized_data_fetcher - WARNING - [FAIL] Rate limited for SOLVUSDT_1 (attempt 1/5)
2025-12-18 04:35:55 - shared_modules.data_collection.optimized_data_fetcher - ERROR - [FAIL] Exception for SOLVUSDT_1: local variable 'retry_delay' referenced before assignment (attempt 2/5)
2025-12-18 04:35:55 - shared_modules.data_collection.optimized_data_fetcher - ERROR - [FAIL] Exception for SOLVUSDT_1: local variable 'retry_delay' referenced before assignment (attempt 3/5)
2025-12-18 04:35:55 - shared_modules.data_collection.optimized_data_fetcher - ERROR - [FAIL] Exception for SOLVUSDT_1: local variable 'retry_delay' referenced before assignment (attempt 4/5)
2025-12-18 04:35:55 - shared_modules.data_collection.optimized_data_fetcher - ERROR - [FAIL] Exception for SOLVUSDT_1: local variable 'retry_delay' referenced before assignment (attempt 5/5)
2025-12-18 04:35:55 - shared_modules.data_collection.optimized_data_fetcher - ERROR - [FAIL] Failed to fetch SOLVUSDT_1
2025-12-18 04:35:55 - shared_modules.data_collection.optimized_data_fetcher - WARNING - [FAIL] Rate limited for SOLUSDT_1 (attempt 1/5)
2025-12-18 04:35:55 - shared_modules.data_collection.optimized_data_fetcher - ERROR - [FAIL] Exception for SOLUSDT_1: local variable 'retry_delay' referenced before assignment (attempt 2/5)
2025-12-18 04:35:55 - shared_modules.data_collection.optimized_data_fetcher - ERROR - [FAIL] Exception for SOLUSDT_1: local variable 'retry_delay' referenced before assignment (attempt 3/5)
2025-12-18 04:35:55 - shared_modules.data_collection.optimized_data_fetcher - ERROR - [FAIL] Exception for SOLUSDT_1: local variable 'retry_delay' referenced before assignment (attempt 4/5)
2025-12-18 04:35:55 - shared_modules.data_collection.optimized_data_fetcher - ERROR - [FAIL] Exception for SOLUSDT_1: local variable 'retry_delay' referenced before assignment (attempt 5/5)
2025-12-18 04:35:55 - shared_modules.data_collection.optimized_data_fetcher - ERROR - [FAIL] Failed to fetch SOLUSDT_1
2025-12-18 04:35:55 - shared_modules.data_collection.optimized_data_fetcher - WARNING - [FAIL] Rate limited for SOLVUSDT_120 (attempt 1/5)
2025-12-18 04:35:55 - shared_modules.data_collection.optimized_data_fetcher - ERROR - [FAIL] Exception for SOLVUSDT_120: local variable 'retry_delay' referenced before assignment (attempt 2/5)
2025-12-18 04:35:55 - shared_modules.data_collection.optimized_data_fetcher - ERROR - [FAIL] Exception for SOLVUSDT_120: local variable 'retry_delay' referenced before assignment (attempt 3/5)
2025-12-18 04:35:55 - shared_modules.data_collection.optimized_data_fetcher - ERROR - [FAIL] Exception for SOLVUSDT_120: local variable 'retry_delay' referenced before assignment (attempt 4/5)
2025-12-18 04:35:55 - shared_modules.data_collection.optimized_data_fetcher - ERROR - [FAIL] Exception for SOLVUSDT_120: local variable 'retry_delay' referenced before assignment (attempt 5/5)
2025-12-18 04:35:55 - shared_modules.data_collection.optimized_data_fetcher - ERROR - [FAIL] Failed to fetch SOLVUSDT_120
2025-12-18 04:35:55 - shared_modules.data_collection.optimized_data_fetcher - WARNING - [FAIL] Rate limited for SOLAYERUSDT_240 (attempt 1/5)
2025-12-18 04:35:55 - shared_modules.data_collection.optimized_data_fetcher - ERROR - [FAIL] Exception for SOLAYERUSDT_240: local variable 'retry_delay' referenced before assignment (attempt 2/5)
2025-12-18 04:35:55 - shared_modules.data_collection.optimized_data_fetcher - ERROR - [FAIL] Exception for SOLAYERUSDT_240: local variable 'retry_delay' referenced before assignment (attempt 3/5)
2025-12-18 04:35:55 - shared_modules.data_collection.optimized_data_fetcher - ERROR - [FAIL] Exception for SOLAYERUSDT_240: local variable 'retry_delay' referenced before assignment (attempt 4/5)
2025-12-18 04:35:55 - shared_modules.data_collection.optimized_data_fetcher - ERROR - [FAIL] Exception for SOLAYERUSDT_240: local variable 'retry_delay' referenced before assignment (attempt 5/5)
2025-12-18 04:35:55 - shared_modules.data_collection.optimized_data_fetcher - ERROR - [FAIL] Failed to fetch SOLAYERUSDT_240
2025-12-18 04:35:55 - shared_modules.data_collection.optimized_data_fetcher - WARNING - [FAIL] Rate limited for SOLUSDT_5 (attempt 1/5)
2025-12-18 04:35:55 - shared_modules.data_collection.optimized_data_fetcher - ERROR - [FAIL] Exception for SOLUSDT_5: local variable 'retry_delay' referenced before assignment (attempt 2/5)
2025-12-18 04:35:55 - shared_modules.data_collection.optimized_data_fetcher - ERROR - [FAIL] Exception for SOLUSDT_5: local variable 'retry_delay' referenced before assignment (attempt 3/5)
2025-12-18 04:35:55 - shared_modules.data_collection.optimized_data_fetcher - ERROR - [FAIL] Exception for SOLUSDT_5: local variable 'retry_delay' referenced before assignment (attempt 4/5)
2025-12-18 04:35:55 - shared_modules.data_collection.optimized_data_fetcher - ERROR - [FAIL] Exception for SOLUSDT_5: local variable 'retry_delay' referenced before assignment (attempt 5/5)
2025-12-18 04:35:55 - shared_modules.data_collection.optimized_data_fetcher - ERROR - [FAIL] Failed to fetch SOLUSDT_5
2025-12-18 04:35:55 - shared_modules.data_collection.optimized_data_fetcher - WARNING - [FAIL] Rate limited for SOMIUSDT_5 (attempt 1/5)
2025-12-18 04:35:55 - shared_modules.data_collection.optimized_data_fetcher - ERROR - [FAIL] Exception for SOMIUSDT_5: local variable 'retry_delay' referenced before assignment (attempt 2/5)
2025-12-18 04:35:55 - shared_modules.data_collection.optimized_data_fetcher - ERROR - [FAIL] Exception for SOMIUSDT_5: local variable 'retry_delay' referenced before assignment (attempt 3/5)
2025-12-18 04:35:55 - shared_modules.data_collection.optimized_data_fetcher - ERROR - [FAIL] Exception for SOMIUSDT_5: local variable 'retry_delay' referenced before assignment (attempt 4/5)
2025-12-18 04:35:55 - shared_modules.data_collection.optimized_data_fetcher - ERROR - [FAIL] Exception for SOMIUSDT_5: local variable 'retry_delay' referenced before assignment (attempt 5/5)
2025-12-18 04:35:55 - shared_modules.data_collection.optimized_data_fetcher - ERROR - [FAIL] Failed to fetch SOMIUSDT_5
2025-12-18 04:35:55 - shared_modules.data_collection.optimized_data_fetcher - WARNING - [FAIL] Rate limited for SONICUSDT_120 (attempt 1/5)
2025-12-18 04:35:55 - shared_modules.data_collection.optimized_data_fetcher - ERROR - [FAIL] Exception for SONICUSDT_120: local variable 'retry_delay' referenced before assignment (attempt 2/5)
2025-12-18 04:35:55 - shared_modules.data_collection.optimized_data_fetcher - ERROR - [FAIL] Exception for SONICUSDT_120: local variable 'retry_delay' referenced before assignment (attempt 3/5)
2025-12-18 04:35:55 - shared_modules.data_collection.optimized_data_fetcher - ERROR - [FAIL] Exception for SONICUSDT_120: local variable 'retry_delay' referenced before assignment (attempt 4/5)
2025-12-18 04:35:55 - shared_modules.data_collection.optimized_data_fetcher - ERROR - [FAIL] Exception for SONICUSDT_120: local variable 'retry_delay' referenced before assignment (attempt 5/5)
2025-12-18 04:35:55 - shared_modules.data_collection.optimized_data_fetcher - ERROR - [FAIL] Failed to fetch SONICUSDT_120
2025-12-18 04:35:55 - shared_modules.data_collection.optimized_data_fetcher - WARNING - [FAIL] Rate limited for SOONUSDT_60 (attempt 1/5)
2025-12-18 04:35:55 - shared_modules.data_collection.optimized_data_fetcher - ERROR - [FAIL] Exception for SOONUSDT_60: local variable 'retry_delay' referenced before assignment (attempt 2/5)
2025-12-18 04:35:55 - shared_modules.data_collection.optimized_data_fetcher - ERROR - [FAIL] Exception for SOONUSDT_60: local variable 'retry_delay' referenced before assignment (attempt 3/5)
2025-12-18 04:35:55 - shared_modules.data_collection.optimized_data_fetcher - ERROR - [FAIL] Exception for SOONUSDT_60: local variable 'retry_delay' referenced before assignment (attempt 4/5)
2025-12-18 04:35:55 - shared_modules.data_collection.optimized_data_fetcher - ERROR - [FAIL] Exception for SOONUSDT_60: local variable 'retry_delay' referenced before assignment (attempt 5/5)
2025-12-18 04:35:55 - shared_modules.data_collection.optimized_data_fetcher - ERROR - [FAIL] Failed to fetch SOONUSDT_60
2025-12-18 04:35:55 - shared_modules.data_collection.optimized_data_fetcher - WARNING - [FAIL] Rate limited for SOONUSDT_1 (attempt 1/5)
2025-12-18 04:35:55 - shared_modules.data_collection.optimized_data_fetcher - ERROR - [FAIL] Exception for SOONUSDT_1: local variable 'retry_delay' referenced before assignment (attempt 2/5)
2025-12-18 04:35:55 - shared_modules.data_collection.optimized_data_fetcher - ERROR - [FAIL] Exception for SOONUSDT_1: local variable 'retry_delay' referenced before assignment (attempt 3/5)
2025-12-18 04:35:55 - shared_modules.data_collection.optimized_data_fetcher - ERROR - [FAIL] Exception for SOONUSDT_1: local variable 'retry_delay' referenced before assignment (attempt 4/5)
2025-12-18 04:35:55 - shared_modules.data_collection.optimized_data_fetcher - ERROR - [FAIL] Exception for SOONUSDT_1: local variable 'retry_delay' referenced before assignment (attempt 5/5)
2025-12-18 04:35:55 - shared_modules.data_collection.optimized_data_fetcher - ERROR - [FAIL] Failed to fetch SOONUSDT_1
2025-12-18 04:35:55 - shared_modules.data_collection.optimized_data_fetcher - WARNING - [FAIL] Rate limited for SOONUSDT_120 (attempt 1/5)
2025-12-18 04:35:55 - shared_modules.data_collection.optimized_data_fetcher - ERROR - [FAIL] Exception for SOONUSDT_120: local variable 'retry_delay' referenced before assignment (attempt 2/5)
2025-12-18 04:35:55 - shared_modules.data_collection.optimized_data_fetcher - ERROR - [FAIL] Exception for SOONUSDT_120: local variable 'retry_delay' referenced before assignment (attempt 3/5)
2025-12-18 04:35:55 - shared_modules.data_collection.optimized_data_fetcher - ERROR - [FAIL] Exception for SOONUSDT_120: local variable 'retry_delay' referenced before assignment (attempt 4/5)
2025-12-18 04:35:55 - shared_modules.data_collection.optimized_data_fetcher - ERROR - [FAIL] Exception for SOONUSDT_120: local variable 'retry_delay' referenced before assignment (attempt 5/5)
2025-12-18 04:35:55 - shared_modules.data_collection.optimized_data_fetcher - ERROR - [FAIL] Failed to fetch SOONUSDT_120
2025-12-18 04:35:55 - shared_modules.data_collection.optimized_data_fetcher - WARNING - [FAIL] Rate limited for SKYAIUSDT_1 (attempt 1/5)
2025-12-18 04:35:55 - shared_modules.data_collection.optimized_data_fetcher - ERROR - [FAIL] Exception for SKYAIUSDT_1: local variable 'retry_delay' referenced before assignment (attempt 2/5)
2025-12-18 04:35:55 - shared_modules.data_collection.optimized_data_fetcher - ERROR - [FAIL] Exception for SKYAIUSDT_1: local variable 'retry_delay' referenced before assignment (attempt 3/5)
2025-12-18 04:35:55 - shared_modules.data_collection.optimized_data_fetcher - ERROR - [FAIL] Exception for SKYAIUSDT_1: local variable 'retry_delay' referenced before assignment (attempt 4/5)
2025-12-18 04:35:55 - shared_modules.data_collection.optimized_data_fetcher - ERROR - [FAIL] Exception for SKYAIUSDT_1: local variable 'retry_delay' referenced before assignment (attempt 5/5)
2025-12-18 04:35:55 - shared_modules.data_collection.optimized_data_fetcher - ERROR - [FAIL] Failed to fetch SKYAIUSDT_1
