2025-12-18 01:58:28 - shared_modules.data_collection.optimized_data_fetcher - WARNING - [FAIL] Rate limited for EIGENUSDT_5 (attempt 1/5)
2025-12-18 01:58:28 - shared_modules.data_collection.optimized_data_fetcher - ERROR - [FAIL] Exception for EIGENUSDT_5: local variable 'retry_delay' referenced before assignment (attempt 2/5)
2025-12-18 01:58:28 - shared_modules.data_collection.optimized_data_fetcher - ERROR - [FAIL] Exception for EIGENUSDT_5: local variable 'retry_delay' referenced before assignment (attempt 3/5)
2025-12-18 01:58:28 - shared_modules.data_collection.optimized_data_fetcher - ERROR - [FAIL] Exception for EIGENUSDT_5: local variable 'retry_delay' referenced before assignment (attempt 4/5)
2025-12-18 01:58:28 - shared_modules.data_collection.optimized_data_fetcher - ERROR - [FAIL] Exception for EIGENUSDT_5: local variable 'retry_delay' referenced before assignment (attempt 5/5)
2025-12-18 01:58:28 - shared_modules.data_collection.optimized_data_fetcher - ERROR - [FAIL] Failed to fetch EIGENUSDT_5
2025-12-18 01:58:32 - shared_modules.data_collection.optimized_data_fetcher - WARNING - [FAIL] Rate limited for QUSDT_15 (attempt 1/5)
2025-12-18 01:58:32 - shared_modules.data_collection.optimized_data_fetcher - ERROR - [FAIL] Exception for QUSDT_15: local variable 'retry_delay' referenced before assignment (attempt 2/5)
2025-12-18 01:58:32 - shared_modules.data_collection.optimized_data_fetcher - ERROR - [FAIL] Exception for QUSDT_15: local variable 'retry_delay' referenced before assignment (attempt 3/5)
2025-12-18 01:58:32 - shared_modules.data_collection.optimized_data_fetcher - ERROR - [FAIL] Exception for QUSDT_15: local variable 'retry_delay' referenced before assignment (attempt 4/5)
2025-12-18 01:58:32 - shared_modules.data_collection.optimized_data_fetcher - ERROR - [FAIL] Exception for QUSDT_15: local variable 'retry_delay' referenced before assignment (attempt 5/5)
2025-12-18 01:58:32 - shared_modules.data_collection.optimized_data_fetcher - ERROR - [FAIL] Failed to fetch QUSDT_15
2025-12-18 01:58:32 - shared_modules.data_collection.optimized_data_fetcher - WARNING - [FAIL] Rate limited for RENDERUSDT_60 (attempt 1/5)
2025-12-18 01:58:32 - shared_modules.data_collection.optimized_data_fetcher - ERROR - [FAIL] Exception for RENDERUSDT_60: local variable 'retry_delay' referenced before assignment (attempt 2/5)
2025-12-18 01:58:32 - shared_modules.data_collection.optimized_data_fetcher - ERROR - [FAIL] Exception for RENDERUSDT_60: local variable 'retry_delay' referenced before assignment (attempt 3/5)
2025-12-18 01:58:32 - shared_modules.data_collection.optimized_data_fetcher - ERROR - [FAIL] Exception for RENDERUSDT_60: local variable 'retry_delay' referenced before assignment (attempt 4/5)
2025-12-18 01:58:32 - shared_modules.data_collection.optimized_data_fetcher - ERROR - [FAIL] Exception for RENDERUSDT_60: local variable 'retry_delay' referenced before assignment (attempt 5/5)
2025-12-18 01:58:32 - shared_modules.data_collection.optimized_data_fetcher - ERROR - [FAIL] Failed to fetch RENDERUSDT_60
2025-12-18 01:58:32 - shared_modules.data_collection.optimized_data_fetcher - WARNING - [FAIL] Rate limited for REQUSDT_1 (attempt 1/5)
2025-12-18 01:58:32 - shared_modules.data_collection.optimized_data_fetcher - ERROR - [FAIL] Exception for REQUSDT_1: local variable 'retry_delay' referenced before assignment (attempt 2/5)
2025-12-18 01:58:32 - shared_modules.data_collection.optimized_data_fetcher - ERROR - [FAIL] Exception for REQUSDT_1: local variable 'retry_delay' referenced before assignment (attempt 3/5)
2025-12-18 01:58:32 - shared_modules.data_collection.optimized_data_fetcher - ERROR - [FAIL] Exception for REQUSDT_1: local variable 'retry_delay' referenced before assignment (attempt 4/5)
2025-12-18 01:58:32 - shared_modules.data_collection.optimized_data_fetcher - ERROR - [FAIL] Exception for REQUSDT_1: local variable 'retry_delay' referenced before assignment (attempt 5/5)
2025-12-18 01:58:32 - shared_modules.data_collection.optimized_data_fetcher - ERROR - [FAIL] Failed to fetch REQUSDT_1
2025-12-18 01:58:32 - shared_modules.data_collection.optimized_data_fetcher - WARNING - [FAIL] Rate limited for PROMPTUSDT_60 (attempt 1/5)
2025-12-18 01:58:32 - shared_modules.data_collection.optimized_data_fetcher - ERROR - [FAIL] Exception for PROMPTUSDT_60: local variable 'retry_delay' referenced before assignment (attempt 2/5)
2025-12-18 01:58:32 - shared_modules.data_collection.optimized_data_fetcher - ERROR - [FAIL] Exception for PROMPTUSDT_60: local variable 'retry_delay' referenced before assignment (attempt 3/5)
2025-12-18 01:58:32 - shared_modules.data_collection.optimized_data_fetcher - ERROR - [FAIL] Exception for PROMPTUSDT_60: local variable 'retry_delay' referenced before assignment (attempt 4/5)
2025-12-18 01:58:32 - shared_modules.data_collection.optimized_data_fetcher - ERROR - [FAIL] Exception for PROMPTUSDT_60: local variable 'retry_delay' referenced before assignment (attempt 5/5)
2025-12-18 01:58:32 - shared_modules.data_collection.optimized_data_fetcher - ERROR - [FAIL] Failed to fetch PROMPTUSDT_60
2025-12-18 01:58:32 - shared_modules.data_collection.optimized_data_fetcher - WARNING - [FAIL] Rate limited for PUMPBTCUSDT_15 (attempt 1/5)
2025-12-18 01:58:32 - shared_modules.data_collection.optimized_data_fetcher - ERROR - [FAIL] Exception for PUMPBTCUSDT_15: local variable 'retry_delay' referenced before assignment (attempt 2/5)
2025-12-18 01:58:32 - shared_modules.data_collection.optimized_data_fetcher - ERROR - [FAIL] Exception for PUMPBTCUSDT_15: local variable 'retry_delay' referenced before assignment (attempt 3/5)
2025-12-18 01:58:32 - shared_modules.data_collection.optimized_data_fetcher - ERROR - [FAIL] Exception for PUMPBTCUSDT_15: local variable 'retry_delay' referenced before assignment (attempt 4/5)
2025-12-18 01:58:32 - shared_modules.data_collection.optimized_data_fetcher - ERROR - [FAIL] Exception for PUMPBTCUSDT_15: local variable 'retry_delay' referenced before assignment (attempt 5/5)
2025-12-18 01:58:32 - shared_modules.data_collection.optimized_data_fetcher - ERROR - [FAIL] Failed to fetch PUMPBTCUSDT_15
2025-12-18 01:58:32 - shared_modules.data_collection.optimized_data_fetcher - WARNING - [FAIL] Rate limited for RLSUSDT_120 (attempt 1/5)
2025-12-18 01:58:32 - shared_modules.data_collection.optimized_data_fetcher - ERROR - [FAIL] Exception for RLSUSDT_120: local variable 'retry_delay' referenced before assignment (attempt 2/5)
2025-12-18 01:58:32 - shared_modules.data_collection.optimized_data_fetcher - ERROR - [FAIL] Exception for RLSUSDT_120: local variable 'retry_delay' referenced before assignment (attempt 3/5)
2025-12-18 01:58:32 - shared_modules.data_collection.optimized_data_fetcher - ERROR - [FAIL] Exception for RLSUSDT_120: local variable 'retry_delay' referenced before assignment (attempt 4/5)
2025-12-18 01:58:32 - shared_modules.data_collection.optimized_data_fetcher - ERROR - [FAIL] Exception for RLSUSDT_120: local variable 'retry_delay' referenced before assignment (attempt 5/5)
2025-12-18 01:58:32 - shared_modules.data_collection.optimized_data_fetcher - ERROR - [FAIL] Failed to fetch RLSUSDT_120
2025-12-18 01:58:32 - shared_modules.data_collection.optimized_data_fetcher - WARNING - [FAIL] Rate limited for PUFFERUSDT_60 (attempt 1/5)
2025-12-18 01:58:32 - shared_modules.data_collection.optimized_data_fetcher - ERROR - [FAIL] Exception for PUFFERUSDT_60: local variable 'retry_delay' referenced before assignment (attempt 2/5)
2025-12-18 01:58:32 - shared_modules.data_collection.optimized_data_fetcher - ERROR - [FAIL] Exception for PUFFERUSDT_60: local variable 'retry_delay' referenced before assignment (attempt 3/5)
2025-12-18 01:58:32 - shared_modules.data_collection.optimized_data_fetcher - ERROR - [FAIL] Exception for PUFFERUSDT_60: local variable 'retry_delay' referenced before assignment (attempt 4/5)
2025-12-18 01:58:32 - shared_modules.data_collection.optimized_data_fetcher - ERROR - [FAIL] Exception for PUFFERUSDT_60: local variable 'retry_delay' referenced before assignment (attempt 5/5)
2025-12-18 01:58:32 - shared_modules.data_collection.optimized_data_fetcher - ERROR - [FAIL] Failed to fetch PUFFERUSDT_60
2025-12-18 01:58:32 - shared_modules.data_collection.optimized_data_fetcher - WARNING - [FAIL] Rate limited for RLCUSDT_5 (attempt 1/5)
2025-12-18 01:58:32 - shared_modules.data_collection.optimized_data_fetcher - ERROR - [FAIL] Exception for RLCUSDT_5: local variable 'retry_delay' referenced before assignment (attempt 2/5)
2025-12-18 01:58:32 - shared_modules.data_collection.optimized_data_fetcher - ERROR - [FAIL] Exception for RLCUSDT_5: local variable 'retry_delay' referenced before assignment (attempt 3/5)
2025-12-18 01:58:32 - shared_modules.data_collection.optimized_data_fetcher - ERROR - [FAIL] Exception for RLCUSDT_5: local variable 'retry_delay' referenced before assignment (attempt 4/5)
2025-12-18 01:58:32 - shared_modules.data_collection.optimized_data_fetcher - ERROR - [FAIL] Exception for RLCUSDT_5: local variable 'retry_delay' referenced before assignment (attempt 5/5)
2025-12-18 01:58:32 - shared_modules.data_collection.optimized_data_fetcher - ERROR - [FAIL] Failed to fetch RLCUSDT_5
2025-12-18 01:58:32 - shared_modules.data_collection.optimized_data_fetcher - WARNING - [FAIL] Rate limited for RLCUSDT_120 (attempt 1/5)
2025-12-18 01:58:32 - shared_modules.data_collection.optimized_data_fetcher - ERROR - [FAIL] Exception for RLCUSDT_120: local variable 'retry_delay' referenced before assignment (attempt 2/5)
2025-12-18 01:58:32 - shared_modules.data_collection.optimized_data_fetcher - ERROR - [FAIL] Exception for RLCUSDT_120: local variable 'retry_delay' referenced before assignment (attempt 3/5)
2025-12-18 01:58:32 - shared_modules.data_collection.optimized_data_fetcher - ERROR - [FAIL] Exception for RLCUSDT_120: local variable 'retry_delay' referenced before assignment (attempt 4/5)
2025-12-18 01:58:32 - shared_modules.data_collection.optimized_data_fetcher - ERROR - [FAIL] Exception for RLCUSDT_120: local variable 'retry_delay' referenced before assignment (attempt 5/5)
2025-12-18 01:58:32 - shared_modules.data_collection.optimized_data_fetcher - ERROR - [FAIL] Failed to fetch RLCUSDT_120
2025-12-18 01:58:32 - shared_modules.data_collection.optimized_data_fetcher - WARNING - [FAIL] Rate limited for RLUSDUSDT_60 (attempt 1/5)
2025-12-18 01:58:32 - shared_modules.data_collection.optimized_data_fetcher - ERROR - [FAIL] Exception for RLUSDUSDT_60: local variable 'retry_delay' referenced before assignment (attempt 2/5)
2025-12-18 01:58:32 - shared_modules.data_collection.optimized_data_fetcher - ERROR - [FAIL] Exception for RLUSDUSDT_60: local variable 'retry_delay' referenced before assignment (attempt 3/5)
2025-12-18 01:58:32 - shared_modules.data_collection.optimized_data_fetcher - ERROR - [FAIL] Exception for RLUSDUSDT_60: local variable 'retry_delay' referenced before assignment (attempt 4/5)
2025-12-18 01:58:32 - shared_modules.data_collection.optimized_data_fetcher - ERROR - [FAIL] Exception for RLUSDUSDT_60: local variable 'retry_delay' referenced before assignment (attempt 5/5)
2025-12-18 01:58:32 - shared_modules.data_collection.optimized_data_fetcher - ERROR - [FAIL] Failed to fetch RLUSDUSDT_60
2025-12-18 01:58:32 - shared_modules.data_collection.optimized_data_fetcher - WARNING - [FAIL] Rate limited for RLUSDUSDT_120 (attempt 1/5)
2025-12-18 01:58:32 - shared_modules.data_collection.optimized_data_fetcher - ERROR - [FAIL] Exception for RLUSDUSDT_120: local variable 'retry_delay' referenced before assignment (attempt 2/5)
2025-12-18 01:58:32 - shared_modules.data_collection.optimized_data_fetcher - ERROR - [FAIL] Exception for RLUSDUSDT_120: local variable 'retry_delay' referenced before assignment (attempt 3/5)
2025-12-18 01:58:32 - shared_modules.data_collection.optimized_data_fetcher - ERROR - [FAIL] Exception for RLUSDUSDT_120: local variable 'retry_delay' referenced before assignment (attempt 4/5)
2025-12-18 01:58:32 - shared_modules.data_collection.optimized_data_fetcher - ERROR - [FAIL] Exception for RLUSDUSDT_120: local variable 'retry_delay' referenced before assignment (attempt 5/5)
2025-12-18 01:58:32 - shared_modules.data_collection.optimized_data_fetcher - ERROR - [FAIL] Failed to fetch RLUSDUSDT_120
2025-12-18 01:58:32 - shared_modules.data_collection.optimized_data_fetcher - WARNING - [FAIL] Rate limited for RSRUSDT_15 (attempt 1/5)
2025-12-18 01:58:32 - shared_modules.data_collection.optimized_data_fetcher - ERROR - [FAIL] Exception for RSRUSDT_15: local variable 'retry_delay' referenced before assignment (attempt 2/5)
2025-12-18 01:58:32 - shared_modules.data_collection.optimized_data_fetcher - ERROR - [FAIL] Exception for RSRUSDT_15: local variable 'retry_delay' referenced before assignment (attempt 3/5)
2025-12-18 01:58:32 - shared_modules.data_collection.optimized_data_fetcher - ERROR - [FAIL] Exception for RSRUSDT_15: local variable 'retry_delay' referenced before assignment (attempt 4/5)
2025-12-18 01:58:32 - shared_modules.data_collection.optimized_data_fetcher - ERROR - [FAIL] Exception for RSRUSDT_15: local variable 'retry_delay' referenced before assignment (attempt 5/5)
2025-12-18 01:58:32 - shared_modules.data_collection.optimized_data_fetcher - ERROR - [FAIL] Failed to fetch RSRUSDT_15
2025-12-18 01:58:32 - shared_modules.data_collection.optimized_data_fetcher - WARNING - [FAIL] Rate limited for RPLUSDT_60 (attempt 1/5)
2025-12-18 01:58:32 - shared_modules.data_collection.optimized_data_fetcher - ERROR - [FAIL] Exception for RPLUSDT_60: local variable 'retry_delay' referenced before assignment (attempt 2/5)
2025-12-18 01:58:32 - shared_modules.data_collection.optimized_data_fetcher - ERROR - [FAIL] Exception for RPLUSDT_60: local variable 'retry_delay' referenced before assignment (attempt 3/5)
2025-12-18 01:58:32 - shared_modules.data_collection.optimized_data_fetcher - ERROR - [FAIL] Exception for RPLUSDT_60: local variable 'retry_delay' referenced before assignment (attempt 4/5)
2025-12-18 01:58:32 - shared_modules.data_collection.optimized_data_fetcher - ERROR - [FAIL] Exception for RPLUSDT_60: local variable 'retry_delay' referenced before assignment (attempt 5/5)
2025-12-18 01:58:32 - shared_modules.data_collection.optimized_data_fetcher - ERROR - [FAIL] Failed to fetch RPLUSDT_60
2025-12-18 01:58:32 - shared_modules.data_collection.optimized_data_fetcher - WARNING - [FAIL] Rate limited for RUNEUSDT_60 (attempt 1/5)
2025-12-18 01:58:32 - shared_modules.data_collection.optimized_data_fetcher - ERROR - [FAIL] Exception for RUNEUSDT_60: local variable 'retry_delay' referenced before assignment (attempt 2/5)
2025-12-18 01:58:32 - shared_modules.data_collection.optimized_data_fetcher - ERROR - [FAIL] Exception for RUNEUSDT_60: local variable 'retry_delay' referenced before assignment (attempt 3/5)
2025-12-18 01:58:32 - shared_modules.data_collection.optimized_data_fetcher - ERROR - [FAIL] Exception for RUNEUSDT_60: local variable 'retry_delay' referenced before assignment (attempt 4/5)
2025-12-18 01:58:32 - shared_modules.data_collection.optimized_data_fetcher - ERROR - [FAIL] Exception for RUNEUSDT_60: local variable 'retry_delay' referenced before assignment (attempt 5/5)
2025-12-18 01:58:32 - shared_modules.data_collection.optimized_data_fetcher - ERROR - [FAIL] Failed to fetch RUNEUSDT_60
2025-12-18 01:58:32 - shared_modules.data_collection.optimized_data_fetcher - WARNING - [FAIL] Rate limited for RUNEUSDT_1 (attempt 1/5)
2025-12-18 01:58:32 - shared_modules.data_collection.optimized_data_fetcher - ERROR - [FAIL] Exception for RUNEUSDT_1: local variable 'retry_delay' referenced before assignment (attempt 2/5)
2025-12-18 01:58:32 - shared_modules.data_collection.optimized_data_fetcher - ERROR - [FAIL] Exception for RUNEUSDT_1: local variable 'retry_delay' referenced before assignment (attempt 3/5)
2025-12-18 01:58:32 - shared_modules.data_collection.optimized_data_fetcher - ERROR - [FAIL] Exception for RUNEUSDT_1: local variable 'retry_delay' referenced before assignment (attempt 4/5)
2025-12-18 01:58:32 - shared_modules.data_collection.optimized_data_fetcher - ERROR - [FAIL] Exception for RUNEUSDT_1: local variable 'retry_delay' referenced before assignment (attempt 5/5)
2025-12-18 01:58:33 - shared_modules.data_collection.optimized_data_fetcher - ERROR - [FAIL] Failed to fetch RUNEUSDT_1
2025-12-18 01:58:33 - shared_modules.data_collection.optimized_data_fetcher - WARNING - [FAIL] Rate limited for SAFEUSDT_120 (attempt 1/5)
2025-12-18 01:58:33 - shared_modules.data_collection.optimized_data_fetcher - ERROR - [FAIL] Exception for SAFEUSDT_120: local variable 'retry_delay' referenced before assignment (attempt 2/5)
2025-12-18 01:58:33 - shared_modules.data_collection.optimized_data_fetcher - ERROR - [FAIL] Exception for SAFEUSDT_120: local variable 'retry_delay' referenced before assignment (attempt 3/5)
2025-12-18 01:58:33 - shared_modules.data_collection.optimized_data_fetcher - ERROR - [FAIL] Exception for SAFEUSDT_120: local variable 'retry_delay' referenced before assignment (attempt 4/5)
2025-12-18 01:58:33 - shared_modules.data_collection.optimized_data_fetcher - ERROR - [FAIL] Exception for SAFEUSDT_120: local variable 'retry_delay' referenced before assignment (attempt 5/5)
2025-12-18 01:58:33 - shared_modules.data_collection.optimized_data_fetcher - ERROR - [FAIL] Failed to fetch SAFEUSDT_120
2025-12-18 01:58:33 - shared_modules.data_collection.optimized_data_fetcher - WARNING - [FAIL] Rate limited for SAPIENUSDT_60 (attempt 1/5)
2025-12-18 01:58:33 - shared_modules.data_collection.optimized_data_fetcher - ERROR - [FAIL] Exception for SAPIENUSDT_60: local variable 'retry_delay' referenced before assignment (attempt 2/5)
2025-12-18 01:58:33 - shared_modules.data_collection.optimized_data_fetcher - ERROR - [FAIL] Exception for SAPIENUSDT_60: local variable 'retry_delay' referenced before assignment (attempt 3/5)
2025-12-18 01:58:33 - shared_modules.data_collection.optimized_data_fetcher - ERROR - [FAIL] Exception for SAPIENUSDT_60: local variable 'retry_delay' referenced before assignment (attempt 4/5)
2025-12-18 01:58:33 - shared_modules.data_collection.optimized_data_fetcher - ERROR - [FAIL] Exception for SAPIENUSDT_60: local variable 'retry_delay' referenced before assignment (attempt 5/5)
2025-12-18 01:58:33 - shared_modules.data_collection.optimized_data_fetcher - ERROR - [FAIL] Failed to fetch SAPIENUSDT_60
2025-12-18 01:58:33 - shared_modules.data_collection.optimized_data_fetcher - WARNING - [FAIL] Rate limited for SAPIENUSDT_240 (attempt 1/5)
2025-12-18 01:58:33 - shared_modules.data_collection.optimized_data_fetcher - ERROR - [FAIL] Exception for SAPIENUSDT_240: local variable 'retry_delay' referenced before assignment (attempt 2/5)
2025-12-18 01:58:33 - shared_modules.data_collection.optimized_data_fetcher - ERROR - [FAIL] Exception for SAPIENUSDT_240: local variable 'retry_delay' referenced before assignment (attempt 3/5)
2025-12-18 01:58:33 - shared_modules.data_collection.optimized_data_fetcher - ERROR - [FAIL] Exception for SAPIENUSDT_240: local variable 'retry_delay' referenced before assignment (attempt 4/5)
2025-12-18 01:58:33 - shared_modules.data_collection.optimized_data_fetcher - ERROR - [FAIL] Exception for SAPIENUSDT_240: local variable 'retry_delay' referenced before assignment (attempt 5/5)
2025-12-18 01:58:33 - shared_modules.data_collection.optimized_data_fetcher - ERROR - [FAIL] Failed to fetch SAPIENUSDT_240
2025-12-18 01:58:33 - shared_modules.data_collection.optimized_data_fetcher - WARNING - [FAIL] Rate limited for SCRTUSDT_5 (attempt 1/5)
2025-12-18 01:58:33 - shared_modules.data_collection.optimized_data_fetcher - ERROR - [FAIL] Exception for SCRTUSDT_5: local variable 'retry_delay' referenced before assignment (attempt 2/5)
2025-12-18 01:58:33 - shared_modules.data_collection.optimized_data_fetcher - ERROR - [FAIL] Exception for SCRTUSDT_5: local variable 'retry_delay' referenced before assignment (attempt 3/5)
2025-12-18 01:58:33 - shared_modules.data_collection.optimized_data_fetcher - ERROR - [FAIL] Exception for SCRTUSDT_5: local variable 'retry_delay' referenced before assignment (attempt 4/5)
2025-12-18 01:58:33 - shared_modules.data_collection.optimized_data_fetcher - ERROR - [FAIL] Exception for SCRTUSDT_5: local variable 'retry_delay' referenced before assignment (attempt 5/5)
2025-12-18 01:58:33 - shared_modules.data_collection.optimized_data_fetcher - ERROR - [FAIL] Failed to fetch SCRTUSDT_5
2025-12-18 01:58:33 - shared_modules.data_collection.optimized_data_fetcher - WARNING - [FAIL] Rate limited for SCRTUSDT_1 (attempt 1/5)
2025-12-18 01:58:33 - shared_modules.data_collection.optimized_data_fetcher - ERROR - [FAIL] Exception for SCRTUSDT_1: local variable 'retry_delay' referenced before assignment (attempt 2/5)
2025-12-18 01:58:33 - shared_modules.data_collection.optimized_data_fetcher - ERROR - [FAIL] Exception for SCRTUSDT_1: local variable 'retry_delay' referenced before assignment (attempt 3/5)
2025-12-18 01:58:33 - shared_modules.data_collection.optimized_data_fetcher - ERROR - [FAIL] Exception for SCRTUSDT_1: local variable 'retry_delay' referenced before assignment (attempt 4/5)
2025-12-18 01:58:33 - shared_modules.data_collection.optimized_data_fetcher - ERROR - [FAIL] Exception for SCRTUSDT_1: local variable 'retry_delay' referenced before assignment (attempt 5/5)
2025-12-18 01:58:33 - shared_modules.data_collection.optimized_data_fetcher - ERROR - [FAIL] Failed to fetch SCRTUSDT_1
2025-12-18 01:58:33 - shared_modules.data_collection.optimized_data_fetcher - WARNING - [FAIL] Rate limited for REQUSDT_60 (attempt 1/5)
2025-12-18 01:58:33 - shared_modules.data_collection.optimized_data_fetcher - ERROR - [FAIL] Exception for REQUSDT_60: local variable 'retry_delay' referenced before assignment (attempt 2/5)
2025-12-18 01:58:33 - shared_modules.data_collection.optimized_data_fetcher - ERROR - [FAIL] Exception for REQUSDT_60: local variable 'retry_delay' referenced before assignment (attempt 3/5)
2025-12-18 01:58:33 - shared_modules.data_collection.optimized_data_fetcher - ERROR - [FAIL] Exception for REQUSDT_60: local variable 'retry_delay' referenced before assignment (attempt 4/5)
2025-12-18 01:58:33 - shared_modules.data_collection.optimized_data_fetcher - ERROR - [FAIL] Exception for REQUSDT_60: local variable 'retry_delay' referenced before assignment (attempt 5/5)
2025-12-18 01:58:33 - shared_modules.data_collection.optimized_data_fetcher - ERROR - [FAIL] Failed to fetch REQUSDT_60
2025-12-18 01:58:33 - shared_modules.data_collection.optimized_data_fetcher - WARNING - [FAIL] Rate limited for SCUSDT_60 (attempt 1/5)
2025-12-18 01:58:33 - shared_modules.data_collection.optimized_data_fetcher - ERROR - [FAIL] Exception for SCUSDT_60: local variable 'retry_delay' referenced before assignment (attempt 2/5)
2025-12-18 01:58:33 - shared_modules.data_collection.optimized_data_fetcher - ERROR - [FAIL] Exception for SCUSDT_60: local variable 'retry_delay' referenced before assignment (attempt 3/5)
2025-12-18 01:58:33 - shared_modules.data_collection.optimized_data_fetcher - ERROR - [FAIL] Exception for SCUSDT_60: local variable 'retry_delay' referenced before assignment (attempt 4/5)
2025-12-18 01:58:33 - shared_modules.data_collection.optimized_data_fetcher - ERROR - [FAIL] Exception for SCUSDT_60: local variable 'retry_delay' referenced before assignment (attempt 5/5)
2025-12-18 01:58:33 - shared_modules.data_collection.optimized_data_fetcher - ERROR - [FAIL] Failed to fetch SCUSDT_60
2025-12-18 01:58:33 - shared_modules.data_collection.optimized_data_fetcher - WARNING - [FAIL] Rate limited for SDUSDT_5 (attempt 1/5)
2025-12-18 01:58:33 - shared_modules.data_collection.optimized_data_fetcher - ERROR - [FAIL] Exception for SDUSDT_5: local variable 'retry_delay' referenced before assignment (attempt 2/5)
2025-12-18 01:58:33 - shared_modules.data_collection.optimized_data_fetcher - ERROR - [FAIL] Exception for SDUSDT_5: local variable 'retry_delay' referenced before assignment (attempt 3/5)
2025-12-18 01:58:33 - shared_modules.data_collection.optimized_data_fetcher - ERROR - [FAIL] Exception for SDUSDT_5: local variable 'retry_delay' referenced before assignment (attempt 4/5)
2025-12-18 01:58:33 - shared_modules.data_collection.optimized_data_fetcher - ERROR - [FAIL] Exception for SDUSDT_5: local variable 'retry_delay' referenced before assignment (attempt 5/5)
2025-12-18 01:58:33 - shared_modules.data_collection.optimized_data_fetcher - ERROR - [FAIL] Failed to fetch SDUSDT_5
2025-12-18 01:58:33 - shared_modules.data_collection.optimized_data_fetcher - WARNING - [FAIL] Rate limited for SEIUSDT_240 (attempt 1/5)
2025-12-18 01:58:33 - shared_modules.data_collection.optimized_data_fetcher - ERROR - [FAIL] Exception for SEIUSDT_240: local variable 'retry_delay' referenced before assignment (attempt 2/5)
2025-12-18 01:58:33 - shared_modules.data_collection.optimized_data_fetcher - ERROR - [FAIL] Exception for SEIUSDT_240: local variable 'retry_delay' referenced before assignment (attempt 3/5)
2025-12-18 01:58:33 - shared_modules.data_collection.optimized_data_fetcher - ERROR - [FAIL] Exception for SEIUSDT_240: local variable 'retry_delay' referenced before assignment (attempt 4/5)
2025-12-18 01:58:33 - shared_modules.data_collection.optimized_data_fetcher - ERROR - [FAIL] Exception for SEIUSDT_240: local variable 'retry_delay' referenced before assignment (attempt 5/5)
2025-12-18 01:58:33 - shared_modules.data_collection.optimized_data_fetcher - ERROR - [FAIL] Failed to fetch SEIUSDT_240
2025-12-18 01:58:33 - shared_modules.data_collection.optimized_data_fetcher - WARNING - [FAIL] Rate limited for SFPUSDT_60 (attempt 1/5)
2025-12-18 01:58:33 - shared_modules.data_collection.optimized_data_fetcher - ERROR - [FAIL] Exception for SFPUSDT_60: local variable 'retry_delay' referenced before assignment (attempt 2/5)
2025-12-18 01:58:33 - shared_modules.data_collection.optimized_data_fetcher - ERROR - [FAIL] Exception for SFPUSDT_60: local variable 'retry_delay' referenced before assignment (attempt 3/5)
2025-12-18 01:58:33 - shared_modules.data_collection.optimized_data_fetcher - ERROR - [FAIL] Exception for SFPUSDT_60: local variable 'retry_delay' referenced before assignment (attempt 4/5)
2025-12-18 01:58:33 - shared_modules.data_collection.optimized_data_fetcher - ERROR - [FAIL] Exception for SFPUSDT_60: local variable 'retry_delay' referenced before assignment (attempt 5/5)
2025-12-18 01:58:33 - shared_modules.data_collection.optimized_data_fetcher - ERROR - [FAIL] Failed to fetch SFPUSDT_60
2025-12-18 01:58:33 - shared_modules.data_collection.optimized_data_fetcher - WARNING - [FAIL] Rate limited for RLUSDUSDT_1 (attempt 1/5)
2025-12-18 01:58:33 - shared_modules.data_collection.optimized_data_fetcher - ERROR - [FAIL] Exception for RLUSDUSDT_1: local variable 'retry_delay' referenced before assignment (attempt 2/5)
2025-12-18 01:58:33 - shared_modules.data_collection.optimized_data_fetcher - ERROR - [FAIL] Exception for RLUSDUSDT_1: local variable 'retry_delay' referenced before assignment (attempt 3/5)
2025-12-18 01:58:33 - shared_modules.data_collection.optimized_data_fetcher - ERROR - [FAIL] Exception for RLUSDUSDT_1: local variable 'retry_delay' referenced before assignment (attempt 4/5)
2025-12-18 01:58:33 - shared_modules.data_collection.optimized_data_fetcher - ERROR - [FAIL] Exception for RLUSDUSDT_1: local variable 'retry_delay' referenced before assignment (attempt 5/5)
2025-12-18 01:58:33 - shared_modules.data_collection.optimized_data_fetcher - ERROR - [FAIL] Failed to fetch RLUSDUSDT_1
2025-12-18 01:58:33 - shared_modules.data_collection.optimized_data_fetcher - WARNING - [FAIL] Rate limited for SHIB1000USDT_240 (attempt 1/5)
2025-12-18 01:58:33 - shared_modules.data_collection.optimized_data_fetcher - ERROR - [FAIL] Exception for SHIB1000USDT_240: local variable 'retry_delay' referenced before assignment (attempt 2/5)
2025-12-18 01:58:33 - shared_modules.data_collection.optimized_data_fetcher - ERROR - [FAIL] Exception for SHIB1000USDT_240: local variable 'retry_delay' referenced before assignment (attempt 3/5)
2025-12-18 01:58:33 - shared_modules.data_collection.optimized_data_fetcher - ERROR - [FAIL] Exception for SHIB1000USDT_240: local variable 'retry_delay' referenced before assignment (attempt 4/5)
2025-12-18 01:58:33 - shared_modules.data_collection.optimized_data_fetcher - ERROR - [FAIL] Exception for SHIB1000USDT_240: local variable 'retry_delay' referenced before assignment (attempt 5/5)
2025-12-18 01:58:33 - shared_modules.data_collection.optimized_data_fetcher - ERROR - [FAIL] Failed to fetch SHIB1000USDT_240
2025-12-18 01:58:33 - shared_modules.data_collection.optimized_data_fetcher - WARNING - [FAIL] Rate limited for SHIB1000USDT_1 (attempt 1/5)
2025-12-18 01:58:33 - shared_modules.data_collection.optimized_data_fetcher - ERROR - [FAIL] Exception for SHIB1000USDT_1: local variable 'retry_delay' referenced before assignment (attempt 2/5)
2025-12-18 01:58:33 - shared_modules.data_collection.optimized_data_fetcher - ERROR - [FAIL] Exception for SHIB1000USDT_1: local variable 'retry_delay' referenced before assignment (attempt 3/5)
2025-12-18 01:58:33 - shared_modules.data_collection.optimized_data_fetcher - ERROR - [FAIL] Exception for SHIB1000USDT_1: local variable 'retry_delay' referenced before assignment (attempt 4/5)
2025-12-18 01:58:33 - shared_modules.data_collection.optimized_data_fetcher - ERROR - [FAIL] Exception for SHIB1000USDT_1: local variable 'retry_delay' referenced before assignment (attempt 5/5)
2025-12-18 01:58:33 - shared_modules.data_collection.optimized_data_fetcher - ERROR - [FAIL] Failed to fetch SHIB1000USDT_1
2025-12-18 01:58:33 - shared_modules.data_collection.optimized_data_fetcher - WARNING - [FAIL] Rate limited for SHELLUSDT_120 (attempt 1/5)
2025-12-18 01:58:33 - shared_modules.data_collection.optimized_data_fetcher - ERROR - [FAIL] Exception for SHELLUSDT_120: local variable 'retry_delay' referenced before assignment (attempt 2/5)
2025-12-18 01:58:33 - shared_modules.data_collection.optimized_data_fetcher - ERROR - [FAIL] Exception for SHELLUSDT_120: local variable 'retry_delay' referenced before assignment (attempt 3/5)
2025-12-18 01:58:33 - shared_modules.data_collection.optimized_data_fetcher - ERROR - [FAIL] Exception for SHELLUSDT_120: local variable 'retry_delay' referenced before assignment (attempt 4/5)
2025-12-18 01:58:33 - shared_modules.data_collection.optimized_data_fetcher - ERROR - [FAIL] Exception for SHELLUSDT_120: local variable 'retry_delay' referenced before assignment (attempt 5/5)
2025-12-18 01:58:33 - shared_modules.data_collection.optimized_data_fetcher - ERROR - [FAIL] Failed to fetch SHELLUSDT_120
2025-12-18 01:58:33 - shared_modules.data_collection.optimized_data_fetcher - WARNING - [FAIL] Rate limited for SHIB1000USDT_120 (attempt 1/5)
2025-12-18 01:58:33 - shared_modules.data_collection.optimized_data_fetcher - ERROR - [FAIL] Exception for SHIB1000USDT_120: local variable 'retry_delay' referenced before assignment (attempt 2/5)
2025-12-18 01:58:33 - shared_modules.data_collection.optimized_data_fetcher - ERROR - [FAIL] Exception for SHIB1000USDT_120: local variable 'retry_delay' referenced before assignment (attempt 3/5)
2025-12-18 01:58:33 - shared_modules.data_collection.optimized_data_fetcher - ERROR - [FAIL] Exception for SHIB1000USDT_120: local variable 'retry_delay' referenced before assignment (attempt 4/5)
2025-12-18 01:58:33 - shared_modules.data_collection.optimized_data_fetcher - ERROR - [FAIL] Exception for SHIB1000USDT_120: local variable 'retry_delay' referenced before assignment (attempt 5/5)
2025-12-18 01:58:33 - shared_modules.data_collection.optimized_data_fetcher - ERROR - [FAIL] Failed to fetch SHIB1000USDT_120
2025-12-18 01:58:33 - shared_modules.data_collection.optimized_data_fetcher - WARNING - [FAIL] Rate limited for SHIB1000USDT_5 (attempt 1/5)
2025-12-18 01:58:33 - shared_modules.data_collection.optimized_data_fetcher - ERROR - [FAIL] Exception for SHIB1000USDT_5: local variable 'retry_delay' referenced before assignment (attempt 2/5)
2025-12-18 01:58:33 - shared_modules.data_collection.optimized_data_fetcher - ERROR - [FAIL] Exception for SHIB1000USDT_5: local variable 'retry_delay' referenced before assignment (attempt 3/5)
2025-12-18 01:58:33 - shared_modules.data_collection.optimized_data_fetcher - ERROR - [FAIL] Exception for SHIB1000USDT_5: local variable 'retry_delay' referenced before assignment (attempt 4/5)
2025-12-18 01:58:33 - shared_modules.data_collection.optimized_data_fetcher - ERROR - [FAIL] Exception for SHIB1000USDT_5: local variable 'retry_delay' referenced before assignment (attempt 5/5)
2025-12-18 01:58:33 - shared_modules.data_collection.optimized_data_fetcher - ERROR - [FAIL] Failed to fetch SHIB1000USDT_5
2025-12-18 01:58:33 - shared_modules.data_collection.optimized_data_fetcher - WARNING - [FAIL] Rate limited for SIGNUSDT_60 (attempt 1/5)
2025-12-18 01:58:33 - shared_modules.data_collection.optimized_data_fetcher - ERROR - [FAIL] Exception for SIGNUSDT_60: local variable 'retry_delay' referenced before assignment (attempt 2/5)
2025-12-18 01:58:33 - shared_modules.data_collection.optimized_data_fetcher - ERROR - [FAIL] Exception for SIGNUSDT_60: local variable 'retry_delay' referenced before assignment (attempt 3/5)
2025-12-18 01:58:33 - shared_modules.data_collection.optimized_data_fetcher - ERROR - [FAIL] Exception for SIGNUSDT_60: local variable 'retry_delay' referenced before assignment (attempt 4/5)
2025-12-18 01:58:33 - shared_modules.data_collection.optimized_data_fetcher - ERROR - [FAIL] Exception for SIGNUSDT_60: local variable 'retry_delay' referenced before assignment (attempt 5/5)
2025-12-18 01:58:33 - shared_modules.data_collection.optimized_data_fetcher - ERROR - [FAIL] Failed to fetch SIGNUSDT_60
2025-12-18 01:58:33 - shared_modules.data_collection.optimized_data_fetcher - WARNING - [FAIL] Rate limited for SIRENUSDT_15 (attempt 1/5)
2025-12-18 01:58:33 - shared_modules.data_collection.optimized_data_fetcher - ERROR - [FAIL] Exception for SIRENUSDT_15: local variable 'retry_delay' referenced before assignment (attempt 2/5)
2025-12-18 01:58:33 - shared_modules.data_collection.optimized_data_fetcher - ERROR - [FAIL] Exception for SIRENUSDT_15: local variable 'retry_delay' referenced before assignment (attempt 3/5)
2025-12-18 01:58:33 - shared_modules.data_collection.optimized_data_fetcher - ERROR - [FAIL] Exception for SIRENUSDT_15: local variable 'retry_delay' referenced before assignment (attempt 4/5)
2025-12-18 01:58:33 - shared_modules.data_collection.optimized_data_fetcher - ERROR - [FAIL] Exception for SIRENUSDT_15: local variable 'retry_delay' referenced before assignment (attempt 5/5)
2025-12-18 01:58:33 - shared_modules.data_collection.optimized_data_fetcher - ERROR - [FAIL] Failed to fetch SIRENUSDT_15
2025-12-18 01:58:33 - shared_modules.data_collection.optimized_data_fetcher - WARNING - [FAIL] Rate limited for SIRENUSDT_60 (attempt 1/5)
2025-12-18 01:58:33 - shared_modules.data_collection.optimized_data_fetcher - ERROR - [FAIL] Exception for SIRENUSDT_60: local variable 'retry_delay' referenced before assignment (attempt 2/5)
2025-12-18 01:58:33 - shared_modules.data_collection.optimized_data_fetcher - ERROR - [FAIL] Exception for SIRENUSDT_60: local variable 'retry_delay' referenced before assignment (attempt 3/5)
2025-12-18 01:58:33 - shared_modules.data_collection.optimized_data_fetcher - ERROR - [FAIL] Exception for SIRENUSDT_60: local variable 'retry_delay' referenced before assignment (attempt 4/5)
2025-12-18 01:58:33 - shared_modules.data_collection.optimized_data_fetcher - ERROR - [FAIL] Exception for SIRENUSDT_60: local variable 'retry_delay' referenced before assignment (attempt 5/5)
2025-12-18 01:58:33 - shared_modules.data_collection.optimized_data_fetcher - ERROR - [FAIL] Failed to fetch SIRENUSDT_60
2025-12-18 01:58:33 - shared_modules.data_collection.optimized_data_fetcher - WARNING - [FAIL] Rate limited for SIGNUSDT_240 (attempt 1/5)
2025-12-18 01:58:33 - shared_modules.data_collection.optimized_data_fetcher - ERROR - [FAIL] Exception for SIGNUSDT_240: local variable 'retry_delay' referenced before assignment (attempt 2/5)
2025-12-18 01:58:33 - shared_modules.data_collection.optimized_data_fetcher - ERROR - [FAIL] Exception for SIGNUSDT_240: local variable 'retry_delay' referenced before assignment (attempt 3/5)
2025-12-18 01:58:33 - shared_modules.data_collection.optimized_data_fetcher - ERROR - [FAIL] Exception for SIGNUSDT_240: local variable 'retry_delay' referenced before assignment (attempt 4/5)
2025-12-18 01:58:33 - shared_modules.data_collection.optimized_data_fetcher - ERROR - [FAIL] Exception for SIGNUSDT_240: local variable 'retry_delay' referenced before assignment (attempt 5/5)
2025-12-18 01:58:33 - shared_modules.data_collection.optimized_data_fetcher - ERROR - [FAIL] Failed to fetch SIGNUSDT_240
2025-12-18 01:58:33 - shared_modules.data_collection.optimized_data_fetcher - WARNING - [FAIL] Rate limited for SKLUSDT_15 (attempt 1/5)
2025-12-18 01:58:33 - shared_modules.data_collection.optimized_data_fetcher - ERROR - [FAIL] Exception for SKLUSDT_15: local variable 'retry_delay' referenced before assignment (attempt 2/5)
2025-12-18 01:58:33 - shared_modules.data_collection.optimized_data_fetcher - ERROR - [FAIL] Exception for SKLUSDT_15: local variable 'retry_delay' referenced before assignment (attempt 3/5)
2025-12-18 01:58:33 - shared_modules.data_collection.optimized_data_fetcher - ERROR - [FAIL] Exception for SKLUSDT_15: local variable 'retry_delay' referenced before assignment (attempt 4/5)
2025-12-18 01:58:33 - shared_modules.data_collection.optimized_data_fetcher - ERROR - [FAIL] Exception for SKLUSDT_15: local variable 'retry_delay' referenced before assignment (attempt 5/5)
2025-12-18 01:58:33 - shared_modules.data_collection.optimized_data_fetcher - ERROR - [FAIL] Failed to fetch SKLUSDT_15
2025-12-18 01:58:33 - shared_modules.data_collection.optimized_data_fetcher - WARNING - [FAIL] Rate limited for SIRENUSDT_240 (attempt 1/5)
2025-12-18 01:58:33 - shared_modules.data_collection.optimized_data_fetcher - ERROR - [FAIL] Exception for SIRENUSDT_240: local variable 'retry_delay' referenced before assignment (attempt 2/5)
2025-12-18 01:58:33 - shared_modules.data_collection.optimized_data_fetcher - ERROR - [FAIL] Exception for SIRENUSDT_240: local variable 'retry_delay' referenced before assignment (attempt 3/5)
2025-12-18 01:58:33 - shared_modules.data_collection.optimized_data_fetcher - ERROR - [FAIL] Exception for SIRENUSDT_240: local variable 'retry_delay' referenced before assignment (attempt 4/5)
2025-12-18 01:58:33 - shared_modules.data_collection.optimized_data_fetcher - ERROR - [FAIL] Exception for SIRENUSDT_240: local variable 'retry_delay' referenced before assignment (attempt 5/5)
2025-12-18 01:58:33 - shared_modules.data_collection.optimized_data_fetcher - ERROR - [FAIL] Failed to fetch SIRENUSDT_240
2025-12-18 01:58:33 - shared_modules.data_collection.optimized_data_fetcher - WARNING - [FAIL] Rate limited for RPLUSDT_1 (attempt 1/5)
2025-12-18 01:58:33 - shared_modules.data_collection.optimized_data_fetcher - ERROR - [FAIL] Exception for RPLUSDT_1: local variable 'retry_delay' referenced before assignment (attempt 2/5)
2025-12-18 01:58:33 - shared_modules.data_collection.optimized_data_fetcher - ERROR - [FAIL] Exception for RPLUSDT_1: local variable 'retry_delay' referenced before assignment (attempt 3/5)
2025-12-18 01:58:33 - shared_modules.data_collection.optimized_data_fetcher - ERROR - [FAIL] Exception for RPLUSDT_1: local variable 'retry_delay' referenced before assignment (attempt 4/5)
2025-12-18 01:58:33 - shared_modules.data_collection.optimized_data_fetcher - ERROR - [FAIL] Exception for RPLUSDT_1: local variable 'retry_delay' referenced before assignment (attempt 5/5)
2025-12-18 01:58:33 - shared_modules.data_collection.optimized_data_fetcher - ERROR - [FAIL] Failed to fetch RPLUSDT_1
2025-12-18 01:58:33 - shared_modules.data_collection.optimized_data_fetcher - WARNING - [FAIL] Rate limited for SKYUSDT_1 (attempt 1/5)
2025-12-18 01:58:33 - shared_modules.data_collection.optimized_data_fetcher - ERROR - [FAIL] Exception for SKYUSDT_1: local variable 'retry_delay' referenced before assignment (attempt 2/5)
2025-12-18 01:58:33 - shared_modules.data_collection.optimized_data_fetcher - ERROR - [FAIL] Exception for SKYUSDT_1: local variable 'retry_delay' referenced before assignment (attempt 3/5)
2025-12-18 01:58:33 - shared_modules.data_collection.optimized_data_fetcher - ERROR - [FAIL] Exception for SKYUSDT_1: local variable 'retry_delay' referenced before assignment (attempt 4/5)
2025-12-18 01:58:33 - shared_modules.data_collection.optimized_data_fetcher - ERROR - [FAIL] Exception for SKYUSDT_1: local variable 'retry_delay' referenced before assignment (attempt 5/5)
2025-12-18 01:58:33 - shared_modules.data_collection.optimized_data_fetcher - ERROR - [FAIL] Failed to fetch SKYUSDT_1
2025-12-18 01:58:33 - shared_modules.data_collection.optimized_data_fetcher - WARNING - [FAIL] Rate limited for SKYUSDT_120 (attempt 1/5)
2025-12-18 01:58:33 - shared_modules.data_collection.optimized_data_fetcher - ERROR - [FAIL] Exception for SKYUSDT_120: local variable 'retry_delay' referenced before assignment (attempt 2/5)
2025-12-18 01:58:33 - shared_modules.data_collection.optimized_data_fetcher - ERROR - [FAIL] Exception for SKYUSDT_120: local variable 'retry_delay' referenced before assignment (attempt 3/5)
2025-12-18 01:58:33 - shared_modules.data_collection.optimized_data_fetcher - ERROR - [FAIL] Exception for SKYUSDT_120: local variable 'retry_delay' referenced before assignment (attempt 4/5)
2025-12-18 01:58:33 - shared_modules.data_collection.optimized_data_fetcher - ERROR - [FAIL] Exception for SKYUSDT_120: local variable 'retry_delay' referenced before assignment (attempt 5/5)
2025-12-18 01:58:33 - shared_modules.data_collection.optimized_data_fetcher - ERROR - [FAIL] Failed to fetch SKYUSDT_120
2025-12-18 01:58:33 - shared_modules.data_collection.optimized_data_fetcher - WARNING - [FAIL] Rate limited for SLPUSDT_120 (attempt 1/5)
2025-12-18 01:58:33 - shared_modules.data_collection.optimized_data_fetcher - ERROR - [FAIL] Exception for SLPUSDT_120: local variable 'retry_delay' referenced before assignment (attempt 2/5)
2025-12-18 01:58:33 - shared_modules.data_collection.optimized_data_fetcher - ERROR - [FAIL] Exception for SLPUSDT_120: local variable 'retry_delay' referenced before assignment (attempt 3/5)
2025-12-18 01:58:33 - shared_modules.data_collection.optimized_data_fetcher - ERROR - [FAIL] Exception for SLPUSDT_120: local variable 'retry_delay' referenced before assignment (attempt 4/5)
2025-12-18 01:58:33 - shared_modules.data_collection.optimized_data_fetcher - ERROR - [FAIL] Exception for SLPUSDT_120: local variable 'retry_delay' referenced before assignment (attempt 5/5)
2025-12-18 01:58:33 - shared_modules.data_collection.optimized_data_fetcher - ERROR - [FAIL] Failed to fetch SLPUSDT_120
2025-12-18 01:58:33 - shared_modules.data_collection.optimized_data_fetcher - WARNING - [FAIL] Rate limited for RVNUSDT_5 (attempt 1/5)
2025-12-18 01:58:33 - shared_modules.data_collection.optimized_data_fetcher - ERROR - [FAIL] Exception for RVNUSDT_5: local variable 'retry_delay' referenced before assignment (attempt 2/5)
2025-12-18 01:58:33 - shared_modules.data_collection.optimized_data_fetcher - ERROR - [FAIL] Exception for RVNUSDT_5: local variable 'retry_delay' referenced before assignment (attempt 3/5)
2025-12-18 01:58:33 - shared_modules.data_collection.optimized_data_fetcher - ERROR - [FAIL] Exception for RVNUSDT_5: local variable 'retry_delay' referenced before assignment (attempt 4/5)
2025-12-18 01:58:33 - shared_modules.data_collection.optimized_data_fetcher - ERROR - [FAIL] Exception for RVNUSDT_5: local variable 'retry_delay' referenced before assignment (attempt 5/5)
2025-12-18 01:58:33 - shared_modules.data_collection.optimized_data_fetcher - ERROR - [FAIL] Failed to fetch RVNUSDT_5
2025-12-18 01:58:33 - shared_modules.data_collection.optimized_data_fetcher - WARNING - [FAIL] Rate limited for SNXUSDT_1 (attempt 1/5)
2025-12-18 01:58:33 - shared_modules.data_collection.optimized_data_fetcher - ERROR - [FAIL] Exception for SNXUSDT_1: local variable 'retry_delay' referenced before assignment (attempt 2/5)
2025-12-18 01:58:33 - shared_modules.data_collection.optimized_data_fetcher - ERROR - [FAIL] Exception for SNXUSDT_1: local variable 'retry_delay' referenced before assignment (attempt 3/5)
2025-12-18 01:58:33 - shared_modules.data_collection.optimized_data_fetcher - ERROR - [FAIL] Exception for SNXUSDT_1: local variable 'retry_delay' referenced before assignment (attempt 4/5)
2025-12-18 01:58:33 - shared_modules.data_collection.optimized_data_fetcher - ERROR - [FAIL] Exception for SNXUSDT_1: local variable 'retry_delay' referenced before assignment (attempt 5/5)
2025-12-18 01:58:33 - shared_modules.data_collection.optimized_data_fetcher - ERROR - [FAIL] Failed to fetch SNXUSDT_1
2025-12-18 01:58:33 - shared_modules.data_collection.optimized_data_fetcher - WARNING - [FAIL] Rate limited for SNXUSDT_120 (attempt 1/5)
2025-12-18 01:58:33 - shared_modules.data_collection.optimized_data_fetcher - ERROR - [FAIL] Exception for SNXUSDT_120: local variable 'retry_delay' referenced before assignment (attempt 2/5)
2025-12-18 01:58:33 - shared_modules.data_collection.optimized_data_fetcher - ERROR - [FAIL] Exception for SNXUSDT_120: local variable 'retry_delay' referenced before assignment (attempt 3/5)
2025-12-18 01:58:33 - shared_modules.data_collection.optimized_data_fetcher - ERROR - [FAIL] Exception for SNXUSDT_120: local variable 'retry_delay' referenced before assignment (attempt 4/5)
2025-12-18 01:58:33 - shared_modules.data_collection.optimized_data_fetcher - ERROR - [FAIL] Exception for SNXUSDT_120: local variable 'retry_delay' referenced before assignment (attempt 5/5)
2025-12-18 01:58:33 - shared_modules.data_collection.optimized_data_fetcher - ERROR - [FAIL] Failed to fetch SNXUSDT_120
2025-12-18 01:58:33 - shared_modules.data_collection.optimized_data_fetcher - WARNING - [FAIL] Rate limited for SOLAYERUSDT_60 (attempt 1/5)
2025-12-18 01:58:33 - shared_modules.data_collection.optimized_data_fetcher - ERROR - [FAIL] Exception for SOLAYERUSDT_60: local variable 'retry_delay' referenced before assignment (attempt 2/5)
2025-12-18 01:58:33 - shared_modules.data_collection.optimized_data_fetcher - ERROR - [FAIL] Exception for SOLAYERUSDT_60: local variable 'retry_delay' referenced before assignment (attempt 3/5)
2025-12-18 01:58:33 - shared_modules.data_collection.optimized_data_fetcher - ERROR - [FAIL] Exception for SOLAYERUSDT_60: local variable 'retry_delay' referenced before assignment (attempt 4/5)
2025-12-18 01:58:33 - shared_modules.data_collection.optimized_data_fetcher - ERROR - [FAIL] Exception for SOLAYERUSDT_60: local variable 'retry_delay' referenced before assignment (attempt 5/5)
2025-12-18 01:58:33 - shared_modules.data_collection.optimized_data_fetcher - ERROR - [FAIL] Failed to fetch SOLAYERUSDT_60
2025-12-18 01:58:33 - shared_modules.data_collection.optimized_data_fetcher - WARNING - [FAIL] Rate limited for SNXUSDT_15 (attempt 1/5)
2025-12-18 01:58:33 - shared_modules.data_collection.optimized_data_fetcher - ERROR - [FAIL] Exception for SNXUSDT_15: local variable 'retry_delay' referenced before assignment (attempt 2/5)
2025-12-18 01:58:33 - shared_modules.data_collection.optimized_data_fetcher - ERROR - [FAIL] Exception for SNXUSDT_15: local variable 'retry_delay' referenced before assignment (attempt 3/5)
2025-12-18 01:58:33 - shared_modules.data_collection.optimized_data_fetcher - ERROR - [FAIL] Exception for SNXUSDT_15: local variable 'retry_delay' referenced before assignment (attempt 4/5)
2025-12-18 01:58:33 - shared_modules.data_collection.optimized_data_fetcher - ERROR - [FAIL] Exception for SNXUSDT_15: local variable 'retry_delay' referenced before assignment (attempt 5/5)
2025-12-18 01:58:33 - shared_modules.data_collection.optimized_data_fetcher - ERROR - [FAIL] Failed to fetch SNXUSDT_15
2025-12-18 01:58:33 - shared_modules.data_collection.optimized_data_fetcher - WARNING - [FAIL] Rate limited for SOLAYERUSDT_15 (attempt 1/5)
2025-12-18 01:58:33 - shared_modules.data_collection.optimized_data_fetcher - ERROR - [FAIL] Exception for SOLAYERUSDT_15: local variable 'retry_delay' referenced before assignment (attempt 2/5)
2025-12-18 01:58:33 - shared_modules.data_collection.optimized_data_fetcher - ERROR - [FAIL] Exception for SOLAYERUSDT_15: local variable 'retry_delay' referenced before assignment (attempt 3/5)
2025-12-18 01:58:33 - shared_modules.data_collection.optimized_data_fetcher - ERROR - [FAIL] Exception for SOLAYERUSDT_15: local variable 'retry_delay' referenced before assignment (attempt 4/5)
2025-12-18 01:58:33 - shared_modules.data_collection.optimized_data_fetcher - ERROR - [FAIL] Exception for SOLAYERUSDT_15: local variable 'retry_delay' referenced before assignment (attempt 5/5)
2025-12-18 01:58:33 - shared_modules.data_collection.optimized_data_fetcher - ERROR - [FAIL] Failed to fetch SOLAYERUSDT_15
2025-12-18 01:58:33 - shared_modules.data_collection.optimized_data_fetcher - WARNING - [FAIL] Rate limited for SAHARAUSDT_15 (attempt 1/5)
2025-12-18 01:58:33 - shared_modules.data_collection.optimized_data_fetcher - ERROR - [FAIL] Exception for SAHARAUSDT_15: local variable 'retry_delay' referenced before assignment (attempt 2/5)
2025-12-18 01:58:33 - shared_modules.data_collection.optimized_data_fetcher - ERROR - [FAIL] Exception for SAHARAUSDT_15: local variable 'retry_delay' referenced before assignment (attempt 3/5)
2025-12-18 01:58:33 - shared_modules.data_collection.optimized_data_fetcher - ERROR - [FAIL] Exception for SAHARAUSDT_15: local variable 'retry_delay' referenced before assignment (attempt 4/5)
2025-12-18 01:58:33 - shared_modules.data_collection.optimized_data_fetcher - ERROR - [FAIL] Exception for SAHARAUSDT_15: local variable 'retry_delay' referenced before assignment (attempt 5/5)
2025-12-18 01:58:33 - shared_modules.data_collection.optimized_data_fetcher - ERROR - [FAIL] Failed to fetch SAHARAUSDT_15
2025-12-18 01:58:33 - shared_modules.data_collection.optimized_data_fetcher - WARNING - [FAIL] Rate limited for SANDUSDT_5 (attempt 1/5)
2025-12-18 01:58:33 - shared_modules.data_collection.optimized_data_fetcher - ERROR - [FAIL] Exception for SANDUSDT_5: local variable 'retry_delay' referenced before assignment (attempt 2/5)
2025-12-18 01:58:33 - shared_modules.data_collection.optimized_data_fetcher - ERROR - [FAIL] Exception for SANDUSDT_5: local variable 'retry_delay' referenced before assignment (attempt 3/5)
2025-12-18 01:58:33 - shared_modules.data_collection.optimized_data_fetcher - ERROR - [FAIL] Exception for SANDUSDT_5: local variable 'retry_delay' referenced before assignment (attempt 4/5)
2025-12-18 01:58:33 - shared_modules.data_collection.optimized_data_fetcher - ERROR - [FAIL] Exception for SANDUSDT_5: local variable 'retry_delay' referenced before assignment (attempt 5/5)
2025-12-18 01:58:33 - shared_modules.data_collection.optimized_data_fetcher - ERROR - [FAIL] Failed to fetch SANDUSDT_5
2025-12-18 01:58:33 - shared_modules.data_collection.optimized_data_fetcher - WARNING - [FAIL] Rate limited for SANDUSDT_60 (attempt 1/5)
2025-12-18 01:58:33 - shared_modules.data_collection.optimized_data_fetcher - ERROR - [FAIL] Exception for SANDUSDT_60: local variable 'retry_delay' referenced before assignment (attempt 2/5)
2025-12-18 01:58:33 - shared_modules.data_collection.optimized_data_fetcher - ERROR - [FAIL] Exception for SANDUSDT_60: local variable 'retry_delay' referenced before assignment (attempt 3/5)
2025-12-18 01:58:33 - shared_modules.data_collection.optimized_data_fetcher - ERROR - [FAIL] Exception for SANDUSDT_60: local variable 'retry_delay' referenced before assignment (attempt 4/5)
2025-12-18 01:58:33 - shared_modules.data_collection.optimized_data_fetcher - ERROR - [FAIL] Exception for SANDUSDT_60: local variable 'retry_delay' referenced before assignment (attempt 5/5)
2025-12-18 01:58:33 - shared_modules.data_collection.optimized_data_fetcher - ERROR - [FAIL] Failed to fetch SANDUSDT_60
2025-12-18 01:58:33 - shared_modules.data_collection.optimized_data_fetcher - WARNING - [FAIL] Rate limited for SLPUSDT_1 (attempt 1/5)
2025-12-18 01:58:33 - shared_modules.data_collection.optimized_data_fetcher - ERROR - [FAIL] Exception for SLPUSDT_1: local variable 'retry_delay' referenced before assignment (attempt 2/5)
2025-12-18 01:58:33 - shared_modules.data_collection.optimized_data_fetcher - ERROR - [FAIL] Exception for SLPUSDT_1: local variable 'retry_delay' referenced before assignment (attempt 3/5)
2025-12-18 01:58:33 - shared_modules.data_collection.optimized_data_fetcher - ERROR - [FAIL] Exception for SLPUSDT_1: local variable 'retry_delay' referenced before assignment (attempt 4/5)
2025-12-18 01:58:33 - shared_modules.data_collection.optimized_data_fetcher - ERROR - [FAIL] Exception for SLPUSDT_1: local variable 'retry_delay' referenced before assignment (attempt 5/5)
2025-12-18 01:58:33 - shared_modules.data_collection.optimized_data_fetcher - ERROR - [FAIL] Failed to fetch SLPUSDT_1
2025-12-18 01:58:33 - shared_modules.data_collection.optimized_data_fetcher - WARNING - [FAIL] Rate limited for SCUSDT_1 (attempt 1/5)
2025-12-18 01:58:33 - shared_modules.data_collection.optimized_data_fetcher - ERROR - [FAIL] Exception for SCUSDT_1: local variable 'retry_delay' referenced before assignment (attempt 2/5)
2025-12-18 01:58:33 - shared_modules.data_collection.optimized_data_fetcher - ERROR - [FAIL] Exception for SCUSDT_1: local variable 'retry_delay' referenced before assignment (attempt 3/5)
2025-12-18 01:58:33 - shared_modules.data_collection.optimized_data_fetcher - ERROR - [FAIL] Exception for SCUSDT_1: local variable 'retry_delay' referenced before assignment (attempt 4/5)
2025-12-18 01:58:33 - shared_modules.data_collection.optimized_data_fetcher - ERROR - [FAIL] Exception for SCUSDT_1: local variable 'retry_delay' referenced before assignment (attempt 5/5)
2025-12-18 01:58:33 - shared_modules.data_collection.optimized_data_fetcher - ERROR - [FAIL] Failed to fetch SCUSDT_1
2025-12-18 01:58:33 - shared_modules.data_collection.optimized_data_fetcher - WARNING - [FAIL] Rate limited for SCRUSDT_240 (attempt 1/5)
2025-12-18 01:58:33 - shared_modules.data_collection.optimized_data_fetcher - ERROR - [FAIL] Exception for SCRUSDT_240: local variable 'retry_delay' referenced before assignment (attempt 2/5)
2025-12-18 01:58:33 - shared_modules.data_collection.optimized_data_fetcher - ERROR - [FAIL] Exception for SCRUSDT_240: local variable 'retry_delay' referenced before assignment (attempt 3/5)
2025-12-18 01:58:33 - shared_modules.data_collection.optimized_data_fetcher - ERROR - [FAIL] Exception for SCRUSDT_240: local variable 'retry_delay' referenced before assignment (attempt 4/5)
2025-12-18 01:58:33 - shared_modules.data_collection.optimized_data_fetcher - ERROR - [FAIL] Exception for SCRUSDT_240: local variable 'retry_delay' referenced before assignment (attempt 5/5)
2025-12-18 01:58:33 - shared_modules.data_collection.optimized_data_fetcher - ERROR - [FAIL] Failed to fetch SCRUSDT_240
2025-12-18 01:58:33 - shared_modules.data_collection.optimized_data_fetcher - WARNING - [FAIL] Rate limited for SFPUSDT_5 (attempt 1/5)
2025-12-18 01:58:33 - shared_modules.data_collection.optimized_data_fetcher - ERROR - [FAIL] Exception for SFPUSDT_5: local variable 'retry_delay' referenced before assignment (attempt 2/5)
2025-12-18 01:58:33 - shared_modules.data_collection.optimized_data_fetcher - ERROR - [FAIL] Exception for SFPUSDT_5: local variable 'retry_delay' referenced before assignment (attempt 3/5)
2025-12-18 01:58:33 - shared_modules.data_collection.optimized_data_fetcher - ERROR - [FAIL] Exception for SFPUSDT_5: local variable 'retry_delay' referenced before assignment (attempt 4/5)
2025-12-18 01:58:33 - shared_modules.data_collection.optimized_data_fetcher - ERROR - [FAIL] Exception for SFPUSDT_5: local variable 'retry_delay' referenced before assignment (attempt 5/5)
2025-12-18 01:58:33 - shared_modules.data_collection.optimized_data_fetcher - ERROR - [FAIL] Failed to fetch SFPUSDT_5
2025-12-18 01:58:33 - shared_modules.data_collection.optimized_data_fetcher - WARNING - [FAIL] Rate limited for SHELLUSDT_1 (attempt 1/5)
2025-12-18 01:58:33 - shared_modules.data_collection.optimized_data_fetcher - ERROR - [FAIL] Exception for SHELLUSDT_1: local variable 'retry_delay' referenced before assignment (attempt 2/5)
2025-12-18 01:58:33 - shared_modules.data_collection.optimized_data_fetcher - ERROR - [FAIL] Exception for SHELLUSDT_1: local variable 'retry_delay' referenced before assignment (attempt 3/5)
2025-12-18 01:58:33 - shared_modules.data_collection.optimized_data_fetcher - ERROR - [FAIL] Exception for SHELLUSDT_1: local variable 'retry_delay' referenced before assignment (attempt 4/5)
2025-12-18 01:58:33 - shared_modules.data_collection.optimized_data_fetcher - ERROR - [FAIL] Exception for SHELLUSDT_1: local variable 'retry_delay' referenced before assignment (attempt 5/5)
2025-12-18 01:58:33 - shared_modules.data_collection.optimized_data_fetcher - ERROR - [FAIL] Failed to fetch SHELLUSDT_1
