2025-12-18 01:22:51 - shared_modules.data_collection.optimized_data_fetcher - WARNING - [FAIL] Rate limited for FFUSDT_60 (attempt 1/5)
2025-12-18 01:22:51 - shared_modules.data_collection.optimized_data_fetcher - ERROR - [FAIL] Exception for FFUSDT_60: local variable 'retry_delay' referenced before assignment (attempt 2/5)
2025-12-18 01:22:51 - shared_modules.data_collection.optimized_data_fetcher - ERROR - [FAIL] Exception for FFUSDT_60: local variable 'retry_delay' referenced before assignment (attempt 3/5)
2025-12-18 01:22:51 - shared_modules.data_collection.optimized_data_fetcher - ERROR - [FAIL] Exception for FFUSDT_60: local variable 'retry_delay' referenced before assignment (attempt 4/5)
2025-12-18 01:22:51 - shared_modules.data_collection.optimized_data_fetcher - ERROR - [FAIL] Exception for FFUSDT_60: local variable 'retry_delay' referenced before assignment (attempt 5/5)
2025-12-18 01:22:51 - shared_modules.data_collection.optimized_data_fetcher - ERROR - [FAIL] Failed to fetch FFUSDT_60
2025-12-18 01:22:51 - shared_modules.data_collection.optimized_data_fetcher - WARNING - [FAIL] Rate limited for FOLKSUSDT_1 (attempt 1/5)
2025-12-18 01:22:51 - shared_modules.data_collection.optimized_data_fetcher - ERROR - [FAIL] Exception for FOLKSUSDT_1: local variable 'retry_delay' referenced before assignment (attempt 2/5)
2025-12-18 01:22:51 - shared_modules.data_collection.optimized_data_fetcher - ERROR - [FAIL] Exception for FOLKSUSDT_1: local variable 'retry_delay' referenced before assignment (attempt 3/5)
2025-12-18 01:22:51 - shared_modules.data_collection.optimized_data_fetcher - ERROR - [FAIL] Exception for FOLKSUSDT_1: local variable 'retry_delay' referenced before assignment (attempt 4/5)
2025-12-18 01:22:51 - shared_modules.data_collection.optimized_data_fetcher - ERROR - [FAIL] Exception for FOLKSUSDT_1: local variable 'retry_delay' referenced before assignment (attempt 5/5)
2025-12-18 01:22:51 - shared_modules.data_collection.optimized_data_fetcher - ERROR - [FAIL] Failed to fetch FOLKSUSDT_1
2025-12-18 01:22:51 - shared_modules.data_collection.optimized_data_fetcher - WARNING - [FAIL] Rate limited for ETHFIUSDT_60 (attempt 1/5)
2025-12-18 01:22:51 - shared_modules.data_collection.optimized_data_fetcher - ERROR - [FAIL] Exception for ETHFIUSDT_60: local variable 'retry_delay' referenced before assignment (attempt 2/5)
2025-12-18 01:22:51 - shared_modules.data_collection.optimized_data_fetcher - ERROR - [FAIL] Exception for ETHFIUSDT_60: local variable 'retry_delay' referenced before assignment (attempt 3/5)
2025-12-18 01:22:51 - shared_modules.data_collection.optimized_data_fetcher - ERROR - [FAIL] Exception for ETHFIUSDT_60: local variable 'retry_delay' referenced before assignment (attempt 4/5)
2025-12-18 01:22:51 - shared_modules.data_collection.optimized_data_fetcher - ERROR - [FAIL] Exception for ETHFIUSDT_60: local variable 'retry_delay' referenced before assignment (attempt 5/5)
2025-12-18 01:22:51 - shared_modules.data_collection.optimized_data_fetcher - ERROR - [FAIL] Failed to fetch ETHFIUSDT_60
2025-12-18 01:22:55 - shared_modules.data_collection.optimized_data_fetcher - WARNING - [FAIL] Rate limited for PUNDIXUSDT_120 (attempt 1/5)
2025-12-18 01:22:55 - shared_modules.data_collection.optimized_data_fetcher - ERROR - [FAIL] Exception for PUNDIXUSDT_120: local variable 'retry_delay' referenced before assignment (attempt 2/5)
2025-12-18 01:22:55 - shared_modules.data_collection.optimized_data_fetcher - ERROR - [FAIL] Exception for PUNDIXUSDT_120: local variable 'retry_delay' referenced before assignment (attempt 3/5)
2025-12-18 01:22:55 - shared_modules.data_collection.optimized_data_fetcher - ERROR - [FAIL] Exception for PUNDIXUSDT_120: local variable 'retry_delay' referenced before assignment (attempt 4/5)
2025-12-18 01:22:55 - shared_modules.data_collection.optimized_data_fetcher - ERROR - [FAIL] Exception for PUNDIXUSDT_120: local variable 'retry_delay' referenced before assignment (attempt 5/5)
2025-12-18 01:22:55 - shared_modules.data_collection.optimized_data_fetcher - ERROR - [FAIL] Failed to fetch PUNDIXUSDT_120
2025-12-18 01:22:55 - shared_modules.data_collection.optimized_data_fetcher - WARNING - [FAIL] Rate limited for PUNDIXUSDT_240 (attempt 1/5)
2025-12-18 01:22:55 - shared_modules.data_collection.optimized_data_fetcher - ERROR - [FAIL] Exception for PUNDIXUSDT_240: local variable 'retry_delay' referenced before assignment (attempt 2/5)
2025-12-18 01:22:55 - shared_modules.data_collection.optimized_data_fetcher - ERROR - [FAIL] Exception for PUNDIXUSDT_240: local variable 'retry_delay' referenced before assignment (attempt 3/5)
2025-12-18 01:22:55 - shared_modules.data_collection.optimized_data_fetcher - ERROR - [FAIL] Exception for PUNDIXUSDT_240: local variable 'retry_delay' referenced before assignment (attempt 4/5)
2025-12-18 01:22:55 - shared_modules.data_collection.optimized_data_fetcher - ERROR - [FAIL] Exception for PUNDIXUSDT_240: local variable 'retry_delay' referenced before assignment (attempt 5/5)
2025-12-18 01:22:55 - shared_modules.data_collection.optimized_data_fetcher - ERROR - [FAIL] Failed to fetch PUNDIXUSDT_240
2025-12-18 01:22:55 - shared_modules.data_collection.optimized_data_fetcher - WARNING - [FAIL] Rate limited for POLYXUSDT_120 (attempt 1/5)
2025-12-18 01:22:55 - shared_modules.data_collection.optimized_data_fetcher - ERROR - [FAIL] Exception for POLYXUSDT_120: local variable 'retry_delay' referenced before assignment (attempt 2/5)
2025-12-18 01:22:55 - shared_modules.data_collection.optimized_data_fetcher - ERROR - [FAIL] Exception for POLYXUSDT_120: local variable 'retry_delay' referenced before assignment (attempt 3/5)
2025-12-18 01:22:55 - shared_modules.data_collection.optimized_data_fetcher - ERROR - [FAIL] Exception for POLYXUSDT_120: local variable 'retry_delay' referenced before assignment (attempt 4/5)
2025-12-18 01:22:55 - shared_modules.data_collection.optimized_data_fetcher - ERROR - [FAIL] Exception for POLYXUSDT_120: local variable 'retry_delay' referenced before assignment (attempt 5/5)
2025-12-18 01:22:55 - shared_modules.data_collection.optimized_data_fetcher - ERROR - [FAIL] Failed to fetch POLYXUSDT_120
2025-12-18 01:22:55 - shared_modules.data_collection.optimized_data_fetcher - WARNING - [FAIL] Rate limited for RAYDIUMUSDT_1 (attempt 1/5)
2025-12-18 01:22:55 - shared_modules.data_collection.optimized_data_fetcher - ERROR - [FAIL] Exception for RAYDIUMUSDT_1: local variable 'retry_delay' referenced before assignment (attempt 2/5)
2025-12-18 01:22:55 - shared_modules.data_collection.optimized_data_fetcher - ERROR - [FAIL] Exception for RAYDIUMUSDT_1: local variable 'retry_delay' referenced before assignment (attempt 3/5)
2025-12-18 01:22:55 - shared_modules.data_collection.optimized_data_fetcher - ERROR - [FAIL] Exception for RAYDIUMUSDT_1: local variable 'retry_delay' referenced before assignment (attempt 4/5)
2025-12-18 01:22:55 - shared_modules.data_collection.optimized_data_fetcher - ERROR - [FAIL] Exception for RAYDIUMUSDT_1: local variable 'retry_delay' referenced before assignment (attempt 5/5)
2025-12-18 01:22:55 - shared_modules.data_collection.optimized_data_fetcher - ERROR - [FAIL] Failed to fetch RAYDIUMUSDT_1
2025-12-18 01:22:55 - shared_modules.data_collection.optimized_data_fetcher - WARNING - [FAIL] Rate limited for PROMPTUSDT_60 (attempt 1/5)
2025-12-18 01:22:55 - shared_modules.data_collection.optimized_data_fetcher - ERROR - [FAIL] Exception for PROMPTUSDT_60: local variable 'retry_delay' referenced before assignment (attempt 2/5)
2025-12-18 01:22:55 - shared_modules.data_collection.optimized_data_fetcher - ERROR - [FAIL] Exception for PROMPTUSDT_60: local variable 'retry_delay' referenced before assignment (attempt 3/5)
2025-12-18 01:22:55 - shared_modules.data_collection.optimized_data_fetcher - ERROR - [FAIL] Exception for PROMPTUSDT_60: local variable 'retry_delay' referenced before assignment (attempt 4/5)
2025-12-18 01:22:55 - shared_modules.data_collection.optimized_data_fetcher - ERROR - [FAIL] Exception for PROMPTUSDT_60: local variable 'retry_delay' referenced before assignment (attempt 5/5)
2025-12-18 01:22:55 - shared_modules.data_collection.optimized_data_fetcher - ERROR - [FAIL] Failed to fetch PROMPTUSDT_60
2025-12-18 01:22:55 - shared_modules.data_collection.optimized_data_fetcher - WARNING - [FAIL] Rate limited for RESOLVUSDT_15 (attempt 1/5)
2025-12-18 01:22:55 - shared_modules.data_collection.optimized_data_fetcher - ERROR - [FAIL] Exception for RESOLVUSDT_15: local variable 'retry_delay' referenced before assignment (attempt 2/5)
2025-12-18 01:22:55 - shared_modules.data_collection.optimized_data_fetcher - ERROR - [FAIL] Exception for RESOLVUSDT_15: local variable 'retry_delay' referenced before assignment (attempt 3/5)
2025-12-18 01:22:55 - shared_modules.data_collection.optimized_data_fetcher - ERROR - [FAIL] Exception for RESOLVUSDT_15: local variable 'retry_delay' referenced before assignment (attempt 4/5)
2025-12-18 01:22:55 - shared_modules.data_collection.optimized_data_fetcher - ERROR - [FAIL] Exception for RESOLVUSDT_15: local variable 'retry_delay' referenced before assignment (attempt 5/5)
2025-12-18 01:22:55 - shared_modules.data_collection.optimized_data_fetcher - ERROR - [FAIL] Failed to fetch RESOLVUSDT_15
2025-12-18 01:22:55 - shared_modules.data_collection.optimized_data_fetcher - WARNING - [FAIL] Rate limited for REQUSDT_120 (attempt 1/5)
2025-12-18 01:22:55 - shared_modules.data_collection.optimized_data_fetcher - ERROR - [FAIL] Exception for REQUSDT_120: local variable 'retry_delay' referenced before assignment (attempt 2/5)
2025-12-18 01:22:55 - shared_modules.data_collection.optimized_data_fetcher - ERROR - [FAIL] Exception for REQUSDT_120: local variable 'retry_delay' referenced before assignment (attempt 3/5)
2025-12-18 01:22:55 - shared_modules.data_collection.optimized_data_fetcher - ERROR - [FAIL] Exception for REQUSDT_120: local variable 'retry_delay' referenced before assignment (attempt 4/5)
2025-12-18 01:22:55 - shared_modules.data_collection.optimized_data_fetcher - ERROR - [FAIL] Exception for REQUSDT_120: local variable 'retry_delay' referenced before assignment (attempt 5/5)
2025-12-18 01:22:55 - shared_modules.data_collection.optimized_data_fetcher - ERROR - [FAIL] Failed to fetch REQUSDT_120
2025-12-18 01:22:55 - shared_modules.data_collection.optimized_data_fetcher - WARNING - [FAIL] Rate limited for RESOLVUSDT_240 (attempt 1/5)
2025-12-18 01:22:55 - shared_modules.data_collection.optimized_data_fetcher - ERROR - [FAIL] Exception for RESOLVUSDT_240: local variable 'retry_delay' referenced before assignment (attempt 2/5)
2025-12-18 01:22:55 - shared_modules.data_collection.optimized_data_fetcher - ERROR - [FAIL] Exception for RESOLVUSDT_240: local variable 'retry_delay' referenced before assignment (attempt 3/5)
2025-12-18 01:22:55 - shared_modules.data_collection.optimized_data_fetcher - ERROR - [FAIL] Exception for RESOLVUSDT_240: local variable 'retry_delay' referenced before assignment (attempt 4/5)
2025-12-18 01:22:55 - shared_modules.data_collection.optimized_data_fetcher - ERROR - [FAIL] Exception for RESOLVUSDT_240: local variable 'retry_delay' referenced before assignment (attempt 5/5)
2025-12-18 01:22:55 - shared_modules.data_collection.optimized_data_fetcher - ERROR - [FAIL] Failed to fetch RESOLVUSDT_240
2025-12-18 01:22:55 - shared_modules.data_collection.optimized_data_fetcher - WARNING - [FAIL] Rate limited for REZUSDT_60 (attempt 1/5)
2025-12-18 01:22:55 - shared_modules.data_collection.optimized_data_fetcher - ERROR - [FAIL] Exception for REZUSDT_60: local variable 'retry_delay' referenced before assignment (attempt 2/5)
2025-12-18 01:22:55 - shared_modules.data_collection.optimized_data_fetcher - ERROR - [FAIL] Exception for REZUSDT_60: local variable 'retry_delay' referenced before assignment (attempt 3/5)
2025-12-18 01:22:55 - shared_modules.data_collection.optimized_data_fetcher - ERROR - [FAIL] Exception for REZUSDT_60: local variable 'retry_delay' referenced before assignment (attempt 4/5)
2025-12-18 01:22:55 - shared_modules.data_collection.optimized_data_fetcher - ERROR - [FAIL] Exception for REZUSDT_60: local variable 'retry_delay' referenced before assignment (attempt 5/5)
2025-12-18 01:22:55 - shared_modules.data_collection.optimized_data_fetcher - ERROR - [FAIL] Failed to fetch REZUSDT_60
2025-12-18 01:22:55 - shared_modules.data_collection.optimized_data_fetcher - WARNING - [FAIL] Rate limited for RIVERUSDT_15 (attempt 1/5)
2025-12-18 01:22:55 - shared_modules.data_collection.optimized_data_fetcher - ERROR - [FAIL] Exception for RIVERUSDT_15: local variable 'retry_delay' referenced before assignment (attempt 2/5)
2025-12-18 01:22:55 - shared_modules.data_collection.optimized_data_fetcher - ERROR - [FAIL] Exception for RIVERUSDT_15: local variable 'retry_delay' referenced before assignment (attempt 3/5)
2025-12-18 01:22:55 - shared_modules.data_collection.optimized_data_fetcher - ERROR - [FAIL] Exception for RIVERUSDT_15: local variable 'retry_delay' referenced before assignment (attempt 4/5)
2025-12-18 01:22:55 - shared_modules.data_collection.optimized_data_fetcher - ERROR - [FAIL] Exception for RIVERUSDT_15: local variable 'retry_delay' referenced before assignment (attempt 5/5)
2025-12-18 01:22:55 - shared_modules.data_collection.optimized_data_fetcher - ERROR - [FAIL] Failed to fetch RIVERUSDT_15
2025-12-18 01:22:55 - shared_modules.data_collection.optimized_data_fetcher - WARNING - [FAIL] Rate limited for RLCUSDT_1 (attempt 1/5)
2025-12-18 01:22:55 - shared_modules.data_collection.optimized_data_fetcher - ERROR - [FAIL] Exception for RLCUSDT_1: local variable 'retry_delay' referenced before assignment (attempt 2/5)
2025-12-18 01:22:55 - shared_modules.data_collection.optimized_data_fetcher - ERROR - [FAIL] Exception for RLCUSDT_1: local variable 'retry_delay' referenced before assignment (attempt 3/5)
2025-12-18 01:22:55 - shared_modules.data_collection.optimized_data_fetcher - ERROR - [FAIL] Exception for RLCUSDT_1: local variable 'retry_delay' referenced before assignment (attempt 4/5)
2025-12-18 01:22:55 - shared_modules.data_collection.optimized_data_fetcher - ERROR - [FAIL] Exception for RLCUSDT_1: local variable 'retry_delay' referenced before assignment (attempt 5/5)
2025-12-18 01:22:55 - shared_modules.data_collection.optimized_data_fetcher - ERROR - [FAIL] Failed to fetch RLCUSDT_1
2025-12-18 01:22:55 - shared_modules.data_collection.optimized_data_fetcher - WARNING - [FAIL] Rate limited for RLSUSDT_1 (attempt 1/5)
2025-12-18 01:22:55 - shared_modules.data_collection.optimized_data_fetcher - ERROR - [FAIL] Exception for RLSUSDT_1: local variable 'retry_delay' referenced before assignment (attempt 2/5)
2025-12-18 01:22:55 - shared_modules.data_collection.optimized_data_fetcher - ERROR - [FAIL] Exception for RLSUSDT_1: local variable 'retry_delay' referenced before assignment (attempt 3/5)
2025-12-18 01:22:55 - shared_modules.data_collection.optimized_data_fetcher - ERROR - [FAIL] Exception for RLSUSDT_1: local variable 'retry_delay' referenced before assignment (attempt 4/5)
2025-12-18 01:22:55 - shared_modules.data_collection.optimized_data_fetcher - ERROR - [FAIL] Exception for RLSUSDT_1: local variable 'retry_delay' referenced before assignment (attempt 5/5)
2025-12-18 01:22:55 - shared_modules.data_collection.optimized_data_fetcher - ERROR - [FAIL] Failed to fetch RLSUSDT_1
2025-12-18 01:22:55 - shared_modules.data_collection.optimized_data_fetcher - WARNING - [FAIL] Rate limited for RONINUSDT_1 (attempt 1/5)
2025-12-18 01:22:55 - shared_modules.data_collection.optimized_data_fetcher - ERROR - [FAIL] Exception for RONINUSDT_1: local variable 'retry_delay' referenced before assignment (attempt 2/5)
2025-12-18 01:22:55 - shared_modules.data_collection.optimized_data_fetcher - ERROR - [FAIL] Exception for RONINUSDT_1: local variable 'retry_delay' referenced before assignment (attempt 3/5)
2025-12-18 01:22:55 - shared_modules.data_collection.optimized_data_fetcher - ERROR - [FAIL] Exception for RONINUSDT_1: local variable 'retry_delay' referenced before assignment (attempt 4/5)
2025-12-18 01:22:55 - shared_modules.data_collection.optimized_data_fetcher - ERROR - [FAIL] Exception for RONINUSDT_1: local variable 'retry_delay' referenced before assignment (attempt 5/5)
2025-12-18 01:22:55 - shared_modules.data_collection.optimized_data_fetcher - ERROR - [FAIL] Failed to fetch RONINUSDT_1
2025-12-18 01:22:55 - shared_modules.data_collection.optimized_data_fetcher - WARNING - [FAIL] Rate limited for RPLUSDT_60 (attempt 1/5)
2025-12-18 01:22:55 - shared_modules.data_collection.optimized_data_fetcher - ERROR - [FAIL] Exception for RPLUSDT_60: local variable 'retry_delay' referenced before assignment (attempt 2/5)
2025-12-18 01:22:55 - shared_modules.data_collection.optimized_data_fetcher - ERROR - [FAIL] Exception for RPLUSDT_60: local variable 'retry_delay' referenced before assignment (attempt 3/5)
2025-12-18 01:22:55 - shared_modules.data_collection.optimized_data_fetcher - ERROR - [FAIL] Exception for RPLUSDT_60: local variable 'retry_delay' referenced before assignment (attempt 4/5)
2025-12-18 01:22:55 - shared_modules.data_collection.optimized_data_fetcher - ERROR - [FAIL] Exception for RPLUSDT_60: local variable 'retry_delay' referenced before assignment (attempt 5/5)
2025-12-18 01:22:55 - shared_modules.data_collection.optimized_data_fetcher - ERROR - [FAIL] Failed to fetch RPLUSDT_60
2025-12-18 01:22:55 - shared_modules.data_collection.optimized_data_fetcher - WARNING - [FAIL] Rate limited for RSRUSDT_120 (attempt 1/5)
2025-12-18 01:22:55 - shared_modules.data_collection.optimized_data_fetcher - ERROR - [FAIL] Exception for RSRUSDT_120: local variable 'retry_delay' referenced before assignment (attempt 2/5)
2025-12-18 01:22:55 - shared_modules.data_collection.optimized_data_fetcher - ERROR - [FAIL] Exception for RSRUSDT_120: local variable 'retry_delay' referenced before assignment (attempt 3/5)
2025-12-18 01:22:55 - shared_modules.data_collection.optimized_data_fetcher - ERROR - [FAIL] Exception for RSRUSDT_120: local variable 'retry_delay' referenced before assignment (attempt 4/5)
2025-12-18 01:22:55 - shared_modules.data_collection.optimized_data_fetcher - ERROR - [FAIL] Exception for RSRUSDT_120: local variable 'retry_delay' referenced before assignment (attempt 5/5)
2025-12-18 01:22:55 - shared_modules.data_collection.optimized_data_fetcher - ERROR - [FAIL] Failed to fetch RSRUSDT_120
2025-12-18 01:22:55 - shared_modules.data_collection.optimized_data_fetcher - WARNING - [FAIL] Rate limited for SAHARAUSDT_5 (attempt 1/5)
2025-12-18 01:22:55 - shared_modules.data_collection.optimized_data_fetcher - ERROR - [FAIL] Exception for SAHARAUSDT_5: local variable 'retry_delay' referenced before assignment (attempt 2/5)
2025-12-18 01:22:55 - shared_modules.data_collection.optimized_data_fetcher - ERROR - [FAIL] Exception for SAHARAUSDT_5: local variable 'retry_delay' referenced before assignment (attempt 3/5)
2025-12-18 01:22:55 - shared_modules.data_collection.optimized_data_fetcher - ERROR - [FAIL] Exception for SAHARAUSDT_5: local variable 'retry_delay' referenced before assignment (attempt 4/5)
2025-12-18 01:22:55 - shared_modules.data_collection.optimized_data_fetcher - ERROR - [FAIL] Exception for SAHARAUSDT_5: local variable 'retry_delay' referenced before assignment (attempt 5/5)
2025-12-18 01:22:55 - shared_modules.data_collection.optimized_data_fetcher - ERROR - [FAIL] Failed to fetch SAHARAUSDT_5
2025-12-18 01:22:55 - shared_modules.data_collection.optimized_data_fetcher - WARNING - [FAIL] Rate limited for SAROSUSDT_5 (attempt 1/5)
2025-12-18 01:22:55 - shared_modules.data_collection.optimized_data_fetcher - ERROR - [FAIL] Exception for SAROSUSDT_5: local variable 'retry_delay' referenced before assignment (attempt 2/5)
2025-12-18 01:22:55 - shared_modules.data_collection.optimized_data_fetcher - ERROR - [FAIL] Exception for SAROSUSDT_5: local variable 'retry_delay' referenced before assignment (attempt 3/5)
2025-12-18 01:22:55 - shared_modules.data_collection.optimized_data_fetcher - ERROR - [FAIL] Exception for SAROSUSDT_5: local variable 'retry_delay' referenced before assignment (attempt 4/5)
2025-12-18 01:22:55 - shared_modules.data_collection.optimized_data_fetcher - ERROR - [FAIL] Exception for SAROSUSDT_5: local variable 'retry_delay' referenced before assignment (attempt 5/5)
2025-12-18 01:22:55 - shared_modules.data_collection.optimized_data_fetcher - ERROR - [FAIL] Failed to fetch SAROSUSDT_5
2025-12-18 01:22:55 - shared_modules.data_collection.optimized_data_fetcher - WARNING - [FAIL] Rate limited for SCRUSDT_5 (attempt 1/5)
2025-12-18 01:22:55 - shared_modules.data_collection.optimized_data_fetcher - ERROR - [FAIL] Exception for SCRUSDT_5: local variable 'retry_delay' referenced before assignment (attempt 2/5)
2025-12-18 01:22:55 - shared_modules.data_collection.optimized_data_fetcher - ERROR - [FAIL] Exception for SCRUSDT_5: local variable 'retry_delay' referenced before assignment (attempt 3/5)
2025-12-18 01:22:55 - shared_modules.data_collection.optimized_data_fetcher - ERROR - [FAIL] Exception for SCRUSDT_5: local variable 'retry_delay' referenced before assignment (attempt 4/5)
2025-12-18 01:22:55 - shared_modules.data_collection.optimized_data_fetcher - ERROR - [FAIL] Exception for SCRUSDT_5: local variable 'retry_delay' referenced before assignment (attempt 5/5)
2025-12-18 01:22:55 - shared_modules.data_collection.optimized_data_fetcher - ERROR - [FAIL] Failed to fetch SCRUSDT_5
2025-12-18 01:22:56 - shared_modules.data_collection.optimized_data_fetcher - WARNING - [FAIL] Rate limited for SIRENUSDT_120 (attempt 1/5)
2025-12-18 01:22:56 - shared_modules.data_collection.optimized_data_fetcher - ERROR - [FAIL] Exception for SIRENUSDT_120: local variable 'retry_delay' referenced before assignment (attempt 2/5)
2025-12-18 01:22:56 - shared_modules.data_collection.optimized_data_fetcher - ERROR - [FAIL] Exception for SIRENUSDT_120: local variable 'retry_delay' referenced before assignment (attempt 3/5)
2025-12-18 01:22:56 - shared_modules.data_collection.optimized_data_fetcher - ERROR - [FAIL] Exception for SIRENUSDT_120: local variable 'retry_delay' referenced before assignment (attempt 4/5)
2025-12-18 01:22:56 - shared_modules.data_collection.optimized_data_fetcher - ERROR - [FAIL] Exception for SIRENUSDT_120: local variable 'retry_delay' referenced before assignment (attempt 5/5)
2025-12-18 01:22:56 - shared_modules.data_collection.optimized_data_fetcher - ERROR - [FAIL] Failed to fetch SIRENUSDT_120
2025-12-18 01:22:56 - shared_modules.data_collection.optimized_data_fetcher - WARNING - [FAIL] Rate limited for SKLUSDT_1 (attempt 1/5)
2025-12-18 01:22:56 - shared_modules.data_collection.optimized_data_fetcher - ERROR - [FAIL] Exception for SKLUSDT_1: local variable 'retry_delay' referenced before assignment (attempt 2/5)
2025-12-18 01:22:56 - shared_modules.data_collection.optimized_data_fetcher - ERROR - [FAIL] Exception for SKLUSDT_1: local variable 'retry_delay' referenced before assignment (attempt 3/5)
2025-12-18 01:22:56 - shared_modules.data_collection.optimized_data_fetcher - ERROR - [FAIL] Exception for SKLUSDT_1: local variable 'retry_delay' referenced before assignment (attempt 4/5)
2025-12-18 01:22:56 - shared_modules.data_collection.optimized_data_fetcher - ERROR - [FAIL] Exception for SKLUSDT_1: local variable 'retry_delay' referenced before assignment (attempt 5/5)
2025-12-18 01:22:56 - shared_modules.data_collection.optimized_data_fetcher - ERROR - [FAIL] Failed to fetch SKLUSDT_1
2025-12-18 01:22:56 - shared_modules.data_collection.optimized_data_fetcher - WARNING - [FAIL] Rate limited for SNTUSDT_1 (attempt 1/5)
2025-12-18 01:22:56 - shared_modules.data_collection.optimized_data_fetcher - ERROR - [FAIL] Exception for SNTUSDT_1: local variable 'retry_delay' referenced before assignment (attempt 2/5)
2025-12-18 01:22:56 - shared_modules.data_collection.optimized_data_fetcher - ERROR - [FAIL] Exception for SNTUSDT_1: local variable 'retry_delay' referenced before assignment (attempt 3/5)
2025-12-18 01:22:56 - shared_modules.data_collection.optimized_data_fetcher - ERROR - [FAIL] Exception for SNTUSDT_1: local variable 'retry_delay' referenced before assignment (attempt 4/5)
2025-12-18 01:22:56 - shared_modules.data_collection.optimized_data_fetcher - ERROR - [FAIL] Exception for SNTUSDT_1: local variable 'retry_delay' referenced before assignment (attempt 5/5)
2025-12-18 01:22:56 - shared_modules.data_collection.optimized_data_fetcher - ERROR - [FAIL] Failed to fetch SNTUSDT_1
2025-12-18 01:22:56 - shared_modules.data_collection.optimized_data_fetcher - WARNING - [FAIL] Rate limited for RVNUSDT_1 (attempt 1/5)
2025-12-18 01:22:56 - shared_modules.data_collection.optimized_data_fetcher - ERROR - [FAIL] Exception for RVNUSDT_1: local variable 'retry_delay' referenced before assignment (attempt 2/5)
2025-12-18 01:22:56 - shared_modules.data_collection.optimized_data_fetcher - ERROR - [FAIL] Exception for RVNUSDT_1: local variable 'retry_delay' referenced before assignment (attempt 3/5)
2025-12-18 01:22:56 - shared_modules.data_collection.optimized_data_fetcher - ERROR - [FAIL] Exception for RVNUSDT_1: local variable 'retry_delay' referenced before assignment (attempt 4/5)
2025-12-18 01:22:56 - shared_modules.data_collection.optimized_data_fetcher - ERROR - [FAIL] Exception for RVNUSDT_1: local variable 'retry_delay' referenced before assignment (attempt 5/5)
2025-12-18 01:22:56 - shared_modules.data_collection.optimized_data_fetcher - ERROR - [FAIL] Failed to fetch RVNUSDT_1
2025-12-18 01:22:56 - shared_modules.data_collection.optimized_data_fetcher - WARNING - [FAIL] Rate limited for SNTUSDT_5 (attempt 1/5)
2025-12-18 01:22:56 - shared_modules.data_collection.optimized_data_fetcher - ERROR - [FAIL] Exception for SNTUSDT_5: local variable 'retry_delay' referenced before assignment (attempt 2/5)
2025-12-18 01:22:56 - shared_modules.data_collection.optimized_data_fetcher - ERROR - [FAIL] Exception for SNTUSDT_5: local variable 'retry_delay' referenced before assignment (attempt 3/5)
2025-12-18 01:22:56 - shared_modules.data_collection.optimized_data_fetcher - ERROR - [FAIL] Exception for SNTUSDT_5: local variable 'retry_delay' referenced before assignment (attempt 4/5)
2025-12-18 01:22:56 - shared_modules.data_collection.optimized_data_fetcher - ERROR - [FAIL] Exception for SNTUSDT_5: local variable 'retry_delay' referenced before assignment (attempt 5/5)
2025-12-18 01:22:56 - shared_modules.data_collection.optimized_data_fetcher - ERROR - [FAIL] Failed to fetch SNTUSDT_5
2025-12-18 01:22:56 - shared_modules.data_collection.optimized_data_fetcher - WARNING - [FAIL] Rate limited for SNTUSDT_120 (attempt 1/5)
2025-12-18 01:22:56 - shared_modules.data_collection.optimized_data_fetcher - ERROR - [FAIL] Exception for SNTUSDT_120: local variable 'retry_delay' referenced before assignment (attempt 2/5)
2025-12-18 01:22:56 - shared_modules.data_collection.optimized_data_fetcher - ERROR - [FAIL] Exception for SNTUSDT_120: local variable 'retry_delay' referenced before assignment (attempt 3/5)
2025-12-18 01:22:56 - shared_modules.data_collection.optimized_data_fetcher - ERROR - [FAIL] Exception for SNTUSDT_120: local variable 'retry_delay' referenced before assignment (attempt 4/5)
2025-12-18 01:22:56 - shared_modules.data_collection.optimized_data_fetcher - ERROR - [FAIL] Exception for SNTUSDT_120: local variable 'retry_delay' referenced before assignment (attempt 5/5)
2025-12-18 01:22:56 - shared_modules.data_collection.optimized_data_fetcher - ERROR - [FAIL] Failed to fetch SNTUSDT_120
2025-12-18 01:22:56 - shared_modules.data_collection.optimized_data_fetcher - WARNING - [FAIL] Rate limited for RVNUSDT_240 (attempt 1/5)
2025-12-18 01:22:56 - shared_modules.data_collection.optimized_data_fetcher - ERROR - [FAIL] Exception for RVNUSDT_240: local variable 'retry_delay' referenced before assignment (attempt 2/5)
2025-12-18 01:22:56 - shared_modules.data_collection.optimized_data_fetcher - ERROR - [FAIL] Exception for RVNUSDT_240: local variable 'retry_delay' referenced before assignment (attempt 3/5)
2025-12-18 01:22:56 - shared_modules.data_collection.optimized_data_fetcher - ERROR - [FAIL] Exception for RVNUSDT_240: local variable 'retry_delay' referenced before assignment (attempt 4/5)
2025-12-18 01:22:56 - shared_modules.data_collection.optimized_data_fetcher - ERROR - [FAIL] Exception for RVNUSDT_240: local variable 'retry_delay' referenced before assignment (attempt 5/5)
2025-12-18 01:22:56 - shared_modules.data_collection.optimized_data_fetcher - ERROR - [FAIL] Failed to fetch RVNUSDT_240
2025-12-18 01:22:56 - shared_modules.data_collection.optimized_data_fetcher - WARNING - [FAIL] Rate limited for SOLAYERUSDT_15 (attempt 1/5)
2025-12-18 01:22:56 - shared_modules.data_collection.optimized_data_fetcher - ERROR - [FAIL] Exception for SOLAYERUSDT_15: local variable 'retry_delay' referenced before assignment (attempt 2/5)
2025-12-18 01:22:56 - shared_modules.data_collection.optimized_data_fetcher - ERROR - [FAIL] Exception for SOLAYERUSDT_15: local variable 'retry_delay' referenced before assignment (attempt 3/5)
2025-12-18 01:22:56 - shared_modules.data_collection.optimized_data_fetcher - ERROR - [FAIL] Exception for SOLAYERUSDT_15: local variable 'retry_delay' referenced before assignment (attempt 4/5)
2025-12-18 01:22:56 - shared_modules.data_collection.optimized_data_fetcher - ERROR - [FAIL] Exception for SOLAYERUSDT_15: local variable 'retry_delay' referenced before assignment (attempt 5/5)
2025-12-18 01:22:56 - shared_modules.data_collection.optimized_data_fetcher - ERROR - [FAIL] Failed to fetch SOLAYERUSDT_15
2025-12-18 01:22:56 - shared_modules.data_collection.optimized_data_fetcher - WARNING - [FAIL] Rate limited for SOLAYERUSDT_60 (attempt 1/5)
2025-12-18 01:22:56 - shared_modules.data_collection.optimized_data_fetcher - ERROR - [FAIL] Exception for SOLAYERUSDT_60: local variable 'retry_delay' referenced before assignment (attempt 2/5)
2025-12-18 01:22:56 - shared_modules.data_collection.optimized_data_fetcher - ERROR - [FAIL] Exception for SOLAYERUSDT_60: local variable 'retry_delay' referenced before assignment (attempt 3/5)
2025-12-18 01:22:56 - shared_modules.data_collection.optimized_data_fetcher - ERROR - [FAIL] Exception for SOLAYERUSDT_60: local variable 'retry_delay' referenced before assignment (attempt 4/5)
2025-12-18 01:22:56 - shared_modules.data_collection.optimized_data_fetcher - ERROR - [FAIL] Exception for SOLAYERUSDT_60: local variable 'retry_delay' referenced before assignment (attempt 5/5)
2025-12-18 01:22:56 - shared_modules.data_collection.optimized_data_fetcher - ERROR - [FAIL] Failed to fetch SOLAYERUSDT_60
2025-12-18 01:22:56 - shared_modules.data_collection.optimized_data_fetcher - WARNING - [FAIL] Rate limited for SOLUSDT_5 (attempt 1/5)
2025-12-18 01:22:56 - shared_modules.data_collection.optimized_data_fetcher - ERROR - [FAIL] Exception for SOLUSDT_5: local variable 'retry_delay' referenced before assignment (attempt 2/5)
2025-12-18 01:22:56 - shared_modules.data_collection.optimized_data_fetcher - ERROR - [FAIL] Exception for SOLUSDT_5: local variable 'retry_delay' referenced before assignment (attempt 3/5)
2025-12-18 01:22:56 - shared_modules.data_collection.optimized_data_fetcher - ERROR - [FAIL] Exception for SOLUSDT_5: local variable 'retry_delay' referenced before assignment (attempt 4/5)
2025-12-18 01:22:56 - shared_modules.data_collection.optimized_data_fetcher - ERROR - [FAIL] Exception for SOLUSDT_5: local variable 'retry_delay' referenced before assignment (attempt 5/5)
2025-12-18 01:22:56 - shared_modules.data_collection.optimized_data_fetcher - ERROR - [FAIL] Failed to fetch SOLUSDT_5
2025-12-18 01:22:56 - shared_modules.data_collection.optimized_data_fetcher - WARNING - [FAIL] Rate limited for SOSOUSDT_5 (attempt 1/5)
2025-12-18 01:22:56 - shared_modules.data_collection.optimized_data_fetcher - ERROR - [FAIL] Exception for SOSOUSDT_5: local variable 'retry_delay' referenced before assignment (attempt 2/5)
2025-12-18 01:22:56 - shared_modules.data_collection.optimized_data_fetcher - ERROR - [FAIL] Exception for SOSOUSDT_5: local variable 'retry_delay' referenced before assignment (attempt 3/5)
2025-12-18 01:22:56 - shared_modules.data_collection.optimized_data_fetcher - ERROR - [FAIL] Exception for SOSOUSDT_5: local variable 'retry_delay' referenced before assignment (attempt 4/5)
2025-12-18 01:22:56 - shared_modules.data_collection.optimized_data_fetcher - ERROR - [FAIL] Exception for SOSOUSDT_5: local variable 'retry_delay' referenced before assignment (attempt 5/5)
2025-12-18 01:22:56 - shared_modules.data_collection.optimized_data_fetcher - ERROR - [FAIL] Failed to fetch SOSOUSDT_5
2025-12-18 01:22:56 - shared_modules.data_collection.optimized_data_fetcher - WARNING - [FAIL] Rate limited for SONICUSDT_15 (attempt 1/5)
2025-12-18 01:22:56 - shared_modules.data_collection.optimized_data_fetcher - ERROR - [FAIL] Exception for SONICUSDT_15: local variable 'retry_delay' referenced before assignment (attempt 2/5)
2025-12-18 01:22:56 - shared_modules.data_collection.optimized_data_fetcher - ERROR - [FAIL] Exception for SONICUSDT_15: local variable 'retry_delay' referenced before assignment (attempt 3/5)
2025-12-18 01:22:56 - shared_modules.data_collection.optimized_data_fetcher - ERROR - [FAIL] Exception for SONICUSDT_15: local variable 'retry_delay' referenced before assignment (attempt 4/5)
2025-12-18 01:22:56 - shared_modules.data_collection.optimized_data_fetcher - ERROR - [FAIL] Exception for SONICUSDT_15: local variable 'retry_delay' referenced before assignment (attempt 5/5)
2025-12-18 01:22:56 - shared_modules.data_collection.optimized_data_fetcher - ERROR - [FAIL] Failed to fetch SONICUSDT_15
2025-12-18 01:22:56 - shared_modules.data_collection.optimized_data_fetcher - WARNING - [FAIL] Rate limited for SOMIUSDT_120 (attempt 1/5)
2025-12-18 01:22:56 - shared_modules.data_collection.optimized_data_fetcher - ERROR - [FAIL] Exception for SOMIUSDT_120: local variable 'retry_delay' referenced before assignment (attempt 2/5)
2025-12-18 01:22:56 - shared_modules.data_collection.optimized_data_fetcher - ERROR - [FAIL] Exception for SOMIUSDT_120: local variable 'retry_delay' referenced before assignment (attempt 3/5)
2025-12-18 01:22:56 - shared_modules.data_collection.optimized_data_fetcher - ERROR - [FAIL] Exception for SOMIUSDT_120: local variable 'retry_delay' referenced before assignment (attempt 4/5)
2025-12-18 01:22:56 - shared_modules.data_collection.optimized_data_fetcher - ERROR - [FAIL] Exception for SOMIUSDT_120: local variable 'retry_delay' referenced before assignment (attempt 5/5)
2025-12-18 01:22:56 - shared_modules.data_collection.optimized_data_fetcher - ERROR - [FAIL] Failed to fetch SOMIUSDT_120
2025-12-18 01:22:56 - shared_modules.data_collection.optimized_data_fetcher - WARNING - [FAIL] Rate limited for SONICUSDT_120 (attempt 1/5)
2025-12-18 01:22:56 - shared_modules.data_collection.optimized_data_fetcher - ERROR - [FAIL] Exception for SONICUSDT_120: local variable 'retry_delay' referenced before assignment (attempt 2/5)
2025-12-18 01:22:56 - shared_modules.data_collection.optimized_data_fetcher - ERROR - [FAIL] Exception for SONICUSDT_120: local variable 'retry_delay' referenced before assignment (attempt 3/5)
2025-12-18 01:22:56 - shared_modules.data_collection.optimized_data_fetcher - ERROR - [FAIL] Exception for SONICUSDT_120: local variable 'retry_delay' referenced before assignment (attempt 4/5)
2025-12-18 01:22:56 - shared_modules.data_collection.optimized_data_fetcher - ERROR - [FAIL] Exception for SONICUSDT_120: local variable 'retry_delay' referenced before assignment (attempt 5/5)
2025-12-18 01:22:56 - shared_modules.data_collection.optimized_data_fetcher - ERROR - [FAIL] Failed to fetch SONICUSDT_120
2025-12-18 01:22:56 - shared_modules.data_collection.optimized_data_fetcher - WARNING - [FAIL] Rate limited for SPELLUSDT_120 (attempt 1/5)
2025-12-18 01:22:56 - shared_modules.data_collection.optimized_data_fetcher - ERROR - [FAIL] Exception for SPELLUSDT_120: local variable 'retry_delay' referenced before assignment (attempt 2/5)
2025-12-18 01:22:56 - shared_modules.data_collection.optimized_data_fetcher - ERROR - [FAIL] Exception for SPELLUSDT_120: local variable 'retry_delay' referenced before assignment (attempt 3/5)
2025-12-18 01:22:56 - shared_modules.data_collection.optimized_data_fetcher - ERROR - [FAIL] Exception for SPELLUSDT_120: local variable 'retry_delay' referenced before assignment (attempt 4/5)
2025-12-18 01:22:56 - shared_modules.data_collection.optimized_data_fetcher - ERROR - [FAIL] Exception for SPELLUSDT_120: local variable 'retry_delay' referenced before assignment (attempt 5/5)
2025-12-18 01:22:56 - shared_modules.data_collection.optimized_data_fetcher - ERROR - [FAIL] Failed to fetch SPELLUSDT_120
2025-12-18 01:22:56 - shared_modules.data_collection.optimized_data_fetcher - WARNING - [FAIL] Rate limited for SOONUSDT_60 (attempt 1/5)
2025-12-18 01:22:56 - shared_modules.data_collection.optimized_data_fetcher - ERROR - [FAIL] Exception for SOONUSDT_60: local variable 'retry_delay' referenced before assignment (attempt 2/5)
2025-12-18 01:22:56 - shared_modules.data_collection.optimized_data_fetcher - ERROR - [FAIL] Exception for SOONUSDT_60: local variable 'retry_delay' referenced before assignment (attempt 3/5)
2025-12-18 01:22:56 - shared_modules.data_collection.optimized_data_fetcher - ERROR - [FAIL] Exception for SOONUSDT_60: local variable 'retry_delay' referenced before assignment (attempt 4/5)
2025-12-18 01:22:56 - shared_modules.data_collection.optimized_data_fetcher - ERROR - [FAIL] Exception for SOONUSDT_60: local variable 'retry_delay' referenced before assignment (attempt 5/5)
2025-12-18 01:22:56 - shared_modules.data_collection.optimized_data_fetcher - ERROR - [FAIL] Failed to fetch SOONUSDT_60
2025-12-18 01:22:56 - shared_modules.data_collection.optimized_data_fetcher - WARNING - [FAIL] Rate limited for SPELLUSDT_240 (attempt 1/5)
2025-12-18 01:22:56 - shared_modules.data_collection.optimized_data_fetcher - ERROR - [FAIL] Exception for SPELLUSDT_240: local variable 'retry_delay' referenced before assignment (attempt 2/5)
2025-12-18 01:22:56 - shared_modules.data_collection.optimized_data_fetcher - ERROR - [FAIL] Exception for SPELLUSDT_240: local variable 'retry_delay' referenced before assignment (attempt 3/5)
2025-12-18 01:22:56 - shared_modules.data_collection.optimized_data_fetcher - ERROR - [FAIL] Exception for SPELLUSDT_240: local variable 'retry_delay' referenced before assignment (attempt 4/5)
2025-12-18 01:22:56 - shared_modules.data_collection.optimized_data_fetcher - ERROR - [FAIL] Exception for SPELLUSDT_240: local variable 'retry_delay' referenced before assignment (attempt 5/5)
2025-12-18 01:22:56 - shared_modules.data_collection.optimized_data_fetcher - ERROR - [FAIL] Failed to fetch SPELLUSDT_240
2025-12-18 01:22:56 - shared_modules.data_collection.optimized_data_fetcher - WARNING - [FAIL] Rate limited for SHELLUSDT_240 (attempt 1/5)
2025-12-18 01:22:56 - shared_modules.data_collection.optimized_data_fetcher - ERROR - [FAIL] Exception for SHELLUSDT_240: local variable 'retry_delay' referenced before assignment (attempt 2/5)
2025-12-18 01:22:56 - shared_modules.data_collection.optimized_data_fetcher - ERROR - [FAIL] Exception for SHELLUSDT_240: local variable 'retry_delay' referenced before assignment (attempt 3/5)
2025-12-18 01:22:56 - shared_modules.data_collection.optimized_data_fetcher - ERROR - [FAIL] Exception for SHELLUSDT_240: local variable 'retry_delay' referenced before assignment (attempt 4/5)
2025-12-18 01:22:56 - shared_modules.data_collection.optimized_data_fetcher - ERROR - [FAIL] Exception for SHELLUSDT_240: local variable 'retry_delay' referenced before assignment (attempt 5/5)
2025-12-18 01:22:56 - shared_modules.data_collection.optimized_data_fetcher - ERROR - [FAIL] Failed to fetch SHELLUSDT_240
2025-12-18 01:22:56 - shared_modules.data_collection.optimized_data_fetcher - WARNING - [FAIL] Rate limited for SHIB1000USDT_5 (attempt 1/5)
2025-12-18 01:22:56 - shared_modules.data_collection.optimized_data_fetcher - ERROR - [FAIL] Exception for SHIB1000USDT_5: local variable 'retry_delay' referenced before assignment (attempt 2/5)
2025-12-18 01:22:56 - shared_modules.data_collection.optimized_data_fetcher - ERROR - [FAIL] Exception for SHIB1000USDT_5: local variable 'retry_delay' referenced before assignment (attempt 3/5)
2025-12-18 01:22:56 - shared_modules.data_collection.optimized_data_fetcher - ERROR - [FAIL] Exception for SHIB1000USDT_5: local variable 'retry_delay' referenced before assignment (attempt 4/5)
2025-12-18 01:22:56 - shared_modules.data_collection.optimized_data_fetcher - ERROR - [FAIL] Exception for SHIB1000USDT_5: local variable 'retry_delay' referenced before assignment (attempt 5/5)
2025-12-18 01:22:56 - shared_modules.data_collection.optimized_data_fetcher - ERROR - [FAIL] Failed to fetch SHIB1000USDT_5
2025-12-18 01:22:56 - shared_modules.data_collection.optimized_data_fetcher - WARNING - [FAIL] Rate limited for SPXUSDT_1 (attempt 1/5)
2025-12-18 01:22:56 - shared_modules.data_collection.optimized_data_fetcher - ERROR - [FAIL] Exception for SPXUSDT_1: local variable 'retry_delay' referenced before assignment (attempt 2/5)
2025-12-18 01:22:56 - shared_modules.data_collection.optimized_data_fetcher - ERROR - [FAIL] Exception for SPXUSDT_1: local variable 'retry_delay' referenced before assignment (attempt 3/5)
2025-12-18 01:22:56 - shared_modules.data_collection.optimized_data_fetcher - ERROR - [FAIL] Exception for SPXUSDT_1: local variable 'retry_delay' referenced before assignment (attempt 4/5)
2025-12-18 01:22:56 - shared_modules.data_collection.optimized_data_fetcher - ERROR - [FAIL] Exception for SPXUSDT_1: local variable 'retry_delay' referenced before assignment (attempt 5/5)
2025-12-18 01:22:56 - shared_modules.data_collection.optimized_data_fetcher - ERROR - [FAIL] Failed to fetch SPXUSDT_1
2025-12-18 01:22:56 - shared_modules.data_collection.optimized_data_fetcher - WARNING - [FAIL] Rate limited for SPXUSDT_15 (attempt 1/5)
2025-12-18 01:22:56 - shared_modules.data_collection.optimized_data_fetcher - ERROR - [FAIL] Exception for SPXUSDT_15: local variable 'retry_delay' referenced before assignment (attempt 2/5)
2025-12-18 01:22:56 - shared_modules.data_collection.optimized_data_fetcher - ERROR - [FAIL] Exception for SPXUSDT_15: local variable 'retry_delay' referenced before assignment (attempt 3/5)
2025-12-18 01:22:56 - shared_modules.data_collection.optimized_data_fetcher - ERROR - [FAIL] Exception for SPXUSDT_15: local variable 'retry_delay' referenced before assignment (attempt 4/5)
2025-12-18 01:22:56 - shared_modules.data_collection.optimized_data_fetcher - ERROR - [FAIL] Exception for SPXUSDT_15: local variable 'retry_delay' referenced before assignment (attempt 5/5)
2025-12-18 01:22:56 - shared_modules.data_collection.optimized_data_fetcher - ERROR - [FAIL] Failed to fetch SPXUSDT_15
2025-12-18 01:22:56 - shared_modules.data_collection.optimized_data_fetcher - WARNING - [FAIL] Rate limited for SQDUSDT_15 (attempt 1/5)
2025-12-18 01:22:56 - shared_modules.data_collection.optimized_data_fetcher - ERROR - [FAIL] Exception for SQDUSDT_15: local variable 'retry_delay' referenced before assignment (attempt 2/5)
2025-12-18 01:22:56 - shared_modules.data_collection.optimized_data_fetcher - ERROR - [FAIL] Exception for SQDUSDT_15: local variable 'retry_delay' referenced before assignment (attempt 3/5)
2025-12-18 01:22:56 - shared_modules.data_collection.optimized_data_fetcher - ERROR - [FAIL] Exception for SQDUSDT_15: local variable 'retry_delay' referenced before assignment (attempt 4/5)
2025-12-18 01:22:56 - shared_modules.data_collection.optimized_data_fetcher - ERROR - [FAIL] Exception for SQDUSDT_15: local variable 'retry_delay' referenced before assignment (attempt 5/5)
2025-12-18 01:22:56 - shared_modules.data_collection.optimized_data_fetcher - ERROR - [FAIL] Failed to fetch SQDUSDT_15
2025-12-18 01:22:56 - shared_modules.data_collection.optimized_data_fetcher - WARNING - [FAIL] Rate limited for SSVUSDT_1 (attempt 1/5)
2025-12-18 01:22:56 - shared_modules.data_collection.optimized_data_fetcher - ERROR - [FAIL] Exception for SSVUSDT_1: local variable 'retry_delay' referenced before assignment (attempt 2/5)
2025-12-18 01:22:56 - shared_modules.data_collection.optimized_data_fetcher - ERROR - [FAIL] Exception for SSVUSDT_1: local variable 'retry_delay' referenced before assignment (attempt 3/5)
2025-12-18 01:22:56 - shared_modules.data_collection.optimized_data_fetcher - ERROR - [FAIL] Exception for SSVUSDT_1: local variable 'retry_delay' referenced before assignment (attempt 4/5)
2025-12-18 01:22:56 - shared_modules.data_collection.optimized_data_fetcher - ERROR - [FAIL] Exception for SSVUSDT_1: local variable 'retry_delay' referenced before assignment (attempt 5/5)
2025-12-18 01:22:56 - shared_modules.data_collection.optimized_data_fetcher - ERROR - [FAIL] Failed to fetch SSVUSDT_1
2025-12-18 01:22:56 - shared_modules.data_collection.optimized_data_fetcher - WARNING - [FAIL] Rate limited for SPKUSDT_120 (attempt 1/5)
2025-12-18 01:22:56 - shared_modules.data_collection.optimized_data_fetcher - ERROR - [FAIL] Exception for SPKUSDT_120: local variable 'retry_delay' referenced before assignment (attempt 2/5)
2025-12-18 01:22:56 - shared_modules.data_collection.optimized_data_fetcher - ERROR - [FAIL] Exception for SPKUSDT_120: local variable 'retry_delay' referenced before assignment (attempt 3/5)
2025-12-18 01:22:56 - shared_modules.data_collection.optimized_data_fetcher - ERROR - [FAIL] Exception for SPKUSDT_120: local variable 'retry_delay' referenced before assignment (attempt 4/5)
2025-12-18 01:22:56 - shared_modules.data_collection.optimized_data_fetcher - ERROR - [FAIL] Exception for SPKUSDT_120: local variable 'retry_delay' referenced before assignment (attempt 5/5)
2025-12-18 01:22:56 - shared_modules.data_collection.optimized_data_fetcher - ERROR - [FAIL] Failed to fetch SPKUSDT_120
2025-12-18 01:22:56 - shared_modules.data_collection.optimized_data_fetcher - WARNING - [FAIL] Rate limited for STABLEUSDT_5 (attempt 1/5)
2025-12-18 01:22:56 - shared_modules.data_collection.optimized_data_fetcher - ERROR - [FAIL] Exception for STABLEUSDT_5: local variable 'retry_delay' referenced before assignment (attempt 2/5)
2025-12-18 01:22:56 - shared_modules.data_collection.optimized_data_fetcher - ERROR - [FAIL] Exception for STABLEUSDT_5: local variable 'retry_delay' referenced before assignment (attempt 3/5)
2025-12-18 01:22:56 - shared_modules.data_collection.optimized_data_fetcher - ERROR - [FAIL] Exception for STABLEUSDT_5: local variable 'retry_delay' referenced before assignment (attempt 4/5)
2025-12-18 01:22:56 - shared_modules.data_collection.optimized_data_fetcher - ERROR - [FAIL] Exception for STABLEUSDT_5: local variable 'retry_delay' referenced before assignment (attempt 5/5)
2025-12-18 01:22:56 - shared_modules.data_collection.optimized_data_fetcher - ERROR - [FAIL] Failed to fetch STABLEUSDT_5
2025-12-18 01:22:56 - shared_modules.data_collection.optimized_data_fetcher - WARNING - [FAIL] Rate limited for SPKUSDT_1 (attempt 1/5)
2025-12-18 01:22:56 - shared_modules.data_collection.optimized_data_fetcher - ERROR - [FAIL] Exception for SPKUSDT_1: local variable 'retry_delay' referenced before assignment (attempt 2/5)
2025-12-18 01:22:56 - shared_modules.data_collection.optimized_data_fetcher - ERROR - [FAIL] Exception for SPKUSDT_1: local variable 'retry_delay' referenced before assignment (attempt 3/5)
2025-12-18 01:22:56 - shared_modules.data_collection.optimized_data_fetcher - ERROR - [FAIL] Exception for SPKUSDT_1: local variable 'retry_delay' referenced before assignment (attempt 4/5)
2025-12-18 01:22:56 - shared_modules.data_collection.optimized_data_fetcher - ERROR - [FAIL] Exception for SPKUSDT_1: local variable 'retry_delay' referenced before assignment (attempt 5/5)
2025-12-18 01:22:56 - shared_modules.data_collection.optimized_data_fetcher - ERROR - [FAIL] Failed to fetch SPKUSDT_1
2025-12-18 01:22:56 - shared_modules.data_collection.optimized_data_fetcher - WARNING - [FAIL] Rate limited for STBLUSDT_5 (attempt 1/5)
2025-12-18 01:22:56 - shared_modules.data_collection.optimized_data_fetcher - ERROR - [FAIL] Exception for STBLUSDT_5: local variable 'retry_delay' referenced before assignment (attempt 2/5)
2025-12-18 01:22:56 - shared_modules.data_collection.optimized_data_fetcher - ERROR - [FAIL] Exception for STBLUSDT_5: local variable 'retry_delay' referenced before assignment (attempt 3/5)
2025-12-18 01:22:56 - shared_modules.data_collection.optimized_data_fetcher - ERROR - [FAIL] Exception for STBLUSDT_5: local variable 'retry_delay' referenced before assignment (attempt 4/5)
2025-12-18 01:22:56 - shared_modules.data_collection.optimized_data_fetcher - ERROR - [FAIL] Exception for STBLUSDT_5: local variable 'retry_delay' referenced before assignment (attempt 5/5)
2025-12-18 01:22:56 - shared_modules.data_collection.optimized_data_fetcher - ERROR - [FAIL] Failed to fetch STBLUSDT_5
2025-12-18 01:22:56 - shared_modules.data_collection.optimized_data_fetcher - WARNING - [FAIL] Rate limited for STBLUSDT_1 (attempt 1/5)
2025-12-18 01:22:56 - shared_modules.data_collection.optimized_data_fetcher - ERROR - [FAIL] Exception for STBLUSDT_1: local variable 'retry_delay' referenced before assignment (attempt 2/5)
2025-12-18 01:22:56 - shared_modules.data_collection.optimized_data_fetcher - ERROR - [FAIL] Exception for STBLUSDT_1: local variable 'retry_delay' referenced before assignment (attempt 3/5)
2025-12-18 01:22:56 - shared_modules.data_collection.optimized_data_fetcher - ERROR - [FAIL] Exception for STBLUSDT_1: local variable 'retry_delay' referenced before assignment (attempt 4/5)
2025-12-18 01:22:56 - shared_modules.data_collection.optimized_data_fetcher - ERROR - [FAIL] Exception for STBLUSDT_1: local variable 'retry_delay' referenced before assignment (attempt 5/5)
2025-12-18 01:22:56 - shared_modules.data_collection.optimized_data_fetcher - ERROR - [FAIL] Failed to fetch STBLUSDT_1
2025-12-18 01:22:56 - shared_modules.data_collection.optimized_data_fetcher - WARNING - [FAIL] Rate limited for STABLEUSDT_240 (attempt 1/5)
2025-12-18 01:22:56 - shared_modules.data_collection.optimized_data_fetcher - ERROR - [FAIL] Exception for STABLEUSDT_240: local variable 'retry_delay' referenced before assignment (attempt 2/5)
2025-12-18 01:22:56 - shared_modules.data_collection.optimized_data_fetcher - ERROR - [FAIL] Exception for STABLEUSDT_240: local variable 'retry_delay' referenced before assignment (attempt 3/5)
2025-12-18 01:22:56 - shared_modules.data_collection.optimized_data_fetcher - ERROR - [FAIL] Exception for STABLEUSDT_240: local variable 'retry_delay' referenced before assignment (attempt 4/5)
2025-12-18 01:22:56 - shared_modules.data_collection.optimized_data_fetcher - ERROR - [FAIL] Exception for STABLEUSDT_240: local variable 'retry_delay' referenced before assignment (attempt 5/5)
2025-12-18 01:22:56 - shared_modules.data_collection.optimized_data_fetcher - ERROR - [FAIL] Failed to fetch STABLEUSDT_240
2025-12-18 01:22:56 - shared_modules.data_collection.optimized_data_fetcher - WARNING - [FAIL] Rate limited for SLPUSDT_120 (attempt 1/5)
2025-12-18 01:22:56 - shared_modules.data_collection.optimized_data_fetcher - ERROR - [FAIL] Exception for SLPUSDT_120: local variable 'retry_delay' referenced before assignment (attempt 2/5)
2025-12-18 01:22:56 - shared_modules.data_collection.optimized_data_fetcher - ERROR - [FAIL] Exception for SLPUSDT_120: local variable 'retry_delay' referenced before assignment (attempt 3/5)
2025-12-18 01:22:56 - shared_modules.data_collection.optimized_data_fetcher - ERROR - [FAIL] Exception for SLPUSDT_120: local variable 'retry_delay' referenced before assignment (attempt 4/5)
2025-12-18 01:22:56 - shared_modules.data_collection.optimized_data_fetcher - ERROR - [FAIL] Exception for SLPUSDT_120: local variable 'retry_delay' referenced before assignment (attempt 5/5)
2025-12-18 01:22:56 - shared_modules.data_collection.optimized_data_fetcher - ERROR - [FAIL] Failed to fetch SLPUSDT_120
2025-12-18 01:22:56 - shared_modules.data_collection.optimized_data_fetcher - WARNING - [FAIL] Rate limited for STBLUSDT_120 (attempt 1/5)
2025-12-18 01:22:56 - shared_modules.data_collection.optimized_data_fetcher - ERROR - [FAIL] Exception for STBLUSDT_120: local variable 'retry_delay' referenced before assignment (attempt 2/5)
2025-12-18 01:22:56 - shared_modules.data_collection.optimized_data_fetcher - ERROR - [FAIL] Exception for STBLUSDT_120: local variable 'retry_delay' referenced before assignment (attempt 3/5)
2025-12-18 01:22:56 - shared_modules.data_collection.optimized_data_fetcher - ERROR - [FAIL] Exception for STBLUSDT_120: local variable 'retry_delay' referenced before assignment (attempt 4/5)
2025-12-18 01:22:56 - shared_modules.data_collection.optimized_data_fetcher - ERROR - [FAIL] Exception for STBLUSDT_120: local variable 'retry_delay' referenced before assignment (attempt 5/5)
2025-12-18 01:22:56 - shared_modules.data_collection.optimized_data_fetcher - ERROR - [FAIL] Failed to fetch STBLUSDT_120
2025-12-18 01:22:56 - shared_modules.data_collection.optimized_data_fetcher - WARNING - [FAIL] Rate limited for STGUSDT_1 (attempt 1/5)
2025-12-18 01:22:56 - shared_modules.data_collection.optimized_data_fetcher - ERROR - [FAIL] Exception for STGUSDT_1: local variable 'retry_delay' referenced before assignment (attempt 2/5)
2025-12-18 01:22:56 - shared_modules.data_collection.optimized_data_fetcher - ERROR - [FAIL] Exception for STGUSDT_1: local variable 'retry_delay' referenced before assignment (attempt 3/5)
2025-12-18 01:22:56 - shared_modules.data_collection.optimized_data_fetcher - ERROR - [FAIL] Exception for STGUSDT_1: local variable 'retry_delay' referenced before assignment (attempt 4/5)
2025-12-18 01:22:56 - shared_modules.data_collection.optimized_data_fetcher - ERROR - [FAIL] Exception for STGUSDT_1: local variable 'retry_delay' referenced before assignment (attempt 5/5)
2025-12-18 01:22:56 - shared_modules.data_collection.optimized_data_fetcher - ERROR - [FAIL] Failed to fetch STGUSDT_1
2025-12-18 01:22:56 - shared_modules.data_collection.optimized_data_fetcher - WARNING - [FAIL] Rate limited for STBLUSDT_240 (attempt 1/5)
2025-12-18 01:22:56 - shared_modules.data_collection.optimized_data_fetcher - ERROR - [FAIL] Exception for STBLUSDT_240: local variable 'retry_delay' referenced before assignment (attempt 2/5)
2025-12-18 01:22:56 - shared_modules.data_collection.optimized_data_fetcher - ERROR - [FAIL] Exception for STBLUSDT_240: local variable 'retry_delay' referenced before assignment (attempt 3/5)
2025-12-18 01:22:56 - shared_modules.data_collection.optimized_data_fetcher - ERROR - [FAIL] Exception for STBLUSDT_240: local variable 'retry_delay' referenced before assignment (attempt 4/5)
2025-12-18 01:22:56 - shared_modules.data_collection.optimized_data_fetcher - ERROR - [FAIL] Exception for STBLUSDT_240: local variable 'retry_delay' referenced before assignment (attempt 5/5)
2025-12-18 01:22:56 - shared_modules.data_collection.optimized_data_fetcher - ERROR - [FAIL] Failed to fetch STBLUSDT_240
2025-12-18 01:22:56 - shared_modules.data_collection.optimized_data_fetcher - WARNING - [FAIL] Rate limited for STGUSDT_120 (attempt 1/5)
2025-12-18 01:22:56 - shared_modules.data_collection.optimized_data_fetcher - ERROR - [FAIL] Exception for STGUSDT_120: local variable 'retry_delay' referenced before assignment (attempt 2/5)
2025-12-18 01:22:56 - shared_modules.data_collection.optimized_data_fetcher - ERROR - [FAIL] Exception for STGUSDT_120: local variable 'retry_delay' referenced before assignment (attempt 3/5)
2025-12-18 01:22:56 - shared_modules.data_collection.optimized_data_fetcher - ERROR - [FAIL] Exception for STGUSDT_120: local variable 'retry_delay' referenced before assignment (attempt 4/5)
2025-12-18 01:22:56 - shared_modules.data_collection.optimized_data_fetcher - ERROR - [FAIL] Exception for STGUSDT_120: local variable 'retry_delay' referenced before assignment (attempt 5/5)
2025-12-18 01:22:56 - shared_modules.data_collection.optimized_data_fetcher - ERROR - [FAIL] Failed to fetch STGUSDT_120
2025-12-18 01:22:56 - shared_modules.data_collection.optimized_data_fetcher - WARNING - [FAIL] Rate limited for STEEMUSDT_5 (attempt 1/5)
2025-12-18 01:22:56 - shared_modules.data_collection.optimized_data_fetcher - ERROR - [FAIL] Exception for STEEMUSDT_5: local variable 'retry_delay' referenced before assignment (attempt 2/5)
2025-12-18 01:22:56 - shared_modules.data_collection.optimized_data_fetcher - ERROR - [FAIL] Exception for STEEMUSDT_5: local variable 'retry_delay' referenced before assignment (attempt 3/5)
2025-12-18 01:22:57 - shared_modules.data_collection.optimized_data_fetcher - ERROR - [FAIL] Exception for STEEMUSDT_5: local variable 'retry_delay' referenced before assignment (attempt 4/5)
2025-12-18 01:22:57 - shared_modules.data_collection.optimized_data_fetcher - ERROR - [FAIL] Exception for STEEMUSDT_5: local variable 'retry_delay' referenced before assignment (attempt 5/5)
2025-12-18 01:22:57 - shared_modules.data_collection.optimized_data_fetcher - ERROR - [FAIL] Failed to fetch STEEMUSDT_5
2025-12-18 01:22:57 - shared_modules.data_collection.optimized_data_fetcher - WARNING - [FAIL] Rate limited for STEEMUSDT_120 (attempt 1/5)
2025-12-18 01:22:57 - shared_modules.data_collection.optimized_data_fetcher - ERROR - [FAIL] Exception for STEEMUSDT_120: local variable 'retry_delay' referenced before assignment (attempt 2/5)
2025-12-18 01:22:57 - shared_modules.data_collection.optimized_data_fetcher - ERROR - [FAIL] Exception for STEEMUSDT_120: local variable 'retry_delay' referenced before assignment (attempt 3/5)
2025-12-18 01:22:57 - shared_modules.data_collection.optimized_data_fetcher - ERROR - [FAIL] Exception for STEEMUSDT_120: local variable 'retry_delay' referenced before assignment (attempt 4/5)
2025-12-18 01:22:57 - shared_modules.data_collection.optimized_data_fetcher - ERROR - [FAIL] Exception for STEEMUSDT_120: local variable 'retry_delay' referenced before assignment (attempt 5/5)
2025-12-18 01:22:57 - shared_modules.data_collection.optimized_data_fetcher - ERROR - [FAIL] Failed to fetch STEEMUSDT_120
2025-12-18 01:22:57 - shared_modules.data_collection.optimized_data_fetcher - WARNING - [FAIL] Rate limited for STGUSDT_15 (attempt 1/5)
2025-12-18 01:22:57 - shared_modules.data_collection.optimized_data_fetcher - ERROR - [FAIL] Exception for STGUSDT_15: local variable 'retry_delay' referenced before assignment (attempt 2/5)
2025-12-18 01:22:57 - shared_modules.data_collection.optimized_data_fetcher - ERROR - [FAIL] Exception for STGUSDT_15: local variable 'retry_delay' referenced before assignment (attempt 3/5)
2025-12-18 01:22:57 - shared_modules.data_collection.optimized_data_fetcher - ERROR - [FAIL] Exception for STGUSDT_15: local variable 'retry_delay' referenced before assignment (attempt 4/5)
2025-12-18 01:22:57 - shared_modules.data_collection.optimized_data_fetcher - ERROR - [FAIL] Exception for STGUSDT_15: local variable 'retry_delay' referenced before assignment (attempt 5/5)
2025-12-18 01:22:57 - shared_modules.data_collection.optimized_data_fetcher - ERROR - [FAIL] Failed to fetch STGUSDT_15
2025-12-18 01:22:57 - shared_modules.data_collection.optimized_data_fetcher - WARNING - [FAIL] Rate limited for STORJUSDT_1 (attempt 1/5)
2025-12-18 01:22:57 - shared_modules.data_collection.optimized_data_fetcher - ERROR - [FAIL] Exception for STORJUSDT_1: local variable 'retry_delay' referenced before assignment (attempt 2/5)
2025-12-18 01:22:57 - shared_modules.data_collection.optimized_data_fetcher - ERROR - [FAIL] Exception for STORJUSDT_1: local variable 'retry_delay' referenced before assignment (attempt 3/5)
2025-12-18 01:22:57 - shared_modules.data_collection.optimized_data_fetcher - ERROR - [FAIL] Exception for STORJUSDT_1: local variable 'retry_delay' referenced before assignment (attempt 4/5)
2025-12-18 01:22:57 - shared_modules.data_collection.optimized_data_fetcher - ERROR - [FAIL] Exception for STORJUSDT_1: local variable 'retry_delay' referenced before assignment (attempt 5/5)
2025-12-18 01:22:57 - shared_modules.data_collection.optimized_data_fetcher - ERROR - [FAIL] Failed to fetch STORJUSDT_1
2025-12-18 01:22:57 - shared_modules.data_collection.optimized_data_fetcher - WARNING - [FAIL] Rate limited for STORJUSDT_5 (attempt 1/5)
2025-12-18 01:22:57 - shared_modules.data_collection.optimized_data_fetcher - ERROR - [FAIL] Exception for STORJUSDT_5: local variable 'retry_delay' referenced before assignment (attempt 2/5)
2025-12-18 01:22:57 - shared_modules.data_collection.optimized_data_fetcher - ERROR - [FAIL] Exception for STORJUSDT_5: local variable 'retry_delay' referenced before assignment (attempt 3/5)
2025-12-18 01:22:57 - shared_modules.data_collection.optimized_data_fetcher - ERROR - [FAIL] Exception for STORJUSDT_5: local variable 'retry_delay' referenced before assignment (attempt 4/5)
2025-12-18 01:22:57 - shared_modules.data_collection.optimized_data_fetcher - ERROR - [FAIL] Exception for STORJUSDT_5: local variable 'retry_delay' referenced before assignment (attempt 5/5)
2025-12-18 01:22:57 - shared_modules.data_collection.optimized_data_fetcher - ERROR - [FAIL] Failed to fetch STORJUSDT_5
2025-12-18 01:22:57 - shared_modules.data_collection.optimized_data_fetcher - WARNING - [FAIL] Rate limited for SOSOUSDT_240 (attempt 1/5)
2025-12-18 01:22:57 - shared_modules.data_collection.optimized_data_fetcher - ERROR - [FAIL] Exception for SOSOUSDT_240: local variable 'retry_delay' referenced before assignment (attempt 2/5)
2025-12-18 01:22:57 - shared_modules.data_collection.optimized_data_fetcher - ERROR - [FAIL] Exception for SOSOUSDT_240: local variable 'retry_delay' referenced before assignment (attempt 3/5)
2025-12-18 01:22:57 - shared_modules.data_collection.optimized_data_fetcher - ERROR - [FAIL] Exception for SOSOUSDT_240: local variable 'retry_delay' referenced before assignment (attempt 4/5)
2025-12-18 01:22:57 - shared_modules.data_collection.optimized_data_fetcher - ERROR - [FAIL] Exception for SOSOUSDT_240: local variable 'retry_delay' referenced before assignment (attempt 5/5)
2025-12-18 01:22:57 - shared_modules.data_collection.optimized_data_fetcher - ERROR - [FAIL] Failed to fetch SOSOUSDT_240
