2025-12-17 23:04:34 - shared_modules.data_collection.optimized_data_fetcher - WARNING - [FAIL] Rate limited for ETHBTCUSDT_60 (attempt 1/5)
2025-12-17 23:04:34 - shared_modules.data_collection.optimized_data_fetcher - ERROR - [FAIL] Exception for ETHBTCUSDT_60: local variable 'retry_delay' referenced before assignment (attempt 2/5)
2025-12-17 23:04:34 - shared_modules.data_collection.optimized_data_fetcher - ERROR - [FAIL] Exception for ETHBTCUSDT_60: local variable 'retry_delay' referenced before assignment (attempt 3/5)
2025-12-17 23:04:34 - shared_modules.data_collection.optimized_data_fetcher - ERROR - [FAIL] Exception for ETHBTCUSDT_60: local variable 'retry_delay' referenced before assignment (attempt 4/5)
2025-12-17 23:04:34 - shared_modules.data_collection.optimized_data_fetcher - ERROR - [FAIL] Exception for ETHBTCUSDT_60: local variable 'retry_delay' referenced before assignment (attempt 5/5)
2025-12-17 23:04:34 - shared_modules.data_collection.optimized_data_fetcher - ERROR - [FAIL] Failed to fetch ETHBTCUSDT_60
2025-12-17 23:04:34 - shared_modules.data_collection.optimized_data_fetcher - WARNING - [FAIL] Rate limited for ETHFIUSDT_5 (attempt 1/5)
2025-12-17 23:04:34 - shared_modules.data_collection.optimized_data_fetcher - ERROR - [FAIL] Exception for ETHFIUSDT_5: local variable 'retry_delay' referenced before assignment (attempt 2/5)
2025-12-17 23:04:34 - shared_modules.data_collection.optimized_data_fetcher - ERROR - [FAIL] Exception for ETHFIUSDT_5: local variable 'retry_delay' referenced before assignment (attempt 3/5)
2025-12-17 23:04:34 - shared_modules.data_collection.optimized_data_fetcher - ERROR - [FAIL] Exception for ETHFIUSDT_5: local variable 'retry_delay' referenced before assignment (attempt 4/5)
2025-12-17 23:04:34 - shared_modules.data_collection.optimized_data_fetcher - ERROR - [FAIL] Exception for ETHFIUSDT_5: local variable 'retry_delay' referenced before assignment (attempt 5/5)
2025-12-17 23:04:34 - shared_modules.data_collection.optimized_data_fetcher - ERROR - [FAIL] Failed to fetch ETHFIUSDT_5
2025-12-17 23:04:34 - shared_modules.data_collection.optimized_data_fetcher - WARNING - [FAIL] Rate limited for EDENUSDT_15 (attempt 1/5)
2025-12-17 23:04:34 - shared_modules.data_collection.optimized_data_fetcher - ERROR - [FAIL] Exception for EDENUSDT_15: local variable 'retry_delay' referenced before assignment (attempt 2/5)
2025-12-17 23:04:34 - shared_modules.data_collection.optimized_data_fetcher - ERROR - [FAIL] Exception for EDENUSDT_15: local variable 'retry_delay' referenced before assignment (attempt 3/5)
2025-12-17 23:04:34 - shared_modules.data_collection.optimized_data_fetcher - ERROR - [FAIL] Exception for EDENUSDT_15: local variable 'retry_delay' referenced before assignment (attempt 4/5)
2025-12-17 23:04:34 - shared_modules.data_collection.optimized_data_fetcher - ERROR - [FAIL] Exception for EDENUSDT_15: local variable 'retry_delay' referenced before assignment (attempt 5/5)
2025-12-17 23:04:34 - shared_modules.data_collection.optimized_data_fetcher - ERROR - [FAIL] Failed to fetch EDENUSDT_15
2025-12-17 23:04:35 - shared_modules.data_collection.optimized_data_fetcher - WARNING - [FAIL] Rate limited for FLOWUSDT_240 (attempt 1/5)
2025-12-17 23:04:35 - shared_modules.data_collection.optimized_data_fetcher - ERROR - [FAIL] Exception for FLOWUSDT_240: local variable 'retry_delay' referenced before assignment (attempt 2/5)
2025-12-17 23:04:35 - shared_modules.data_collection.optimized_data_fetcher - ERROR - [FAIL] Exception for FLOWUSDT_240: local variable 'retry_delay' referenced before assignment (attempt 3/5)
2025-12-17 23:04:35 - shared_modules.data_collection.optimized_data_fetcher - ERROR - [FAIL] Exception for FLOWUSDT_240: local variable 'retry_delay' referenced before assignment (attempt 4/5)
2025-12-17 23:04:35 - shared_modules.data_collection.optimized_data_fetcher - ERROR - [FAIL] Exception for FLOWUSDT_240: local variable 'retry_delay' referenced before assignment (attempt 5/5)
2025-12-17 23:04:35 - shared_modules.data_collection.optimized_data_fetcher - ERROR - [FAIL] Failed to fetch FLOWUSDT_240
2025-12-17 23:04:35 - shared_modules.data_collection.optimized_data_fetcher - WARNING - [FAIL] Rate limited for FXSUSDT_1 (attempt 1/5)
2025-12-17 23:04:35 - shared_modules.data_collection.optimized_data_fetcher - ERROR - [FAIL] Exception for FXSUSDT_1: local variable 'retry_delay' referenced before assignment (attempt 2/5)
2025-12-17 23:04:35 - shared_modules.data_collection.optimized_data_fetcher - ERROR - [FAIL] Exception for FXSUSDT_1: local variable 'retry_delay' referenced before assignment (attempt 3/5)
2025-12-17 23:04:35 - shared_modules.data_collection.optimized_data_fetcher - ERROR - [FAIL] Exception for FXSUSDT_1: local variable 'retry_delay' referenced before assignment (attempt 4/5)
2025-12-17 23:04:35 - shared_modules.data_collection.optimized_data_fetcher - ERROR - [FAIL] Exception for FXSUSDT_1: local variable 'retry_delay' referenced before assignment (attempt 5/5)
2025-12-17 23:04:35 - shared_modules.data_collection.optimized_data_fetcher - ERROR - [FAIL] Failed to fetch FXSUSDT_1
2025-12-17 23:04:35 - shared_modules.data_collection.optimized_data_fetcher - WARNING - [FAIL] Rate limited for EULUSDT_1 (attempt 1/5)
2025-12-17 23:04:35 - shared_modules.data_collection.optimized_data_fetcher - ERROR - [FAIL] Exception for EULUSDT_1: local variable 'retry_delay' referenced before assignment (attempt 2/5)
2025-12-17 23:04:35 - shared_modules.data_collection.optimized_data_fetcher - ERROR - [FAIL] Exception for EULUSDT_1: local variable 'retry_delay' referenced before assignment (attempt 3/5)
2025-12-17 23:04:35 - shared_modules.data_collection.optimized_data_fetcher - ERROR - [FAIL] Exception for EULUSDT_1: local variable 'retry_delay' referenced before assignment (attempt 4/5)
2025-12-17 23:04:35 - shared_modules.data_collection.optimized_data_fetcher - ERROR - [FAIL] Exception for EULUSDT_1: local variable 'retry_delay' referenced before assignment (attempt 5/5)
2025-12-17 23:04:35 - shared_modules.data_collection.optimized_data_fetcher - ERROR - [FAIL] Failed to fetch EULUSDT_1
2025-12-17 23:04:35 - shared_modules.data_collection.optimized_data_fetcher - WARNING - [FAIL] Rate limited for FXSUSDT_240 (attempt 1/5)
2025-12-17 23:04:35 - shared_modules.data_collection.optimized_data_fetcher - ERROR - [FAIL] Exception for FXSUSDT_240: local variable 'retry_delay' referenced before assignment (attempt 2/5)
2025-12-17 23:04:35 - shared_modules.data_collection.optimized_data_fetcher - ERROR - [FAIL] Exception for FXSUSDT_240: local variable 'retry_delay' referenced before assignment (attempt 3/5)
2025-12-17 23:04:35 - shared_modules.data_collection.optimized_data_fetcher - ERROR - [FAIL] Exception for FXSUSDT_240: local variable 'retry_delay' referenced before assignment (attempt 4/5)
2025-12-17 23:04:35 - shared_modules.data_collection.optimized_data_fetcher - ERROR - [FAIL] Exception for FXSUSDT_240: local variable 'retry_delay' referenced before assignment (attempt 5/5)
2025-12-17 23:04:35 - shared_modules.data_collection.optimized_data_fetcher - ERROR - [FAIL] Failed to fetch FXSUSDT_240
2025-12-17 23:04:35 - shared_modules.data_collection.optimized_data_fetcher - WARNING - [FAIL] Rate limited for GASUSDT_60 (attempt 1/5)
2025-12-17 23:04:35 - shared_modules.data_collection.optimized_data_fetcher - ERROR - [FAIL] Exception for GASUSDT_60: local variable 'retry_delay' referenced before assignment (attempt 2/5)
2025-12-17 23:04:35 - shared_modules.data_collection.optimized_data_fetcher - ERROR - [FAIL] Exception for GASUSDT_60: local variable 'retry_delay' referenced before assignment (attempt 3/5)
2025-12-17 23:04:35 - shared_modules.data_collection.optimized_data_fetcher - ERROR - [FAIL] Exception for GASUSDT_60: local variable 'retry_delay' referenced before assignment (attempt 4/5)
2025-12-17 23:04:35 - shared_modules.data_collection.optimized_data_fetcher - ERROR - [FAIL] Exception for GASUSDT_60: local variable 'retry_delay' referenced before assignment (attempt 5/5)
2025-12-17 23:04:35 - shared_modules.data_collection.optimized_data_fetcher - ERROR - [FAIL] Failed to fetch GASUSDT_60
2025-12-17 23:04:35 - shared_modules.data_collection.optimized_data_fetcher - WARNING - [FAIL] Rate limited for GIGAUSDT_5 (attempt 1/5)
2025-12-17 23:04:35 - shared_modules.data_collection.optimized_data_fetcher - ERROR - [FAIL] Exception for GIGAUSDT_5: local variable 'retry_delay' referenced before assignment (attempt 2/5)
2025-12-17 23:04:35 - shared_modules.data_collection.optimized_data_fetcher - ERROR - [FAIL] Exception for GIGAUSDT_5: local variable 'retry_delay' referenced before assignment (attempt 3/5)
2025-12-17 23:04:35 - shared_modules.data_collection.optimized_data_fetcher - ERROR - [FAIL] Exception for GIGAUSDT_5: local variable 'retry_delay' referenced before assignment (attempt 4/5)
2025-12-17 23:04:35 - shared_modules.data_collection.optimized_data_fetcher - ERROR - [FAIL] Exception for GIGAUSDT_5: local variable 'retry_delay' referenced before assignment (attempt 5/5)
2025-12-17 23:04:35 - shared_modules.data_collection.optimized_data_fetcher - ERROR - [FAIL] Failed to fetch GIGAUSDT_5
2025-12-17 23:04:35 - shared_modules.data_collection.optimized_data_fetcher - WARNING - [FAIL] Rate limited for GLMUSDT_1 (attempt 1/5)
2025-12-17 23:04:35 - shared_modules.data_collection.optimized_data_fetcher - ERROR - [FAIL] Exception for GLMUSDT_1: local variable 'retry_delay' referenced before assignment (attempt 2/5)
2025-12-17 23:04:35 - shared_modules.data_collection.optimized_data_fetcher - ERROR - [FAIL] Exception for GLMUSDT_1: local variable 'retry_delay' referenced before assignment (attempt 3/5)
2025-12-17 23:04:35 - shared_modules.data_collection.optimized_data_fetcher - ERROR - [FAIL] Exception for GLMUSDT_1: local variable 'retry_delay' referenced before assignment (attempt 4/5)
2025-12-17 23:04:35 - shared_modules.data_collection.optimized_data_fetcher - ERROR - [FAIL] Exception for GLMUSDT_1: local variable 'retry_delay' referenced before assignment (attempt 5/5)
2025-12-17 23:04:35 - shared_modules.data_collection.optimized_data_fetcher - ERROR - [FAIL] Failed to fetch GLMUSDT_1
2025-12-17 23:04:35 - shared_modules.data_collection.optimized_data_fetcher - WARNING - [FAIL] Rate limited for GNOUSDT_1 (attempt 1/5)
2025-12-17 23:04:35 - shared_modules.data_collection.optimized_data_fetcher - ERROR - [FAIL] Exception for GNOUSDT_1: local variable 'retry_delay' referenced before assignment (attempt 2/5)
2025-12-17 23:04:35 - shared_modules.data_collection.optimized_data_fetcher - ERROR - [FAIL] Exception for GNOUSDT_1: local variable 'retry_delay' referenced before assignment (attempt 3/5)
2025-12-17 23:04:35 - shared_modules.data_collection.optimized_data_fetcher - ERROR - [FAIL] Exception for GNOUSDT_1: local variable 'retry_delay' referenced before assignment (attempt 4/5)
2025-12-17 23:04:35 - shared_modules.data_collection.optimized_data_fetcher - ERROR - [FAIL] Exception for GNOUSDT_1: local variable 'retry_delay' referenced before assignment (attempt 5/5)
2025-12-17 23:04:35 - shared_modules.data_collection.optimized_data_fetcher - ERROR - [FAIL] Failed to fetch GNOUSDT_1
2025-12-17 23:04:35 - shared_modules.data_collection.optimized_data_fetcher - WARNING - [FAIL] Rate limited for GMTUSDT_120 (attempt 1/5)
2025-12-17 23:04:35 - shared_modules.data_collection.optimized_data_fetcher - ERROR - [FAIL] Exception for GMTUSDT_120: local variable 'retry_delay' referenced before assignment (attempt 2/5)
2025-12-17 23:04:35 - shared_modules.data_collection.optimized_data_fetcher - ERROR - [FAIL] Exception for GMTUSDT_120: local variable 'retry_delay' referenced before assignment (attempt 3/5)
2025-12-17 23:04:35 - shared_modules.data_collection.optimized_data_fetcher - ERROR - [FAIL] Exception for GMTUSDT_120: local variable 'retry_delay' referenced before assignment (attempt 4/5)
2025-12-17 23:04:35 - shared_modules.data_collection.optimized_data_fetcher - ERROR - [FAIL] Exception for GMTUSDT_120: local variable 'retry_delay' referenced before assignment (attempt 5/5)
2025-12-17 23:04:35 - shared_modules.data_collection.optimized_data_fetcher - ERROR - [FAIL] Failed to fetch GMTUSDT_120
2025-12-17 23:04:35 - shared_modules.data_collection.optimized_data_fetcher - WARNING - [FAIL] Rate limited for GOATUSDT_5 (attempt 1/5)
2025-12-17 23:04:35 - shared_modules.data_collection.optimized_data_fetcher - ERROR - [FAIL] Exception for GOATUSDT_5: local variable 'retry_delay' referenced before assignment (attempt 2/5)
2025-12-17 23:04:35 - shared_modules.data_collection.optimized_data_fetcher - ERROR - [FAIL] Exception for GOATUSDT_5: local variable 'retry_delay' referenced before assignment (attempt 3/5)
2025-12-17 23:04:35 - shared_modules.data_collection.optimized_data_fetcher - ERROR - [FAIL] Exception for GOATUSDT_5: local variable 'retry_delay' referenced before assignment (attempt 4/5)
2025-12-17 23:04:35 - shared_modules.data_collection.optimized_data_fetcher - ERROR - [FAIL] Exception for GOATUSDT_5: local variable 'retry_delay' referenced before assignment (attempt 5/5)
2025-12-17 23:04:35 - shared_modules.data_collection.optimized_data_fetcher - ERROR - [FAIL] Failed to fetch GOATUSDT_5
2025-12-17 23:04:35 - shared_modules.data_collection.optimized_data_fetcher - WARNING - [FAIL] Rate limited for GOATUSDT_60 (attempt 1/5)
2025-12-17 23:04:35 - shared_modules.data_collection.optimized_data_fetcher - ERROR - [FAIL] Exception for GOATUSDT_60: local variable 'retry_delay' referenced before assignment (attempt 2/5)
2025-12-17 23:04:35 - shared_modules.data_collection.optimized_data_fetcher - ERROR - [FAIL] Exception for GOATUSDT_60: local variable 'retry_delay' referenced before assignment (attempt 3/5)
2025-12-17 23:04:35 - shared_modules.data_collection.optimized_data_fetcher - ERROR - [FAIL] Exception for GOATUSDT_60: local variable 'retry_delay' referenced before assignment (attempt 4/5)
2025-12-17 23:04:35 - shared_modules.data_collection.optimized_data_fetcher - ERROR - [FAIL] Exception for GOATUSDT_60: local variable 'retry_delay' referenced before assignment (attempt 5/5)
2025-12-17 23:04:35 - shared_modules.data_collection.optimized_data_fetcher - ERROR - [FAIL] Failed to fetch GOATUSDT_60
2025-12-17 23:04:35 - shared_modules.data_collection.optimized_data_fetcher - WARNING - [FAIL] Rate limited for FOLKSUSDT_240 (attempt 1/5)
2025-12-17 23:04:35 - shared_modules.data_collection.optimized_data_fetcher - ERROR - [FAIL] Exception for FOLKSUSDT_240: local variable 'retry_delay' referenced before assignment (attempt 2/5)
2025-12-17 23:04:35 - shared_modules.data_collection.optimized_data_fetcher - ERROR - [FAIL] Exception for FOLKSUSDT_240: local variable 'retry_delay' referenced before assignment (attempt 3/5)
2025-12-17 23:04:35 - shared_modules.data_collection.optimized_data_fetcher - ERROR - [FAIL] Exception for FOLKSUSDT_240: local variable 'retry_delay' referenced before assignment (attempt 4/5)
2025-12-17 23:04:35 - shared_modules.data_collection.optimized_data_fetcher - ERROR - [FAIL] Exception for FOLKSUSDT_240: local variable 'retry_delay' referenced before assignment (attempt 5/5)
2025-12-17 23:04:35 - shared_modules.data_collection.optimized_data_fetcher - ERROR - [FAIL] Failed to fetch FOLKSUSDT_240
2025-12-17 23:04:40 - shared_modules.data_collection.optimized_data_fetcher - WARNING - [FAIL] Rate limited for SHIB1000USDT_60 (attempt 1/5)
2025-12-17 23:04:40 - shared_modules.data_collection.optimized_data_fetcher - ERROR - [FAIL] Exception for SHIB1000USDT_60: local variable 'retry_delay' referenced before assignment (attempt 2/5)
2025-12-17 23:04:40 - shared_modules.data_collection.optimized_data_fetcher - ERROR - [FAIL] Exception for SHIB1000USDT_60: local variable 'retry_delay' referenced before assignment (attempt 3/5)
2025-12-17 23:04:40 - shared_modules.data_collection.optimized_data_fetcher - ERROR - [FAIL] Exception for SHIB1000USDT_60: local variable 'retry_delay' referenced before assignment (attempt 4/5)
2025-12-17 23:04:40 - shared_modules.data_collection.optimized_data_fetcher - ERROR - [FAIL] Exception for SHIB1000USDT_60: local variable 'retry_delay' referenced before assignment (attempt 5/5)
2025-12-17 23:04:40 - shared_modules.data_collection.optimized_data_fetcher - ERROR - [FAIL] Failed to fetch SHIB1000USDT_60
2025-12-17 23:04:40 - shared_modules.data_collection.optimized_data_fetcher - WARNING - [FAIL] Rate limited for SIRENUSDT_5 (attempt 1/5)
2025-12-17 23:04:40 - shared_modules.data_collection.optimized_data_fetcher - ERROR - [FAIL] Exception for SIRENUSDT_5: local variable 'retry_delay' referenced before assignment (attempt 2/5)
2025-12-17 23:04:40 - shared_modules.data_collection.optimized_data_fetcher - ERROR - [FAIL] Exception for SIRENUSDT_5: local variable 'retry_delay' referenced before assignment (attempt 3/5)
2025-12-17 23:04:40 - shared_modules.data_collection.optimized_data_fetcher - ERROR - [FAIL] Exception for SIRENUSDT_5: local variable 'retry_delay' referenced before assignment (attempt 4/5)
2025-12-17 23:04:40 - shared_modules.data_collection.optimized_data_fetcher - ERROR - [FAIL] Exception for SIRENUSDT_5: local variable 'retry_delay' referenced before assignment (attempt 5/5)
2025-12-17 23:04:40 - shared_modules.data_collection.optimized_data_fetcher - ERROR - [FAIL] Failed to fetch SIRENUSDT_5
2025-12-17 23:04:40 - shared_modules.data_collection.optimized_data_fetcher - WARNING - [FAIL] Rate limited for SIRENUSDT_240 (attempt 1/5)
2025-12-17 23:04:40 - shared_modules.data_collection.optimized_data_fetcher - ERROR - [FAIL] Exception for SIRENUSDT_240: local variable 'retry_delay' referenced before assignment (attempt 2/5)
2025-12-17 23:04:40 - shared_modules.data_collection.optimized_data_fetcher - ERROR - [FAIL] Exception for SIRENUSDT_240: local variable 'retry_delay' referenced before assignment (attempt 3/5)
2025-12-17 23:04:40 - shared_modules.data_collection.optimized_data_fetcher - ERROR - [FAIL] Exception for SIRENUSDT_240: local variable 'retry_delay' referenced before assignment (attempt 4/5)
2025-12-17 23:04:40 - shared_modules.data_collection.optimized_data_fetcher - ERROR - [FAIL] Exception for SIRENUSDT_240: local variable 'retry_delay' referenced before assignment (attempt 5/5)
2025-12-17 23:04:40 - shared_modules.data_collection.optimized_data_fetcher - ERROR - [FAIL] Failed to fetch SIRENUSDT_240
2025-12-17 23:04:40 - shared_modules.data_collection.optimized_data_fetcher - WARNING - [FAIL] Rate limited for SKYUSDT_240 (attempt 1/5)
2025-12-17 23:04:40 - shared_modules.data_collection.optimized_data_fetcher - ERROR - [FAIL] Exception for SKYUSDT_240: local variable 'retry_delay' referenced before assignment (attempt 2/5)
2025-12-17 23:04:40 - shared_modules.data_collection.optimized_data_fetcher - ERROR - [FAIL] Exception for SKYUSDT_240: local variable 'retry_delay' referenced before assignment (attempt 3/5)
2025-12-17 23:04:40 - shared_modules.data_collection.optimized_data_fetcher - ERROR - [FAIL] Exception for SKYUSDT_240: local variable 'retry_delay' referenced before assignment (attempt 4/5)
2025-12-17 23:04:40 - shared_modules.data_collection.optimized_data_fetcher - ERROR - [FAIL] Exception for SKYUSDT_240: local variable 'retry_delay' referenced before assignment (attempt 5/5)
2025-12-17 23:04:40 - shared_modules.data_collection.optimized_data_fetcher - ERROR - [FAIL] Failed to fetch SKYUSDT_240
2025-12-17 23:04:40 - shared_modules.data_collection.optimized_data_fetcher - WARNING - [FAIL] Rate limited for SLPUSDT_15 (attempt 1/5)
2025-12-17 23:04:40 - shared_modules.data_collection.optimized_data_fetcher - ERROR - [FAIL] Exception for SLPUSDT_15: local variable 'retry_delay' referenced before assignment (attempt 2/5)
2025-12-17 23:04:40 - shared_modules.data_collection.optimized_data_fetcher - ERROR - [FAIL] Exception for SLPUSDT_15: local variable 'retry_delay' referenced before assignment (attempt 3/5)
2025-12-17 23:04:40 - shared_modules.data_collection.optimized_data_fetcher - ERROR - [FAIL] Exception for SLPUSDT_15: local variable 'retry_delay' referenced before assignment (attempt 4/5)
2025-12-17 23:04:40 - shared_modules.data_collection.optimized_data_fetcher - ERROR - [FAIL] Exception for SLPUSDT_15: local variable 'retry_delay' referenced before assignment (attempt 5/5)
2025-12-17 23:04:40 - shared_modules.data_collection.optimized_data_fetcher - ERROR - [FAIL] Failed to fetch SLPUSDT_15
2025-12-17 23:04:40 - shared_modules.data_collection.optimized_data_fetcher - WARNING - [FAIL] Rate limited for SNTUSDT_15 (attempt 1/5)
2025-12-17 23:04:40 - shared_modules.data_collection.optimized_data_fetcher - ERROR - [FAIL] Exception for SNTUSDT_15: local variable 'retry_delay' referenced before assignment (attempt 2/5)
2025-12-17 23:04:40 - shared_modules.data_collection.optimized_data_fetcher - ERROR - [FAIL] Exception for SNTUSDT_15: local variable 'retry_delay' referenced before assignment (attempt 3/5)
2025-12-17 23:04:40 - shared_modules.data_collection.optimized_data_fetcher - ERROR - [FAIL] Exception for SNTUSDT_15: local variable 'retry_delay' referenced before assignment (attempt 4/5)
2025-12-17 23:04:40 - shared_modules.data_collection.optimized_data_fetcher - ERROR - [FAIL] Exception for SNTUSDT_15: local variable 'retry_delay' referenced before assignment (attempt 5/5)
2025-12-17 23:04:40 - shared_modules.data_collection.optimized_data_fetcher - ERROR - [FAIL] Failed to fetch SNTUSDT_15
2025-12-17 23:04:40 - shared_modules.data_collection.optimized_data_fetcher - WARNING - [FAIL] Rate limited for SLPUSDT_120 (attempt 1/5)
2025-12-17 23:04:40 - shared_modules.data_collection.optimized_data_fetcher - ERROR - [FAIL] Exception for SLPUSDT_120: local variable 'retry_delay' referenced before assignment (attempt 2/5)
2025-12-17 23:04:40 - shared_modules.data_collection.optimized_data_fetcher - ERROR - [FAIL] Exception for SLPUSDT_120: local variable 'retry_delay' referenced before assignment (attempt 3/5)
2025-12-17 23:04:40 - shared_modules.data_collection.optimized_data_fetcher - ERROR - [FAIL] Exception for SLPUSDT_120: local variable 'retry_delay' referenced before assignment (attempt 4/5)
2025-12-17 23:04:40 - shared_modules.data_collection.optimized_data_fetcher - ERROR - [FAIL] Exception for SLPUSDT_120: local variable 'retry_delay' referenced before assignment (attempt 5/5)
2025-12-17 23:04:40 - shared_modules.data_collection.optimized_data_fetcher - ERROR - [FAIL] Failed to fetch SLPUSDT_120
2025-12-17 23:04:40 - shared_modules.data_collection.optimized_data_fetcher - WARNING - [FAIL] Rate limited for SOLUSDT_240 (attempt 1/5)
2025-12-17 23:04:40 - shared_modules.data_collection.optimized_data_fetcher - ERROR - [FAIL] Exception for SOLUSDT_240: local variable 'retry_delay' referenced before assignment (attempt 2/5)
2025-12-17 23:04:40 - shared_modules.data_collection.optimized_data_fetcher - ERROR - [FAIL] Exception for SOLUSDT_240: local variable 'retry_delay' referenced before assignment (attempt 3/5)
2025-12-17 23:04:40 - shared_modules.data_collection.optimized_data_fetcher - ERROR - [FAIL] Exception for SOLUSDT_240: local variable 'retry_delay' referenced before assignment (attempt 4/5)
2025-12-17 23:04:40 - shared_modules.data_collection.optimized_data_fetcher - ERROR - [FAIL] Exception for SOLUSDT_240: local variable 'retry_delay' referenced before assignment (attempt 5/5)
2025-12-17 23:04:40 - shared_modules.data_collection.optimized_data_fetcher - ERROR - [FAIL] Failed to fetch SOLUSDT_240
2025-12-17 23:04:40 - shared_modules.data_collection.optimized_data_fetcher - WARNING - [FAIL] Rate limited for SOONUSDT_60 (attempt 1/5)
2025-12-17 23:04:40 - shared_modules.data_collection.optimized_data_fetcher - ERROR - [FAIL] Exception for SOONUSDT_60: local variable 'retry_delay' referenced before assignment (attempt 2/5)
2025-12-17 23:04:40 - shared_modules.data_collection.optimized_data_fetcher - ERROR - [FAIL] Exception for SOONUSDT_60: local variable 'retry_delay' referenced before assignment (attempt 3/5)
2025-12-17 23:04:40 - shared_modules.data_collection.optimized_data_fetcher - ERROR - [FAIL] Exception for SOONUSDT_60: local variable 'retry_delay' referenced before assignment (attempt 4/5)
2025-12-17 23:04:40 - shared_modules.data_collection.optimized_data_fetcher - ERROR - [FAIL] Exception for SOONUSDT_60: local variable 'retry_delay' referenced before assignment (attempt 5/5)
2025-12-17 23:04:40 - shared_modules.data_collection.optimized_data_fetcher - ERROR - [FAIL] Failed to fetch SOONUSDT_60
2025-12-17 23:04:40 - shared_modules.data_collection.optimized_data_fetcher - WARNING - [FAIL] Rate limited for SNXUSDT_5 (attempt 1/5)
2025-12-17 23:04:40 - shared_modules.data_collection.optimized_data_fetcher - ERROR - [FAIL] Exception for SNXUSDT_5: local variable 'retry_delay' referenced before assignment (attempt 2/5)
2025-12-17 23:04:40 - shared_modules.data_collection.optimized_data_fetcher - ERROR - [FAIL] Exception for SNXUSDT_5: local variable 'retry_delay' referenced before assignment (attempt 3/5)
2025-12-17 23:04:40 - shared_modules.data_collection.optimized_data_fetcher - ERROR - [FAIL] Exception for SNXUSDT_5: local variable 'retry_delay' referenced before assignment (attempt 4/5)
2025-12-17 23:04:40 - shared_modules.data_collection.optimized_data_fetcher - ERROR - [FAIL] Exception for SNXUSDT_5: local variable 'retry_delay' referenced before assignment (attempt 5/5)
2025-12-17 23:04:40 - shared_modules.data_collection.optimized_data_fetcher - ERROR - [FAIL] Failed to fetch SNXUSDT_5
2025-12-17 23:04:40 - shared_modules.data_collection.optimized_data_fetcher - WARNING - [FAIL] Rate limited for SOLVUSDT_1 (attempt 1/5)
2025-12-17 23:04:40 - shared_modules.data_collection.optimized_data_fetcher - ERROR - [FAIL] Exception for SOLVUSDT_1: local variable 'retry_delay' referenced before assignment (attempt 2/5)
2025-12-17 23:04:40 - shared_modules.data_collection.optimized_data_fetcher - ERROR - [FAIL] Exception for SOLVUSDT_1: local variable 'retry_delay' referenced before assignment (attempt 3/5)
2025-12-17 23:04:40 - shared_modules.data_collection.optimized_data_fetcher - ERROR - [FAIL] Exception for SOLVUSDT_1: local variable 'retry_delay' referenced before assignment (attempt 4/5)
2025-12-17 23:04:40 - shared_modules.data_collection.optimized_data_fetcher - ERROR - [FAIL] Exception for SOLVUSDT_1: local variable 'retry_delay' referenced before assignment (attempt 5/5)
2025-12-17 23:04:40 - shared_modules.data_collection.optimized_data_fetcher - ERROR - [FAIL] Failed to fetch SOLVUSDT_1
2025-12-17 23:04:40 - shared_modules.data_collection.optimized_data_fetcher - WARNING - [FAIL] Rate limited for SONICUSDT_120 (attempt 1/5)
2025-12-17 23:04:40 - shared_modules.data_collection.optimized_data_fetcher - ERROR - [FAIL] Exception for SONICUSDT_120: local variable 'retry_delay' referenced before assignment (attempt 2/5)
2025-12-17 23:04:40 - shared_modules.data_collection.optimized_data_fetcher - ERROR - [FAIL] Exception for SONICUSDT_120: local variable 'retry_delay' referenced before assignment (attempt 3/5)
2025-12-17 23:04:40 - shared_modules.data_collection.optimized_data_fetcher - ERROR - [FAIL] Exception for SONICUSDT_120: local variable 'retry_delay' referenced before assignment (attempt 4/5)
2025-12-17 23:04:40 - shared_modules.data_collection.optimized_data_fetcher - ERROR - [FAIL] Exception for SONICUSDT_120: local variable 'retry_delay' referenced before assignment (attempt 5/5)
2025-12-17 23:04:40 - shared_modules.data_collection.optimized_data_fetcher - ERROR - [FAIL] Failed to fetch SONICUSDT_120
2025-12-17 23:04:40 - shared_modules.data_collection.optimized_data_fetcher - WARNING - [FAIL] Rate limited for SNXUSDT_60 (attempt 1/5)
2025-12-17 23:04:40 - shared_modules.data_collection.optimized_data_fetcher - ERROR - [FAIL] Exception for SNXUSDT_60: local variable 'retry_delay' referenced before assignment (attempt 2/5)
2025-12-17 23:04:40 - shared_modules.data_collection.optimized_data_fetcher - ERROR - [FAIL] Exception for SNXUSDT_60: local variable 'retry_delay' referenced before assignment (attempt 3/5)
2025-12-17 23:04:40 - shared_modules.data_collection.optimized_data_fetcher - ERROR - [FAIL] Exception for SNXUSDT_60: local variable 'retry_delay' referenced before assignment (attempt 4/5)
2025-12-17 23:04:40 - shared_modules.data_collection.optimized_data_fetcher - ERROR - [FAIL] Exception for SNXUSDT_60: local variable 'retry_delay' referenced before assignment (attempt 5/5)
2025-12-17 23:04:40 - shared_modules.data_collection.optimized_data_fetcher - ERROR - [FAIL] Failed to fetch SNXUSDT_60
2025-12-17 23:04:40 - shared_modules.data_collection.optimized_data_fetcher - WARNING - [FAIL] Rate limited for SOLVUSDT_60 (attempt 1/5)
2025-12-17 23:04:40 - shared_modules.data_collection.optimized_data_fetcher - ERROR - [FAIL] Exception for SOLVUSDT_60: local variable 'retry_delay' referenced before assignment (attempt 2/5)
2025-12-17 23:04:40 - shared_modules.data_collection.optimized_data_fetcher - ERROR - [FAIL] Exception for SOLVUSDT_60: local variable 'retry_delay' referenced before assignment (attempt 3/5)
2025-12-17 23:04:40 - shared_modules.data_collection.optimized_data_fetcher - ERROR - [FAIL] Exception for SOLVUSDT_60: local variable 'retry_delay' referenced before assignment (attempt 4/5)
2025-12-17 23:04:40 - shared_modules.data_collection.optimized_data_fetcher - ERROR - [FAIL] Exception for SOLVUSDT_60: local variable 'retry_delay' referenced before assignment (attempt 5/5)
2025-12-17 23:04:40 - shared_modules.data_collection.optimized_data_fetcher - ERROR - [FAIL] Failed to fetch SOLVUSDT_60
2025-12-17 23:04:40 - shared_modules.data_collection.optimized_data_fetcher - WARNING - [FAIL] Rate limited for SOMIUSDT_240 (attempt 1/5)
2025-12-17 23:04:40 - shared_modules.data_collection.optimized_data_fetcher - ERROR - [FAIL] Exception for SOMIUSDT_240: local variable 'retry_delay' referenced before assignment (attempt 2/5)
2025-12-17 23:04:40 - shared_modules.data_collection.optimized_data_fetcher - ERROR - [FAIL] Exception for SOMIUSDT_240: local variable 'retry_delay' referenced before assignment (attempt 3/5)
2025-12-17 23:04:40 - shared_modules.data_collection.optimized_data_fetcher - ERROR - [FAIL] Exception for SOMIUSDT_240: local variable 'retry_delay' referenced before assignment (attempt 4/5)
2025-12-17 23:04:40 - shared_modules.data_collection.optimized_data_fetcher - ERROR - [FAIL] Exception for SOMIUSDT_240: local variable 'retry_delay' referenced before assignment (attempt 5/5)
2025-12-17 23:04:40 - shared_modules.data_collection.optimized_data_fetcher - ERROR - [FAIL] Failed to fetch SOMIUSDT_240
2025-12-17 23:04:40 - shared_modules.data_collection.optimized_data_fetcher - WARNING - [FAIL] Rate limited for SNXUSDT_240 (attempt 1/5)
2025-12-17 23:04:40 - shared_modules.data_collection.optimized_data_fetcher - ERROR - [FAIL] Exception for SNXUSDT_240: local variable 'retry_delay' referenced before assignment (attempt 2/5)
2025-12-17 23:04:40 - shared_modules.data_collection.optimized_data_fetcher - ERROR - [FAIL] Exception for SNXUSDT_240: local variable 'retry_delay' referenced before assignment (attempt 3/5)
2025-12-17 23:04:40 - shared_modules.data_collection.optimized_data_fetcher - ERROR - [FAIL] Exception for SNXUSDT_240: local variable 'retry_delay' referenced before assignment (attempt 4/5)
2025-12-17 23:04:40 - shared_modules.data_collection.optimized_data_fetcher - ERROR - [FAIL] Exception for SNXUSDT_240: local variable 'retry_delay' referenced before assignment (attempt 5/5)
2025-12-17 23:04:40 - shared_modules.data_collection.optimized_data_fetcher - ERROR - [FAIL] Failed to fetch SNXUSDT_240
2025-12-17 23:04:40 - shared_modules.data_collection.optimized_data_fetcher - WARNING - [FAIL] Rate limited for SONICUSDT_60 (attempt 1/5)
2025-12-17 23:04:40 - shared_modules.data_collection.optimized_data_fetcher - ERROR - [FAIL] Exception for SONICUSDT_60: local variable 'retry_delay' referenced before assignment (attempt 2/5)
2025-12-17 23:04:40 - shared_modules.data_collection.optimized_data_fetcher - ERROR - [FAIL] Exception for SONICUSDT_60: local variable 'retry_delay' referenced before assignment (attempt 3/5)
2025-12-17 23:04:40 - shared_modules.data_collection.optimized_data_fetcher - ERROR - [FAIL] Exception for SONICUSDT_60: local variable 'retry_delay' referenced before assignment (attempt 4/5)
2025-12-17 23:04:40 - shared_modules.data_collection.optimized_data_fetcher - ERROR - [FAIL] Exception for SONICUSDT_60: local variable 'retry_delay' referenced before assignment (attempt 5/5)
2025-12-17 23:04:40 - shared_modules.data_collection.optimized_data_fetcher - ERROR - [FAIL] Failed to fetch SONICUSDT_60
2025-12-17 23:04:40 - shared_modules.data_collection.optimized_data_fetcher - WARNING - [FAIL] Rate limited for SONICUSDT_15 (attempt 1/5)
2025-12-17 23:04:40 - shared_modules.data_collection.optimized_data_fetcher - ERROR - [FAIL] Exception for SONICUSDT_15: local variable 'retry_delay' referenced before assignment (attempt 2/5)
2025-12-17 23:04:40 - shared_modules.data_collection.optimized_data_fetcher - ERROR - [FAIL] Exception for SONICUSDT_15: local variable 'retry_delay' referenced before assignment (attempt 3/5)
2025-12-17 23:04:40 - shared_modules.data_collection.optimized_data_fetcher - ERROR - [FAIL] Exception for SONICUSDT_15: local variable 'retry_delay' referenced before assignment (attempt 4/5)
2025-12-17 23:04:40 - shared_modules.data_collection.optimized_data_fetcher - ERROR - [FAIL] Exception for SONICUSDT_15: local variable 'retry_delay' referenced before assignment (attempt 5/5)
2025-12-17 23:04:40 - shared_modules.data_collection.optimized_data_fetcher - ERROR - [FAIL] Failed to fetch SONICUSDT_15
2025-12-17 23:04:40 - shared_modules.data_collection.optimized_data_fetcher - WARNING - [FAIL] Rate limited for SOPHUSDT_5 (attempt 1/5)
2025-12-17 23:04:40 - shared_modules.data_collection.optimized_data_fetcher - ERROR - [FAIL] Exception for SOPHUSDT_5: local variable 'retry_delay' referenced before assignment (attempt 2/5)
2025-12-17 23:04:40 - shared_modules.data_collection.optimized_data_fetcher - ERROR - [FAIL] Exception for SOPHUSDT_5: local variable 'retry_delay' referenced before assignment (attempt 3/5)
2025-12-17 23:04:40 - shared_modules.data_collection.optimized_data_fetcher - ERROR - [FAIL] Exception for SOPHUSDT_5: local variable 'retry_delay' referenced before assignment (attempt 4/5)
2025-12-17 23:04:40 - shared_modules.data_collection.optimized_data_fetcher - ERROR - [FAIL] Exception for SOPHUSDT_5: local variable 'retry_delay' referenced before assignment (attempt 5/5)
2025-12-17 23:04:40 - shared_modules.data_collection.optimized_data_fetcher - ERROR - [FAIL] Failed to fetch SOPHUSDT_5
2025-12-17 23:04:40 - shared_modules.data_collection.optimized_data_fetcher - WARNING - [FAIL] Rate limited for SOSOUSDT_5 (attempt 1/5)
2025-12-17 23:04:40 - shared_modules.data_collection.optimized_data_fetcher - ERROR - [FAIL] Exception for SOSOUSDT_5: local variable 'retry_delay' referenced before assignment (attempt 2/5)
2025-12-17 23:04:40 - shared_modules.data_collection.optimized_data_fetcher - ERROR - [FAIL] Exception for SOSOUSDT_5: local variable 'retry_delay' referenced before assignment (attempt 3/5)
2025-12-17 23:04:40 - shared_modules.data_collection.optimized_data_fetcher - ERROR - [FAIL] Exception for SOSOUSDT_5: local variable 'retry_delay' referenced before assignment (attempt 4/5)
2025-12-17 23:04:40 - shared_modules.data_collection.optimized_data_fetcher - ERROR - [FAIL] Exception for SOSOUSDT_5: local variable 'retry_delay' referenced before assignment (attempt 5/5)
2025-12-17 23:04:40 - shared_modules.data_collection.optimized_data_fetcher - ERROR - [FAIL] Failed to fetch SOSOUSDT_5
2025-12-17 23:04:40 - shared_modules.data_collection.optimized_data_fetcher - WARNING - [FAIL] Rate limited for SOSOUSDT_240 (attempt 1/5)
2025-12-17 23:04:40 - shared_modules.data_collection.optimized_data_fetcher - ERROR - [FAIL] Exception for SOSOUSDT_240: local variable 'retry_delay' referenced before assignment (attempt 2/5)
2025-12-17 23:04:40 - shared_modules.data_collection.optimized_data_fetcher - ERROR - [FAIL] Exception for SOSOUSDT_240: local variable 'retry_delay' referenced before assignment (attempt 3/5)
2025-12-17 23:04:40 - shared_modules.data_collection.optimized_data_fetcher - ERROR - [FAIL] Exception for SOSOUSDT_240: local variable 'retry_delay' referenced before assignment (attempt 4/5)
2025-12-17 23:04:40 - shared_modules.data_collection.optimized_data_fetcher - ERROR - [FAIL] Exception for SOSOUSDT_240: local variable 'retry_delay' referenced before assignment (attempt 5/5)
2025-12-17 23:04:40 - shared_modules.data_collection.optimized_data_fetcher - ERROR - [FAIL] Failed to fetch SOSOUSDT_240
2025-12-17 23:04:40 - shared_modules.data_collection.optimized_data_fetcher - WARNING - [FAIL] Rate limited for SOSOUSDT_60 (attempt 1/5)
2025-12-17 23:04:40 - shared_modules.data_collection.optimized_data_fetcher - ERROR - [FAIL] Exception for SOSOUSDT_60: local variable 'retry_delay' referenced before assignment (attempt 2/5)
2025-12-17 23:04:40 - shared_modules.data_collection.optimized_data_fetcher - ERROR - [FAIL] Exception for SOSOUSDT_60: local variable 'retry_delay' referenced before assignment (attempt 3/5)
2025-12-17 23:04:40 - shared_modules.data_collection.optimized_data_fetcher - ERROR - [FAIL] Exception for SOSOUSDT_60: local variable 'retry_delay' referenced before assignment (attempt 4/5)
2025-12-17 23:04:40 - shared_modules.data_collection.optimized_data_fetcher - ERROR - [FAIL] Exception for SOSOUSDT_60: local variable 'retry_delay' referenced before assignment (attempt 5/5)
2025-12-17 23:04:40 - shared_modules.data_collection.optimized_data_fetcher - ERROR - [FAIL] Failed to fetch SOSOUSDT_60
2025-12-17 23:04:40 - shared_modules.data_collection.optimized_data_fetcher - WARNING - [FAIL] Rate limited for SOSOUSDT_1 (attempt 1/5)
2025-12-17 23:04:40 - shared_modules.data_collection.optimized_data_fetcher - ERROR - [FAIL] Exception for SOSOUSDT_1: local variable 'retry_delay' referenced before assignment (attempt 2/5)
2025-12-17 23:04:40 - shared_modules.data_collection.optimized_data_fetcher - ERROR - [FAIL] Exception for SOSOUSDT_1: local variable 'retry_delay' referenced before assignment (attempt 3/5)
2025-12-17 23:04:40 - shared_modules.data_collection.optimized_data_fetcher - ERROR - [FAIL] Exception for SOSOUSDT_1: local variable 'retry_delay' referenced before assignment (attempt 4/5)
2025-12-17 23:04:40 - shared_modules.data_collection.optimized_data_fetcher - ERROR - [FAIL] Exception for SOSOUSDT_1: local variable 'retry_delay' referenced before assignment (attempt 5/5)
2025-12-17 23:04:40 - shared_modules.data_collection.optimized_data_fetcher - ERROR - [FAIL] Failed to fetch SOSOUSDT_1
2025-12-17 23:04:40 - shared_modules.data_collection.optimized_data_fetcher - WARNING - [FAIL] Rate limited for SHELLUSDT_1 (attempt 1/5)
2025-12-17 23:04:40 - shared_modules.data_collection.optimized_data_fetcher - ERROR - [FAIL] Exception for SHELLUSDT_1: local variable 'retry_delay' referenced before assignment (attempt 2/5)
2025-12-17 23:04:40 - shared_modules.data_collection.optimized_data_fetcher - ERROR - [FAIL] Exception for SHELLUSDT_1: local variable 'retry_delay' referenced before assignment (attempt 3/5)
2025-12-17 23:04:40 - shared_modules.data_collection.optimized_data_fetcher - ERROR - [FAIL] Exception for SHELLUSDT_1: local variable 'retry_delay' referenced before assignment (attempt 4/5)
2025-12-17 23:04:40 - shared_modules.data_collection.optimized_data_fetcher - ERROR - [FAIL] Exception for SHELLUSDT_1: local variable 'retry_delay' referenced before assignment (attempt 5/5)
2025-12-17 23:04:40 - shared_modules.data_collection.optimized_data_fetcher - ERROR - [FAIL] Failed to fetch SHELLUSDT_1
2025-12-17 23:04:40 - shared_modules.data_collection.optimized_data_fetcher - WARNING - [FAIL] Rate limited for SPKUSDT_15 (attempt 1/5)
2025-12-17 23:04:40 - shared_modules.data_collection.optimized_data_fetcher - ERROR - [FAIL] Exception for SPKUSDT_15: local variable 'retry_delay' referenced before assignment (attempt 2/5)
2025-12-17 23:04:40 - shared_modules.data_collection.optimized_data_fetcher - ERROR - [FAIL] Exception for SPKUSDT_15: local variable 'retry_delay' referenced before assignment (attempt 3/5)
2025-12-17 23:04:40 - shared_modules.data_collection.optimized_data_fetcher - ERROR - [FAIL] Exception for SPKUSDT_15: local variable 'retry_delay' referenced before assignment (attempt 4/5)
2025-12-17 23:04:40 - shared_modules.data_collection.optimized_data_fetcher - ERROR - [FAIL] Exception for SPKUSDT_15: local variable 'retry_delay' referenced before assignment (attempt 5/5)
2025-12-17 23:04:40 - shared_modules.data_collection.optimized_data_fetcher - ERROR - [FAIL] Failed to fetch SPKUSDT_15
2025-12-17 23:04:40 - shared_modules.data_collection.optimized_data_fetcher - WARNING - [FAIL] Rate limited for SPXUSDT_120 (attempt 1/5)
2025-12-17 23:04:40 - shared_modules.data_collection.optimized_data_fetcher - ERROR - [FAIL] Exception for SPXUSDT_120: local variable 'retry_delay' referenced before assignment (attempt 2/5)
2025-12-17 23:04:40 - shared_modules.data_collection.optimized_data_fetcher - ERROR - [FAIL] Exception for SPXUSDT_120: local variable 'retry_delay' referenced before assignment (attempt 3/5)
2025-12-17 23:04:40 - shared_modules.data_collection.optimized_data_fetcher - ERROR - [FAIL] Exception for SPXUSDT_120: local variable 'retry_delay' referenced before assignment (attempt 4/5)
2025-12-17 23:04:40 - shared_modules.data_collection.optimized_data_fetcher - ERROR - [FAIL] Exception for SPXUSDT_120: local variable 'retry_delay' referenced before assignment (attempt 5/5)
2025-12-17 23:04:40 - shared_modules.data_collection.optimized_data_fetcher - ERROR - [FAIL] Failed to fetch SPXUSDT_120
2025-12-17 23:04:40 - shared_modules.data_collection.optimized_data_fetcher - WARNING - [FAIL] Rate limited for SPKUSDT_1 (attempt 1/5)
2025-12-17 23:04:40 - shared_modules.data_collection.optimized_data_fetcher - ERROR - [FAIL] Exception for SPKUSDT_1: local variable 'retry_delay' referenced before assignment (attempt 2/5)
2025-12-17 23:04:40 - shared_modules.data_collection.optimized_data_fetcher - ERROR - [FAIL] Exception for SPKUSDT_1: local variable 'retry_delay' referenced before assignment (attempt 3/5)
2025-12-17 23:04:40 - shared_modules.data_collection.optimized_data_fetcher - ERROR - [FAIL] Exception for SPKUSDT_1: local variable 'retry_delay' referenced before assignment (attempt 4/5)
2025-12-17 23:04:40 - shared_modules.data_collection.optimized_data_fetcher - ERROR - [FAIL] Exception for SPKUSDT_1: local variable 'retry_delay' referenced before assignment (attempt 5/5)
2025-12-17 23:04:40 - shared_modules.data_collection.optimized_data_fetcher - ERROR - [FAIL] Failed to fetch SPKUSDT_1
2025-12-17 23:04:40 - shared_modules.data_collection.optimized_data_fetcher - WARNING - [FAIL] Rate limited for SPKUSDT_240 (attempt 1/5)
2025-12-17 23:04:40 - shared_modules.data_collection.optimized_data_fetcher - ERROR - [FAIL] Exception for SPKUSDT_240: local variable 'retry_delay' referenced before assignment (attempt 2/5)
2025-12-17 23:04:40 - shared_modules.data_collection.optimized_data_fetcher - ERROR - [FAIL] Exception for SPKUSDT_240: local variable 'retry_delay' referenced before assignment (attempt 3/5)
2025-12-17 23:04:40 - shared_modules.data_collection.optimized_data_fetcher - ERROR - [FAIL] Exception for SPKUSDT_240: local variable 'retry_delay' referenced before assignment (attempt 4/5)
2025-12-17 23:04:40 - shared_modules.data_collection.optimized_data_fetcher - ERROR - [FAIL] Exception for SPKUSDT_240: local variable 'retry_delay' referenced before assignment (attempt 5/5)
2025-12-17 23:04:40 - shared_modules.data_collection.optimized_data_fetcher - ERROR - [FAIL] Failed to fetch SPKUSDT_240
2025-12-17 23:04:40 - shared_modules.data_collection.optimized_data_fetcher - WARNING - [FAIL] Rate limited for SPELLUSDT_5 (attempt 1/5)
2025-12-17 23:04:40 - shared_modules.data_collection.optimized_data_fetcher - ERROR - [FAIL] Exception for SPELLUSDT_5: local variable 'retry_delay' referenced before assignment (attempt 2/5)
2025-12-17 23:04:40 - shared_modules.data_collection.optimized_data_fetcher - ERROR - [FAIL] Exception for SPELLUSDT_5: local variable 'retry_delay' referenced before assignment (attempt 3/5)
2025-12-17 23:04:40 - shared_modules.data_collection.optimized_data_fetcher - ERROR - [FAIL] Exception for SPELLUSDT_5: local variable 'retry_delay' referenced before assignment (attempt 4/5)
2025-12-17 23:04:40 - shared_modules.data_collection.optimized_data_fetcher - ERROR - [FAIL] Exception for SPELLUSDT_5: local variable 'retry_delay' referenced before assignment (attempt 5/5)
2025-12-17 23:04:40 - shared_modules.data_collection.optimized_data_fetcher - ERROR - [FAIL] Failed to fetch SPELLUSDT_5
2025-12-17 23:04:40 - shared_modules.data_collection.optimized_data_fetcher - WARNING - [FAIL] Rate limited for SPXUSDT_1 (attempt 1/5)
2025-12-17 23:04:40 - shared_modules.data_collection.optimized_data_fetcher - ERROR - [FAIL] Exception for SPXUSDT_1: local variable 'retry_delay' referenced before assignment (attempt 2/5)
2025-12-17 23:04:40 - shared_modules.data_collection.optimized_data_fetcher - ERROR - [FAIL] Exception for SPXUSDT_1: local variable 'retry_delay' referenced before assignment (attempt 3/5)
2025-12-17 23:04:40 - shared_modules.data_collection.optimized_data_fetcher - ERROR - [FAIL] Exception for SPXUSDT_1: local variable 'retry_delay' referenced before assignment (attempt 4/5)
2025-12-17 23:04:40 - shared_modules.data_collection.optimized_data_fetcher - ERROR - [FAIL] Exception for SPXUSDT_1: local variable 'retry_delay' referenced before assignment (attempt 5/5)
2025-12-17 23:04:40 - shared_modules.data_collection.optimized_data_fetcher - ERROR - [FAIL] Failed to fetch SPXUSDT_1
2025-12-17 23:04:40 - shared_modules.data_collection.optimized_data_fetcher - WARNING - [FAIL] Rate limited for SQDUSDT_60 (attempt 1/5)
2025-12-17 23:04:40 - shared_modules.data_collection.optimized_data_fetcher - ERROR - [FAIL] Exception for SQDUSDT_60: local variable 'retry_delay' referenced before assignment (attempt 2/5)
2025-12-17 23:04:40 - shared_modules.data_collection.optimized_data_fetcher - ERROR - [FAIL] Exception for SQDUSDT_60: local variable 'retry_delay' referenced before assignment (attempt 3/5)
2025-12-17 23:04:40 - shared_modules.data_collection.optimized_data_fetcher - ERROR - [FAIL] Exception for SQDUSDT_60: local variable 'retry_delay' referenced before assignment (attempt 4/5)
2025-12-17 23:04:40 - shared_modules.data_collection.optimized_data_fetcher - ERROR - [FAIL] Exception for SQDUSDT_60: local variable 'retry_delay' referenced before assignment (attempt 5/5)
2025-12-17 23:04:40 - shared_modules.data_collection.optimized_data_fetcher - ERROR - [FAIL] Failed to fetch SQDUSDT_60
2025-12-17 23:04:40 - shared_modules.data_collection.optimized_data_fetcher - WARNING - [FAIL] Rate limited for SSVUSDT_5 (attempt 1/5)
2025-12-17 23:04:40 - shared_modules.data_collection.optimized_data_fetcher - ERROR - [FAIL] Exception for SSVUSDT_5: local variable 'retry_delay' referenced before assignment (attempt 2/5)
2025-12-17 23:04:40 - shared_modules.data_collection.optimized_data_fetcher - ERROR - [FAIL] Exception for SSVUSDT_5: local variable 'retry_delay' referenced before assignment (attempt 3/5)
2025-12-17 23:04:40 - shared_modules.data_collection.optimized_data_fetcher - ERROR - [FAIL] Exception for SSVUSDT_5: local variable 'retry_delay' referenced before assignment (attempt 4/5)
2025-12-17 23:04:40 - shared_modules.data_collection.optimized_data_fetcher - ERROR - [FAIL] Exception for SSVUSDT_5: local variable 'retry_delay' referenced before assignment (attempt 5/5)
2025-12-17 23:04:40 - shared_modules.data_collection.optimized_data_fetcher - ERROR - [FAIL] Failed to fetch SSVUSDT_5
2025-12-17 23:04:40 - shared_modules.data_collection.optimized_data_fetcher - WARNING - [FAIL] Rate limited for SQDUSDT_120 (attempt 1/5)
2025-12-17 23:04:40 - shared_modules.data_collection.optimized_data_fetcher - ERROR - [FAIL] Exception for SQDUSDT_120: local variable 'retry_delay' referenced before assignment (attempt 2/5)
2025-12-17 23:04:40 - shared_modules.data_collection.optimized_data_fetcher - ERROR - [FAIL] Exception for SQDUSDT_120: local variable 'retry_delay' referenced before assignment (attempt 3/5)
2025-12-17 23:04:40 - shared_modules.data_collection.optimized_data_fetcher - ERROR - [FAIL] Exception for SQDUSDT_120: local variable 'retry_delay' referenced before assignment (attempt 4/5)
2025-12-17 23:04:40 - shared_modules.data_collection.optimized_data_fetcher - ERROR - [FAIL] Exception for SQDUSDT_120: local variable 'retry_delay' referenced before assignment (attempt 5/5)
2025-12-17 23:04:40 - shared_modules.data_collection.optimized_data_fetcher - ERROR - [FAIL] Failed to fetch SQDUSDT_120
2025-12-17 23:04:40 - shared_modules.data_collection.optimized_data_fetcher - WARNING - [FAIL] Rate limited for SSVUSDT_120 (attempt 1/5)
2025-12-17 23:04:40 - shared_modules.data_collection.optimized_data_fetcher - ERROR - [FAIL] Exception for SSVUSDT_120: local variable 'retry_delay' referenced before assignment (attempt 2/5)
2025-12-17 23:04:40 - shared_modules.data_collection.optimized_data_fetcher - ERROR - [FAIL] Exception for SSVUSDT_120: local variable 'retry_delay' referenced before assignment (attempt 3/5)
2025-12-17 23:04:40 - shared_modules.data_collection.optimized_data_fetcher - ERROR - [FAIL] Exception for SSVUSDT_120: local variable 'retry_delay' referenced before assignment (attempt 4/5)
2025-12-17 23:04:40 - shared_modules.data_collection.optimized_data_fetcher - ERROR - [FAIL] Exception for SSVUSDT_120: local variable 'retry_delay' referenced before assignment (attempt 5/5)
2025-12-17 23:04:40 - shared_modules.data_collection.optimized_data_fetcher - ERROR - [FAIL] Failed to fetch SSVUSDT_120
2025-12-17 23:04:41 - shared_modules.data_collection.optimized_data_fetcher - WARNING - [FAIL] Rate limited for SKLUSDT_1 (attempt 1/5)
2025-12-17 23:04:41 - shared_modules.data_collection.optimized_data_fetcher - ERROR - [FAIL] Exception for SKLUSDT_1: local variable 'retry_delay' referenced before assignment (attempt 2/5)
2025-12-17 23:04:41 - shared_modules.data_collection.optimized_data_fetcher - ERROR - [FAIL] Exception for SKLUSDT_1: local variable 'retry_delay' referenced before assignment (attempt 3/5)
2025-12-17 23:04:41 - shared_modules.data_collection.optimized_data_fetcher - ERROR - [FAIL] Exception for SKLUSDT_1: local variable 'retry_delay' referenced before assignment (attempt 4/5)
2025-12-17 23:04:41 - shared_modules.data_collection.optimized_data_fetcher - ERROR - [FAIL] Exception for SKLUSDT_1: local variable 'retry_delay' referenced before assignment (attempt 5/5)
2025-12-17 23:04:41 - shared_modules.data_collection.optimized_data_fetcher - ERROR - [FAIL] Failed to fetch SKLUSDT_1
2025-12-17 23:04:41 - shared_modules.data_collection.optimized_data_fetcher - WARNING - [FAIL] Rate limited for STABLEUSDT_60 (attempt 1/5)
2025-12-17 23:04:41 - shared_modules.data_collection.optimized_data_fetcher - ERROR - [FAIL] Exception for STABLEUSDT_60: local variable 'retry_delay' referenced before assignment (attempt 2/5)
2025-12-17 23:04:41 - shared_modules.data_collection.optimized_data_fetcher - ERROR - [FAIL] Exception for STABLEUSDT_60: local variable 'retry_delay' referenced before assignment (attempt 3/5)
2025-12-17 23:04:41 - shared_modules.data_collection.optimized_data_fetcher - ERROR - [FAIL] Exception for STABLEUSDT_60: local variable 'retry_delay' referenced before assignment (attempt 4/5)
2025-12-17 23:04:41 - shared_modules.data_collection.optimized_data_fetcher - ERROR - [FAIL] Exception for STABLEUSDT_60: local variable 'retry_delay' referenced before assignment (attempt 5/5)
2025-12-17 23:04:41 - shared_modules.data_collection.optimized_data_fetcher - ERROR - [FAIL] Failed to fetch STABLEUSDT_60
2025-12-17 23:04:41 - shared_modules.data_collection.optimized_data_fetcher - WARNING - [FAIL] Rate limited for STEEMUSDT_240 (attempt 1/5)
2025-12-17 23:04:41 - shared_modules.data_collection.optimized_data_fetcher - ERROR - [FAIL] Exception for STEEMUSDT_240: local variable 'retry_delay' referenced before assignment (attempt 2/5)
2025-12-17 23:04:41 - shared_modules.data_collection.optimized_data_fetcher - ERROR - [FAIL] Exception for STEEMUSDT_240: local variable 'retry_delay' referenced before assignment (attempt 3/5)
2025-12-17 23:04:41 - shared_modules.data_collection.optimized_data_fetcher - ERROR - [FAIL] Exception for STEEMUSDT_240: local variable 'retry_delay' referenced before assignment (attempt 4/5)
2025-12-17 23:04:41 - shared_modules.data_collection.optimized_data_fetcher - ERROR - [FAIL] Exception for STEEMUSDT_240: local variable 'retry_delay' referenced before assignment (attempt 5/5)
2025-12-17 23:04:41 - shared_modules.data_collection.optimized_data_fetcher - ERROR - [FAIL] Failed to fetch STEEMUSDT_240
2025-12-17 23:04:41 - shared_modules.data_collection.optimized_data_fetcher - WARNING - [FAIL] Rate limited for STGUSDT_240 (attempt 1/5)
2025-12-17 23:04:41 - shared_modules.data_collection.optimized_data_fetcher - ERROR - [FAIL] Exception for STGUSDT_240: local variable 'retry_delay' referenced before assignment (attempt 2/5)
2025-12-17 23:04:41 - shared_modules.data_collection.optimized_data_fetcher - ERROR - [FAIL] Exception for STGUSDT_240: local variable 'retry_delay' referenced before assignment (attempt 3/5)
2025-12-17 23:04:41 - shared_modules.data_collection.optimized_data_fetcher - ERROR - [FAIL] Exception for STGUSDT_240: local variable 'retry_delay' referenced before assignment (attempt 4/5)
2025-12-17 23:04:41 - shared_modules.data_collection.optimized_data_fetcher - ERROR - [FAIL] Exception for STGUSDT_240: local variable 'retry_delay' referenced before assignment (attempt 5/5)
2025-12-17 23:04:41 - shared_modules.data_collection.optimized_data_fetcher - ERROR - [FAIL] Failed to fetch STGUSDT_240
2025-12-17 23:04:41 - shared_modules.data_collection.optimized_data_fetcher - WARNING - [FAIL] Rate limited for STOUSDT_240 (attempt 1/5)
2025-12-17 23:04:41 - shared_modules.data_collection.optimized_data_fetcher - ERROR - [FAIL] Exception for STOUSDT_240: local variable 'retry_delay' referenced before assignment (attempt 2/5)
2025-12-17 23:04:41 - shared_modules.data_collection.optimized_data_fetcher - ERROR - [FAIL] Exception for STOUSDT_240: local variable 'retry_delay' referenced before assignment (attempt 3/5)
2025-12-17 23:04:41 - shared_modules.data_collection.optimized_data_fetcher - ERROR - [FAIL] Exception for STOUSDT_240: local variable 'retry_delay' referenced before assignment (attempt 4/5)
2025-12-17 23:04:41 - shared_modules.data_collection.optimized_data_fetcher - ERROR - [FAIL] Exception for STOUSDT_240: local variable 'retry_delay' referenced before assignment (attempt 5/5)
2025-12-17 23:04:41 - shared_modules.data_collection.optimized_data_fetcher - ERROR - [FAIL] Failed to fetch STOUSDT_240
2025-12-17 23:04:41 - shared_modules.data_collection.optimized_data_fetcher - WARNING - [FAIL] Rate limited for STORJUSDT_5 (attempt 1/5)
2025-12-17 23:04:41 - shared_modules.data_collection.optimized_data_fetcher - ERROR - [FAIL] Exception for STORJUSDT_5: local variable 'retry_delay' referenced before assignment (attempt 2/5)
2025-12-17 23:04:41 - shared_modules.data_collection.optimized_data_fetcher - ERROR - [FAIL] Exception for STORJUSDT_5: local variable 'retry_delay' referenced before assignment (attempt 3/5)
2025-12-17 23:04:41 - shared_modules.data_collection.optimized_data_fetcher - ERROR - [FAIL] Exception for STORJUSDT_5: local variable 'retry_delay' referenced before assignment (attempt 4/5)
2025-12-17 23:04:41 - shared_modules.data_collection.optimized_data_fetcher - ERROR - [FAIL] Exception for STORJUSDT_5: local variable 'retry_delay' referenced before assignment (attempt 5/5)
2025-12-17 23:04:41 - shared_modules.data_collection.optimized_data_fetcher - ERROR - [FAIL] Failed to fetch STORJUSDT_5
2025-12-17 23:04:41 - shared_modules.data_collection.optimized_data_fetcher - WARNING - [FAIL] Rate limited for STRKUSDT_15 (attempt 1/5)
2025-12-17 23:04:41 - shared_modules.data_collection.optimized_data_fetcher - ERROR - [FAIL] Exception for STRKUSDT_15: local variable 'retry_delay' referenced before assignment (attempt 2/5)
2025-12-17 23:04:41 - shared_modules.data_collection.optimized_data_fetcher - ERROR - [FAIL] Exception for STRKUSDT_15: local variable 'retry_delay' referenced before assignment (attempt 3/5)
2025-12-17 23:04:41 - shared_modules.data_collection.optimized_data_fetcher - ERROR - [FAIL] Exception for STRKUSDT_15: local variable 'retry_delay' referenced before assignment (attempt 4/5)
2025-12-17 23:04:41 - shared_modules.data_collection.optimized_data_fetcher - ERROR - [FAIL] Exception for STRKUSDT_15: local variable 'retry_delay' referenced before assignment (attempt 5/5)
2025-12-17 23:04:41 - shared_modules.data_collection.optimized_data_fetcher - ERROR - [FAIL] Failed to fetch STRKUSDT_15
2025-12-17 23:04:41 - shared_modules.data_collection.optimized_data_fetcher - WARNING - [FAIL] Rate limited for STGUSDT_15 (attempt 1/5)
2025-12-17 23:04:41 - shared_modules.data_collection.optimized_data_fetcher - ERROR - [FAIL] Exception for STGUSDT_15: local variable 'retry_delay' referenced before assignment (attempt 2/5)
2025-12-17 23:04:41 - shared_modules.data_collection.optimized_data_fetcher - ERROR - [FAIL] Exception for STGUSDT_15: local variable 'retry_delay' referenced before assignment (attempt 3/5)
2025-12-17 23:04:41 - shared_modules.data_collection.optimized_data_fetcher - ERROR - [FAIL] Exception for STGUSDT_15: local variable 'retry_delay' referenced before assignment (attempt 4/5)
2025-12-17 23:04:41 - shared_modules.data_collection.optimized_data_fetcher - ERROR - [FAIL] Exception for STGUSDT_15: local variable 'retry_delay' referenced before assignment (attempt 5/5)
2025-12-17 23:04:41 - shared_modules.data_collection.optimized_data_fetcher - ERROR - [FAIL] Failed to fetch STGUSDT_15
2025-12-17 23:04:41 - shared_modules.data_collection.optimized_data_fetcher - WARNING - [FAIL] Rate limited for STEEMUSDT_60 (attempt 1/5)
2025-12-17 23:04:41 - shared_modules.data_collection.optimized_data_fetcher - ERROR - [FAIL] Exception for STEEMUSDT_60: local variable 'retry_delay' referenced before assignment (attempt 2/5)
2025-12-17 23:04:41 - shared_modules.data_collection.optimized_data_fetcher - ERROR - [FAIL] Exception for STEEMUSDT_60: local variable 'retry_delay' referenced before assignment (attempt 3/5)
2025-12-17 23:04:41 - shared_modules.data_collection.optimized_data_fetcher - ERROR - [FAIL] Exception for STEEMUSDT_60: local variable 'retry_delay' referenced before assignment (attempt 4/5)
2025-12-17 23:04:41 - shared_modules.data_collection.optimized_data_fetcher - ERROR - [FAIL] Exception for STEEMUSDT_60: local variable 'retry_delay' referenced before assignment (attempt 5/5)
2025-12-17 23:04:41 - shared_modules.data_collection.optimized_data_fetcher - ERROR - [FAIL] Failed to fetch STEEMUSDT_60
2025-12-17 23:04:41 - shared_modules.data_collection.optimized_data_fetcher - WARNING - [FAIL] Rate limited for STXUSDT_1 (attempt 1/5)
2025-12-17 23:04:41 - shared_modules.data_collection.optimized_data_fetcher - ERROR - [FAIL] Exception for STXUSDT_1: local variable 'retry_delay' referenced before assignment (attempt 2/5)
2025-12-17 23:04:41 - shared_modules.data_collection.optimized_data_fetcher - ERROR - [FAIL] Exception for STXUSDT_1: local variable 'retry_delay' referenced before assignment (attempt 3/5)
2025-12-17 23:04:41 - shared_modules.data_collection.optimized_data_fetcher - ERROR - [FAIL] Exception for STXUSDT_1: local variable 'retry_delay' referenced before assignment (attempt 4/5)
2025-12-17 23:04:41 - shared_modules.data_collection.optimized_data_fetcher - ERROR - [FAIL] Exception for STXUSDT_1: local variable 'retry_delay' referenced before assignment (attempt 5/5)
2025-12-17 23:04:41 - shared_modules.data_collection.optimized_data_fetcher - ERROR - [FAIL] Failed to fetch STXUSDT_1
2025-12-17 23:04:41 - shared_modules.data_collection.optimized_data_fetcher - WARNING - [FAIL] Rate limited for STGUSDT_60 (attempt 1/5)
2025-12-17 23:04:41 - shared_modules.data_collection.optimized_data_fetcher - ERROR - [FAIL] Exception for STGUSDT_60: local variable 'retry_delay' referenced before assignment (attempt 2/5)
2025-12-17 23:04:41 - shared_modules.data_collection.optimized_data_fetcher - ERROR - [FAIL] Exception for STGUSDT_60: local variable 'retry_delay' referenced before assignment (attempt 3/5)
2025-12-17 23:04:41 - shared_modules.data_collection.optimized_data_fetcher - ERROR - [FAIL] Exception for STGUSDT_60: local variable 'retry_delay' referenced before assignment (attempt 4/5)
2025-12-17 23:04:41 - shared_modules.data_collection.optimized_data_fetcher - ERROR - [FAIL] Exception for STGUSDT_60: local variable 'retry_delay' referenced before assignment (attempt 5/5)
2025-12-17 23:04:41 - shared_modules.data_collection.optimized_data_fetcher - ERROR - [FAIL] Failed to fetch STGUSDT_60
2025-12-17 23:04:41 - shared_modules.data_collection.optimized_data_fetcher - WARNING - [FAIL] Rate limited for STORJUSDT_120 (attempt 1/5)
2025-12-17 23:04:41 - shared_modules.data_collection.optimized_data_fetcher - ERROR - [FAIL] Exception for STORJUSDT_120: local variable 'retry_delay' referenced before assignment (attempt 2/5)
2025-12-17 23:04:41 - shared_modules.data_collection.optimized_data_fetcher - ERROR - [FAIL] Exception for STORJUSDT_120: local variable 'retry_delay' referenced before assignment (attempt 3/5)
2025-12-17 23:04:41 - shared_modules.data_collection.optimized_data_fetcher - ERROR - [FAIL] Exception for STORJUSDT_120: local variable 'retry_delay' referenced before assignment (attempt 4/5)
2025-12-17 23:04:41 - shared_modules.data_collection.optimized_data_fetcher - ERROR - [FAIL] Exception for STORJUSDT_120: local variable 'retry_delay' referenced before assignment (attempt 5/5)
2025-12-17 23:04:41 - shared_modules.data_collection.optimized_data_fetcher - ERROR - [FAIL] Failed to fetch STORJUSDT_120
2025-12-17 23:04:41 - shared_modules.data_collection.optimized_data_fetcher - WARNING - [FAIL] Rate limited for STXUSDT_60 (attempt 1/5)
2025-12-17 23:04:41 - shared_modules.data_collection.optimized_data_fetcher - ERROR - [FAIL] Exception for STXUSDT_60: local variable 'retry_delay' referenced before assignment (attempt 2/5)
2025-12-17 23:04:41 - shared_modules.data_collection.optimized_data_fetcher - ERROR - [FAIL] Exception for STXUSDT_60: local variable 'retry_delay' referenced before assignment (attempt 3/5)
2025-12-17 23:04:41 - shared_modules.data_collection.optimized_data_fetcher - ERROR - [FAIL] Exception for STXUSDT_60: local variable 'retry_delay' referenced before assignment (attempt 4/5)
2025-12-17 23:04:41 - shared_modules.data_collection.optimized_data_fetcher - ERROR - [FAIL] Exception for STXUSDT_60: local variable 'retry_delay' referenced before assignment (attempt 5/5)
2025-12-17 23:04:41 - shared_modules.data_collection.optimized_data_fetcher - ERROR - [FAIL] Failed to fetch STXUSDT_60
2025-12-17 23:04:41 - shared_modules.data_collection.optimized_data_fetcher - WARNING - [FAIL] Rate limited for STEEMUSDT_15 (attempt 1/5)
2025-12-17 23:04:41 - shared_modules.data_collection.optimized_data_fetcher - ERROR - [FAIL] Exception for STEEMUSDT_15: local variable 'retry_delay' referenced before assignment (attempt 2/5)
2025-12-17 23:04:41 - shared_modules.data_collection.optimized_data_fetcher - ERROR - [FAIL] Exception for STEEMUSDT_15: local variable 'retry_delay' referenced before assignment (attempt 3/5)
2025-12-17 23:04:41 - shared_modules.data_collection.optimized_data_fetcher - ERROR - [FAIL] Exception for STEEMUSDT_15: local variable 'retry_delay' referenced before assignment (attempt 4/5)
2025-12-17 23:04:41 - shared_modules.data_collection.optimized_data_fetcher - ERROR - [FAIL] Exception for STEEMUSDT_15: local variable 'retry_delay' referenced before assignment (attempt 5/5)
2025-12-17 23:04:41 - shared_modules.data_collection.optimized_data_fetcher - ERROR - [FAIL] Failed to fetch STEEMUSDT_15
2025-12-17 23:04:41 - shared_modules.data_collection.optimized_data_fetcher - WARNING - [FAIL] Rate limited for STEEMUSDT_5 (attempt 1/5)
2025-12-17 23:04:41 - shared_modules.data_collection.optimized_data_fetcher - ERROR - [FAIL] Exception for STEEMUSDT_5: local variable 'retry_delay' referenced before assignment (attempt 2/5)
2025-12-17 23:04:41 - shared_modules.data_collection.optimized_data_fetcher - ERROR - [FAIL] Exception for STEEMUSDT_5: local variable 'retry_delay' referenced before assignment (attempt 3/5)
2025-12-17 23:04:41 - shared_modules.data_collection.optimized_data_fetcher - ERROR - [FAIL] Exception for STEEMUSDT_5: local variable 'retry_delay' referenced before assignment (attempt 4/5)
2025-12-17 23:04:41 - shared_modules.data_collection.optimized_data_fetcher - ERROR - [FAIL] Exception for STEEMUSDT_5: local variable 'retry_delay' referenced before assignment (attempt 5/5)
2025-12-17 23:04:41 - shared_modules.data_collection.optimized_data_fetcher - ERROR - [FAIL] Failed to fetch STEEMUSDT_5
2025-12-17 23:04:41 - shared_modules.data_collection.optimized_data_fetcher - WARNING - [FAIL] Rate limited for SUPERUSDT_1 (attempt 1/5)
2025-12-17 23:04:41 - shared_modules.data_collection.optimized_data_fetcher - ERROR - [FAIL] Exception for SUPERUSDT_1: local variable 'retry_delay' referenced before assignment (attempt 2/5)
2025-12-17 23:04:41 - shared_modules.data_collection.optimized_data_fetcher - ERROR - [FAIL] Exception for SUPERUSDT_1: local variable 'retry_delay' referenced before assignment (attempt 3/5)
2025-12-17 23:04:41 - shared_modules.data_collection.optimized_data_fetcher - ERROR - [FAIL] Exception for SUPERUSDT_1: local variable 'retry_delay' referenced before assignment (attempt 4/5)
2025-12-17 23:04:41 - shared_modules.data_collection.optimized_data_fetcher - ERROR - [FAIL] Exception for SUPERUSDT_1: local variable 'retry_delay' referenced before assignment (attempt 5/5)
2025-12-17 23:04:41 - shared_modules.data_collection.optimized_data_fetcher - ERROR - [FAIL] Failed to fetch SUPERUSDT_1
2025-12-17 23:04:41 - shared_modules.data_collection.optimized_data_fetcher - WARNING - [FAIL] Rate limited for SUNUSDT_240 (attempt 1/5)
2025-12-17 23:04:41 - shared_modules.data_collection.optimized_data_fetcher - ERROR - [FAIL] Exception for SUNUSDT_240: local variable 'retry_delay' referenced before assignment (attempt 2/5)
2025-12-17 23:04:41 - shared_modules.data_collection.optimized_data_fetcher - ERROR - [FAIL] Exception for SUNUSDT_240: local variable 'retry_delay' referenced before assignment (attempt 3/5)
2025-12-17 23:04:41 - shared_modules.data_collection.optimized_data_fetcher - ERROR - [FAIL] Exception for SUNUSDT_240: local variable 'retry_delay' referenced before assignment (attempt 4/5)
2025-12-17 23:04:41 - shared_modules.data_collection.optimized_data_fetcher - ERROR - [FAIL] Exception for SUNUSDT_240: local variable 'retry_delay' referenced before assignment (attempt 5/5)
2025-12-17 23:04:41 - shared_modules.data_collection.optimized_data_fetcher - ERROR - [FAIL] Failed to fetch SUNUSDT_240
2025-12-17 23:04:41 - shared_modules.data_collection.optimized_data_fetcher - WARNING - [FAIL] Rate limited for SUIUSDT_60 (attempt 1/5)
2025-12-17 23:04:41 - shared_modules.data_collection.optimized_data_fetcher - ERROR - [FAIL] Exception for SUIUSDT_60: local variable 'retry_delay' referenced before assignment (attempt 2/5)
2025-12-17 23:04:41 - shared_modules.data_collection.optimized_data_fetcher - ERROR - [FAIL] Exception for SUIUSDT_60: local variable 'retry_delay' referenced before assignment (attempt 3/5)
2025-12-17 23:04:41 - shared_modules.data_collection.optimized_data_fetcher - ERROR - [FAIL] Exception for SUIUSDT_60: local variable 'retry_delay' referenced before assignment (attempt 4/5)
2025-12-17 23:04:41 - shared_modules.data_collection.optimized_data_fetcher - ERROR - [FAIL] Exception for SUIUSDT_60: local variable 'retry_delay' referenced before assignment (attempt 5/5)
2025-12-17 23:04:41 - shared_modules.data_collection.optimized_data_fetcher - ERROR - [FAIL] Failed to fetch SUIUSDT_60
2025-12-17 23:04:41 - shared_modules.data_collection.optimized_data_fetcher - WARNING - [FAIL] Rate limited for SPXUSDT_60 (attempt 1/5)
2025-12-17 23:04:41 - shared_modules.data_collection.optimized_data_fetcher - ERROR - [FAIL] Exception for SPXUSDT_60: local variable 'retry_delay' referenced before assignment (attempt 2/5)
2025-12-17 23:04:41 - shared_modules.data_collection.optimized_data_fetcher - ERROR - [FAIL] Exception for SPXUSDT_60: local variable 'retry_delay' referenced before assignment (attempt 3/5)
2025-12-17 23:04:41 - shared_modules.data_collection.optimized_data_fetcher - ERROR - [FAIL] Exception for SPXUSDT_60: local variable 'retry_delay' referenced before assignment (attempt 4/5)
2025-12-17 23:04:41 - shared_modules.data_collection.optimized_data_fetcher - ERROR - [FAIL] Exception for SPXUSDT_60: local variable 'retry_delay' referenced before assignment (attempt 5/5)
2025-12-17 23:04:41 - shared_modules.data_collection.optimized_data_fetcher - ERROR - [FAIL] Failed to fetch SPXUSDT_60
2025-12-17 23:04:41 - shared_modules.data_collection.optimized_data_fetcher - WARNING - [FAIL] Rate limited for SUNUSDT_60 (attempt 1/5)
2025-12-17 23:04:41 - shared_modules.data_collection.optimized_data_fetcher - ERROR - [FAIL] Exception for SUNUSDT_60: local variable 'retry_delay' referenced before assignment (attempt 2/5)
2025-12-17 23:04:41 - shared_modules.data_collection.optimized_data_fetcher - ERROR - [FAIL] Exception for SUNUSDT_60: local variable 'retry_delay' referenced before assignment (attempt 3/5)
2025-12-17 23:04:41 - shared_modules.data_collection.optimized_data_fetcher - ERROR - [FAIL] Exception for SUNUSDT_60: local variable 'retry_delay' referenced before assignment (attempt 4/5)
2025-12-17 23:04:41 - shared_modules.data_collection.optimized_data_fetcher - ERROR - [FAIL] Exception for SUNUSDT_60: local variable 'retry_delay' referenced before assignment (attempt 5/5)
2025-12-17 23:04:41 - shared_modules.data_collection.optimized_data_fetcher - ERROR - [FAIL] Failed to fetch SUNUSDT_60
2025-12-17 23:04:41 - shared_modules.data_collection.optimized_data_fetcher - WARNING - [FAIL] Rate limited for SUIUSDT_240 (attempt 1/5)
2025-12-17 23:04:41 - shared_modules.data_collection.optimized_data_fetcher - ERROR - [FAIL] Exception for SUIUSDT_240: local variable 'retry_delay' referenced before assignment (attempt 2/5)
2025-12-17 23:04:41 - shared_modules.data_collection.optimized_data_fetcher - ERROR - [FAIL] Exception for SUIUSDT_240: local variable 'retry_delay' referenced before assignment (attempt 3/5)
2025-12-17 23:04:41 - shared_modules.data_collection.optimized_data_fetcher - ERROR - [FAIL] Exception for SUIUSDT_240: local variable 'retry_delay' referenced before assignment (attempt 4/5)
2025-12-17 23:04:41 - shared_modules.data_collection.optimized_data_fetcher - ERROR - [FAIL] Exception for SUIUSDT_240: local variable 'retry_delay' referenced before assignment (attempt 5/5)
2025-12-17 23:04:41 - shared_modules.data_collection.optimized_data_fetcher - ERROR - [FAIL] Failed to fetch SUIUSDT_240
2025-12-17 23:04:41 - shared_modules.data_collection.optimized_data_fetcher - WARNING - [FAIL] Rate limited for SPKUSDT_5 (attempt 1/5)
2025-12-17 23:04:41 - shared_modules.data_collection.optimized_data_fetcher - ERROR - [FAIL] Exception for SPKUSDT_5: local variable 'retry_delay' referenced before assignment (attempt 2/5)
2025-12-17 23:04:41 - shared_modules.data_collection.optimized_data_fetcher - ERROR - [FAIL] Exception for SPKUSDT_5: local variable 'retry_delay' referenced before assignment (attempt 3/5)
2025-12-17 23:04:41 - shared_modules.data_collection.optimized_data_fetcher - ERROR - [FAIL] Exception for SPKUSDT_5: local variable 'retry_delay' referenced before assignment (attempt 4/5)
2025-12-17 23:04:41 - shared_modules.data_collection.optimized_data_fetcher - ERROR - [FAIL] Exception for SPKUSDT_5: local variable 'retry_delay' referenced before assignment (attempt 5/5)
2025-12-17 23:04:41 - shared_modules.data_collection.optimized_data_fetcher - ERROR - [FAIL] Failed to fetch SPKUSDT_5
2025-12-17 23:04:41 - shared_modules.data_collection.optimized_data_fetcher - WARNING - [FAIL] Rate limited for SUPERUSDT_5 (attempt 1/5)
2025-12-17 23:04:41 - shared_modules.data_collection.optimized_data_fetcher - ERROR - [FAIL] Exception for SUPERUSDT_5: local variable 'retry_delay' referenced before assignment (attempt 2/5)
2025-12-17 23:04:41 - shared_modules.data_collection.optimized_data_fetcher - ERROR - [FAIL] Exception for SUPERUSDT_5: local variable 'retry_delay' referenced before assignment (attempt 3/5)
2025-12-17 23:04:41 - shared_modules.data_collection.optimized_data_fetcher - ERROR - [FAIL] Exception for SUPERUSDT_5: local variable 'retry_delay' referenced before assignment (attempt 4/5)
2025-12-17 23:04:41 - shared_modules.data_collection.optimized_data_fetcher - ERROR - [FAIL] Exception for SUPERUSDT_5: local variable 'retry_delay' referenced before assignment (attempt 5/5)
2025-12-17 23:04:41 - shared_modules.data_collection.optimized_data_fetcher - ERROR - [FAIL] Failed to fetch SUPERUSDT_5
2025-12-17 23:04:41 - shared_modules.data_collection.optimized_data_fetcher - WARNING - [FAIL] Rate limited for SXPUSDT_1 (attempt 1/5)
2025-12-17 23:04:41 - shared_modules.data_collection.optimized_data_fetcher - ERROR - [FAIL] Exception for SXPUSDT_1: local variable 'retry_delay' referenced before assignment (attempt 2/5)
2025-12-17 23:04:41 - shared_modules.data_collection.optimized_data_fetcher - ERROR - [FAIL] Exception for SXPUSDT_1: local variable 'retry_delay' referenced before assignment (attempt 3/5)
2025-12-17 23:04:41 - shared_modules.data_collection.optimized_data_fetcher - ERROR - [FAIL] Exception for SXPUSDT_1: local variable 'retry_delay' referenced before assignment (attempt 4/5)
2025-12-17 23:04:41 - shared_modules.data_collection.optimized_data_fetcher - ERROR - [FAIL] Exception for SXPUSDT_1: local variable 'retry_delay' referenced before assignment (attempt 5/5)
2025-12-17 23:04:41 - shared_modules.data_collection.optimized_data_fetcher - ERROR - [FAIL] Failed to fetch SXPUSDT_1
2025-12-17 23:04:41 - shared_modules.data_collection.optimized_data_fetcher - WARNING - [FAIL] Rate limited for SUSHIUSDT_1 (attempt 1/5)
2025-12-17 23:04:41 - shared_modules.data_collection.optimized_data_fetcher - ERROR - [FAIL] Exception for SUSHIUSDT_1: local variable 'retry_delay' referenced before assignment (attempt 2/5)
2025-12-17 23:04:41 - shared_modules.data_collection.optimized_data_fetcher - ERROR - [FAIL] Exception for SUSHIUSDT_1: local variable 'retry_delay' referenced before assignment (attempt 3/5)
2025-12-17 23:04:41 - shared_modules.data_collection.optimized_data_fetcher - ERROR - [FAIL] Exception for SUSHIUSDT_1: local variable 'retry_delay' referenced before assignment (attempt 4/5)
2025-12-17 23:04:41 - shared_modules.data_collection.optimized_data_fetcher - ERROR - [FAIL] Exception for SUSHIUSDT_1: local variable 'retry_delay' referenced before assignment (attempt 5/5)
2025-12-17 23:04:41 - shared_modules.data_collection.optimized_data_fetcher - ERROR - [FAIL] Failed to fetch SUSHIUSDT_1
2025-12-17 23:04:41 - shared_modules.data_collection.optimized_data_fetcher - WARNING - [FAIL] Rate limited for SUPERUSDT_120 (attempt 1/5)
2025-12-17 23:04:41 - shared_modules.data_collection.optimized_data_fetcher - ERROR - [FAIL] Exception for SUPERUSDT_120: local variable 'retry_delay' referenced before assignment (attempt 2/5)
2025-12-17 23:04:41 - shared_modules.data_collection.optimized_data_fetcher - ERROR - [FAIL] Exception for SUPERUSDT_120: local variable 'retry_delay' referenced before assignment (attempt 3/5)
2025-12-17 23:04:41 - shared_modules.data_collection.optimized_data_fetcher - ERROR - [FAIL] Exception for SUPERUSDT_120: local variable 'retry_delay' referenced before assignment (attempt 4/5)
2025-12-17 23:04:41 - shared_modules.data_collection.optimized_data_fetcher - ERROR - [FAIL] Exception for SUPERUSDT_120: local variable 'retry_delay' referenced before assignment (attempt 5/5)
2025-12-17 23:04:41 - shared_modules.data_collection.optimized_data_fetcher - ERROR - [FAIL] Failed to fetch SUPERUSDT_120
2025-12-17 23:04:41 - shared_modules.data_collection.optimized_data_fetcher - WARNING - [FAIL] Rate limited for SWARMSUSDT_60 (attempt 1/5)
2025-12-17 23:04:41 - shared_modules.data_collection.optimized_data_fetcher - ERROR - [FAIL] Exception for SWARMSUSDT_60: local variable 'retry_delay' referenced before assignment (attempt 2/5)
2025-12-17 23:04:41 - shared_modules.data_collection.optimized_data_fetcher - ERROR - [FAIL] Exception for SWARMSUSDT_60: local variable 'retry_delay' referenced before assignment (attempt 3/5)
2025-12-17 23:04:41 - shared_modules.data_collection.optimized_data_fetcher - ERROR - [FAIL] Exception for SWARMSUSDT_60: local variable 'retry_delay' referenced before assignment (attempt 4/5)
2025-12-17 23:04:41 - shared_modules.data_collection.optimized_data_fetcher - ERROR - [FAIL] Exception for SWARMSUSDT_60: local variable 'retry_delay' referenced before assignment (attempt 5/5)
2025-12-17 23:04:41 - shared_modules.data_collection.optimized_data_fetcher - ERROR - [FAIL] Failed to fetch SWARMSUSDT_60
2025-12-17 23:04:41 - shared_modules.data_collection.optimized_data_fetcher - WARNING - [FAIL] Rate limited for SUSHIUSDT_5 (attempt 1/5)
2025-12-17 23:04:41 - shared_modules.data_collection.optimized_data_fetcher - ERROR - [FAIL] Exception for SUSHIUSDT_5: local variable 'retry_delay' referenced before assignment (attempt 2/5)
2025-12-17 23:04:41 - shared_modules.data_collection.optimized_data_fetcher - ERROR - [FAIL] Exception for SUSHIUSDT_5: local variable 'retry_delay' referenced before assignment (attempt 3/5)
2025-12-17 23:04:41 - shared_modules.data_collection.optimized_data_fetcher - ERROR - [FAIL] Exception for SUSHIUSDT_5: local variable 'retry_delay' referenced before assignment (attempt 4/5)
2025-12-17 23:04:41 - shared_modules.data_collection.optimized_data_fetcher - ERROR - [FAIL] Exception for SUSHIUSDT_5: local variable 'retry_delay' referenced before assignment (attempt 5/5)
2025-12-17 23:04:41 - shared_modules.data_collection.optimized_data_fetcher - ERROR - [FAIL] Failed to fetch SUSHIUSDT_5
2025-12-17 23:04:41 - shared_modules.data_collection.optimized_data_fetcher - WARNING - [FAIL] Rate limited for SUNUSDT_120 (attempt 1/5)
2025-12-17 23:04:41 - shared_modules.data_collection.optimized_data_fetcher - ERROR - [FAIL] Exception for SUNUSDT_120: local variable 'retry_delay' referenced before assignment (attempt 2/5)
2025-12-17 23:04:41 - shared_modules.data_collection.optimized_data_fetcher - ERROR - [FAIL] Exception for SUNUSDT_120: local variable 'retry_delay' referenced before assignment (attempt 3/5)
2025-12-17 23:04:41 - shared_modules.data_collection.optimized_data_fetcher - ERROR - [FAIL] Exception for SUNUSDT_120: local variable 'retry_delay' referenced before assignment (attempt 4/5)
2025-12-17 23:04:41 - shared_modules.data_collection.optimized_data_fetcher - ERROR - [FAIL] Exception for SUNUSDT_120: local variable 'retry_delay' referenced before assignment (attempt 5/5)
2025-12-17 23:04:41 - shared_modules.data_collection.optimized_data_fetcher - ERROR - [FAIL] Failed to fetch SUNUSDT_120
2025-12-17 23:04:41 - shared_modules.data_collection.optimized_data_fetcher - WARNING - [FAIL] Rate limited for SUNUSDT_5 (attempt 1/5)
2025-12-17 23:04:41 - shared_modules.data_collection.optimized_data_fetcher - ERROR - [FAIL] Exception for SUNUSDT_5: local variable 'retry_delay' referenced before assignment (attempt 2/5)
2025-12-17 23:04:41 - shared_modules.data_collection.optimized_data_fetcher - ERROR - [FAIL] Exception for SUNUSDT_5: local variable 'retry_delay' referenced before assignment (attempt 3/5)
2025-12-17 23:04:41 - shared_modules.data_collection.optimized_data_fetcher - ERROR - [FAIL] Exception for SUNUSDT_5: local variable 'retry_delay' referenced before assignment (attempt 4/5)
2025-12-17 23:04:41 - shared_modules.data_collection.optimized_data_fetcher - ERROR - [FAIL] Exception for SUNUSDT_5: local variable 'retry_delay' referenced before assignment (attempt 5/5)
2025-12-17 23:04:41 - shared_modules.data_collection.optimized_data_fetcher - ERROR - [FAIL] Failed to fetch SUNUSDT_5
2025-12-17 23:04:41 - shared_modules.data_collection.optimized_data_fetcher - WARNING - [FAIL] Rate limited for SSVUSDT_1 (attempt 1/5)
2025-12-17 23:04:41 - shared_modules.data_collection.optimized_data_fetcher - ERROR - [FAIL] Exception for SSVUSDT_1: local variable 'retry_delay' referenced before assignment (attempt 2/5)
2025-12-17 23:04:41 - shared_modules.data_collection.optimized_data_fetcher - ERROR - [FAIL] Exception for SSVUSDT_1: local variable 'retry_delay' referenced before assignment (attempt 3/5)
2025-12-17 23:04:41 - shared_modules.data_collection.optimized_data_fetcher - ERROR - [FAIL] Exception for SSVUSDT_1: local variable 'retry_delay' referenced before assignment (attempt 4/5)
2025-12-17 23:04:41 - shared_modules.data_collection.optimized_data_fetcher - ERROR - [FAIL] Exception for SSVUSDT_1: local variable 'retry_delay' referenced before assignment (attempt 5/5)
2025-12-17 23:04:41 - shared_modules.data_collection.optimized_data_fetcher - ERROR - [FAIL] Failed to fetch SSVUSDT_1
