2025-12-17 23:47:18 - shared_modules.data_collection.optimized_data_fetcher - WARNING - [FAIL] Rate limited for ETCUSDT_60 (attempt 1/5)
2025-12-17 23:47:18 - shared_modules.data_collection.optimized_data_fetcher - ERROR - [FAIL] Exception for ETCUSDT_60: local variable 'retry_delay' referenced before assignment (attempt 2/5)
2025-12-17 23:47:18 - shared_modules.data_collection.optimized_data_fetcher - ERROR - [FAIL] Exception for ETCUSDT_60: local variable 'retry_delay' referenced before assignment (attempt 3/5)
2025-12-17 23:47:18 - shared_modules.data_collection.optimized_data_fetcher - ERROR - [FAIL] Exception for ETCUSDT_60: local variable 'retry_delay' referenced before assignment (attempt 4/5)
2025-12-17 23:47:18 - shared_modules.data_collection.optimized_data_fetcher - ERROR - [FAIL] Exception for ETCUSDT_60: local variable 'retry_delay' referenced before assignment (attempt 5/5)
2025-12-17 23:47:18 - shared_modules.data_collection.optimized_data_fetcher - ERROR - [FAIL] Failed to fetch ETCUSDT_60
2025-12-17 23:47:18 - shared_modules.data_collection.optimized_data_fetcher - WARNING - [FAIL] Rate limited for ETHBTCUSDT_120 (attempt 1/5)
2025-12-17 23:47:18 - shared_modules.data_collection.optimized_data_fetcher - ERROR - [FAIL] Exception for ETHBTCUSDT_120: local variable 'retry_delay' referenced before assignment (attempt 2/5)
2025-12-17 23:47:18 - shared_modules.data_collection.optimized_data_fetcher - ERROR - [FAIL] Exception for ETHBTCUSDT_120: local variable 'retry_delay' referenced before assignment (attempt 3/5)
2025-12-17 23:47:18 - shared_modules.data_collection.optimized_data_fetcher - ERROR - [FAIL] Exception for ETHBTCUSDT_120: local variable 'retry_delay' referenced before assignment (attempt 4/5)
2025-12-17 23:47:18 - shared_modules.data_collection.optimized_data_fetcher - ERROR - [FAIL] Exception for ETHBTCUSDT_120: local variable 'retry_delay' referenced before assignment (attempt 5/5)
2025-12-17 23:47:18 - shared_modules.data_collection.optimized_data_fetcher - ERROR - [FAIL] Failed to fetch ETHBTCUSDT_120
2025-12-17 23:47:18 - shared_modules.data_collection.optimized_data_fetcher - WARNING - [FAIL] Rate limited for FIDAUSDT_120 (attempt 1/5)
2025-12-17 23:47:18 - shared_modules.data_collection.optimized_data_fetcher - ERROR - [FAIL] Exception for FIDAUSDT_120: local variable 'retry_delay' referenced before assignment (attempt 2/5)
2025-12-17 23:47:18 - shared_modules.data_collection.optimized_data_fetcher - ERROR - [FAIL] Exception for FIDAUSDT_120: local variable 'retry_delay' referenced before assignment (attempt 3/5)
2025-12-17 23:47:18 - shared_modules.data_collection.optimized_data_fetcher - ERROR - [FAIL] Exception for FIDAUSDT_120: local variable 'retry_delay' referenced before assignment (attempt 4/5)
2025-12-17 23:47:18 - shared_modules.data_collection.optimized_data_fetcher - ERROR - [FAIL] Exception for FIDAUSDT_120: local variable 'retry_delay' referenced before assignment (attempt 5/5)
2025-12-17 23:47:18 - shared_modules.data_collection.optimized_data_fetcher - ERROR - [FAIL] Failed to fetch FIDAUSDT_120
2025-12-17 23:47:18 - shared_modules.data_collection.optimized_data_fetcher - WARNING - [FAIL] Rate limited for FLOWUSDT_240 (attempt 1/5)
2025-12-17 23:47:18 - shared_modules.data_collection.optimized_data_fetcher - ERROR - [FAIL] Exception for FLOWUSDT_240: local variable 'retry_delay' referenced before assignment (attempt 2/5)
2025-12-17 23:47:18 - shared_modules.data_collection.optimized_data_fetcher - ERROR - [FAIL] Exception for FLOWUSDT_240: local variable 'retry_delay' referenced before assignment (attempt 3/5)
2025-12-17 23:47:18 - shared_modules.data_collection.optimized_data_fetcher - ERROR - [FAIL] Exception for FLOWUSDT_240: local variable 'retry_delay' referenced before assignment (attempt 4/5)
2025-12-17 23:47:18 - shared_modules.data_collection.optimized_data_fetcher - ERROR - [FAIL] Exception for FLOWUSDT_240: local variable 'retry_delay' referenced before assignment (attempt 5/5)
2025-12-17 23:47:18 - shared_modules.data_collection.optimized_data_fetcher - ERROR - [FAIL] Failed to fetch FLOWUSDT_240
2025-12-17 23:47:19 - shared_modules.data_collection.optimized_data_fetcher - WARNING - [FAIL] Rate limited for EPTUSDT_240 (attempt 1/5)
2025-12-17 23:47:19 - shared_modules.data_collection.optimized_data_fetcher - ERROR - [FAIL] Exception for EPTUSDT_240: local variable 'retry_delay' referenced before assignment (attempt 2/5)
2025-12-17 23:47:19 - shared_modules.data_collection.optimized_data_fetcher - ERROR - [FAIL] Exception for EPTUSDT_240: local variable 'retry_delay' referenced before assignment (attempt 3/5)
2025-12-17 23:47:19 - shared_modules.data_collection.optimized_data_fetcher - ERROR - [FAIL] Exception for EPTUSDT_240: local variable 'retry_delay' referenced before assignment (attempt 4/5)
2025-12-17 23:47:19 - shared_modules.data_collection.optimized_data_fetcher - ERROR - [FAIL] Exception for EPTUSDT_240: local variable 'retry_delay' referenced before assignment (attempt 5/5)
2025-12-17 23:47:19 - shared_modules.data_collection.optimized_data_fetcher - ERROR - [FAIL] Failed to fetch EPTUSDT_240
2025-12-17 23:47:19 - shared_modules.data_collection.optimized_data_fetcher - WARNING - [FAIL] Rate limited for FOLKSUSDT_5 (attempt 1/5)
2025-12-17 23:47:19 - shared_modules.data_collection.optimized_data_fetcher - ERROR - [FAIL] Exception for FOLKSUSDT_5: local variable 'retry_delay' referenced before assignment (attempt 2/5)
2025-12-17 23:47:19 - shared_modules.data_collection.optimized_data_fetcher - ERROR - [FAIL] Exception for FOLKSUSDT_5: local variable 'retry_delay' referenced before assignment (attempt 3/5)
2025-12-17 23:47:19 - shared_modules.data_collection.optimized_data_fetcher - ERROR - [FAIL] Exception for FOLKSUSDT_5: local variable 'retry_delay' referenced before assignment (attempt 4/5)
2025-12-17 23:47:19 - shared_modules.data_collection.optimized_data_fetcher - ERROR - [FAIL] Exception for FOLKSUSDT_5: local variable 'retry_delay' referenced before assignment (attempt 5/5)
2025-12-17 23:47:19 - shared_modules.data_collection.optimized_data_fetcher - ERROR - [FAIL] Failed to fetch FOLKSUSDT_5
2025-12-17 23:47:19 - shared_modules.data_collection.optimized_data_fetcher - WARNING - [FAIL] Rate limited for FORMUSDT_15 (attempt 1/5)
2025-12-17 23:47:19 - shared_modules.data_collection.optimized_data_fetcher - ERROR - [FAIL] Exception for FORMUSDT_15: local variable 'retry_delay' referenced before assignment (attempt 2/5)
2025-12-17 23:47:19 - shared_modules.data_collection.optimized_data_fetcher - ERROR - [FAIL] Exception for FORMUSDT_15: local variable 'retry_delay' referenced before assignment (attempt 3/5)
2025-12-17 23:47:19 - shared_modules.data_collection.optimized_data_fetcher - ERROR - [FAIL] Exception for FORMUSDT_15: local variable 'retry_delay' referenced before assignment (attempt 4/5)
2025-12-17 23:47:19 - shared_modules.data_collection.optimized_data_fetcher - ERROR - [FAIL] Exception for FORMUSDT_15: local variable 'retry_delay' referenced before assignment (attempt 5/5)
2025-12-17 23:47:19 - shared_modules.data_collection.optimized_data_fetcher - ERROR - [FAIL] Failed to fetch FORMUSDT_15
2025-12-17 23:47:19 - shared_modules.data_collection.optimized_data_fetcher - WARNING - [FAIL] Rate limited for FWOGUSDT_15 (attempt 1/5)
2025-12-17 23:47:19 - shared_modules.data_collection.optimized_data_fetcher - ERROR - [FAIL] Exception for FWOGUSDT_15: local variable 'retry_delay' referenced before assignment (attempt 2/5)
2025-12-17 23:47:19 - shared_modules.data_collection.optimized_data_fetcher - ERROR - [FAIL] Exception for FWOGUSDT_15: local variable 'retry_delay' referenced before assignment (attempt 3/5)
2025-12-17 23:47:19 - shared_modules.data_collection.optimized_data_fetcher - ERROR - [FAIL] Exception for FWOGUSDT_15: local variable 'retry_delay' referenced before assignment (attempt 4/5)
2025-12-17 23:47:19 - shared_modules.data_collection.optimized_data_fetcher - ERROR - [FAIL] Exception for FWOGUSDT_15: local variable 'retry_delay' referenced before assignment (attempt 5/5)
2025-12-17 23:47:19 - shared_modules.data_collection.optimized_data_fetcher - ERROR - [FAIL] Failed to fetch FWOGUSDT_15
2025-12-17 23:47:19 - shared_modules.data_collection.optimized_data_fetcher - WARNING - [FAIL] Rate limited for FWOGUSDT_240 (attempt 1/5)
2025-12-17 23:47:19 - shared_modules.data_collection.optimized_data_fetcher - ERROR - [FAIL] Exception for FWOGUSDT_240: local variable 'retry_delay' referenced before assignment (attempt 2/5)
2025-12-17 23:47:19 - shared_modules.data_collection.optimized_data_fetcher - ERROR - [FAIL] Exception for FWOGUSDT_240: local variable 'retry_delay' referenced before assignment (attempt 3/5)
2025-12-17 23:47:19 - shared_modules.data_collection.optimized_data_fetcher - ERROR - [FAIL] Exception for FWOGUSDT_240: local variable 'retry_delay' referenced before assignment (attempt 4/5)
2025-12-17 23:47:19 - shared_modules.data_collection.optimized_data_fetcher - ERROR - [FAIL] Exception for FWOGUSDT_240: local variable 'retry_delay' referenced before assignment (attempt 5/5)
2025-12-17 23:47:19 - shared_modules.data_collection.optimized_data_fetcher - ERROR - [FAIL] Failed to fetch FWOGUSDT_240
2025-12-17 23:47:19 - shared_modules.data_collection.optimized_data_fetcher - WARNING - [FAIL] Rate limited for GIGAUSDT_60 (attempt 1/5)
2025-12-17 23:47:19 - shared_modules.data_collection.optimized_data_fetcher - ERROR - [FAIL] Exception for GIGAUSDT_60: local variable 'retry_delay' referenced before assignment (attempt 2/5)
2025-12-17 23:47:19 - shared_modules.data_collection.optimized_data_fetcher - ERROR - [FAIL] Exception for GIGAUSDT_60: local variable 'retry_delay' referenced before assignment (attempt 3/5)
2025-12-17 23:47:19 - shared_modules.data_collection.optimized_data_fetcher - ERROR - [FAIL] Exception for GIGAUSDT_60: local variable 'retry_delay' referenced before assignment (attempt 4/5)
2025-12-17 23:47:19 - shared_modules.data_collection.optimized_data_fetcher - ERROR - [FAIL] Exception for GIGAUSDT_60: local variable 'retry_delay' referenced before assignment (attempt 5/5)
2025-12-17 23:47:19 - shared_modules.data_collection.optimized_data_fetcher - ERROR - [FAIL] Failed to fetch GIGAUSDT_60
2025-12-17 23:47:19 - shared_modules.data_collection.optimized_data_fetcher - WARNING - [FAIL] Rate limited for FUSDT_120 (attempt 1/5)
2025-12-17 23:47:19 - shared_modules.data_collection.optimized_data_fetcher - ERROR - [FAIL] Exception for FUSDT_120: local variable 'retry_delay' referenced before assignment (attempt 2/5)
2025-12-17 23:47:19 - shared_modules.data_collection.optimized_data_fetcher - ERROR - [FAIL] Exception for FUSDT_120: local variable 'retry_delay' referenced before assignment (attempt 3/5)
2025-12-17 23:47:19 - shared_modules.data_collection.optimized_data_fetcher - ERROR - [FAIL] Exception for FUSDT_120: local variable 'retry_delay' referenced before assignment (attempt 4/5)
2025-12-17 23:47:19 - shared_modules.data_collection.optimized_data_fetcher - ERROR - [FAIL] Exception for FUSDT_120: local variable 'retry_delay' referenced before assignment (attempt 5/5)
2025-12-17 23:47:19 - shared_modules.data_collection.optimized_data_fetcher - ERROR - [FAIL] Failed to fetch FUSDT_120
2025-12-17 23:47:19 - shared_modules.data_collection.optimized_data_fetcher - WARNING - [FAIL] Rate limited for GMTUSDT_5 (attempt 1/5)
2025-12-17 23:47:19 - shared_modules.data_collection.optimized_data_fetcher - ERROR - [FAIL] Exception for GMTUSDT_5: local variable 'retry_delay' referenced before assignment (attempt 2/5)
2025-12-17 23:47:19 - shared_modules.data_collection.optimized_data_fetcher - ERROR - [FAIL] Exception for GMTUSDT_5: local variable 'retry_delay' referenced before assignment (attempt 3/5)
2025-12-17 23:47:19 - shared_modules.data_collection.optimized_data_fetcher - ERROR - [FAIL] Exception for GMTUSDT_5: local variable 'retry_delay' referenced before assignment (attempt 4/5)
2025-12-17 23:47:19 - shared_modules.data_collection.optimized_data_fetcher - ERROR - [FAIL] Exception for GMTUSDT_5: local variable 'retry_delay' referenced before assignment (attempt 5/5)
2025-12-17 23:47:19 - shared_modules.data_collection.optimized_data_fetcher - ERROR - [FAIL] Failed to fetch GMTUSDT_5
2025-12-17 23:47:19 - shared_modules.data_collection.optimized_data_fetcher - WARNING - [FAIL] Rate limited for GMTUSDT_15 (attempt 1/5)
2025-12-17 23:47:19 - shared_modules.data_collection.optimized_data_fetcher - ERROR - [FAIL] Exception for GMTUSDT_15: local variable 'retry_delay' referenced before assignment (attempt 2/5)
2025-12-17 23:47:19 - shared_modules.data_collection.optimized_data_fetcher - ERROR - [FAIL] Exception for GMTUSDT_15: local variable 'retry_delay' referenced before assignment (attempt 3/5)
2025-12-17 23:47:19 - shared_modules.data_collection.optimized_data_fetcher - ERROR - [FAIL] Exception for GMTUSDT_15: local variable 'retry_delay' referenced before assignment (attempt 4/5)
2025-12-17 23:47:19 - shared_modules.data_collection.optimized_data_fetcher - ERROR - [FAIL] Exception for GMTUSDT_15: local variable 'retry_delay' referenced before assignment (attempt 5/5)
2025-12-17 23:47:19 - shared_modules.data_collection.optimized_data_fetcher - ERROR - [FAIL] Failed to fetch GMTUSDT_15
2025-12-17 23:47:19 - shared_modules.data_collection.optimized_data_fetcher - WARNING - [FAIL] Rate limited for FILUSDT_1 (attempt 1/5)
2025-12-17 23:47:19 - shared_modules.data_collection.optimized_data_fetcher - ERROR - [FAIL] Exception for FILUSDT_1: local variable 'retry_delay' referenced before assignment (attempt 2/5)
2025-12-17 23:47:19 - shared_modules.data_collection.optimized_data_fetcher - ERROR - [FAIL] Exception for FILUSDT_1: local variable 'retry_delay' referenced before assignment (attempt 3/5)
2025-12-17 23:47:19 - shared_modules.data_collection.optimized_data_fetcher - ERROR - [FAIL] Exception for FILUSDT_1: local variable 'retry_delay' referenced before assignment (attempt 4/5)
2025-12-17 23:47:19 - shared_modules.data_collection.optimized_data_fetcher - ERROR - [FAIL] Exception for FILUSDT_1: local variable 'retry_delay' referenced before assignment (attempt 5/5)
2025-12-17 23:47:19 - shared_modules.data_collection.optimized_data_fetcher - ERROR - [FAIL] Failed to fetch FILUSDT_1
2025-12-17 23:47:19 - shared_modules.data_collection.optimized_data_fetcher - WARNING - [FAIL] Rate limited for FLUXUSDT_1 (attempt 1/5)
2025-12-17 23:47:19 - shared_modules.data_collection.optimized_data_fetcher - ERROR - [FAIL] Exception for FLUXUSDT_1: local variable 'retry_delay' referenced before assignment (attempt 2/5)
2025-12-17 23:47:19 - shared_modules.data_collection.optimized_data_fetcher - ERROR - [FAIL] Exception for FLUXUSDT_1: local variable 'retry_delay' referenced before assignment (attempt 3/5)
2025-12-17 23:47:19 - shared_modules.data_collection.optimized_data_fetcher - ERROR - [FAIL] Exception for FLUXUSDT_1: local variable 'retry_delay' referenced before assignment (attempt 4/5)
2025-12-17 23:47:19 - shared_modules.data_collection.optimized_data_fetcher - ERROR - [FAIL] Exception for FLUXUSDT_1: local variable 'retry_delay' referenced before assignment (attempt 5/5)
2025-12-17 23:47:19 - shared_modules.data_collection.optimized_data_fetcher - ERROR - [FAIL] Failed to fetch FLUXUSDT_1
2025-12-17 23:47:19 - shared_modules.data_collection.optimized_data_fetcher - WARNING - [FAIL] Rate limited for GIGGLEUSDT_240 (attempt 1/5)
2025-12-17 23:47:19 - shared_modules.data_collection.optimized_data_fetcher - ERROR - [FAIL] Exception for GIGGLEUSDT_240: local variable 'retry_delay' referenced before assignment (attempt 2/5)
2025-12-17 23:47:19 - shared_modules.data_collection.optimized_data_fetcher - ERROR - [FAIL] Exception for GIGGLEUSDT_240: local variable 'retry_delay' referenced before assignment (attempt 3/5)
2025-12-17 23:47:19 - shared_modules.data_collection.optimized_data_fetcher - ERROR - [FAIL] Exception for GIGGLEUSDT_240: local variable 'retry_delay' referenced before assignment (attempt 4/5)
2025-12-17 23:47:19 - shared_modules.data_collection.optimized_data_fetcher - ERROR - [FAIL] Exception for GIGGLEUSDT_240: local variable 'retry_delay' referenced before assignment (attempt 5/5)
2025-12-17 23:47:19 - shared_modules.data_collection.optimized_data_fetcher - ERROR - [FAIL] Failed to fetch GIGGLEUSDT_240
2025-12-17 23:47:23 - shared_modules.data_collection.optimized_data_fetcher - WARNING - [FAIL] Rate limited for PYRUSDT_120 (attempt 1/5)
2025-12-17 23:47:23 - shared_modules.data_collection.optimized_data_fetcher - ERROR - [FAIL] Exception for PYRUSDT_120: local variable 'retry_delay' referenced before assignment (attempt 2/5)
2025-12-17 23:47:23 - shared_modules.data_collection.optimized_data_fetcher - ERROR - [FAIL] Exception for PYRUSDT_120: local variable 'retry_delay' referenced before assignment (attempt 3/5)
2025-12-17 23:47:23 - shared_modules.data_collection.optimized_data_fetcher - ERROR - [FAIL] Exception for PYRUSDT_120: local variable 'retry_delay' referenced before assignment (attempt 4/5)
2025-12-17 23:47:23 - shared_modules.data_collection.optimized_data_fetcher - ERROR - [FAIL] Exception for PYRUSDT_120: local variable 'retry_delay' referenced before assignment (attempt 5/5)
2025-12-17 23:47:23 - shared_modules.data_collection.optimized_data_fetcher - ERROR - [FAIL] Failed to fetch PYRUSDT_120
2025-12-17 23:47:23 - shared_modules.data_collection.optimized_data_fetcher - WARNING - [FAIL] Rate limited for PYTHUSDT_5 (attempt 1/5)
2025-12-17 23:47:23 - shared_modules.data_collection.optimized_data_fetcher - ERROR - [FAIL] Exception for PYTHUSDT_5: local variable 'retry_delay' referenced before assignment (attempt 2/5)
2025-12-17 23:47:23 - shared_modules.data_collection.optimized_data_fetcher - ERROR - [FAIL] Exception for PYTHUSDT_5: local variable 'retry_delay' referenced before assignment (attempt 3/5)
2025-12-17 23:47:23 - shared_modules.data_collection.optimized_data_fetcher - ERROR - [FAIL] Exception for PYTHUSDT_5: local variable 'retry_delay' referenced before assignment (attempt 4/5)
2025-12-17 23:47:23 - shared_modules.data_collection.optimized_data_fetcher - ERROR - [FAIL] Exception for PYTHUSDT_5: local variable 'retry_delay' referenced before assignment (attempt 5/5)
2025-12-17 23:47:23 - shared_modules.data_collection.optimized_data_fetcher - ERROR - [FAIL] Failed to fetch PYTHUSDT_5
2025-12-17 23:47:23 - shared_modules.data_collection.optimized_data_fetcher - WARNING - [FAIL] Rate limited for QUSDT_15 (attempt 1/5)
2025-12-17 23:47:23 - shared_modules.data_collection.optimized_data_fetcher - ERROR - [FAIL] Exception for QUSDT_15: local variable 'retry_delay' referenced before assignment (attempt 2/5)
2025-12-17 23:47:23 - shared_modules.data_collection.optimized_data_fetcher - ERROR - [FAIL] Exception for QUSDT_15: local variable 'retry_delay' referenced before assignment (attempt 3/5)
2025-12-17 23:47:23 - shared_modules.data_collection.optimized_data_fetcher - ERROR - [FAIL] Exception for QUSDT_15: local variable 'retry_delay' referenced before assignment (attempt 4/5)
2025-12-17 23:47:23 - shared_modules.data_collection.optimized_data_fetcher - ERROR - [FAIL] Exception for QUSDT_15: local variable 'retry_delay' referenced before assignment (attempt 5/5)
2025-12-17 23:47:23 - shared_modules.data_collection.optimized_data_fetcher - ERROR - [FAIL] Failed to fetch QUSDT_15
2025-12-17 23:47:23 - shared_modules.data_collection.optimized_data_fetcher - WARNING - [FAIL] Rate limited for QUSDT_5 (attempt 1/5)
2025-12-17 23:47:23 - shared_modules.data_collection.optimized_data_fetcher - ERROR - [FAIL] Exception for QUSDT_5: local variable 'retry_delay' referenced before assignment (attempt 2/5)
2025-12-17 23:47:23 - shared_modules.data_collection.optimized_data_fetcher - ERROR - [FAIL] Exception for QUSDT_5: local variable 'retry_delay' referenced before assignment (attempt 3/5)
2025-12-17 23:47:23 - shared_modules.data_collection.optimized_data_fetcher - ERROR - [FAIL] Exception for QUSDT_5: local variable 'retry_delay' referenced before assignment (attempt 4/5)
2025-12-17 23:47:23 - shared_modules.data_collection.optimized_data_fetcher - ERROR - [FAIL] Exception for QUSDT_5: local variable 'retry_delay' referenced before assignment (attempt 5/5)
2025-12-17 23:47:23 - shared_modules.data_collection.optimized_data_fetcher - ERROR - [FAIL] Failed to fetch QUSDT_5
2025-12-17 23:47:23 - shared_modules.data_collection.optimized_data_fetcher - WARNING - [FAIL] Rate limited for RAREUSDT_60 (attempt 1/5)
2025-12-17 23:47:23 - shared_modules.data_collection.optimized_data_fetcher - ERROR - [FAIL] Exception for RAREUSDT_60: local variable 'retry_delay' referenced before assignment (attempt 2/5)
2025-12-17 23:47:23 - shared_modules.data_collection.optimized_data_fetcher - ERROR - [FAIL] Exception for RAREUSDT_60: local variable 'retry_delay' referenced before assignment (attempt 3/5)
2025-12-17 23:47:23 - shared_modules.data_collection.optimized_data_fetcher - ERROR - [FAIL] Exception for RAREUSDT_60: local variable 'retry_delay' referenced before assignment (attempt 4/5)
2025-12-17 23:47:23 - shared_modules.data_collection.optimized_data_fetcher - ERROR - [FAIL] Exception for RAREUSDT_60: local variable 'retry_delay' referenced before assignment (attempt 5/5)
2025-12-17 23:47:23 - shared_modules.data_collection.optimized_data_fetcher - ERROR - [FAIL] Failed to fetch RAREUSDT_60
2025-12-17 23:47:23 - shared_modules.data_collection.optimized_data_fetcher - WARNING - [FAIL] Rate limited for QUSDT_240 (attempt 1/5)
2025-12-17 23:47:23 - shared_modules.data_collection.optimized_data_fetcher - ERROR - [FAIL] Exception for QUSDT_240: local variable 'retry_delay' referenced before assignment (attempt 2/5)
2025-12-17 23:47:23 - shared_modules.data_collection.optimized_data_fetcher - ERROR - [FAIL] Exception for QUSDT_240: local variable 'retry_delay' referenced before assignment (attempt 3/5)
2025-12-17 23:47:23 - shared_modules.data_collection.optimized_data_fetcher - ERROR - [FAIL] Exception for QUSDT_240: local variable 'retry_delay' referenced before assignment (attempt 4/5)
2025-12-17 23:47:23 - shared_modules.data_collection.optimized_data_fetcher - ERROR - [FAIL] Exception for QUSDT_240: local variable 'retry_delay' referenced before assignment (attempt 5/5)
2025-12-17 23:47:23 - shared_modules.data_collection.optimized_data_fetcher - ERROR - [FAIL] Failed to fetch QUSDT_240
2025-12-17 23:47:23 - shared_modules.data_collection.optimized_data_fetcher - WARNING - [FAIL] Rate limited for RENDERUSDT_1 (attempt 1/5)
2025-12-17 23:47:23 - shared_modules.data_collection.optimized_data_fetcher - ERROR - [FAIL] Exception for RENDERUSDT_1: local variable 'retry_delay' referenced before assignment (attempt 2/5)
2025-12-17 23:47:23 - shared_modules.data_collection.optimized_data_fetcher - ERROR - [FAIL] Exception for RENDERUSDT_1: local variable 'retry_delay' referenced before assignment (attempt 3/5)
2025-12-17 23:47:23 - shared_modules.data_collection.optimized_data_fetcher - ERROR - [FAIL] Exception for RENDERUSDT_1: local variable 'retry_delay' referenced before assignment (attempt 4/5)
2025-12-17 23:47:23 - shared_modules.data_collection.optimized_data_fetcher - ERROR - [FAIL] Exception for RENDERUSDT_1: local variable 'retry_delay' referenced before assignment (attempt 5/5)
2025-12-17 23:47:23 - shared_modules.data_collection.optimized_data_fetcher - ERROR - [FAIL] Failed to fetch RENDERUSDT_1
2025-12-17 23:47:23 - shared_modules.data_collection.optimized_data_fetcher - WARNING - [FAIL] Rate limited for PUMPBTCUSDT_15 (attempt 1/5)
2025-12-17 23:47:23 - shared_modules.data_collection.optimized_data_fetcher - ERROR - [FAIL] Exception for PUMPBTCUSDT_15: local variable 'retry_delay' referenced before assignment (attempt 2/5)
2025-12-17 23:47:23 - shared_modules.data_collection.optimized_data_fetcher - ERROR - [FAIL] Exception for PUMPBTCUSDT_15: local variable 'retry_delay' referenced before assignment (attempt 3/5)
2025-12-17 23:47:23 - shared_modules.data_collection.optimized_data_fetcher - ERROR - [FAIL] Exception for PUMPBTCUSDT_15: local variable 'retry_delay' referenced before assignment (attempt 4/5)
2025-12-17 23:47:23 - shared_modules.data_collection.optimized_data_fetcher - ERROR - [FAIL] Exception for PUMPBTCUSDT_15: local variable 'retry_delay' referenced before assignment (attempt 5/5)
2025-12-17 23:47:23 - shared_modules.data_collection.optimized_data_fetcher - ERROR - [FAIL] Failed to fetch PUMPBTCUSDT_15
2025-12-17 23:47:23 - shared_modules.data_collection.optimized_data_fetcher - WARNING - [FAIL] Rate limited for RLUSDUSDT_15 (attempt 1/5)
2025-12-17 23:47:23 - shared_modules.data_collection.optimized_data_fetcher - ERROR - [FAIL] Exception for RLUSDUSDT_15: local variable 'retry_delay' referenced before assignment (attempt 2/5)
2025-12-17 23:47:23 - shared_modules.data_collection.optimized_data_fetcher - ERROR - [FAIL] Exception for RLUSDUSDT_15: local variable 'retry_delay' referenced before assignment (attempt 3/5)
2025-12-17 23:47:23 - shared_modules.data_collection.optimized_data_fetcher - ERROR - [FAIL] Exception for RLUSDUSDT_15: local variable 'retry_delay' referenced before assignment (attempt 4/5)
2025-12-17 23:47:23 - shared_modules.data_collection.optimized_data_fetcher - ERROR - [FAIL] Exception for RLUSDUSDT_15: local variable 'retry_delay' referenced before assignment (attempt 5/5)
2025-12-17 23:47:23 - shared_modules.data_collection.optimized_data_fetcher - ERROR - [FAIL] Failed to fetch RLUSDUSDT_15
2025-12-17 23:47:23 - shared_modules.data_collection.optimized_data_fetcher - WARNING - [FAIL] Rate limited for ROAMUSDT_60 (attempt 1/5)
2025-12-17 23:47:23 - shared_modules.data_collection.optimized_data_fetcher - ERROR - [FAIL] Exception for ROAMUSDT_60: local variable 'retry_delay' referenced before assignment (attempt 2/5)
2025-12-17 23:47:23 - shared_modules.data_collection.optimized_data_fetcher - ERROR - [FAIL] Exception for ROAMUSDT_60: local variable 'retry_delay' referenced before assignment (attempt 3/5)
2025-12-17 23:47:23 - shared_modules.data_collection.optimized_data_fetcher - ERROR - [FAIL] Exception for ROAMUSDT_60: local variable 'retry_delay' referenced before assignment (attempt 4/5)
2025-12-17 23:47:23 - shared_modules.data_collection.optimized_data_fetcher - ERROR - [FAIL] Exception for ROAMUSDT_60: local variable 'retry_delay' referenced before assignment (attempt 5/5)
2025-12-17 23:47:23 - shared_modules.data_collection.optimized_data_fetcher - ERROR - [FAIL] Failed to fetch ROAMUSDT_60
2025-12-17 23:47:23 - shared_modules.data_collection.optimized_data_fetcher - WARNING - [FAIL] Rate limited for RONINUSDT_120 (attempt 1/5)
2025-12-17 23:47:23 - shared_modules.data_collection.optimized_data_fetcher - ERROR - [FAIL] Exception for RONINUSDT_120: local variable 'retry_delay' referenced before assignment (attempt 2/5)
2025-12-17 23:47:23 - shared_modules.data_collection.optimized_data_fetcher - ERROR - [FAIL] Exception for RONINUSDT_120: local variable 'retry_delay' referenced before assignment (attempt 3/5)
2025-12-17 23:47:23 - shared_modules.data_collection.optimized_data_fetcher - ERROR - [FAIL] Exception for RONINUSDT_120: local variable 'retry_delay' referenced before assignment (attempt 4/5)
2025-12-17 23:47:23 - shared_modules.data_collection.optimized_data_fetcher - ERROR - [FAIL] Exception for RONINUSDT_120: local variable 'retry_delay' referenced before assignment (attempt 5/5)
2025-12-17 23:47:23 - shared_modules.data_collection.optimized_data_fetcher - ERROR - [FAIL] Failed to fetch RONINUSDT_120
2025-12-17 23:47:23 - shared_modules.data_collection.optimized_data_fetcher - WARNING - [FAIL] Rate limited for RPLUSDT_120 (attempt 1/5)
2025-12-17 23:47:23 - shared_modules.data_collection.optimized_data_fetcher - ERROR - [FAIL] Exception for RPLUSDT_120: local variable 'retry_delay' referenced before assignment (attempt 2/5)
2025-12-17 23:47:23 - shared_modules.data_collection.optimized_data_fetcher - ERROR - [FAIL] Exception for RPLUSDT_120: local variable 'retry_delay' referenced before assignment (attempt 3/5)
2025-12-17 23:47:23 - shared_modules.data_collection.optimized_data_fetcher - ERROR - [FAIL] Exception for RPLUSDT_120: local variable 'retry_delay' referenced before assignment (attempt 4/5)
2025-12-17 23:47:23 - shared_modules.data_collection.optimized_data_fetcher - ERROR - [FAIL] Exception for RPLUSDT_120: local variable 'retry_delay' referenced before assignment (attempt 5/5)
2025-12-17 23:47:23 - shared_modules.data_collection.optimized_data_fetcher - ERROR - [FAIL] Failed to fetch RPLUSDT_120
2025-12-17 23:47:23 - shared_modules.data_collection.optimized_data_fetcher - WARNING - [FAIL] Rate limited for PUNDIXUSDT_120 (attempt 1/5)
2025-12-17 23:47:23 - shared_modules.data_collection.optimized_data_fetcher - ERROR - [FAIL] Exception for PUNDIXUSDT_120: local variable 'retry_delay' referenced before assignment (attempt 2/5)
2025-12-17 23:47:23 - shared_modules.data_collection.optimized_data_fetcher - ERROR - [FAIL] Exception for PUNDIXUSDT_120: local variable 'retry_delay' referenced before assignment (attempt 3/5)
2025-12-17 23:47:23 - shared_modules.data_collection.optimized_data_fetcher - ERROR - [FAIL] Exception for PUNDIXUSDT_120: local variable 'retry_delay' referenced before assignment (attempt 4/5)
2025-12-17 23:47:23 - shared_modules.data_collection.optimized_data_fetcher - ERROR - [FAIL] Exception for PUNDIXUSDT_120: local variable 'retry_delay' referenced before assignment (attempt 5/5)
2025-12-17 23:47:23 - shared_modules.data_collection.optimized_data_fetcher - ERROR - [FAIL] Failed to fetch PUNDIXUSDT_120
2025-12-17 23:47:23 - shared_modules.data_collection.optimized_data_fetcher - WARNING - [FAIL] Rate limited for SAGAUSDT_120 (attempt 1/5)
2025-12-17 23:47:23 - shared_modules.data_collection.optimized_data_fetcher - ERROR - [FAIL] Exception for SAGAUSDT_120: local variable 'retry_delay' referenced before assignment (attempt 2/5)
2025-12-17 23:47:23 - shared_modules.data_collection.optimized_data_fetcher - ERROR - [FAIL] Exception for SAGAUSDT_120: local variable 'retry_delay' referenced before assignment (attempt 3/5)
2025-12-17 23:47:23 - shared_modules.data_collection.optimized_data_fetcher - ERROR - [FAIL] Exception for SAGAUSDT_120: local variable 'retry_delay' referenced before assignment (attempt 4/5)
2025-12-17 23:47:23 - shared_modules.data_collection.optimized_data_fetcher - ERROR - [FAIL] Exception for SAGAUSDT_120: local variable 'retry_delay' referenced before assignment (attempt 5/5)
2025-12-17 23:47:23 - shared_modules.data_collection.optimized_data_fetcher - ERROR - [FAIL] Failed to fetch SAGAUSDT_120
2025-12-17 23:47:23 - shared_modules.data_collection.optimized_data_fetcher - WARNING - [FAIL] Rate limited for SAHARAUSDT_1 (attempt 1/5)
2025-12-17 23:47:23 - shared_modules.data_collection.optimized_data_fetcher - ERROR - [FAIL] Exception for SAHARAUSDT_1: local variable 'retry_delay' referenced before assignment (attempt 2/5)
2025-12-17 23:47:23 - shared_modules.data_collection.optimized_data_fetcher - ERROR - [FAIL] Exception for SAHARAUSDT_1: local variable 'retry_delay' referenced before assignment (attempt 3/5)
2025-12-17 23:47:23 - shared_modules.data_collection.optimized_data_fetcher - ERROR - [FAIL] Exception for SAHARAUSDT_1: local variable 'retry_delay' referenced before assignment (attempt 4/5)
2025-12-17 23:47:23 - shared_modules.data_collection.optimized_data_fetcher - ERROR - [FAIL] Exception for SAHARAUSDT_1: local variable 'retry_delay' referenced before assignment (attempt 5/5)
2025-12-17 23:47:23 - shared_modules.data_collection.optimized_data_fetcher - ERROR - [FAIL] Failed to fetch SAHARAUSDT_1
2025-12-17 23:47:23 - shared_modules.data_collection.optimized_data_fetcher - WARNING - [FAIL] Rate limited for RIVERUSDT_1 (attempt 1/5)
2025-12-17 23:47:23 - shared_modules.data_collection.optimized_data_fetcher - ERROR - [FAIL] Exception for RIVERUSDT_1: local variable 'retry_delay' referenced before assignment (attempt 2/5)
2025-12-17 23:47:23 - shared_modules.data_collection.optimized_data_fetcher - ERROR - [FAIL] Exception for RIVERUSDT_1: local variable 'retry_delay' referenced before assignment (attempt 3/5)
2025-12-17 23:47:23 - shared_modules.data_collection.optimized_data_fetcher - ERROR - [FAIL] Exception for RIVERUSDT_1: local variable 'retry_delay' referenced before assignment (attempt 4/5)
2025-12-17 23:47:23 - shared_modules.data_collection.optimized_data_fetcher - ERROR - [FAIL] Exception for RIVERUSDT_1: local variable 'retry_delay' referenced before assignment (attempt 5/5)
2025-12-17 23:47:23 - shared_modules.data_collection.optimized_data_fetcher - ERROR - [FAIL] Failed to fetch RIVERUSDT_1
2025-12-17 23:47:23 - shared_modules.data_collection.optimized_data_fetcher - WARNING - [FAIL] Rate limited for REZUSDT_5 (attempt 1/5)
2025-12-17 23:47:23 - shared_modules.data_collection.optimized_data_fetcher - ERROR - [FAIL] Exception for REZUSDT_5: local variable 'retry_delay' referenced before assignment (attempt 2/5)
2025-12-17 23:47:23 - shared_modules.data_collection.optimized_data_fetcher - ERROR - [FAIL] Exception for REZUSDT_5: local variable 'retry_delay' referenced before assignment (attempt 3/5)
2025-12-17 23:47:23 - shared_modules.data_collection.optimized_data_fetcher - ERROR - [FAIL] Exception for REZUSDT_5: local variable 'retry_delay' referenced before assignment (attempt 4/5)
2025-12-17 23:47:23 - shared_modules.data_collection.optimized_data_fetcher - ERROR - [FAIL] Exception for REZUSDT_5: local variable 'retry_delay' referenced before assignment (attempt 5/5)
2025-12-17 23:47:23 - shared_modules.data_collection.optimized_data_fetcher - ERROR - [FAIL] Failed to fetch REZUSDT_5
2025-12-17 23:47:24 - shared_modules.data_collection.optimized_data_fetcher - WARNING - [FAIL] Rate limited for SDUSDT_15 (attempt 1/5)
2025-12-17 23:47:24 - shared_modules.data_collection.optimized_data_fetcher - ERROR - [FAIL] Exception for SDUSDT_15: local variable 'retry_delay' referenced before assignment (attempt 2/5)
2025-12-17 23:47:24 - shared_modules.data_collection.optimized_data_fetcher - ERROR - [FAIL] Exception for SDUSDT_15: local variable 'retry_delay' referenced before assignment (attempt 3/5)
2025-12-17 23:47:24 - shared_modules.data_collection.optimized_data_fetcher - ERROR - [FAIL] Exception for SDUSDT_15: local variable 'retry_delay' referenced before assignment (attempt 4/5)
2025-12-17 23:47:24 - shared_modules.data_collection.optimized_data_fetcher - ERROR - [FAIL] Exception for SDUSDT_15: local variable 'retry_delay' referenced before assignment (attempt 5/5)
2025-12-17 23:47:24 - shared_modules.data_collection.optimized_data_fetcher - ERROR - [FAIL] Failed to fetch SDUSDT_15
2025-12-17 23:47:24 - shared_modules.data_collection.optimized_data_fetcher - WARNING - [FAIL] Rate limited for SFPUSDT_5 (attempt 1/5)
2025-12-17 23:47:24 - shared_modules.data_collection.optimized_data_fetcher - ERROR - [FAIL] Exception for SFPUSDT_5: local variable 'retry_delay' referenced before assignment (attempt 2/5)
2025-12-17 23:47:24 - shared_modules.data_collection.optimized_data_fetcher - ERROR - [FAIL] Exception for SFPUSDT_5: local variable 'retry_delay' referenced before assignment (attempt 3/5)
2025-12-17 23:47:24 - shared_modules.data_collection.optimized_data_fetcher - ERROR - [FAIL] Exception for SFPUSDT_5: local variable 'retry_delay' referenced before assignment (attempt 4/5)
2025-12-17 23:47:24 - shared_modules.data_collection.optimized_data_fetcher - ERROR - [FAIL] Exception for SFPUSDT_5: local variable 'retry_delay' referenced before assignment (attempt 5/5)
2025-12-17 23:47:24 - shared_modules.data_collection.optimized_data_fetcher - ERROR - [FAIL] Failed to fetch SFPUSDT_5
2025-12-17 23:47:24 - shared_modules.data_collection.optimized_data_fetcher - WARNING - [FAIL] Rate limited for SHIB1000USDT_60 (attempt 1/5)
2025-12-17 23:47:24 - shared_modules.data_collection.optimized_data_fetcher - ERROR - [FAIL] Exception for SHIB1000USDT_60: local variable 'retry_delay' referenced before assignment (attempt 2/5)
2025-12-17 23:47:24 - shared_modules.data_collection.optimized_data_fetcher - ERROR - [FAIL] Exception for SHIB1000USDT_60: local variable 'retry_delay' referenced before assignment (attempt 3/5)
2025-12-17 23:47:24 - shared_modules.data_collection.optimized_data_fetcher - ERROR - [FAIL] Exception for SHIB1000USDT_60: local variable 'retry_delay' referenced before assignment (attempt 4/5)
2025-12-17 23:47:24 - shared_modules.data_collection.optimized_data_fetcher - ERROR - [FAIL] Exception for SHIB1000USDT_60: local variable 'retry_delay' referenced before assignment (attempt 5/5)
2025-12-17 23:47:24 - shared_modules.data_collection.optimized_data_fetcher - ERROR - [FAIL] Failed to fetch SHIB1000USDT_60
2025-12-17 23:47:24 - shared_modules.data_collection.optimized_data_fetcher - WARNING - [FAIL] Rate limited for SHIB1000USDT_240 (attempt 1/5)
2025-12-17 23:47:24 - shared_modules.data_collection.optimized_data_fetcher - ERROR - [FAIL] Exception for SHIB1000USDT_240: local variable 'retry_delay' referenced before assignment (attempt 2/5)
2025-12-17 23:47:24 - shared_modules.data_collection.optimized_data_fetcher - ERROR - [FAIL] Exception for SHIB1000USDT_240: local variable 'retry_delay' referenced before assignment (attempt 3/5)
2025-12-17 23:47:24 - shared_modules.data_collection.optimized_data_fetcher - ERROR - [FAIL] Exception for SHIB1000USDT_240: local variable 'retry_delay' referenced before assignment (attempt 4/5)
2025-12-17 23:47:24 - shared_modules.data_collection.optimized_data_fetcher - ERROR - [FAIL] Exception for SHIB1000USDT_240: local variable 'retry_delay' referenced before assignment (attempt 5/5)
2025-12-17 23:47:24 - shared_modules.data_collection.optimized_data_fetcher - ERROR - [FAIL] Failed to fetch SHIB1000USDT_240
2025-12-17 23:47:24 - shared_modules.data_collection.optimized_data_fetcher - WARNING - [FAIL] Rate limited for SHIB1000USDT_120 (attempt 1/5)
2025-12-17 23:47:24 - shared_modules.data_collection.optimized_data_fetcher - ERROR - [FAIL] Exception for SHIB1000USDT_120: local variable 'retry_delay' referenced before assignment (attempt 2/5)
2025-12-17 23:47:24 - shared_modules.data_collection.optimized_data_fetcher - ERROR - [FAIL] Exception for SHIB1000USDT_120: local variable 'retry_delay' referenced before assignment (attempt 3/5)
2025-12-17 23:47:24 - shared_modules.data_collection.optimized_data_fetcher - ERROR - [FAIL] Exception for SHIB1000USDT_120: local variable 'retry_delay' referenced before assignment (attempt 4/5)
2025-12-17 23:47:24 - shared_modules.data_collection.optimized_data_fetcher - ERROR - [FAIL] Exception for SHIB1000USDT_120: local variable 'retry_delay' referenced before assignment (attempt 5/5)
2025-12-17 23:47:24 - shared_modules.data_collection.optimized_data_fetcher - ERROR - [FAIL] Failed to fetch SHIB1000USDT_120
2025-12-17 23:47:24 - shared_modules.data_collection.optimized_data_fetcher - WARNING - [FAIL] Rate limited for SHIB1000USDT_5 (attempt 1/5)
2025-12-17 23:47:24 - shared_modules.data_collection.optimized_data_fetcher - ERROR - [FAIL] Exception for SHIB1000USDT_5: local variable 'retry_delay' referenced before assignment (attempt 2/5)
2025-12-17 23:47:24 - shared_modules.data_collection.optimized_data_fetcher - ERROR - [FAIL] Exception for SHIB1000USDT_5: local variable 'retry_delay' referenced before assignment (attempt 3/5)
2025-12-17 23:47:24 - shared_modules.data_collection.optimized_data_fetcher - ERROR - [FAIL] Exception for SHIB1000USDT_5: local variable 'retry_delay' referenced before assignment (attempt 4/5)
2025-12-17 23:47:24 - shared_modules.data_collection.optimized_data_fetcher - ERROR - [FAIL] Exception for SHIB1000USDT_5: local variable 'retry_delay' referenced before assignment (attempt 5/5)
2025-12-17 23:47:24 - shared_modules.data_collection.optimized_data_fetcher - ERROR - [FAIL] Failed to fetch SHIB1000USDT_5
2025-12-17 23:47:24 - shared_modules.data_collection.optimized_data_fetcher - WARNING - [FAIL] Rate limited for SKYAIUSDT_60 (attempt 1/5)
2025-12-17 23:47:24 - shared_modules.data_collection.optimized_data_fetcher - ERROR - [FAIL] Exception for SKYAIUSDT_60: local variable 'retry_delay' referenced before assignment (attempt 2/5)
2025-12-17 23:47:24 - shared_modules.data_collection.optimized_data_fetcher - ERROR - [FAIL] Exception for SKYAIUSDT_60: local variable 'retry_delay' referenced before assignment (attempt 3/5)
2025-12-17 23:47:24 - shared_modules.data_collection.optimized_data_fetcher - ERROR - [FAIL] Exception for SKYAIUSDT_60: local variable 'retry_delay' referenced before assignment (attempt 4/5)
2025-12-17 23:47:24 - shared_modules.data_collection.optimized_data_fetcher - ERROR - [FAIL] Exception for SKYAIUSDT_60: local variable 'retry_delay' referenced before assignment (attempt 5/5)
2025-12-17 23:47:24 - shared_modules.data_collection.optimized_data_fetcher - ERROR - [FAIL] Failed to fetch SKYAIUSDT_60
2025-12-17 23:47:24 - shared_modules.data_collection.optimized_data_fetcher - WARNING - [FAIL] Rate limited for SNTUSDT_1 (attempt 1/5)
2025-12-17 23:47:24 - shared_modules.data_collection.optimized_data_fetcher - ERROR - [FAIL] Exception for SNTUSDT_1: local variable 'retry_delay' referenced before assignment (attempt 2/5)
2025-12-17 23:47:24 - shared_modules.data_collection.optimized_data_fetcher - ERROR - [FAIL] Exception for SNTUSDT_1: local variable 'retry_delay' referenced before assignment (attempt 3/5)
2025-12-17 23:47:24 - shared_modules.data_collection.optimized_data_fetcher - ERROR - [FAIL] Exception for SNTUSDT_1: local variable 'retry_delay' referenced before assignment (attempt 4/5)
2025-12-17 23:47:24 - shared_modules.data_collection.optimized_data_fetcher - ERROR - [FAIL] Exception for SNTUSDT_1: local variable 'retry_delay' referenced before assignment (attempt 5/5)
2025-12-17 23:47:24 - shared_modules.data_collection.optimized_data_fetcher - ERROR - [FAIL] Failed to fetch SNTUSDT_1
2025-12-17 23:47:24 - shared_modules.data_collection.optimized_data_fetcher - WARNING - [FAIL] Rate limited for SLPUSDT_240 (attempt 1/5)
2025-12-17 23:47:24 - shared_modules.data_collection.optimized_data_fetcher - ERROR - [FAIL] Exception for SLPUSDT_240: local variable 'retry_delay' referenced before assignment (attempt 2/5)
2025-12-17 23:47:24 - shared_modules.data_collection.optimized_data_fetcher - ERROR - [FAIL] Exception for SLPUSDT_240: local variable 'retry_delay' referenced before assignment (attempt 3/5)
2025-12-17 23:47:24 - shared_modules.data_collection.optimized_data_fetcher - ERROR - [FAIL] Exception for SLPUSDT_240: local variable 'retry_delay' referenced before assignment (attempt 4/5)
2025-12-17 23:47:24 - shared_modules.data_collection.optimized_data_fetcher - ERROR - [FAIL] Exception for SLPUSDT_240: local variable 'retry_delay' referenced before assignment (attempt 5/5)
2025-12-17 23:47:24 - shared_modules.data_collection.optimized_data_fetcher - ERROR - [FAIL] Failed to fetch SLPUSDT_240
2025-12-17 23:47:24 - shared_modules.data_collection.optimized_data_fetcher - WARNING - [FAIL] Rate limited for SOLUSDT_1 (attempt 1/5)
2025-12-17 23:47:24 - shared_modules.data_collection.optimized_data_fetcher - ERROR - [FAIL] Exception for SOLUSDT_1: local variable 'retry_delay' referenced before assignment (attempt 2/5)
2025-12-17 23:47:24 - shared_modules.data_collection.optimized_data_fetcher - ERROR - [FAIL] Exception for SOLUSDT_1: local variable 'retry_delay' referenced before assignment (attempt 3/5)
2025-12-17 23:47:24 - shared_modules.data_collection.optimized_data_fetcher - ERROR - [FAIL] Exception for SOLUSDT_1: local variable 'retry_delay' referenced before assignment (attempt 4/5)
2025-12-17 23:47:24 - shared_modules.data_collection.optimized_data_fetcher - ERROR - [FAIL] Exception for SOLUSDT_1: local variable 'retry_delay' referenced before assignment (attempt 5/5)
2025-12-17 23:47:24 - shared_modules.data_collection.optimized_data_fetcher - ERROR - [FAIL] Failed to fetch SOLUSDT_1
2025-12-17 23:47:24 - shared_modules.data_collection.optimized_data_fetcher - WARNING - [FAIL] Rate limited for SOLAYERUSDT_240 (attempt 1/5)
2025-12-17 23:47:24 - shared_modules.data_collection.optimized_data_fetcher - ERROR - [FAIL] Exception for SOLAYERUSDT_240: local variable 'retry_delay' referenced before assignment (attempt 2/5)
2025-12-17 23:47:24 - shared_modules.data_collection.optimized_data_fetcher - ERROR - [FAIL] Exception for SOLAYERUSDT_240: local variable 'retry_delay' referenced before assignment (attempt 3/5)
2025-12-17 23:47:24 - shared_modules.data_collection.optimized_data_fetcher - ERROR - [FAIL] Exception for SOLAYERUSDT_240: local variable 'retry_delay' referenced before assignment (attempt 4/5)
2025-12-17 23:47:24 - shared_modules.data_collection.optimized_data_fetcher - ERROR - [FAIL] Exception for SOLAYERUSDT_240: local variable 'retry_delay' referenced before assignment (attempt 5/5)
2025-12-17 23:47:24 - shared_modules.data_collection.optimized_data_fetcher - ERROR - [FAIL] Failed to fetch SOLAYERUSDT_240
2025-12-17 23:47:24 - shared_modules.data_collection.optimized_data_fetcher - WARNING - [FAIL] Rate limited for SOLUSDT_120 (attempt 1/5)
2025-12-17 23:47:24 - shared_modules.data_collection.optimized_data_fetcher - ERROR - [FAIL] Exception for SOLUSDT_120: local variable 'retry_delay' referenced before assignment (attempt 2/5)
2025-12-17 23:47:24 - shared_modules.data_collection.optimized_data_fetcher - ERROR - [FAIL] Exception for SOLUSDT_120: local variable 'retry_delay' referenced before assignment (attempt 3/5)
2025-12-17 23:47:24 - shared_modules.data_collection.optimized_data_fetcher - ERROR - [FAIL] Exception for SOLUSDT_120: local variable 'retry_delay' referenced before assignment (attempt 4/5)
2025-12-17 23:47:24 - shared_modules.data_collection.optimized_data_fetcher - ERROR - [FAIL] Exception for SOLUSDT_120: local variable 'retry_delay' referenced before assignment (attempt 5/5)
2025-12-17 23:47:24 - shared_modules.data_collection.optimized_data_fetcher - ERROR - [FAIL] Failed to fetch SOLUSDT_120
2025-12-17 23:47:24 - shared_modules.data_collection.optimized_data_fetcher - WARNING - [FAIL] Rate limited for SOLVUSDT_240 (attempt 1/5)
2025-12-17 23:47:24 - shared_modules.data_collection.optimized_data_fetcher - ERROR - [FAIL] Exception for SOLVUSDT_240: local variable 'retry_delay' referenced before assignment (attempt 2/5)
2025-12-17 23:47:24 - shared_modules.data_collection.optimized_data_fetcher - ERROR - [FAIL] Exception for SOLVUSDT_240: local variable 'retry_delay' referenced before assignment (attempt 3/5)
2025-12-17 23:47:24 - shared_modules.data_collection.optimized_data_fetcher - ERROR - [FAIL] Exception for SOLVUSDT_240: local variable 'retry_delay' referenced before assignment (attempt 4/5)
2025-12-17 23:47:24 - shared_modules.data_collection.optimized_data_fetcher - ERROR - [FAIL] Exception for SOLVUSDT_240: local variable 'retry_delay' referenced before assignment (attempt 5/5)
2025-12-17 23:47:24 - shared_modules.data_collection.optimized_data_fetcher - ERROR - [FAIL] Failed to fetch SOLVUSDT_240
2025-12-17 23:47:24 - shared_modules.data_collection.optimized_data_fetcher - WARNING - [FAIL] Rate limited for SOMIUSDT_1 (attempt 1/5)
2025-12-17 23:47:24 - shared_modules.data_collection.optimized_data_fetcher - ERROR - [FAIL] Exception for SOMIUSDT_1: local variable 'retry_delay' referenced before assignment (attempt 2/5)
2025-12-17 23:47:24 - shared_modules.data_collection.optimized_data_fetcher - ERROR - [FAIL] Exception for SOMIUSDT_1: local variable 'retry_delay' referenced before assignment (attempt 3/5)
2025-12-17 23:47:24 - shared_modules.data_collection.optimized_data_fetcher - ERROR - [FAIL] Exception for SOMIUSDT_1: local variable 'retry_delay' referenced before assignment (attempt 4/5)
2025-12-17 23:47:24 - shared_modules.data_collection.optimized_data_fetcher - ERROR - [FAIL] Exception for SOMIUSDT_1: local variable 'retry_delay' referenced before assignment (attempt 5/5)
2025-12-17 23:47:24 - shared_modules.data_collection.optimized_data_fetcher - ERROR - [FAIL] Failed to fetch SOMIUSDT_1
2025-12-17 23:47:24 - shared_modules.data_collection.optimized_data_fetcher - WARNING - [FAIL] Rate limited for SONICUSDT_15 (attempt 1/5)
2025-12-17 23:47:24 - shared_modules.data_collection.optimized_data_fetcher - ERROR - [FAIL] Exception for SONICUSDT_15: local variable 'retry_delay' referenced before assignment (attempt 2/5)
2025-12-17 23:47:24 - shared_modules.data_collection.optimized_data_fetcher - ERROR - [FAIL] Exception for SONICUSDT_15: local variable 'retry_delay' referenced before assignment (attempt 3/5)
2025-12-17 23:47:24 - shared_modules.data_collection.optimized_data_fetcher - ERROR - [FAIL] Exception for SONICUSDT_15: local variable 'retry_delay' referenced before assignment (attempt 4/5)
2025-12-17 23:47:24 - shared_modules.data_collection.optimized_data_fetcher - ERROR - [FAIL] Exception for SONICUSDT_15: local variable 'retry_delay' referenced before assignment (attempt 5/5)
2025-12-17 23:47:24 - shared_modules.data_collection.optimized_data_fetcher - ERROR - [FAIL] Failed to fetch SONICUSDT_15
2025-12-17 23:47:24 - shared_modules.data_collection.optimized_data_fetcher - WARNING - [FAIL] Rate limited for SONICUSDT_60 (attempt 1/5)
2025-12-17 23:47:24 - shared_modules.data_collection.optimized_data_fetcher - ERROR - [FAIL] Exception for SONICUSDT_60: local variable 'retry_delay' referenced before assignment (attempt 2/5)
2025-12-17 23:47:24 - shared_modules.data_collection.optimized_data_fetcher - ERROR - [FAIL] Exception for SONICUSDT_60: local variable 'retry_delay' referenced before assignment (attempt 3/5)
2025-12-17 23:47:24 - shared_modules.data_collection.optimized_data_fetcher - ERROR - [FAIL] Exception for SONICUSDT_60: local variable 'retry_delay' referenced before assignment (attempt 4/5)
2025-12-17 23:47:24 - shared_modules.data_collection.optimized_data_fetcher - ERROR - [FAIL] Exception for SONICUSDT_60: local variable 'retry_delay' referenced before assignment (attempt 5/5)
2025-12-17 23:47:24 - shared_modules.data_collection.optimized_data_fetcher - ERROR - [FAIL] Failed to fetch SONICUSDT_60
2025-12-17 23:47:24 - shared_modules.data_collection.optimized_data_fetcher - WARNING - [FAIL] Rate limited for SOONUSDT_5 (attempt 1/5)
2025-12-17 23:47:24 - shared_modules.data_collection.optimized_data_fetcher - ERROR - [FAIL] Exception for SOONUSDT_5: local variable 'retry_delay' referenced before assignment (attempt 2/5)
2025-12-17 23:47:24 - shared_modules.data_collection.optimized_data_fetcher - ERROR - [FAIL] Exception for SOONUSDT_5: local variable 'retry_delay' referenced before assignment (attempt 3/5)
2025-12-17 23:47:24 - shared_modules.data_collection.optimized_data_fetcher - ERROR - [FAIL] Exception for SOONUSDT_5: local variable 'retry_delay' referenced before assignment (attempt 4/5)
2025-12-17 23:47:24 - shared_modules.data_collection.optimized_data_fetcher - ERROR - [FAIL] Exception for SOONUSDT_5: local variable 'retry_delay' referenced before assignment (attempt 5/5)
2025-12-17 23:47:24 - shared_modules.data_collection.optimized_data_fetcher - ERROR - [FAIL] Failed to fetch SOONUSDT_5
2025-12-17 23:47:24 - shared_modules.data_collection.optimized_data_fetcher - WARNING - [FAIL] Rate limited for SOPHUSDT_60 (attempt 1/5)
2025-12-17 23:47:24 - shared_modules.data_collection.optimized_data_fetcher - ERROR - [FAIL] Exception for SOPHUSDT_60: local variable 'retry_delay' referenced before assignment (attempt 2/5)
2025-12-17 23:47:24 - shared_modules.data_collection.optimized_data_fetcher - ERROR - [FAIL] Exception for SOPHUSDT_60: local variable 'retry_delay' referenced before assignment (attempt 3/5)
2025-12-17 23:47:24 - shared_modules.data_collection.optimized_data_fetcher - ERROR - [FAIL] Exception for SOPHUSDT_60: local variable 'retry_delay' referenced before assignment (attempt 4/5)
2025-12-17 23:47:24 - shared_modules.data_collection.optimized_data_fetcher - ERROR - [FAIL] Exception for SOPHUSDT_60: local variable 'retry_delay' referenced before assignment (attempt 5/5)
2025-12-17 23:47:24 - shared_modules.data_collection.optimized_data_fetcher - ERROR - [FAIL] Failed to fetch SOPHUSDT_60
2025-12-17 23:47:24 - shared_modules.data_collection.optimized_data_fetcher - WARNING - [FAIL] Rate limited for SOSOUSDT_60 (attempt 1/5)
2025-12-17 23:47:24 - shared_modules.data_collection.optimized_data_fetcher - ERROR - [FAIL] Exception for SOSOUSDT_60: local variable 'retry_delay' referenced before assignment (attempt 2/5)
2025-12-17 23:47:24 - shared_modules.data_collection.optimized_data_fetcher - ERROR - [FAIL] Exception for SOSOUSDT_60: local variable 'retry_delay' referenced before assignment (attempt 3/5)
2025-12-17 23:47:24 - shared_modules.data_collection.optimized_data_fetcher - ERROR - [FAIL] Exception for SOSOUSDT_60: local variable 'retry_delay' referenced before assignment (attempt 4/5)
2025-12-17 23:47:24 - shared_modules.data_collection.optimized_data_fetcher - ERROR - [FAIL] Exception for SOSOUSDT_60: local variable 'retry_delay' referenced before assignment (attempt 5/5)
2025-12-17 23:47:24 - shared_modules.data_collection.optimized_data_fetcher - ERROR - [FAIL] Failed to fetch SOSOUSDT_60
2025-12-17 23:47:24 - shared_modules.data_collection.optimized_data_fetcher - WARNING - [FAIL] Rate limited for SPELLUSDT_1 (attempt 1/5)
2025-12-17 23:47:24 - shared_modules.data_collection.optimized_data_fetcher - ERROR - [FAIL] Exception for SPELLUSDT_1: local variable 'retry_delay' referenced before assignment (attempt 2/5)
2025-12-17 23:47:24 - shared_modules.data_collection.optimized_data_fetcher - ERROR - [FAIL] Exception for SPELLUSDT_1: local variable 'retry_delay' referenced before assignment (attempt 3/5)
2025-12-17 23:47:24 - shared_modules.data_collection.optimized_data_fetcher - ERROR - [FAIL] Exception for SPELLUSDT_1: local variable 'retry_delay' referenced before assignment (attempt 4/5)
2025-12-17 23:47:24 - shared_modules.data_collection.optimized_data_fetcher - ERROR - [FAIL] Exception for SPELLUSDT_1: local variable 'retry_delay' referenced before assignment (attempt 5/5)
2025-12-17 23:47:24 - shared_modules.data_collection.optimized_data_fetcher - ERROR - [FAIL] Failed to fetch SPELLUSDT_1
2025-12-17 23:47:24 - shared_modules.data_collection.optimized_data_fetcher - WARNING - [FAIL] Rate limited for SKYUSDT_5 (attempt 1/5)
2025-12-17 23:47:24 - shared_modules.data_collection.optimized_data_fetcher - ERROR - [FAIL] Exception for SKYUSDT_5: local variable 'retry_delay' referenced before assignment (attempt 2/5)
2025-12-17 23:47:24 - shared_modules.data_collection.optimized_data_fetcher - ERROR - [FAIL] Exception for SKYUSDT_5: local variable 'retry_delay' referenced before assignment (attempt 3/5)
2025-12-17 23:47:24 - shared_modules.data_collection.optimized_data_fetcher - ERROR - [FAIL] Exception for SKYUSDT_5: local variable 'retry_delay' referenced before assignment (attempt 4/5)
2025-12-17 23:47:24 - shared_modules.data_collection.optimized_data_fetcher - ERROR - [FAIL] Exception for SKYUSDT_5: local variable 'retry_delay' referenced before assignment (attempt 5/5)
2025-12-17 23:47:24 - shared_modules.data_collection.optimized_data_fetcher - ERROR - [FAIL] Failed to fetch SKYUSDT_5
2025-12-17 23:47:24 - shared_modules.data_collection.optimized_data_fetcher - WARNING - [FAIL] Rate limited for SPXUSDT_1 (attempt 1/5)
2025-12-17 23:47:24 - shared_modules.data_collection.optimized_data_fetcher - ERROR - [FAIL] Exception for SPXUSDT_1: local variable 'retry_delay' referenced before assignment (attempt 2/5)
2025-12-17 23:47:24 - shared_modules.data_collection.optimized_data_fetcher - ERROR - [FAIL] Exception for SPXUSDT_1: local variable 'retry_delay' referenced before assignment (attempt 3/5)
2025-12-17 23:47:24 - shared_modules.data_collection.optimized_data_fetcher - ERROR - [FAIL] Exception for SPXUSDT_1: local variable 'retry_delay' referenced before assignment (attempt 4/5)
2025-12-17 23:47:24 - shared_modules.data_collection.optimized_data_fetcher - ERROR - [FAIL] Exception for SPXUSDT_1: local variable 'retry_delay' referenced before assignment (attempt 5/5)
2025-12-17 23:47:24 - shared_modules.data_collection.optimized_data_fetcher - ERROR - [FAIL] Failed to fetch SPXUSDT_1
2025-12-17 23:47:24 - shared_modules.data_collection.optimized_data_fetcher - WARNING - [FAIL] Rate limited for SKYAIUSDT_240 (attempt 1/5)
2025-12-17 23:47:24 - shared_modules.data_collection.optimized_data_fetcher - ERROR - [FAIL] Exception for SKYAIUSDT_240: local variable 'retry_delay' referenced before assignment (attempt 2/5)
2025-12-17 23:47:24 - shared_modules.data_collection.optimized_data_fetcher - ERROR - [FAIL] Exception for SKYAIUSDT_240: local variable 'retry_delay' referenced before assignment (attempt 3/5)
2025-12-17 23:47:24 - shared_modules.data_collection.optimized_data_fetcher - ERROR - [FAIL] Exception for SKYAIUSDT_240: local variable 'retry_delay' referenced before assignment (attempt 4/5)
2025-12-17 23:47:24 - shared_modules.data_collection.optimized_data_fetcher - ERROR - [FAIL] Exception for SKYAIUSDT_240: local variable 'retry_delay' referenced before assignment (attempt 5/5)
2025-12-17 23:47:24 - shared_modules.data_collection.optimized_data_fetcher - ERROR - [FAIL] Failed to fetch SKYAIUSDT_240
2025-12-17 23:47:24 - shared_modules.data_collection.optimized_data_fetcher - WARNING - [FAIL] Rate limited for SQDUSDT_15 (attempt 1/5)
2025-12-17 23:47:24 - shared_modules.data_collection.optimized_data_fetcher - ERROR - [FAIL] Exception for SQDUSDT_15: local variable 'retry_delay' referenced before assignment (attempt 2/5)
2025-12-17 23:47:24 - shared_modules.data_collection.optimized_data_fetcher - ERROR - [FAIL] Exception for SQDUSDT_15: local variable 'retry_delay' referenced before assignment (attempt 3/5)
2025-12-17 23:47:24 - shared_modules.data_collection.optimized_data_fetcher - ERROR - [FAIL] Exception for SQDUSDT_15: local variable 'retry_delay' referenced before assignment (attempt 4/5)
2025-12-17 23:47:24 - shared_modules.data_collection.optimized_data_fetcher - ERROR - [FAIL] Exception for SQDUSDT_15: local variable 'retry_delay' referenced before assignment (attempt 5/5)
2025-12-17 23:47:24 - shared_modules.data_collection.optimized_data_fetcher - ERROR - [FAIL] Failed to fetch SQDUSDT_15
2025-12-17 23:47:24 - shared_modules.data_collection.optimized_data_fetcher - WARNING - [FAIL] Rate limited for SQDUSDT_5 (attempt 1/5)
2025-12-17 23:47:24 - shared_modules.data_collection.optimized_data_fetcher - ERROR - [FAIL] Exception for SQDUSDT_5: local variable 'retry_delay' referenced before assignment (attempt 2/5)
2025-12-17 23:47:24 - shared_modules.data_collection.optimized_data_fetcher - ERROR - [FAIL] Exception for SQDUSDT_5: local variable 'retry_delay' referenced before assignment (attempt 3/5)
2025-12-17 23:47:24 - shared_modules.data_collection.optimized_data_fetcher - ERROR - [FAIL] Exception for SQDUSDT_5: local variable 'retry_delay' referenced before assignment (attempt 4/5)
2025-12-17 23:47:24 - shared_modules.data_collection.optimized_data_fetcher - ERROR - [FAIL] Exception for SQDUSDT_5: local variable 'retry_delay' referenced before assignment (attempt 5/5)
2025-12-17 23:47:24 - shared_modules.data_collection.optimized_data_fetcher - ERROR - [FAIL] Failed to fetch SQDUSDT_5
2025-12-17 23:47:24 - shared_modules.data_collection.optimized_data_fetcher - WARNING - [FAIL] Rate limited for SSVUSDT_120 (attempt 1/5)
2025-12-17 23:47:24 - shared_modules.data_collection.optimized_data_fetcher - ERROR - [FAIL] Exception for SSVUSDT_120: local variable 'retry_delay' referenced before assignment (attempt 2/5)
2025-12-17 23:47:24 - shared_modules.data_collection.optimized_data_fetcher - ERROR - [FAIL] Exception for SSVUSDT_120: local variable 'retry_delay' referenced before assignment (attempt 3/5)
2025-12-17 23:47:24 - shared_modules.data_collection.optimized_data_fetcher - ERROR - [FAIL] Exception for SSVUSDT_120: local variable 'retry_delay' referenced before assignment (attempt 4/5)
2025-12-17 23:47:24 - shared_modules.data_collection.optimized_data_fetcher - ERROR - [FAIL] Exception for SSVUSDT_120: local variable 'retry_delay' referenced before assignment (attempt 5/5)
2025-12-17 23:47:24 - shared_modules.data_collection.optimized_data_fetcher - ERROR - [FAIL] Failed to fetch SSVUSDT_120
2025-12-17 23:47:24 - shared_modules.data_collection.optimized_data_fetcher - WARNING - [FAIL] Rate limited for STABLEUSDT_1 (attempt 1/5)
2025-12-17 23:47:24 - shared_modules.data_collection.optimized_data_fetcher - ERROR - [FAIL] Exception for STABLEUSDT_1: local variable 'retry_delay' referenced before assignment (attempt 2/5)
2025-12-17 23:47:24 - shared_modules.data_collection.optimized_data_fetcher - ERROR - [FAIL] Exception for STABLEUSDT_1: local variable 'retry_delay' referenced before assignment (attempt 3/5)
2025-12-17 23:47:24 - shared_modules.data_collection.optimized_data_fetcher - ERROR - [FAIL] Exception for STABLEUSDT_1: local variable 'retry_delay' referenced before assignment (attempt 4/5)
2025-12-17 23:47:24 - shared_modules.data_collection.optimized_data_fetcher - ERROR - [FAIL] Exception for STABLEUSDT_1: local variable 'retry_delay' referenced before assignment (attempt 5/5)
2025-12-17 23:47:24 - shared_modules.data_collection.optimized_data_fetcher - ERROR - [FAIL] Failed to fetch STABLEUSDT_1
2025-12-17 23:47:24 - shared_modules.data_collection.optimized_data_fetcher - WARNING - [FAIL] Rate limited for STBLUSDT_240 (attempt 1/5)
2025-12-17 23:47:24 - shared_modules.data_collection.optimized_data_fetcher - ERROR - [FAIL] Exception for STBLUSDT_240: local variable 'retry_delay' referenced before assignment (attempt 2/5)
2025-12-17 23:47:24 - shared_modules.data_collection.optimized_data_fetcher - ERROR - [FAIL] Exception for STBLUSDT_240: local variable 'retry_delay' referenced before assignment (attempt 3/5)
2025-12-17 23:47:24 - shared_modules.data_collection.optimized_data_fetcher - ERROR - [FAIL] Exception for STBLUSDT_240: local variable 'retry_delay' referenced before assignment (attempt 4/5)
2025-12-17 23:47:24 - shared_modules.data_collection.optimized_data_fetcher - ERROR - [FAIL] Exception for STBLUSDT_240: local variable 'retry_delay' referenced before assignment (attempt 5/5)
2025-12-17 23:47:24 - shared_modules.data_collection.optimized_data_fetcher - ERROR - [FAIL] Failed to fetch STBLUSDT_240
2025-12-17 23:47:24 - shared_modules.data_collection.optimized_data_fetcher - WARNING - [FAIL] Rate limited for STEEMUSDT_5 (attempt 1/5)
2025-12-17 23:47:24 - shared_modules.data_collection.optimized_data_fetcher - ERROR - [FAIL] Exception for STEEMUSDT_5: local variable 'retry_delay' referenced before assignment (attempt 2/5)
2025-12-17 23:47:24 - shared_modules.data_collection.optimized_data_fetcher - ERROR - [FAIL] Exception for STEEMUSDT_5: local variable 'retry_delay' referenced before assignment (attempt 3/5)
2025-12-17 23:47:24 - shared_modules.data_collection.optimized_data_fetcher - ERROR - [FAIL] Exception for STEEMUSDT_5: local variable 'retry_delay' referenced before assignment (attempt 4/5)
2025-12-17 23:47:24 - shared_modules.data_collection.optimized_data_fetcher - ERROR - [FAIL] Exception for STEEMUSDT_5: local variable 'retry_delay' referenced before assignment (attempt 5/5)
2025-12-17 23:47:24 - shared_modules.data_collection.optimized_data_fetcher - ERROR - [FAIL] Failed to fetch STEEMUSDT_5
2025-12-17 23:47:25 - shared_modules.data_collection.optimized_data_fetcher - WARNING - [FAIL] Rate limited for STOUSDT_60 (attempt 1/5)
2025-12-17 23:47:25 - shared_modules.data_collection.optimized_data_fetcher - ERROR - [FAIL] Exception for STOUSDT_60: local variable 'retry_delay' referenced before assignment (attempt 2/5)
2025-12-17 23:47:25 - shared_modules.data_collection.optimized_data_fetcher - ERROR - [FAIL] Exception for STOUSDT_60: local variable 'retry_delay' referenced before assignment (attempt 3/5)
2025-12-17 23:47:25 - shared_modules.data_collection.optimized_data_fetcher - ERROR - [FAIL] Exception for STOUSDT_60: local variable 'retry_delay' referenced before assignment (attempt 4/5)
2025-12-17 23:47:25 - shared_modules.data_collection.optimized_data_fetcher - ERROR - [FAIL] Exception for STOUSDT_60: local variable 'retry_delay' referenced before assignment (attempt 5/5)
2025-12-17 23:47:25 - shared_modules.data_collection.optimized_data_fetcher - ERROR - [FAIL] Failed to fetch STOUSDT_60
2025-12-17 23:47:25 - shared_modules.data_collection.optimized_data_fetcher - WARNING - [FAIL] Rate limited for STRKUSDT_1 (attempt 1/5)
2025-12-17 23:47:25 - shared_modules.data_collection.optimized_data_fetcher - ERROR - [FAIL] Exception for STRKUSDT_1: local variable 'retry_delay' referenced before assignment (attempt 2/5)
2025-12-17 23:47:25 - shared_modules.data_collection.optimized_data_fetcher - ERROR - [FAIL] Exception for STRKUSDT_1: local variable 'retry_delay' referenced before assignment (attempt 3/5)
2025-12-17 23:47:25 - shared_modules.data_collection.optimized_data_fetcher - ERROR - [FAIL] Exception for STRKUSDT_1: local variable 'retry_delay' referenced before assignment (attempt 4/5)
2025-12-17 23:47:25 - shared_modules.data_collection.optimized_data_fetcher - ERROR - [FAIL] Exception for STRKUSDT_1: local variable 'retry_delay' referenced before assignment (attempt 5/5)
2025-12-17 23:47:25 - shared_modules.data_collection.optimized_data_fetcher - ERROR - [FAIL] Failed to fetch STRKUSDT_1
2025-12-17 23:47:25 - shared_modules.data_collection.optimized_data_fetcher - WARNING - [FAIL] Rate limited for STOUSDT_240 (attempt 1/5)
2025-12-17 23:47:25 - shared_modules.data_collection.optimized_data_fetcher - ERROR - [FAIL] Exception for STOUSDT_240: local variable 'retry_delay' referenced before assignment (attempt 2/5)
2025-12-17 23:47:25 - shared_modules.data_collection.optimized_data_fetcher - ERROR - [FAIL] Exception for STOUSDT_240: local variable 'retry_delay' referenced before assignment (attempt 3/5)
2025-12-17 23:47:25 - shared_modules.data_collection.optimized_data_fetcher - ERROR - [FAIL] Exception for STOUSDT_240: local variable 'retry_delay' referenced before assignment (attempt 4/5)
2025-12-17 23:47:25 - shared_modules.data_collection.optimized_data_fetcher - ERROR - [FAIL] Exception for STOUSDT_240: local variable 'retry_delay' referenced before assignment (attempt 5/5)
2025-12-17 23:47:25 - shared_modules.data_collection.optimized_data_fetcher - ERROR - [FAIL] Failed to fetch STOUSDT_240
2025-12-17 23:47:25 - shared_modules.data_collection.optimized_data_fetcher - WARNING - [FAIL] Rate limited for STRKUSDT_60 (attempt 1/5)
2025-12-17 23:47:25 - shared_modules.data_collection.optimized_data_fetcher - ERROR - [FAIL] Exception for STRKUSDT_60: local variable 'retry_delay' referenced before assignment (attempt 2/5)
2025-12-17 23:47:25 - shared_modules.data_collection.optimized_data_fetcher - ERROR - [FAIL] Exception for STRKUSDT_60: local variable 'retry_delay' referenced before assignment (attempt 3/5)
2025-12-17 23:47:25 - shared_modules.data_collection.optimized_data_fetcher - ERROR - [FAIL] Exception for STRKUSDT_60: local variable 'retry_delay' referenced before assignment (attempt 4/5)
2025-12-17 23:47:25 - shared_modules.data_collection.optimized_data_fetcher - ERROR - [FAIL] Exception for STRKUSDT_60: local variable 'retry_delay' referenced before assignment (attempt 5/5)
2025-12-17 23:47:25 - shared_modules.data_collection.optimized_data_fetcher - ERROR - [FAIL] Failed to fetch STRKUSDT_60
2025-12-17 23:47:25 - shared_modules.data_collection.optimized_data_fetcher - WARNING - [FAIL] Rate limited for STXUSDT_120 (attempt 1/5)
2025-12-17 23:47:25 - shared_modules.data_collection.optimized_data_fetcher - ERROR - [FAIL] Exception for STXUSDT_120: local variable 'retry_delay' referenced before assignment (attempt 2/5)
2025-12-17 23:47:25 - shared_modules.data_collection.optimized_data_fetcher - ERROR - [FAIL] Exception for STXUSDT_120: local variable 'retry_delay' referenced before assignment (attempt 3/5)
2025-12-17 23:47:25 - shared_modules.data_collection.optimized_data_fetcher - ERROR - [FAIL] Exception for STXUSDT_120: local variable 'retry_delay' referenced before assignment (attempt 4/5)
2025-12-17 23:47:25 - shared_modules.data_collection.optimized_data_fetcher - ERROR - [FAIL] Exception for STXUSDT_120: local variable 'retry_delay' referenced before assignment (attempt 5/5)
2025-12-17 23:47:25 - shared_modules.data_collection.optimized_data_fetcher - ERROR - [FAIL] Failed to fetch STXUSDT_120
2025-12-17 23:47:25 - shared_modules.data_collection.optimized_data_fetcher - WARNING - [FAIL] Rate limited for SUIUSDT_15 (attempt 1/5)
2025-12-17 23:47:25 - shared_modules.data_collection.optimized_data_fetcher - ERROR - [FAIL] Exception for SUIUSDT_15: local variable 'retry_delay' referenced before assignment (attempt 2/5)
2025-12-17 23:47:25 - shared_modules.data_collection.optimized_data_fetcher - ERROR - [FAIL] Exception for SUIUSDT_15: local variable 'retry_delay' referenced before assignment (attempt 3/5)
2025-12-17 23:47:25 - shared_modules.data_collection.optimized_data_fetcher - ERROR - [FAIL] Exception for SUIUSDT_15: local variable 'retry_delay' referenced before assignment (attempt 4/5)
2025-12-17 23:47:25 - shared_modules.data_collection.optimized_data_fetcher - ERROR - [FAIL] Exception for SUIUSDT_15: local variable 'retry_delay' referenced before assignment (attempt 5/5)
2025-12-17 23:47:25 - shared_modules.data_collection.optimized_data_fetcher - ERROR - [FAIL] Failed to fetch SUIUSDT_15
2025-12-17 23:47:25 - shared_modules.data_collection.optimized_data_fetcher - WARNING - [FAIL] Rate limited for SUIUSDT_1 (attempt 1/5)
2025-12-17 23:47:25 - shared_modules.data_collection.optimized_data_fetcher - ERROR - [FAIL] Exception for SUIUSDT_1: local variable 'retry_delay' referenced before assignment (attempt 2/5)
2025-12-17 23:47:25 - shared_modules.data_collection.optimized_data_fetcher - ERROR - [FAIL] Exception for SUIUSDT_1: local variable 'retry_delay' referenced before assignment (attempt 3/5)
2025-12-17 23:47:25 - shared_modules.data_collection.optimized_data_fetcher - ERROR - [FAIL] Exception for SUIUSDT_1: local variable 'retry_delay' referenced before assignment (attempt 4/5)
2025-12-17 23:47:25 - shared_modules.data_collection.optimized_data_fetcher - ERROR - [FAIL] Exception for SUIUSDT_1: local variable 'retry_delay' referenced before assignment (attempt 5/5)
2025-12-17 23:47:25 - shared_modules.data_collection.optimized_data_fetcher - ERROR - [FAIL] Failed to fetch SUIUSDT_1
2025-12-17 23:47:25 - shared_modules.data_collection.optimized_data_fetcher - WARNING - [FAIL] Rate limited for SUPERUSDT_5 (attempt 1/5)
2025-12-17 23:47:25 - shared_modules.data_collection.optimized_data_fetcher - ERROR - [FAIL] Exception for SUPERUSDT_5: local variable 'retry_delay' referenced before assignment (attempt 2/5)
2025-12-17 23:47:25 - shared_modules.data_collection.optimized_data_fetcher - ERROR - [FAIL] Exception for SUPERUSDT_5: local variable 'retry_delay' referenced before assignment (attempt 3/5)
2025-12-17 23:47:25 - shared_modules.data_collection.optimized_data_fetcher - ERROR - [FAIL] Exception for SUPERUSDT_5: local variable 'retry_delay' referenced before assignment (attempt 4/5)
2025-12-17 23:47:25 - shared_modules.data_collection.optimized_data_fetcher - ERROR - [FAIL] Exception for SUPERUSDT_5: local variable 'retry_delay' referenced before assignment (attempt 5/5)
2025-12-17 23:47:25 - shared_modules.data_collection.optimized_data_fetcher - ERROR - [FAIL] Failed to fetch SUPERUSDT_5
2025-12-17 23:47:25 - shared_modules.data_collection.optimized_data_fetcher - WARNING - [FAIL] Rate limited for SUPERUSDT_15 (attempt 1/5)
2025-12-17 23:47:25 - shared_modules.data_collection.optimized_data_fetcher - ERROR - [FAIL] Exception for SUPERUSDT_15: local variable 'retry_delay' referenced before assignment (attempt 2/5)
2025-12-17 23:47:25 - shared_modules.data_collection.optimized_data_fetcher - ERROR - [FAIL] Exception for SUPERUSDT_15: local variable 'retry_delay' referenced before assignment (attempt 3/5)
2025-12-17 23:47:25 - shared_modules.data_collection.optimized_data_fetcher - ERROR - [FAIL] Exception for SUPERUSDT_15: local variable 'retry_delay' referenced before assignment (attempt 4/5)
2025-12-17 23:47:25 - shared_modules.data_collection.optimized_data_fetcher - ERROR - [FAIL] Exception for SUPERUSDT_15: local variable 'retry_delay' referenced before assignment (attempt 5/5)
2025-12-17 23:47:25 - shared_modules.data_collection.optimized_data_fetcher - ERROR - [FAIL] Failed to fetch SUPERUSDT_15
2025-12-17 23:47:25 - shared_modules.data_collection.optimized_data_fetcher - WARNING - [FAIL] Rate limited for SUSDT_1 (attempt 1/5)
2025-12-17 23:47:25 - shared_modules.data_collection.optimized_data_fetcher - ERROR - [FAIL] Exception for SUSDT_1: local variable 'retry_delay' referenced before assignment (attempt 2/5)
2025-12-17 23:47:25 - shared_modules.data_collection.optimized_data_fetcher - ERROR - [FAIL] Exception for SUSDT_1: local variable 'retry_delay' referenced before assignment (attempt 3/5)
2025-12-17 23:47:25 - shared_modules.data_collection.optimized_data_fetcher - ERROR - [FAIL] Exception for SUSDT_1: local variable 'retry_delay' referenced before assignment (attempt 4/5)
2025-12-17 23:47:25 - shared_modules.data_collection.optimized_data_fetcher - ERROR - [FAIL] Exception for SUSDT_1: local variable 'retry_delay' referenced before assignment (attempt 5/5)
2025-12-17 23:47:25 - shared_modules.data_collection.optimized_data_fetcher - ERROR - [FAIL] Failed to fetch SUSDT_1
2025-12-17 23:47:25 - shared_modules.data_collection.optimized_data_fetcher - WARNING - [FAIL] Rate limited for SWARMSUSDT_120 (attempt 1/5)
2025-12-17 23:47:25 - shared_modules.data_collection.optimized_data_fetcher - ERROR - [FAIL] Exception for SWARMSUSDT_120: local variable 'retry_delay' referenced before assignment (attempt 2/5)
2025-12-17 23:47:25 - shared_modules.data_collection.optimized_data_fetcher - ERROR - [FAIL] Exception for SWARMSUSDT_120: local variable 'retry_delay' referenced before assignment (attempt 3/5)
2025-12-17 23:47:25 - shared_modules.data_collection.optimized_data_fetcher - ERROR - [FAIL] Exception for SWARMSUSDT_120: local variable 'retry_delay' referenced before assignment (attempt 4/5)
2025-12-17 23:47:25 - shared_modules.data_collection.optimized_data_fetcher - ERROR - [FAIL] Exception for SWARMSUSDT_120: local variable 'retry_delay' referenced before assignment (attempt 5/5)
2025-12-17 23:47:25 - shared_modules.data_collection.optimized_data_fetcher - ERROR - [FAIL] Failed to fetch SWARMSUSDT_120
2025-12-17 23:47:25 - shared_modules.data_collection.optimized_data_fetcher - WARNING - [FAIL] Rate limited for SWARMSUSDT_5 (attempt 1/5)
2025-12-17 23:47:25 - shared_modules.data_collection.optimized_data_fetcher - ERROR - [FAIL] Exception for SWARMSUSDT_5: local variable 'retry_delay' referenced before assignment (attempt 2/5)
2025-12-17 23:47:25 - shared_modules.data_collection.optimized_data_fetcher - ERROR - [FAIL] Exception for SWARMSUSDT_5: local variable 'retry_delay' referenced before assignment (attempt 3/5)
2025-12-17 23:47:25 - shared_modules.data_collection.optimized_data_fetcher - ERROR - [FAIL] Exception for SWARMSUSDT_5: local variable 'retry_delay' referenced before assignment (attempt 4/5)
2025-12-17 23:47:25 - shared_modules.data_collection.optimized_data_fetcher - ERROR - [FAIL] Exception for SWARMSUSDT_5: local variable 'retry_delay' referenced before assignment (attempt 5/5)
2025-12-17 23:47:25 - shared_modules.data_collection.optimized_data_fetcher - ERROR - [FAIL] Failed to fetch SWARMSUSDT_5
2025-12-17 23:47:25 - shared_modules.data_collection.optimized_data_fetcher - WARNING - [FAIL] Rate limited for SWARMSUSDT_15 (attempt 1/5)
2025-12-17 23:47:25 - shared_modules.data_collection.optimized_data_fetcher - ERROR - [FAIL] Exception for SWARMSUSDT_15: local variable 'retry_delay' referenced before assignment (attempt 2/5)
2025-12-17 23:47:25 - shared_modules.data_collection.optimized_data_fetcher - ERROR - [FAIL] Exception for SWARMSUSDT_15: local variable 'retry_delay' referenced before assignment (attempt 3/5)
2025-12-17 23:47:25 - shared_modules.data_collection.optimized_data_fetcher - ERROR - [FAIL] Exception for SWARMSUSDT_15: local variable 'retry_delay' referenced before assignment (attempt 4/5)
2025-12-17 23:47:25 - shared_modules.data_collection.optimized_data_fetcher - ERROR - [FAIL] Exception for SWARMSUSDT_15: local variable 'retry_delay' referenced before assignment (attempt 5/5)
2025-12-17 23:47:25 - shared_modules.data_collection.optimized_data_fetcher - ERROR - [FAIL] Failed to fetch SWARMSUSDT_15
2025-12-17 23:47:25 - shared_modules.data_collection.optimized_data_fetcher - WARNING - [FAIL] Rate limited for SXPUSDT_1 (attempt 1/5)
2025-12-17 23:47:25 - shared_modules.data_collection.optimized_data_fetcher - ERROR - [FAIL] Exception for SXPUSDT_1: local variable 'retry_delay' referenced before assignment (attempt 2/5)
2025-12-17 23:47:25 - shared_modules.data_collection.optimized_data_fetcher - ERROR - [FAIL] Exception for SXPUSDT_1: local variable 'retry_delay' referenced before assignment (attempt 3/5)
2025-12-17 23:47:25 - shared_modules.data_collection.optimized_data_fetcher - ERROR - [FAIL] Exception for SXPUSDT_1: local variable 'retry_delay' referenced before assignment (attempt 4/5)
2025-12-17 23:47:25 - shared_modules.data_collection.optimized_data_fetcher - ERROR - [FAIL] Exception for SXPUSDT_1: local variable 'retry_delay' referenced before assignment (attempt 5/5)
2025-12-17 23:47:25 - shared_modules.data_collection.optimized_data_fetcher - ERROR - [FAIL] Failed to fetch SXPUSDT_1
2025-12-17 23:47:25 - shared_modules.data_collection.optimized_data_fetcher - WARNING - [FAIL] Rate limited for SWARMSUSDT_1 (attempt 1/5)
2025-12-17 23:47:25 - shared_modules.data_collection.optimized_data_fetcher - ERROR - [FAIL] Exception for SWARMSUSDT_1: local variable 'retry_delay' referenced before assignment (attempt 2/5)
2025-12-17 23:47:25 - shared_modules.data_collection.optimized_data_fetcher - ERROR - [FAIL] Exception for SWARMSUSDT_1: local variable 'retry_delay' referenced before assignment (attempt 3/5)
2025-12-17 23:47:25 - shared_modules.data_collection.optimized_data_fetcher - ERROR - [FAIL] Exception for SWARMSUSDT_1: local variable 'retry_delay' referenced before assignment (attempt 4/5)
2025-12-17 23:47:25 - shared_modules.data_collection.optimized_data_fetcher - ERROR - [FAIL] Exception for SWARMSUSDT_1: local variable 'retry_delay' referenced before assignment (attempt 5/5)
2025-12-17 23:47:25 - shared_modules.data_collection.optimized_data_fetcher - ERROR - [FAIL] Failed to fetch SWARMSUSDT_1
2025-12-17 23:47:25 - shared_modules.data_collection.optimized_data_fetcher - WARNING - [FAIL] Rate limited for SUSHIUSDT_60 (attempt 1/5)
2025-12-17 23:47:25 - shared_modules.data_collection.optimized_data_fetcher - ERROR - [FAIL] Exception for SUSHIUSDT_60: local variable 'retry_delay' referenced before assignment (attempt 2/5)
2025-12-17 23:47:25 - shared_modules.data_collection.optimized_data_fetcher - ERROR - [FAIL] Exception for SUSHIUSDT_60: local variable 'retry_delay' referenced before assignment (attempt 3/5)
2025-12-17 23:47:25 - shared_modules.data_collection.optimized_data_fetcher - ERROR - [FAIL] Exception for SUSHIUSDT_60: local variable 'retry_delay' referenced before assignment (attempt 4/5)
2025-12-17 23:47:25 - shared_modules.data_collection.optimized_data_fetcher - ERROR - [FAIL] Exception for SUSHIUSDT_60: local variable 'retry_delay' referenced before assignment (attempt 5/5)
2025-12-17 23:47:25 - shared_modules.data_collection.optimized_data_fetcher - ERROR - [FAIL] Failed to fetch SUSHIUSDT_60
2025-12-17 23:47:25 - shared_modules.data_collection.optimized_data_fetcher - WARNING - [FAIL] Rate limited for SWARMSUSDT_240 (attempt 1/5)
2025-12-17 23:47:25 - shared_modules.data_collection.optimized_data_fetcher - ERROR - [FAIL] Exception for SWARMSUSDT_240: local variable 'retry_delay' referenced before assignment (attempt 2/5)
2025-12-17 23:47:25 - shared_modules.data_collection.optimized_data_fetcher - ERROR - [FAIL] Exception for SWARMSUSDT_240: local variable 'retry_delay' referenced before assignment (attempt 3/5)
2025-12-17 23:47:25 - shared_modules.data_collection.optimized_data_fetcher - ERROR - [FAIL] Exception for SWARMSUSDT_240: local variable 'retry_delay' referenced before assignment (attempt 4/5)
2025-12-17 23:47:25 - shared_modules.data_collection.optimized_data_fetcher - ERROR - [FAIL] Exception for SWARMSUSDT_240: local variable 'retry_delay' referenced before assignment (attempt 5/5)
2025-12-17 23:47:25 - shared_modules.data_collection.optimized_data_fetcher - ERROR - [FAIL] Failed to fetch SWARMSUSDT_240
2025-12-17 23:47:25 - shared_modules.data_collection.optimized_data_fetcher - WARNING - [FAIL] Rate limited for SOSOUSDT_120 (attempt 1/5)
2025-12-17 23:47:25 - shared_modules.data_collection.optimized_data_fetcher - ERROR - [FAIL] Exception for SOSOUSDT_120: local variable 'retry_delay' referenced before assignment (attempt 2/5)
2025-12-17 23:47:25 - shared_modules.data_collection.optimized_data_fetcher - ERROR - [FAIL] Exception for SOSOUSDT_120: local variable 'retry_delay' referenced before assignment (attempt 3/5)
2025-12-17 23:47:25 - shared_modules.data_collection.optimized_data_fetcher - ERROR - [FAIL] Exception for SOSOUSDT_120: local variable 'retry_delay' referenced before assignment (attempt 4/5)
2025-12-17 23:47:25 - shared_modules.data_collection.optimized_data_fetcher - ERROR - [FAIL] Exception for SOSOUSDT_120: local variable 'retry_delay' referenced before assignment (attempt 5/5)
2025-12-17 23:47:25 - shared_modules.data_collection.optimized_data_fetcher - ERROR - [FAIL] Failed to fetch SOSOUSDT_120
2025-12-17 23:47:25 - shared_modules.data_collection.optimized_data_fetcher - WARNING - [FAIL] Rate limited for SXTUSDT_120 (attempt 1/5)
2025-12-17 23:47:25 - shared_modules.data_collection.optimized_data_fetcher - ERROR - [FAIL] Exception for SXTUSDT_120: local variable 'retry_delay' referenced before assignment (attempt 2/5)
2025-12-17 23:47:25 - shared_modules.data_collection.optimized_data_fetcher - ERROR - [FAIL] Exception for SXTUSDT_120: local variable 'retry_delay' referenced before assignment (attempt 3/5)
2025-12-17 23:47:25 - shared_modules.data_collection.optimized_data_fetcher - ERROR - [FAIL] Exception for SXTUSDT_120: local variable 'retry_delay' referenced before assignment (attempt 4/5)
2025-12-17 23:47:25 - shared_modules.data_collection.optimized_data_fetcher - ERROR - [FAIL] Exception for SXTUSDT_120: local variable 'retry_delay' referenced before assignment (attempt 5/5)
2025-12-17 23:47:25 - shared_modules.data_collection.optimized_data_fetcher - ERROR - [FAIL] Failed to fetch SXTUSDT_120
2025-12-17 23:47:25 - shared_modules.data_collection.optimized_data_fetcher - WARNING - [FAIL] Rate limited for SXPUSDT_60 (attempt 1/5)
2025-12-17 23:47:25 - shared_modules.data_collection.optimized_data_fetcher - ERROR - [FAIL] Exception for SXPUSDT_60: local variable 'retry_delay' referenced before assignment (attempt 2/5)
2025-12-17 23:47:25 - shared_modules.data_collection.optimized_data_fetcher - ERROR - [FAIL] Exception for SXPUSDT_60: local variable 'retry_delay' referenced before assignment (attempt 3/5)
2025-12-17 23:47:25 - shared_modules.data_collection.optimized_data_fetcher - ERROR - [FAIL] Exception for SXPUSDT_60: local variable 'retry_delay' referenced before assignment (attempt 4/5)
2025-12-17 23:47:25 - shared_modules.data_collection.optimized_data_fetcher - ERROR - [FAIL] Exception for SXPUSDT_60: local variable 'retry_delay' referenced before assignment (attempt 5/5)
2025-12-17 23:47:25 - shared_modules.data_collection.optimized_data_fetcher - ERROR - [FAIL] Failed to fetch SXPUSDT_60
2025-12-17 23:47:25 - shared_modules.data_collection.optimized_data_fetcher - WARNING - [FAIL] Rate limited for SXTUSDT_5 (attempt 1/5)
2025-12-17 23:47:25 - shared_modules.data_collection.optimized_data_fetcher - ERROR - [FAIL] Exception for SXTUSDT_5: local variable 'retry_delay' referenced before assignment (attempt 2/5)
2025-12-17 23:47:25 - shared_modules.data_collection.optimized_data_fetcher - ERROR - [FAIL] Exception for SXTUSDT_5: local variable 'retry_delay' referenced before assignment (attempt 3/5)
2025-12-17 23:47:25 - shared_modules.data_collection.optimized_data_fetcher - ERROR - [FAIL] Exception for SXTUSDT_5: local variable 'retry_delay' referenced before assignment (attempt 4/5)
2025-12-17 23:47:25 - shared_modules.data_collection.optimized_data_fetcher - ERROR - [FAIL] Exception for SXTUSDT_5: local variable 'retry_delay' referenced before assignment (attempt 5/5)
2025-12-17 23:47:25 - shared_modules.data_collection.optimized_data_fetcher - ERROR - [FAIL] Failed to fetch SXTUSDT_5
2025-12-17 23:47:25 - shared_modules.data_collection.optimized_data_fetcher - WARNING - [FAIL] Rate limited for SXTUSDT_15 (attempt 1/5)
2025-12-17 23:47:25 - shared_modules.data_collection.optimized_data_fetcher - ERROR - [FAIL] Exception for SXTUSDT_15: local variable 'retry_delay' referenced before assignment (attempt 2/5)
2025-12-17 23:47:25 - shared_modules.data_collection.optimized_data_fetcher - ERROR - [FAIL] Exception for SXTUSDT_15: local variable 'retry_delay' referenced before assignment (attempt 3/5)
2025-12-17 23:47:25 - shared_modules.data_collection.optimized_data_fetcher - ERROR - [FAIL] Exception for SXTUSDT_15: local variable 'retry_delay' referenced before assignment (attempt 4/5)
2025-12-17 23:47:25 - shared_modules.data_collection.optimized_data_fetcher - ERROR - [FAIL] Exception for SXTUSDT_15: local variable 'retry_delay' referenced before assignment (attempt 5/5)
2025-12-17 23:47:25 - shared_modules.data_collection.optimized_data_fetcher - ERROR - [FAIL] Failed to fetch SXTUSDT_15
2025-12-17 23:47:25 - shared_modules.data_collection.optimized_data_fetcher - WARNING - [FAIL] Rate limited for SYNUSDT_60 (attempt 1/5)
2025-12-17 23:47:25 - shared_modules.data_collection.optimized_data_fetcher - ERROR - [FAIL] Exception for SYNUSDT_60: local variable 'retry_delay' referenced before assignment (attempt 2/5)
2025-12-17 23:47:25 - shared_modules.data_collection.optimized_data_fetcher - ERROR - [FAIL] Exception for SYNUSDT_60: local variable 'retry_delay' referenced before assignment (attempt 3/5)
2025-12-17 23:47:25 - shared_modules.data_collection.optimized_data_fetcher - ERROR - [FAIL] Exception for SYNUSDT_60: local variable 'retry_delay' referenced before assignment (attempt 4/5)
2025-12-17 23:47:25 - shared_modules.data_collection.optimized_data_fetcher - ERROR - [FAIL] Exception for SYNUSDT_60: local variable 'retry_delay' referenced before assignment (attempt 5/5)
2025-12-17 23:47:25 - shared_modules.data_collection.optimized_data_fetcher - ERROR - [FAIL] Failed to fetch SYNUSDT_60
2025-12-17 23:47:25 - shared_modules.data_collection.optimized_data_fetcher - WARNING - [FAIL] Rate limited for SXTUSDT_60 (attempt 1/5)
2025-12-17 23:47:25 - shared_modules.data_collection.optimized_data_fetcher - ERROR - [FAIL] Exception for SXTUSDT_60: local variable 'retry_delay' referenced before assignment (attempt 2/5)
2025-12-17 23:47:25 - shared_modules.data_collection.optimized_data_fetcher - ERROR - [FAIL] Exception for SXTUSDT_60: local variable 'retry_delay' referenced before assignment (attempt 3/5)
2025-12-17 23:47:25 - shared_modules.data_collection.optimized_data_fetcher - ERROR - [FAIL] Exception for SXTUSDT_60: local variable 'retry_delay' referenced before assignment (attempt 4/5)
2025-12-17 23:47:25 - shared_modules.data_collection.optimized_data_fetcher - ERROR - [FAIL] Exception for SXTUSDT_60: local variable 'retry_delay' referenced before assignment (attempt 5/5)
2025-12-17 23:47:25 - shared_modules.data_collection.optimized_data_fetcher - ERROR - [FAIL] Failed to fetch SXTUSDT_60
2025-12-17 23:47:25 - shared_modules.data_collection.optimized_data_fetcher - WARNING - [FAIL] Rate limited for SXPUSDT_120 (attempt 1/5)
2025-12-17 23:47:25 - shared_modules.data_collection.optimized_data_fetcher - ERROR - [FAIL] Exception for SXPUSDT_120: local variable 'retry_delay' referenced before assignment (attempt 2/5)
2025-12-17 23:47:25 - shared_modules.data_collection.optimized_data_fetcher - ERROR - [FAIL] Exception for SXPUSDT_120: local variable 'retry_delay' referenced before assignment (attempt 3/5)
2025-12-17 23:47:25 - shared_modules.data_collection.optimized_data_fetcher - ERROR - [FAIL] Exception for SXPUSDT_120: local variable 'retry_delay' referenced before assignment (attempt 4/5)
2025-12-17 23:47:25 - shared_modules.data_collection.optimized_data_fetcher - ERROR - [FAIL] Exception for SXPUSDT_120: local variable 'retry_delay' referenced before assignment (attempt 5/5)
2025-12-17 23:47:25 - shared_modules.data_collection.optimized_data_fetcher - ERROR - [FAIL] Failed to fetch SXPUSDT_120
2025-12-17 23:47:25 - shared_modules.data_collection.optimized_data_fetcher - WARNING - [FAIL] Rate limited for SYRUPUSDT_120 (attempt 1/5)
2025-12-17 23:47:25 - shared_modules.data_collection.optimized_data_fetcher - ERROR - [FAIL] Exception for SYRUPUSDT_120: local variable 'retry_delay' referenced before assignment (attempt 2/5)
2025-12-17 23:47:25 - shared_modules.data_collection.optimized_data_fetcher - ERROR - [FAIL] Exception for SYRUPUSDT_120: local variable 'retry_delay' referenced before assignment (attempt 3/5)
2025-12-17 23:47:25 - shared_modules.data_collection.optimized_data_fetcher - ERROR - [FAIL] Exception for SYRUPUSDT_120: local variable 'retry_delay' referenced before assignment (attempt 4/5)
2025-12-17 23:47:25 - shared_modules.data_collection.optimized_data_fetcher - ERROR - [FAIL] Exception for SYRUPUSDT_120: local variable 'retry_delay' referenced before assignment (attempt 5/5)
2025-12-17 23:47:25 - shared_modules.data_collection.optimized_data_fetcher - ERROR - [FAIL] Failed to fetch SYRUPUSDT_120
2025-12-17 23:47:25 - shared_modules.data_collection.optimized_data_fetcher - WARNING - [FAIL] Rate limited for SYSUSDT_15 (attempt 1/5)
2025-12-17 23:47:25 - shared_modules.data_collection.optimized_data_fetcher - ERROR - [FAIL] Exception for SYSUSDT_15: local variable 'retry_delay' referenced before assignment (attempt 2/5)
2025-12-17 23:47:25 - shared_modules.data_collection.optimized_data_fetcher - ERROR - [FAIL] Exception for SYSUSDT_15: local variable 'retry_delay' referenced before assignment (attempt 3/5)
2025-12-17 23:47:25 - shared_modules.data_collection.optimized_data_fetcher - ERROR - [FAIL] Exception for SYSUSDT_15: local variable 'retry_delay' referenced before assignment (attempt 4/5)
2025-12-17 23:47:25 - shared_modules.data_collection.optimized_data_fetcher - ERROR - [FAIL] Exception for SYSUSDT_15: local variable 'retry_delay' referenced before assignment (attempt 5/5)
2025-12-17 23:47:25 - shared_modules.data_collection.optimized_data_fetcher - ERROR - [FAIL] Failed to fetch SYSUSDT_15
2025-12-17 23:47:25 - shared_modules.data_collection.optimized_data_fetcher - WARNING - [FAIL] Rate limited for SYNUSDT_240 (attempt 1/5)
2025-12-17 23:47:25 - shared_modules.data_collection.optimized_data_fetcher - ERROR - [FAIL] Exception for SYNUSDT_240: local variable 'retry_delay' referenced before assignment (attempt 2/5)
2025-12-17 23:47:25 - shared_modules.data_collection.optimized_data_fetcher - ERROR - [FAIL] Exception for SYNUSDT_240: local variable 'retry_delay' referenced before assignment (attempt 3/5)
2025-12-17 23:47:25 - shared_modules.data_collection.optimized_data_fetcher - ERROR - [FAIL] Exception for SYNUSDT_240: local variable 'retry_delay' referenced before assignment (attempt 4/5)
2025-12-17 23:47:25 - shared_modules.data_collection.optimized_data_fetcher - ERROR - [FAIL] Exception for SYNUSDT_240: local variable 'retry_delay' referenced before assignment (attempt 5/5)
2025-12-17 23:47:25 - shared_modules.data_collection.optimized_data_fetcher - ERROR - [FAIL] Failed to fetch SYNUSDT_240
2025-12-17 23:47:25 - shared_modules.data_collection.optimized_data_fetcher - WARNING - [FAIL] Rate limited for SYSUSDT_240 (attempt 1/5)
2025-12-17 23:47:25 - shared_modules.data_collection.optimized_data_fetcher - ERROR - [FAIL] Exception for SYSUSDT_240: local variable 'retry_delay' referenced before assignment (attempt 2/5)
2025-12-17 23:47:25 - shared_modules.data_collection.optimized_data_fetcher - ERROR - [FAIL] Exception for SYSUSDT_240: local variable 'retry_delay' referenced before assignment (attempt 3/5)
2025-12-17 23:47:25 - shared_modules.data_collection.optimized_data_fetcher - ERROR - [FAIL] Exception for SYSUSDT_240: local variable 'retry_delay' referenced before assignment (attempt 4/5)
2025-12-17 23:47:25 - shared_modules.data_collection.optimized_data_fetcher - ERROR - [FAIL] Exception for SYSUSDT_240: local variable 'retry_delay' referenced before assignment (attempt 5/5)
2025-12-17 23:47:25 - shared_modules.data_collection.optimized_data_fetcher - ERROR - [FAIL] Failed to fetch SYSUSDT_240
2025-12-17 23:47:25 - shared_modules.data_collection.optimized_data_fetcher - WARNING - [FAIL] Rate limited for STEEMUSDT_120 (attempt 1/5)
2025-12-17 23:47:25 - shared_modules.data_collection.optimized_data_fetcher - ERROR - [FAIL] Exception for STEEMUSDT_120: local variable 'retry_delay' referenced before assignment (attempt 2/5)
2025-12-17 23:47:25 - shared_modules.data_collection.optimized_data_fetcher - ERROR - [FAIL] Exception for STEEMUSDT_120: local variable 'retry_delay' referenced before assignment (attempt 3/5)
2025-12-17 23:47:25 - shared_modules.data_collection.optimized_data_fetcher - ERROR - [FAIL] Exception for STEEMUSDT_120: local variable 'retry_delay' referenced before assignment (attempt 4/5)
2025-12-17 23:47:25 - shared_modules.data_collection.optimized_data_fetcher - ERROR - [FAIL] Exception for STEEMUSDT_120: local variable 'retry_delay' referenced before assignment (attempt 5/5)
2025-12-17 23:47:25 - shared_modules.data_collection.optimized_data_fetcher - ERROR - [FAIL] Failed to fetch STEEMUSDT_120
