2025-11-08 13:59:56 - shared_modules.data_collection.optimized_data_fetcher - WARNING - [FAIL] Empty result for MATICUSDT_60 (attempt 1/3)
2025-11-08 13:59:56 - shared_modules.data_collection.optimized_data_fetcher - WARNING - [FAIL] Empty result for MATICUSDT_240 (attempt 1/3)
2025-11-08 13:59:56 - shared_modules.data_collection.optimized_data_fetcher - WARNING - [FAIL] Empty result for MATICUSDT_5 (attempt 1/3)
2025-11-08 13:59:56 - shared_modules.data_collection.optimized_data_fetcher - WARNING - [FAIL] Empty result for MATICUSDT_1 (attempt 1/3)
2025-11-08 13:59:56 - shared_modules.data_collection.optimized_data_fetcher - WARNING - [FAIL] Empty result for MATICUSDT_120 (attempt 1/3)
2025-11-08 13:59:56 - shared_modules.data_collection.optimized_data_fetcher - WARNING - [FAIL] Empty result for MATICUSDT_15 (attempt 1/3)
2025-11-08 13:59:57 - shared_modules.data_collection.optimized_data_fetcher - WARNING - [FAIL] Empty result for FTMUSDT_60 (attempt 1/3)
2025-11-08 13:59:57 - shared_modules.data_collection.optimized_data_fetcher - WARNING - [FAIL] Empty result for FTMUSDT_120 (attempt 1/3)
2025-11-08 13:59:57 - shared_modules.data_collection.optimized_data_fetcher - WARNING - [FAIL] Empty result for FTMUSDT_240 (attempt 1/3)
2025-11-08 13:59:57 - shared_modules.data_collection.optimized_data_fetcher - WARNING - [FAIL] Empty result for FTMUSDT_1 (attempt 1/3)
2025-11-08 13:59:57 - shared_modules.data_collection.optimized_data_fetcher - WARNING - [FAIL] Empty result for FTMUSDT_15 (attempt 1/3)
2025-11-08 13:59:57 - shared_modules.data_collection.optimized_data_fetcher - WARNING - [FAIL] Empty result for FTMUSDT_5 (attempt 1/3)
2025-11-08 13:59:58 - shared_modules.data_collection.optimized_data_fetcher - WARNING - [FAIL] Empty result for MATICUSDT_5 (attempt 2/3)
2025-11-08 13:59:58 - shared_modules.data_collection.optimized_data_fetcher - WARNING - [FAIL] Empty result for MATICUSDT_60 (attempt 2/3)
2025-11-08 13:59:58 - shared_modules.data_collection.optimized_data_fetcher - WARNING - [FAIL] Empty result for MATICUSDT_240 (attempt 2/3)
2025-11-08 13:59:58 - shared_modules.data_collection.optimized_data_fetcher - WARNING - [FAIL] Empty result for MATICUSDT_1 (attempt 2/3)
2025-11-08 13:59:58 - shared_modules.data_collection.optimized_data_fetcher - WARNING - [FAIL] Empty result for MATICUSDT_120 (attempt 2/3)
2025-11-08 13:59:58 - shared_modules.data_collection.optimized_data_fetcher - WARNING - [FAIL] Empty result for FTMUSDT_240 (attempt 2/3)
2025-11-08 13:59:58 - shared_modules.data_collection.optimized_data_fetcher - WARNING - [FAIL] Empty result for FTMUSDT_120 (attempt 2/3)
2025-11-08 13:59:58 - shared_modules.data_collection.optimized_data_fetcher - WARNING - [FAIL] Empty result for MATICUSDT_15 (attempt 2/3)
2025-11-08 13:59:58 - shared_modules.data_collection.optimized_data_fetcher - WARNING - [FAIL] Empty result for FTMUSDT_60 (attempt 2/3)
2025-11-08 13:59:59 - shared_modules.data_collection.optimized_data_fetcher - WARNING - [FAIL] Empty result for FTMUSDT_1 (attempt 2/3)
2025-11-08 13:59:59 - shared_modules.data_collection.optimized_data_fetcher - WARNING - [FAIL] Empty result for FTMUSDT_15 (attempt 2/3)
2025-11-08 13:59:59 - shared_modules.data_collection.optimized_data_fetcher - WARNING - [FAIL] Empty result for FTMUSDT_5 (attempt 2/3)
2025-11-08 14:00:00 - shared_modules.data_collection.optimized_data_fetcher - WARNING - [FAIL] Empty result for MATICUSDT_240 (attempt 3/3)
2025-11-08 14:00:00 - shared_modules.data_collection.optimized_data_fetcher - ERROR - [FAIL] Max retries reached for MATICUSDT_240
2025-11-08 14:00:00 - shared_modules.data_collection.optimized_data_fetcher - ERROR - [FAIL] Failed to fetch chunk 1
2025-11-08 14:00:00 - shared_modules.data_collection.optimized_data_fetcher - ERROR - [FAIL] No data fetched for MATICUSDT_240
2025-11-08 14:00:00 - shared_modules.data_collection.optimized_data_fetcher - WARNING - [FAIL] Empty result for MATICUSDT_1 (attempt 3/3)
2025-11-08 14:00:00 - shared_modules.data_collection.optimized_data_fetcher - ERROR - [FAIL] Max retries reached for MATICUSDT_1
2025-11-08 14:00:00 - shared_modules.data_collection.optimized_data_fetcher - ERROR - [FAIL] Failed to fetch chunk 1
2025-11-08 14:00:00 - shared_modules.data_collection.optimized_data_fetcher - WARNING - [FAIL] Empty result for MATICUSDT_120 (attempt 3/3)
2025-11-08 14:00:00 - shared_modules.data_collection.optimized_data_fetcher - ERROR - [FAIL] Max retries reached for MATICUSDT_120
2025-11-08 14:00:00 - shared_modules.data_collection.optimized_data_fetcher - ERROR - [FAIL] Failed to fetch chunk 1
2025-11-08 14:00:00 - shared_modules.data_collection.optimized_data_fetcher - WARNING - [FAIL] Empty result for FTMUSDT_240 (attempt 3/3)
2025-11-08 14:00:00 - shared_modules.data_collection.optimized_data_fetcher - ERROR - [FAIL] Max retries reached for FTMUSDT_240
2025-11-08 14:00:00 - shared_modules.data_collection.optimized_data_fetcher - ERROR - [FAIL] Failed to fetch chunk 1
2025-11-08 14:00:00 - shared_modules.data_collection.optimized_data_fetcher - WARNING - [FAIL] Empty result for FTMUSDT_120 (attempt 3/3)
2025-11-08 14:00:00 - shared_modules.data_collection.optimized_data_fetcher - ERROR - [FAIL] Max retries reached for FTMUSDT_120
2025-11-08 14:00:00 - shared_modules.data_collection.optimized_data_fetcher - ERROR - [FAIL] Failed to fetch chunk 1
2025-11-08 14:00:00 - shared_modules.data_collection.optimized_data_fetcher - ERROR - [FAIL] No data fetched for FTMUSDT_240
2025-11-08 14:00:00 - shared_modules.data_collection.optimized_data_fetcher - WARNING - [FAIL] Empty result for MATICUSDT_120 (attempt 1/3)
2025-11-08 14:00:00 - shared_modules.data_collection.optimized_data_fetcher - WARNING - [FAIL] Empty result for MATICUSDT_60 (attempt 3/3)
2025-11-08 14:00:00 - shared_modules.data_collection.optimized_data_fetcher - ERROR - [FAIL] Max retries reached for MATICUSDT_60
2025-11-08 14:00:00 - shared_modules.data_collection.optimized_data_fetcher - ERROR - [FAIL] Failed to fetch chunk 1
2025-11-08 14:00:00 - shared_modules.data_collection.optimized_data_fetcher - WARNING - [FAIL] Empty result for MATICUSDT_5 (attempt 3/3)
2025-11-08 14:00:00 - shared_modules.data_collection.optimized_data_fetcher - ERROR - [FAIL] Max retries reached for MATICUSDT_5
2025-11-08 14:00:00 - shared_modules.data_collection.optimized_data_fetcher - ERROR - [FAIL] Failed to fetch chunk 1
2025-11-08 14:00:00 - shared_modules.data_collection.optimized_data_fetcher - WARNING - [FAIL] Empty result for FTMUSDT_120 (attempt 1/3)
2025-11-08 14:00:00 - shared_modules.data_collection.optimized_data_fetcher - WARNING - [FAIL] Empty result for MATICUSDT_15 (attempt 3/3)
2025-11-08 14:00:00 - shared_modules.data_collection.optimized_data_fetcher - ERROR - [FAIL] Max retries reached for MATICUSDT_15
2025-11-08 14:00:00 - shared_modules.data_collection.optimized_data_fetcher - ERROR - [FAIL] Failed to fetch chunk 1
2025-11-08 14:00:01 - shared_modules.data_collection.optimized_data_fetcher - WARNING - [FAIL] Empty result for MATICUSDT_5 (attempt 1/3)
2025-11-08 14:00:01 - shared_modules.data_collection.optimized_data_fetcher - WARNING - [FAIL] Empty result for MATICUSDT_15 (attempt 1/3)
2025-11-08 14:00:01 - shared_modules.data_collection.optimized_data_fetcher - WARNING - [FAIL] Empty result for MATICUSDT_1 (attempt 1/3)
2025-11-08 14:00:01 - shared_modules.data_collection.optimized_data_fetcher - WARNING - [FAIL] Empty result for FTMUSDT_15 (attempt 3/3)
2025-11-08 14:00:01 - shared_modules.data_collection.optimized_data_fetcher - ERROR - [FAIL] Max retries reached for FTMUSDT_15
2025-11-08 14:00:01 - shared_modules.data_collection.optimized_data_fetcher - ERROR - [FAIL] Failed to fetch chunk 1
2025-11-08 14:00:01 - shared_modules.data_collection.optimized_data_fetcher - WARNING - [FAIL] Empty result for FTMUSDT_1 (attempt 3/3)
2025-11-08 14:00:01 - shared_modules.data_collection.optimized_data_fetcher - ERROR - [FAIL] Max retries reached for FTMUSDT_1
2025-11-08 14:00:01 - shared_modules.data_collection.optimized_data_fetcher - ERROR - [FAIL] Failed to fetch chunk 1
2025-11-08 14:00:01 - shared_modules.data_collection.optimized_data_fetcher - WARNING - [FAIL] Empty result for FTMUSDT_60 (attempt 3/3)
2025-11-08 14:00:01 - shared_modules.data_collection.optimized_data_fetcher - ERROR - [FAIL] Max retries reached for FTMUSDT_60
2025-11-08 14:00:01 - shared_modules.data_collection.optimized_data_fetcher - ERROR - [FAIL] Failed to fetch chunk 1
2025-11-08 14:00:01 - shared_modules.data_collection.optimized_data_fetcher - WARNING - [FAIL] Empty result for FTMUSDT_5 (attempt 3/3)
2025-11-08 14:00:01 - shared_modules.data_collection.optimized_data_fetcher - ERROR - [FAIL] Max retries reached for FTMUSDT_5
2025-11-08 14:00:01 - shared_modules.data_collection.optimized_data_fetcher - ERROR - [FAIL] Failed to fetch chunk 1
2025-11-08 14:00:01 - shared_modules.data_collection.optimized_data_fetcher - WARNING - [FAIL] Empty result for MATICUSDT_60 (attempt 1/3)
2025-11-08 14:00:01 - shared_modules.data_collection.optimized_data_fetcher - WARNING - [FAIL] Empty result for FTMUSDT_15 (attempt 1/3)
2025-11-08 14:00:02 - shared_modules.data_collection.optimized_data_fetcher - WARNING - [FAIL] Empty result for FTMUSDT_5 (attempt 1/3)
2025-11-08 14:00:02 - shared_modules.data_collection.optimized_data_fetcher - WARNING - [FAIL] Empty result for FTMUSDT_120 (attempt 2/3)
2025-11-08 14:00:02 - shared_modules.data_collection.optimized_data_fetcher - WARNING - [FAIL] Empty result for FTMUSDT_1 (attempt 1/3)
2025-11-08 14:00:02 - shared_modules.data_collection.optimized_data_fetcher - WARNING - [FAIL] Empty result for MATICUSDT_5 (attempt 2/3)
2025-11-08 14:00:02 - shared_modules.data_collection.optimized_data_fetcher - WARNING - [FAIL] Empty result for MATICUSDT_15 (attempt 2/3)
2025-11-08 14:00:02 - shared_modules.data_collection.optimized_data_fetcher - WARNING - [FAIL] Empty result for MATICUSDT_120 (attempt 2/3)
2025-11-08 14:00:02 - shared_modules.data_collection.optimized_data_fetcher - WARNING - [FAIL] Empty result for FTMUSDT_60 (attempt 1/3)
2025-11-08 14:00:03 - shared_modules.data_collection.optimized_data_fetcher - WARNING - [FAIL] Empty result for MATICUSDT_60 (attempt 2/3)
2025-11-08 14:00:03 - shared_modules.data_collection.optimized_data_fetcher - WARNING - [FAIL] Empty result for MATICUSDT_1 (attempt 2/3)
2025-11-08 14:00:03 - shared_modules.data_collection.optimized_data_fetcher - WARNING - [FAIL] Empty result for FTMUSDT_15 (attempt 2/3)
2025-11-08 14:00:03 - shared_modules.data_collection.optimized_data_fetcher - WARNING - [FAIL] Empty result for FTMUSDT_1 (attempt 2/3)
2025-11-08 14:00:04 - shared_modules.data_collection.optimized_data_fetcher - WARNING - [FAIL] Empty result for FTMUSDT_60 (attempt 2/3)
2025-11-08 14:00:04 - shared_modules.data_collection.optimized_data_fetcher - WARNING - [FAIL] Empty result for FTMUSDT_5 (attempt 2/3)
2025-11-08 14:00:04 - shared_modules.data_collection.optimized_data_fetcher - WARNING - [FAIL] Empty result for FTMUSDT_120 (attempt 3/3)
2025-11-08 14:00:04 - shared_modules.data_collection.optimized_data_fetcher - ERROR - [FAIL] Max retries reached for FTMUSDT_120
2025-11-08 14:00:04 - shared_modules.data_collection.optimized_data_fetcher - ERROR - [FAIL] Failed to fetch chunk 2
2025-11-08 14:00:04 - shared_modules.data_collection.optimized_data_fetcher - ERROR - [FAIL] No data fetched for FTMUSDT_120
2025-11-08 14:00:05 - shared_modules.data_collection.optimized_data_fetcher - WARNING - [FAIL] Empty result for MATICUSDT_15 (attempt 3/3)
2025-11-08 14:00:05 - shared_modules.data_collection.optimized_data_fetcher - ERROR - [FAIL] Max retries reached for MATICUSDT_15
2025-11-08 14:00:05 - shared_modules.data_collection.optimized_data_fetcher - ERROR - [FAIL] Failed to fetch chunk 2
2025-11-08 14:00:05 - shared_modules.data_collection.optimized_data_fetcher - WARNING - [FAIL] Empty result for MATICUSDT_120 (attempt 3/3)
2025-11-08 14:00:05 - shared_modules.data_collection.optimized_data_fetcher - ERROR - [FAIL] Max retries reached for MATICUSDT_120
2025-11-08 14:00:05 - shared_modules.data_collection.optimized_data_fetcher - ERROR - [FAIL] Failed to fetch chunk 2
2025-11-08 14:00:05 - shared_modules.data_collection.optimized_data_fetcher - ERROR - [FAIL] No data fetched for MATICUSDT_120
2025-11-08 14:00:05 - shared_modules.data_collection.optimized_data_fetcher - WARNING - [FAIL] Empty result for MATICUSDT_5 (attempt 3/3)
2025-11-08 14:00:05 - shared_modules.data_collection.optimized_data_fetcher - ERROR - [FAIL] Max retries reached for MATICUSDT_5
2025-11-08 14:00:05 - shared_modules.data_collection.optimized_data_fetcher - ERROR - [FAIL] Failed to fetch chunk 2
2025-11-08 14:00:05 - shared_modules.data_collection.optimized_data_fetcher - WARNING - [FAIL] Empty result for MATICUSDT_15 (attempt 1/3)
2025-11-08 14:00:05 - shared_modules.data_collection.optimized_data_fetcher - WARNING - [FAIL] Empty result for MATICUSDT_5 (attempt 1/3)
2025-11-08 14:00:05 - shared_modules.data_collection.optimized_data_fetcher - WARNING - [FAIL] Empty result for MATICUSDT_1 (attempt 3/3)
2025-11-08 14:00:05 - shared_modules.data_collection.optimized_data_fetcher - ERROR - [FAIL] Max retries reached for MATICUSDT_1
2025-11-08 14:00:05 - shared_modules.data_collection.optimized_data_fetcher - ERROR - [FAIL] Failed to fetch chunk 2
2025-11-08 14:00:05 - shared_modules.data_collection.optimized_data_fetcher - WARNING - [FAIL] Empty result for MATICUSDT_60 (attempt 3/3)
2025-11-08 14:00:05 - shared_modules.data_collection.optimized_data_fetcher - ERROR - [FAIL] Max retries reached for MATICUSDT_60
2025-11-08 14:00:05 - shared_modules.data_collection.optimized_data_fetcher - ERROR - [FAIL] Failed to fetch chunk 2
2025-11-08 14:00:05 - shared_modules.data_collection.optimized_data_fetcher - WARNING - [FAIL] Empty result for FTMUSDT_15 (attempt 3/3)
2025-11-08 14:00:05 - shared_modules.data_collection.optimized_data_fetcher - ERROR - [FAIL] Max retries reached for FTMUSDT_15
2025-11-08 14:00:05 - shared_modules.data_collection.optimized_data_fetcher - ERROR - [FAIL] Failed to fetch chunk 2
2025-11-08 14:00:06 - shared_modules.data_collection.optimized_data_fetcher - WARNING - [FAIL] Empty result for MATICUSDT_60 (attempt 1/3)
2025-11-08 14:00:06 - shared_modules.data_collection.optimized_data_fetcher - WARNING - [FAIL] Empty result for FTMUSDT_1 (attempt 3/3)
2025-11-08 14:00:06 - shared_modules.data_collection.optimized_data_fetcher - ERROR - [FAIL] Max retries reached for FTMUSDT_1
2025-11-08 14:00:06 - shared_modules.data_collection.optimized_data_fetcher - ERROR - [FAIL] Failed to fetch chunk 2
2025-11-08 14:00:06 - shared_modules.data_collection.optimized_data_fetcher - WARNING - [FAIL] Empty result for FTMUSDT_5 (attempt 3/3)
2025-11-08 14:00:06 - shared_modules.data_collection.optimized_data_fetcher - ERROR - [FAIL] Max retries reached for FTMUSDT_5
2025-11-08 14:00:06 - shared_modules.data_collection.optimized_data_fetcher - ERROR - [FAIL] Failed to fetch chunk 2
2025-11-08 14:00:06 - shared_modules.data_collection.optimized_data_fetcher - WARNING - [FAIL] Empty result for FTMUSDT_15 (attempt 1/3)
2025-11-08 14:00:06 - shared_modules.data_collection.optimized_data_fetcher - WARNING - [FAIL] Empty result for MATICUSDT_1 (attempt 1/3)
2025-11-08 14:00:06 - shared_modules.data_collection.optimized_data_fetcher - WARNING - [FAIL] Empty result for FTMUSDT_60 (attempt 3/3)
2025-11-08 14:00:06 - shared_modules.data_collection.optimized_data_fetcher - ERROR - [FAIL] Max retries reached for FTMUSDT_60
2025-11-08 14:00:06 - shared_modules.data_collection.optimized_data_fetcher - ERROR - [FAIL] Failed to fetch chunk 2
2025-11-08 14:00:06 - shared_modules.data_collection.optimized_data_fetcher - WARNING - [FAIL] Empty result for MATICUSDT_15 (attempt 2/3)
2025-11-08 14:00:06 - shared_modules.data_collection.optimized_data_fetcher - WARNING - [FAIL] Empty result for FTMUSDT_5 (attempt 1/3)
2025-11-08 14:00:06 - shared_modules.data_collection.optimized_data_fetcher - WARNING - [FAIL] Empty result for FTMUSDT_1 (attempt 1/3)
2025-11-08 14:00:06 - shared_modules.data_collection.optimized_data_fetcher - WARNING - [FAIL] Empty result for FTMUSDT_60 (attempt 1/3)
2025-11-08 14:00:07 - shared_modules.data_collection.optimized_data_fetcher - WARNING - [FAIL] Empty result for MATICUSDT_60 (attempt 2/3)
2025-11-08 14:00:07 - shared_modules.data_collection.optimized_data_fetcher - WARNING - [FAIL] Empty result for MATICUSDT_5 (attempt 2/3)
2025-11-08 14:00:07 - shared_modules.data_collection.optimized_data_fetcher - WARNING - [FAIL] Empty result for FTMUSDT_15 (attempt 2/3)
2025-11-08 14:00:08 - shared_modules.data_collection.optimized_data_fetcher - WARNING - [FAIL] Empty result for MATICUSDT_1 (attempt 2/3)
2025-11-08 14:00:08 - shared_modules.data_collection.optimized_data_fetcher - WARNING - [FAIL] Empty result for FTMUSDT_1 (attempt 2/3)
2025-11-08 14:00:08 - shared_modules.data_collection.optimized_data_fetcher - WARNING - [FAIL] Empty result for FTMUSDT_5 (attempt 2/3)
2025-11-08 14:00:08 - shared_modules.data_collection.optimized_data_fetcher - WARNING - [FAIL] Empty result for FTMUSDT_60 (attempt 2/3)
2025-11-08 14:00:09 - shared_modules.data_collection.optimized_data_fetcher - WARNING - [FAIL] Empty result for MATICUSDT_15 (attempt 3/3)
2025-11-08 14:00:09 - shared_modules.data_collection.optimized_data_fetcher - ERROR - [FAIL] Max retries reached for MATICUSDT_15
2025-11-08 14:00:09 - shared_modules.data_collection.optimized_data_fetcher - ERROR - [FAIL] Failed to fetch chunk 3
2025-11-08 14:00:09 - shared_modules.data_collection.optimized_data_fetcher - ERROR - [FAIL] Too many failed chunks (3), stopping early
2025-11-08 14:00:09 - shared_modules.data_collection.optimized_data_fetcher - ERROR - [FAIL] No data fetched for MATICUSDT_15
2025-11-08 14:00:09 - shared_modules.data_collection.optimized_data_fetcher - WARNING - [FAIL] Empty result for MATICUSDT_60 (attempt 3/3)
2025-11-08 14:00:09 - shared_modules.data_collection.optimized_data_fetcher - ERROR - [FAIL] Max retries reached for MATICUSDT_60
2025-11-08 14:00:09 - shared_modules.data_collection.optimized_data_fetcher - ERROR - [FAIL] Failed to fetch chunk 3
2025-11-08 14:00:09 - shared_modules.data_collection.optimized_data_fetcher - ERROR - [FAIL] Too many failed chunks (3), stopping early
2025-11-08 14:00:09 - shared_modules.data_collection.optimized_data_fetcher - ERROR - [FAIL] No data fetched for MATICUSDT_60
2025-11-08 14:00:09 - shared_modules.data_collection.optimized_data_fetcher - WARNING - [FAIL] Empty result for MATICUSDT_5 (attempt 3/3)
2025-11-08 14:00:09 - shared_modules.data_collection.optimized_data_fetcher - ERROR - [FAIL] Max retries reached for MATICUSDT_5
2025-11-08 14:00:09 - shared_modules.data_collection.optimized_data_fetcher - ERROR - [FAIL] Failed to fetch chunk 3
2025-11-08 14:00:09 - shared_modules.data_collection.optimized_data_fetcher - ERROR - [FAIL] Too many failed chunks (3), stopping early
2025-11-08 14:00:09 - shared_modules.data_collection.optimized_data_fetcher - ERROR - [FAIL] No data fetched for MATICUSDT_5
2025-11-08 14:00:10 - shared_modules.data_collection.optimized_data_fetcher - ERROR - [FAIL] API error for FTMUSDT_15: Too many visits. Exceeded the API Rate Limit.
2025-11-08 14:00:10 - shared_modules.data_collection.optimized_data_fetcher - WARNING - [FAIL] Empty result for FTMUSDT_15 (attempt 3/3)
2025-11-08 14:00:10 - shared_modules.data_collection.optimized_data_fetcher - ERROR - [FAIL] Max retries reached for FTMUSDT_15
2025-11-08 14:00:10 - shared_modules.data_collection.optimized_data_fetcher - ERROR - [FAIL] Failed to fetch chunk 3
2025-11-08 14:00:10 - shared_modules.data_collection.optimized_data_fetcher - ERROR - [FAIL] Too many failed chunks (3), stopping early
2025-11-08 14:00:10 - shared_modules.data_collection.optimized_data_fetcher - ERROR - [FAIL] No data fetched for FTMUSDT_15
2025-11-08 14:00:10 - shared_modules.data_collection.optimized_data_fetcher - ERROR - [FAIL] API error for AAVEUSDT_5: Too many visits. Exceeded the API Rate Limit.
2025-11-08 14:00:10 - shared_modules.data_collection.optimized_data_fetcher - WARNING - [FAIL] Empty result for AAVEUSDT_5 (attempt 1/3)
2025-11-08 14:00:10 - shared_modules.data_collection.optimized_data_fetcher - ERROR - [FAIL] API error for GRTUSDT_5: Too many visits. Exceeded the API Rate Limit.
2025-11-08 14:00:10 - shared_modules.data_collection.optimized_data_fetcher - WARNING - [FAIL] Empty result for GRTUSDT_5 (attempt 1/3)
2025-11-08 14:00:10 - shared_modules.data_collection.optimized_data_fetcher - ERROR - [FAIL] API error for COMPUSDT_5: Too many visits. Exceeded the API Rate Limit.
2025-11-08 14:00:10 - shared_modules.data_collection.optimized_data_fetcher - WARNING - [FAIL] Empty result for COMPUSDT_5 (attempt 1/3)
2025-11-08 14:00:10 - shared_modules.data_collection.optimized_data_fetcher - WARNING - [FAIL] Empty result for MATICUSDT_1 (attempt 3/3)
2025-11-08 14:00:10 - shared_modules.data_collection.optimized_data_fetcher - ERROR - [FAIL] Max retries reached for MATICUSDT_1
2025-11-08 14:00:10 - shared_modules.data_collection.optimized_data_fetcher - ERROR - [FAIL] Failed to fetch chunk 3
2025-11-08 14:00:10 - shared_modules.data_collection.optimized_data_fetcher - ERROR - [FAIL] Too many failed chunks (3), stopping early
2025-11-08 14:00:10 - shared_modules.data_collection.optimized_data_fetcher - ERROR - [FAIL] No data fetched for MATICUSDT_1
2025-11-08 14:00:10 - shared_modules.data_collection.optimized_data_fetcher - WARNING - [FAIL] Empty result for FTMUSDT_1 (attempt 3/3)
2025-11-08 14:00:10 - shared_modules.data_collection.optimized_data_fetcher - ERROR - [FAIL] Max retries reached for FTMUSDT_1
2025-11-08 14:00:10 - shared_modules.data_collection.optimized_data_fetcher - ERROR - [FAIL] Failed to fetch chunk 3
2025-11-08 14:00:10 - shared_modules.data_collection.optimized_data_fetcher - ERROR - [FAIL] Too many failed chunks (3), stopping early
2025-11-08 14:00:10 - shared_modules.data_collection.optimized_data_fetcher - ERROR - [FAIL] No data fetched for FTMUSDT_1
2025-11-08 14:00:10 - shared_modules.data_collection.optimized_data_fetcher - WARNING - [FAIL] Empty result for FTMUSDT_5 (attempt 3/3)
2025-11-08 14:00:10 - shared_modules.data_collection.optimized_data_fetcher - ERROR - [FAIL] Max retries reached for FTMUSDT_5
2025-11-08 14:00:10 - shared_modules.data_collection.optimized_data_fetcher - ERROR - [FAIL] Failed to fetch chunk 3
2025-11-08 14:00:10 - shared_modules.data_collection.optimized_data_fetcher - ERROR - [FAIL] Too many failed chunks (3), stopping early
2025-11-08 14:00:10 - shared_modules.data_collection.optimized_data_fetcher - ERROR - [FAIL] No data fetched for FTMUSDT_5
2025-11-08 14:00:10 - shared_modules.data_collection.optimized_data_fetcher - WARNING - [FAIL] Empty result for FTMUSDT_60 (attempt 3/3)
2025-11-08 14:00:10 - shared_modules.data_collection.optimized_data_fetcher - ERROR - [FAIL] Max retries reached for FTMUSDT_60
2025-11-08 14:00:10 - shared_modules.data_collection.optimized_data_fetcher - ERROR - [FAIL] Failed to fetch chunk 3
2025-11-08 14:00:10 - shared_modules.data_collection.optimized_data_fetcher - ERROR - [FAIL] Too many failed chunks (3), stopping early
2025-11-08 14:00:10 - shared_modules.data_collection.optimized_data_fetcher - ERROR - [FAIL] No data fetched for FTMUSDT_60
2025-11-08 14:00:10 - shared_modules.data_collection.optimized_data_fetcher - ERROR - [FAIL] API error for FILUSDT_5: Too many visits. Exceeded the API Rate Limit.
2025-11-08 14:00:10 - shared_modules.data_collection.optimized_data_fetcher - WARNING - [FAIL] Empty result for FILUSDT_5 (attempt 1/3)
2025-11-08 14:00:10 - shared_modules.data_collection.optimized_data_fetcher - ERROR - [FAIL] API error for COMPUSDT_1: Too many visits. Exceeded the API Rate Limit.
2025-11-08 14:00:10 - shared_modules.data_collection.optimized_data_fetcher - WARNING - [FAIL] Empty result for COMPUSDT_1 (attempt 1/3)
2025-11-08 14:00:11 - shared_modules.data_collection.optimized_data_fetcher - ERROR - [FAIL] API error for ADAUSDT_5: Too many visits. Exceeded the API Rate Limit.
2025-11-08 14:00:11 - shared_modules.data_collection.optimized_data_fetcher - WARNING - [FAIL] Empty result for ADAUSDT_5 (attempt 1/3)
2025-11-08 14:00:11 - shared_modules.data_collection.optimized_data_fetcher - ERROR - [FAIL] API error for GRTUSDT_5: Too many visits. Exceeded the API Rate Limit.
2025-11-08 14:00:11 - shared_modules.data_collection.optimized_data_fetcher - WARNING - [FAIL] Empty result for GRTUSDT_5 (attempt 2/3)
2025-11-08 14:00:11 - shared_modules.data_collection.optimized_data_fetcher - ERROR - [FAIL] API error for COMPUSDT_5: Too many visits. Exceeded the API Rate Limit.
2025-11-08 14:00:11 - shared_modules.data_collection.optimized_data_fetcher - WARNING - [FAIL] Empty result for COMPUSDT_5 (attempt 2/3)
2025-11-08 14:00:11 - shared_modules.data_collection.optimized_data_fetcher - ERROR - [FAIL] API error for SUSHIUSDT_5: Too many visits. Exceeded the API Rate Limit.
2025-11-08 14:00:11 - shared_modules.data_collection.optimized_data_fetcher - WARNING - [FAIL] Empty result for SUSHIUSDT_5 (attempt 1/3)
2025-11-08 14:00:11 - shared_modules.data_collection.optimized_data_fetcher - ERROR - [FAIL] API error for VETUSDT_5: Too many visits. Exceeded the API Rate Limit.
2025-11-08 14:00:11 - shared_modules.data_collection.optimized_data_fetcher - WARNING - [FAIL] Empty result for VETUSDT_5 (attempt 1/3)
2025-11-08 14:00:11 - shared_modules.data_collection.optimized_data_fetcher - ERROR - [FAIL] API error for NEARUSDT_5: Too many visits. Exceeded the API Rate Limit.
2025-11-08 14:00:11 - shared_modules.data_collection.optimized_data_fetcher - WARNING - [FAIL] Empty result for NEARUSDT_5 (attempt 1/3)
2025-11-08 14:00:11 - shared_modules.data_collection.optimized_data_fetcher - ERROR - [FAIL] API error for ALGOUSDT_1: Too many visits. Exceeded the API Rate Limit.
2025-11-08 14:00:11 - shared_modules.data_collection.optimized_data_fetcher - WARNING - [FAIL] Empty result for ALGOUSDT_1 (attempt 1/3)
2025-11-08 14:00:11 - shared_modules.data_collection.optimized_data_fetcher - ERROR - [FAIL] API error for BNBUSDT_5: Too many visits. Exceeded the API Rate Limit.
2025-11-08 14:00:11 - shared_modules.data_collection.optimized_data_fetcher - WARNING - [FAIL] Empty result for BNBUSDT_5 (attempt 1/3)
2025-11-08 14:00:11 - shared_modules.data_collection.optimized_data_fetcher - ERROR - [FAIL] API error for DOTUSDT_1: Too many visits. Exceeded the API Rate Limit.
2025-11-08 14:00:11 - shared_modules.data_collection.optimized_data_fetcher - WARNING - [FAIL] Empty result for DOTUSDT_1 (attempt 1/3)
2025-11-08 14:00:12 - shared_modules.data_collection.optimized_data_fetcher - ERROR - [FAIL] API error for CRVUSDT_5: Too many visits. Exceeded the API Rate Limit.
2025-11-08 14:00:12 - shared_modules.data_collection.optimized_data_fetcher - WARNING - [FAIL] Empty result for CRVUSDT_5 (attempt 1/3)
2025-11-08 14:00:12 - shared_modules.data_collection.optimized_data_fetcher - ERROR - [FAIL] API error for OPUSDT_5: Too many visits. Exceeded the API Rate Limit.
2025-11-08 14:00:12 - shared_modules.data_collection.optimized_data_fetcher - WARNING - [FAIL] Empty result for OPUSDT_5 (attempt 1/3)
2025-11-08 14:00:12 - shared_modules.data_collection.optimized_data_fetcher - ERROR - [FAIL] API error for ARBUSDT_1: Too many visits. Exceeded the API Rate Limit.
2025-11-08 14:00:12 - shared_modules.data_collection.optimized_data_fetcher - WARNING - [FAIL] Empty result for ARBUSDT_1 (attempt 1/3)
2025-11-08 14:00:13 - shared_modules.data_collection.optimized_data_fetcher - ERROR - [FAIL] API error for SNXUSDT_5: Too many visits. Exceeded the API Rate Limit.
2025-11-08 14:00:13 - shared_modules.data_collection.optimized_data_fetcher - WARNING - [FAIL] Empty result for SNXUSDT_5 (attempt 1/3)
2025-11-08 14:00:13 - shared_modules.data_collection.optimized_data_fetcher - ERROR - [FAIL] API error for VETUSDT_5: Too many visits. Exceeded the API Rate Limit.
2025-11-08 14:00:13 - shared_modules.data_collection.optimized_data_fetcher - WARNING - [FAIL] Empty result for VETUSDT_5 (attempt 1/3)
2025-11-08 14:01:37 - shared_modules.data_collection.hybrid_system - ERROR - [FAIL] Failed to fetch historical data
2025-11-08 14:07:10 - asyncio - ERROR - Unclosed client session
client_session: <aiohttp.client.ClientSession object at 0x000002040A885E90>
2025-11-08 14:07:10 - asyncio - ERROR - Unclosed connector
connections: ['[(<aiohttp.client_proto.ResponseHandler object at 0x000002040C60EA50>, 48764.156), (<aiohttp.client_proto.ResponseHandler object at 0x000002040C60EE40>, 48765.578), (<aiohttp.client_proto.ResponseHandler object at 0x000002040C60F2A0>, 48767.328), (<aiohttp.client_proto.ResponseHandler object at 0x000002040C60FD20>, 48768.75), (<aiohttp.client_proto.ResponseHandler object at 0x000002040C72C210>, 48769.843), (<aiohttp.client_proto.ResponseHandler object at 0x000002040C60F150>, 48770.937), (<aiohttp.client_proto.ResponseHandler object at 0x000002040C60F070>, 48772.343), (<aiohttp.client_proto.ResponseHandler object at 0x000002040C72C3D0>, 48773.796), (<aiohttp.client_proto.ResponseHandler object at 0x000002040C60FCB0>, 48777.343), (<aiohttp.client_proto.ResponseHandler object at 0x000002040C60E120>, 48779.093), (<aiohttp.client_proto.ResponseHandler object at 0x000002040C72C9F0>, 48779.093), (<aiohttp.client_proto.ResponseHandler object at 0x000002040C60ED60>, 48780.187), (<aiohttp.client_proto.ResponseHandler object at 0x000002040C60E200>, 48780.187), (<aiohttp.client_proto.ResponseHandler object at 0x000002040C60EAC0>, 48783.484), (<aiohttp.client_proto.ResponseHandler object at 0x000002040C60FA80>, 48785.234), (<aiohttp.client_proto.ResponseHandler object at 0x000002040C60E660>, 48786.343)]']
connector: <aiohttp.connector.TCPConnector object at 0x000002040A885CD0>
2025-11-08 18:07:40 - shared_modules.data_collection.optimized_data_fetcher - WARNING - [FAIL] Empty result for MATICUSDT_120 (attempt 1/3)
2025-11-08 18:07:40 - shared_modules.data_collection.optimized_data_fetcher - WARNING - [FAIL] Empty result for MATICUSDT_60 (attempt 1/3)
2025-11-08 18:07:40 - shared_modules.data_collection.optimized_data_fetcher - WARNING - [FAIL] Empty result for FTMUSDT_5 (attempt 1/3)
2025-11-08 18:07:40 - shared_modules.data_collection.optimized_data_fetcher - WARNING - [FAIL] Empty result for FTMUSDT_1 (attempt 1/3)
2025-11-08 18:07:40 - shared_modules.data_collection.optimized_data_fetcher - WARNING - [FAIL] Empty result for FTMUSDT_15 (attempt 1/3)
2025-11-08 18:07:40 - shared_modules.data_collection.optimized_data_fetcher - WARNING - [FAIL] Empty result for FTMUSDT_120 (attempt 1/3)
2025-11-08 18:07:40 - shared_modules.data_collection.optimized_data_fetcher - WARNING - [FAIL] Empty result for FTMUSDT_240 (attempt 1/3)
2025-11-08 18:07:40 - shared_modules.data_collection.optimized_data_fetcher - WARNING - [FAIL] Empty result for MATICUSDT_240 (attempt 1/3)
2025-11-08 18:07:40 - shared_modules.data_collection.optimized_data_fetcher - WARNING - [FAIL] Empty result for MATICUSDT_5 (attempt 1/3)
2025-11-08 18:07:40 - shared_modules.data_collection.optimized_data_fetcher - WARNING - [FAIL] Empty result for MATICUSDT_1 (attempt 1/3)
2025-11-08 18:07:40 - shared_modules.data_collection.optimized_data_fetcher - WARNING - [FAIL] Empty result for MATICUSDT_15 (attempt 1/3)
2025-11-08 18:07:41 - shared_modules.data_collection.optimized_data_fetcher - WARNING - [FAIL] Empty result for FTMUSDT_60 (attempt 1/3)
2025-11-08 18:07:41 - shared_modules.data_collection.optimized_data_fetcher - WARNING - [FAIL] Empty result for MATICUSDT_120 (attempt 2/3)
2025-11-08 18:07:41 - shared_modules.data_collection.optimized_data_fetcher - WARNING - [FAIL] Empty result for MATICUSDT_60 (attempt 2/3)
2025-11-08 18:07:41 - shared_modules.data_collection.optimized_data_fetcher - WARNING - [FAIL] Empty result for FTMUSDT_1 (attempt 2/3)
2025-11-08 18:07:41 - shared_modules.data_collection.optimized_data_fetcher - WARNING - [FAIL] Empty result for FTMUSDT_5 (attempt 2/3)
2025-11-08 18:07:41 - shared_modules.data_collection.optimized_data_fetcher - WARNING - [FAIL] Empty result for FTMUSDT_15 (attempt 2/3)
2025-11-08 18:07:41 - shared_modules.data_collection.optimized_data_fetcher - WARNING - [FAIL] Empty result for FTMUSDT_120 (attempt 2/3)
2025-11-08 18:07:41 - shared_modules.data_collection.optimized_data_fetcher - WARNING - [FAIL] Empty result for FTMUSDT_240 (attempt 2/3)
2025-11-08 18:07:42 - shared_modules.data_collection.optimized_data_fetcher - WARNING - [FAIL] Empty result for MATICUSDT_1 (attempt 2/3)
2025-11-08 18:07:42 - shared_modules.data_collection.optimized_data_fetcher - WARNING - [FAIL] Empty result for MATICUSDT_15 (attempt 2/3)
2025-11-08 18:07:42 - shared_modules.data_collection.optimized_data_fetcher - WARNING - [FAIL] Empty result for MATICUSDT_240 (attempt 2/3)
2025-11-08 18:07:42 - shared_modules.data_collection.optimized_data_fetcher - WARNING - [FAIL] Empty result for FTMUSDT_60 (attempt 2/3)
2025-11-08 18:07:42 - shared_modules.data_collection.optimized_data_fetcher - WARNING - [FAIL] Empty result for MATICUSDT_5 (attempt 2/3)
2025-11-08 18:07:43 - shared_modules.data_collection.optimized_data_fetcher - WARNING - [FAIL] Empty result for MATICUSDT_120 (attempt 3/3)
2025-11-08 18:07:43 - shared_modules.data_collection.optimized_data_fetcher - ERROR - [FAIL] Max retries reached for MATICUSDT_120
2025-11-08 18:07:43 - shared_modules.data_collection.optimized_data_fetcher - ERROR - [FAIL] Failed to fetch chunk 1
2025-11-08 18:07:43 - shared_modules.data_collection.optimized_data_fetcher - WARNING - [FAIL] Empty result for MATICUSDT_60 (attempt 3/3)
2025-11-08 18:07:43 - shared_modules.data_collection.optimized_data_fetcher - ERROR - [FAIL] Max retries reached for MATICUSDT_60
2025-11-08 18:07:43 - shared_modules.data_collection.optimized_data_fetcher - ERROR - [FAIL] Failed to fetch chunk 1
2025-11-08 18:07:44 - shared_modules.data_collection.optimized_data_fetcher - WARNING - [FAIL] Empty result for FTMUSDT_5 (attempt 3/3)
2025-11-08 18:07:44 - shared_modules.data_collection.optimized_data_fetcher - ERROR - [FAIL] Max retries reached for FTMUSDT_5
2025-11-08 18:07:44 - shared_modules.data_collection.optimized_data_fetcher - ERROR - [FAIL] Failed to fetch chunk 1
2025-11-08 18:07:44 - shared_modules.data_collection.optimized_data_fetcher - WARNING - [FAIL] Empty result for FTMUSDT_15 (attempt 3/3)
2025-11-08 18:07:44 - shared_modules.data_collection.optimized_data_fetcher - ERROR - [FAIL] Max retries reached for FTMUSDT_15
2025-11-08 18:07:44 - shared_modules.data_collection.optimized_data_fetcher - ERROR - [FAIL] Failed to fetch chunk 1
2025-11-08 18:07:44 - shared_modules.data_collection.optimized_data_fetcher - WARNING - [FAIL] Empty result for FTMUSDT_240 (attempt 3/3)
2025-11-08 18:07:44 - shared_modules.data_collection.optimized_data_fetcher - ERROR - [FAIL] Max retries reached for FTMUSDT_240
2025-11-08 18:07:44 - shared_modules.data_collection.optimized_data_fetcher - ERROR - [FAIL] Failed to fetch chunk 1
2025-11-08 18:07:44 - shared_modules.data_collection.optimized_data_fetcher - ERROR - [FAIL] No data fetched for FTMUSDT_240
2025-11-08 18:07:44 - shared_modules.data_collection.optimized_data_fetcher - WARNING - [FAIL] Empty result for MATICUSDT_60 (attempt 1/3)
2025-11-08 18:07:44 - shared_modules.data_collection.optimized_data_fetcher - WARNING - [FAIL] Empty result for MATICUSDT_15 (attempt 3/3)
2025-11-08 18:07:44 - shared_modules.data_collection.optimized_data_fetcher - ERROR - [FAIL] Max retries reached for MATICUSDT_15
2025-11-08 18:07:44 - shared_modules.data_collection.optimized_data_fetcher - ERROR - [FAIL] Failed to fetch chunk 1
2025-11-08 18:07:44 - shared_modules.data_collection.optimized_data_fetcher - WARNING - [FAIL] Empty result for MATICUSDT_1 (attempt 3/3)
2025-11-08 18:07:44 - shared_modules.data_collection.optimized_data_fetcher - ERROR - [FAIL] Max retries reached for MATICUSDT_1
2025-11-08 18:07:44 - shared_modules.data_collection.optimized_data_fetcher - ERROR - [FAIL] Failed to fetch chunk 1
2025-11-08 18:07:44 - shared_modules.data_collection.optimized_data_fetcher - WARNING - [FAIL] Empty result for FTMUSDT_15 (attempt 1/3)
2025-11-08 18:07:44 - shared_modules.data_collection.optimized_data_fetcher - WARNING - [FAIL] Empty result for FTMUSDT_60 (attempt 3/3)
2025-11-08 18:07:44 - shared_modules.data_collection.optimized_data_fetcher - ERROR - [FAIL] Max retries reached for FTMUSDT_60
2025-11-08 18:07:44 - shared_modules.data_collection.optimized_data_fetcher - ERROR - [FAIL] Failed to fetch chunk 1
2025-11-08 18:07:44 - shared_modules.data_collection.optimized_data_fetcher - WARNING - [FAIL] Empty result for FTMUSDT_1 (attempt 3/3)
2025-11-08 18:07:44 - shared_modules.data_collection.optimized_data_fetcher - ERROR - [FAIL] Max retries reached for FTMUSDT_1
2025-11-08 18:07:44 - shared_modules.data_collection.optimized_data_fetcher - ERROR - [FAIL] Failed to fetch chunk 1
2025-11-08 18:07:44 - shared_modules.data_collection.optimized_data_fetcher - WARNING - [FAIL] Empty result for FTMUSDT_120 (attempt 3/3)
2025-11-08 18:07:44 - shared_modules.data_collection.optimized_data_fetcher - ERROR - [FAIL] Max retries reached for FTMUSDT_120
2025-11-08 18:07:44 - shared_modules.data_collection.optimized_data_fetcher - ERROR - [FAIL] Failed to fetch chunk 1
2025-11-08 18:07:44 - shared_modules.data_collection.optimized_data_fetcher - WARNING - [FAIL] Empty result for MATICUSDT_1 (attempt 1/3)
2025-11-08 18:07:44 - shared_modules.data_collection.optimized_data_fetcher - WARNING - [FAIL] Empty result for MATICUSDT_15 (attempt 1/3)
2025-11-08 18:07:44 - shared_modules.data_collection.optimized_data_fetcher - WARNING - [FAIL] Empty result for MATICUSDT_120 (attempt 1/3)
2025-11-08 18:07:44 - shared_modules.data_collection.optimized_data_fetcher - WARNING - [FAIL] Empty result for MATICUSDT_240 (attempt 3/3)
2025-11-08 18:07:44 - shared_modules.data_collection.optimized_data_fetcher - ERROR - [FAIL] Max retries reached for MATICUSDT_240
2025-11-08 18:07:44 - shared_modules.data_collection.optimized_data_fetcher - ERROR - [FAIL] Failed to fetch chunk 1
2025-11-08 18:07:44 - shared_modules.data_collection.optimized_data_fetcher - WARNING - [FAIL] Empty result for MATICUSDT_5 (attempt 3/3)
2025-11-08 18:07:44 - shared_modules.data_collection.optimized_data_fetcher - ERROR - [FAIL] Max retries reached for MATICUSDT_5
2025-11-08 18:07:44 - shared_modules.data_collection.optimized_data_fetcher - ERROR - [FAIL] Failed to fetch chunk 1
2025-11-08 18:07:44 - shared_modules.data_collection.optimized_data_fetcher - ERROR - [FAIL] No data fetched for MATICUSDT_240
2025-11-08 18:07:44 - shared_modules.data_collection.optimized_data_fetcher - WARNING - [FAIL] Empty result for FTMUSDT_60 (attempt 1/3)
2025-11-08 18:07:44 - shared_modules.data_collection.optimized_data_fetcher - WARNING - [FAIL] Empty result for FTMUSDT_5 (attempt 1/3)
2025-11-08 18:07:45 - shared_modules.data_collection.optimized_data_fetcher - WARNING - [FAIL] Empty result for MATICUSDT_5 (attempt 1/3)
2025-11-08 18:07:45 - shared_modules.data_collection.optimized_data_fetcher - WARNING - [FAIL] Empty result for MATICUSDT_60 (attempt 2/3)
2025-11-08 18:07:45 - shared_modules.data_collection.optimized_data_fetcher - WARNING - [FAIL] Empty result for FTMUSDT_120 (attempt 1/3)
2025-11-08 18:07:45 - shared_modules.data_collection.optimized_data_fetcher - WARNING - [FAIL] Empty result for FTMUSDT_1 (attempt 1/3)
2025-11-08 18:07:45 - shared_modules.data_collection.optimized_data_fetcher - WARNING - [FAIL] Empty result for FTMUSDT_15 (attempt 2/3)
2025-11-08 18:07:46 - shared_modules.data_collection.optimized_data_fetcher - WARNING - [FAIL] Empty result for MATICUSDT_1 (attempt 2/3)
2025-11-08 18:07:46 - shared_modules.data_collection.optimized_data_fetcher - WARNING - [FAIL] Empty result for MATICUSDT_15 (attempt 2/3)
2025-11-08 18:07:46 - shared_modules.data_collection.optimized_data_fetcher - WARNING - [FAIL] Empty result for MATICUSDT_120 (attempt 2/3)
2025-11-08 18:07:46 - shared_modules.data_collection.optimized_data_fetcher - WARNING - [FAIL] Empty result for FTMUSDT_5 (attempt 2/3)
2025-11-08 18:07:46 - shared_modules.data_collection.optimized_data_fetcher - WARNING - [FAIL] Empty result for MATICUSDT_5 (attempt 2/3)
2025-11-08 18:07:46 - shared_modules.data_collection.optimized_data_fetcher - WARNING - [FAIL] Empty result for FTMUSDT_60 (attempt 2/3)
2025-11-08 18:07:46 - shared_modules.data_collection.optimized_data_fetcher - WARNING - [FAIL] Empty result for FTMUSDT_120 (attempt 2/3)
2025-11-08 18:07:46 - shared_modules.data_collection.optimized_data_fetcher - WARNING - [FAIL] Empty result for FTMUSDT_1 (attempt 2/3)
2025-11-08 18:07:47 - shared_modules.data_collection.optimized_data_fetcher - WARNING - [FAIL] Empty result for MATICUSDT_60 (attempt 3/3)
2025-11-08 18:07:47 - shared_modules.data_collection.optimized_data_fetcher - ERROR - [FAIL] Max retries reached for MATICUSDT_60
2025-11-08 18:07:47 - shared_modules.data_collection.optimized_data_fetcher - ERROR - [FAIL] Failed to fetch chunk 2
2025-11-08 18:07:48 - shared_modules.data_collection.optimized_data_fetcher - WARNING - [FAIL] Empty result for FTMUSDT_15 (attempt 3/3)
2025-11-08 18:07:48 - shared_modules.data_collection.optimized_data_fetcher - ERROR - [FAIL] Max retries reached for FTMUSDT_15
2025-11-08 18:07:48 - shared_modules.data_collection.optimized_data_fetcher - ERROR - [FAIL] Failed to fetch chunk 2
2025-11-08 18:07:48 - shared_modules.data_collection.optimized_data_fetcher - WARNING - [FAIL] Empty result for MATICUSDT_1 (attempt 3/3)
2025-11-08 18:07:48 - shared_modules.data_collection.optimized_data_fetcher - ERROR - [FAIL] Max retries reached for MATICUSDT_1
2025-11-08 18:07:48 - shared_modules.data_collection.optimized_data_fetcher - ERROR - [FAIL] Failed to fetch chunk 2
2025-11-08 18:07:48 - shared_modules.data_collection.optimized_data_fetcher - WARNING - [FAIL] Empty result for MATICUSDT_15 (attempt 3/3)
2025-11-08 18:07:48 - shared_modules.data_collection.optimized_data_fetcher - ERROR - [FAIL] Max retries reached for MATICUSDT_15
2025-11-08 18:07:48 - shared_modules.data_collection.optimized_data_fetcher - ERROR - [FAIL] Failed to fetch chunk 2
2025-11-08 18:07:48 - shared_modules.data_collection.optimized_data_fetcher - WARNING - [FAIL] Empty result for FTMUSDT_5 (attempt 3/3)
2025-11-08 18:07:48 - shared_modules.data_collection.optimized_data_fetcher - ERROR - [FAIL] Max retries reached for FTMUSDT_5
2025-11-08 18:07:48 - shared_modules.data_collection.optimized_data_fetcher - ERROR - [FAIL] Failed to fetch chunk 2
2025-11-08 18:07:48 - shared_modules.data_collection.optimized_data_fetcher - WARNING - [FAIL] Empty result for MATICUSDT_15 (attempt 1/3)
2025-11-08 18:07:48 - shared_modules.data_collection.optimized_data_fetcher - WARNING - [FAIL] Empty result for MATICUSDT_60 (attempt 1/3)
2025-11-08 18:07:48 - shared_modules.data_collection.optimized_data_fetcher - WARNING - [FAIL] Empty result for FTMUSDT_5 (attempt 1/3)
2025-11-08 18:07:48 - shared_modules.data_collection.optimized_data_fetcher - WARNING - [FAIL] Empty result for MATICUSDT_5 (attempt 3/3)
2025-11-08 18:07:48 - shared_modules.data_collection.optimized_data_fetcher - ERROR - [FAIL] Max retries reached for MATICUSDT_5
2025-11-08 18:07:48 - shared_modules.data_collection.optimized_data_fetcher - ERROR - [FAIL] Failed to fetch chunk 2
2025-11-08 18:07:48 - shared_modules.data_collection.optimized_data_fetcher - WARNING - [FAIL] Empty result for FTMUSDT_15 (attempt 1/3)
2025-11-08 18:07:49 - shared_modules.data_collection.optimized_data_fetcher - WARNING - [FAIL] Empty result for MATICUSDT_120 (attempt 3/3)
2025-11-08 18:07:49 - shared_modules.data_collection.optimized_data_fetcher - ERROR - [FAIL] Max retries reached for MATICUSDT_120
2025-11-08 18:07:49 - shared_modules.data_collection.optimized_data_fetcher - ERROR - [FAIL] Failed to fetch chunk 2
2025-11-08 18:07:49 - shared_modules.data_collection.optimized_data_fetcher - ERROR - [FAIL] No data fetched for MATICUSDT_120
2025-11-08 18:07:49 - shared_modules.data_collection.optimized_data_fetcher - WARNING - [FAIL] Empty result for FTMUSDT_60 (attempt 3/3)
2025-11-08 18:07:49 - shared_modules.data_collection.optimized_data_fetcher - ERROR - [FAIL] Max retries reached for FTMUSDT_60
2025-11-08 18:07:49 - shared_modules.data_collection.optimized_data_fetcher - ERROR - [FAIL] Failed to fetch chunk 2
2025-11-08 18:07:49 - shared_modules.data_collection.optimized_data_fetcher - WARNING - [FAIL] Empty result for MATICUSDT_1 (attempt 1/3)
2025-11-08 18:07:49 - shared_modules.data_collection.optimized_data_fetcher - WARNING - [FAIL] Empty result for FTMUSDT_120 (attempt 3/3)
2025-11-08 18:07:49 - shared_modules.data_collection.optimized_data_fetcher - ERROR - [FAIL] Max retries reached for FTMUSDT_120
2025-11-08 18:07:49 - shared_modules.data_collection.optimized_data_fetcher - ERROR - [FAIL] Failed to fetch chunk 2
2025-11-08 18:07:49 - shared_modules.data_collection.optimized_data_fetcher - ERROR - [FAIL] No data fetched for FTMUSDT_120
2025-11-08 18:07:49 - shared_modules.data_collection.optimized_data_fetcher - WARNING - [FAIL] Empty result for MATICUSDT_5 (attempt 1/3)
2025-11-08 18:07:49 - shared_modules.data_collection.optimized_data_fetcher - WARNING - [FAIL] Empty result for FTMUSDT_1 (attempt 3/3)
2025-11-08 18:07:49 - shared_modules.data_collection.optimized_data_fetcher - ERROR - [FAIL] Max retries reached for FTMUSDT_1
2025-11-08 18:07:49 - shared_modules.data_collection.optimized_data_fetcher - ERROR - [FAIL] Failed to fetch chunk 2
2025-11-08 18:07:49 - shared_modules.data_collection.optimized_data_fetcher - WARNING - [FAIL] Empty result for FTMUSDT_60 (attempt 1/3)
2025-11-08 18:07:50 - shared_modules.data_collection.optimized_data_fetcher - WARNING - [FAIL] Empty result for MATICUSDT_60 (attempt 2/3)
2025-11-08 18:07:50 - shared_modules.data_collection.optimized_data_fetcher - WARNING - [FAIL] Empty result for FTMUSDT_1 (attempt 1/3)
2025-11-08 18:07:50 - shared_modules.data_collection.optimized_data_fetcher - WARNING - [FAIL] Empty result for FTMUSDT_5 (attempt 2/3)
2025-11-08 18:07:50 - shared_modules.data_collection.optimized_data_fetcher - WARNING - [FAIL] Empty result for MATICUSDT_15 (attempt 2/3)
2025-11-08 18:07:50 - shared_modules.data_collection.optimized_data_fetcher - WARNING - [FAIL] Empty result for FTMUSDT_60 (attempt 2/3)
2025-11-08 18:07:50 - shared_modules.data_collection.optimized_data_fetcher - WARNING - [FAIL] Empty result for FTMUSDT_15 (attempt 2/3)
2025-11-08 18:07:51 - shared_modules.data_collection.optimized_data_fetcher - WARNING - [FAIL] Empty result for MATICUSDT_1 (attempt 2/3)
2025-11-08 18:07:51 - shared_modules.data_collection.optimized_data_fetcher - WARNING - [FAIL] Empty result for MATICUSDT_5 (attempt 2/3)
2025-11-08 18:07:51 - shared_modules.data_collection.optimized_data_fetcher - WARNING - [FAIL] Empty result for FTMUSDT_1 (attempt 2/3)
2025-11-08 18:07:52 - shared_modules.data_collection.optimized_data_fetcher - WARNING - [FAIL] Empty result for FTMUSDT_5 (attempt 3/3)
2025-11-08 18:07:52 - shared_modules.data_collection.optimized_data_fetcher - ERROR - [FAIL] Max retries reached for FTMUSDT_5
2025-11-08 18:07:52 - shared_modules.data_collection.optimized_data_fetcher - ERROR - [FAIL] Failed to fetch chunk 3
2025-11-08 18:07:52 - shared_modules.data_collection.optimized_data_fetcher - ERROR - [FAIL] Too many failed chunks (3), stopping early
2025-11-08 18:07:52 - shared_modules.data_collection.optimized_data_fetcher - ERROR - [FAIL] No data fetched for FTMUSDT_5
2025-11-08 18:07:52 - shared_modules.data_collection.optimized_data_fetcher - WARNING - [FAIL] Empty result for MATICUSDT_15 (attempt 3/3)
2025-11-08 18:07:52 - shared_modules.data_collection.optimized_data_fetcher - ERROR - [FAIL] Max retries reached for MATICUSDT_15
2025-11-08 18:07:52 - shared_modules.data_collection.optimized_data_fetcher - ERROR - [FAIL] Failed to fetch chunk 3
2025-11-08 18:07:52 - shared_modules.data_collection.optimized_data_fetcher - ERROR - [FAIL] Too many failed chunks (3), stopping early
2025-11-08 18:07:52 - shared_modules.data_collection.optimized_data_fetcher - ERROR - [FAIL] No data fetched for MATICUSDT_15
2025-11-08 18:07:52 - shared_modules.data_collection.optimized_data_fetcher - WARNING - [FAIL] Empty result for MATICUSDT_60 (attempt 3/3)
2025-11-08 18:07:52 - shared_modules.data_collection.optimized_data_fetcher - ERROR - [FAIL] Max retries reached for MATICUSDT_60
2025-11-08 18:07:52 - shared_modules.data_collection.optimized_data_fetcher - ERROR - [FAIL] Failed to fetch chunk 3
2025-11-08 18:07:52 - shared_modules.data_collection.optimized_data_fetcher - ERROR - [FAIL] Too many failed chunks (3), stopping early
2025-11-08 18:07:52 - shared_modules.data_collection.optimized_data_fetcher - ERROR - [FAIL] No data fetched for MATICUSDT_60
2025-11-08 18:07:53 - shared_modules.data_collection.optimized_data_fetcher - WARNING - [FAIL] Empty result for FTMUSDT_60 (attempt 3/3)
2025-11-08 18:07:53 - shared_modules.data_collection.optimized_data_fetcher - ERROR - [FAIL] Max retries reached for FTMUSDT_60
2025-11-08 18:07:53 - shared_modules.data_collection.optimized_data_fetcher - ERROR - [FAIL] Failed to fetch chunk 3
2025-11-08 18:07:53 - shared_modules.data_collection.optimized_data_fetcher - ERROR - [FAIL] Too many failed chunks (3), stopping early
2025-11-08 18:07:53 - shared_modules.data_collection.optimized_data_fetcher - ERROR - [FAIL] No data fetched for FTMUSDT_60
2025-11-08 18:07:53 - shared_modules.data_collection.optimized_data_fetcher - WARNING - [FAIL] Empty result for FTMUSDT_15 (attempt 3/3)
2025-11-08 18:07:53 - shared_modules.data_collection.optimized_data_fetcher - ERROR - [FAIL] Max retries reached for FTMUSDT_15
2025-11-08 18:07:53 - shared_modules.data_collection.optimized_data_fetcher - ERROR - [FAIL] Failed to fetch chunk 3
2025-11-08 18:07:53 - shared_modules.data_collection.optimized_data_fetcher - ERROR - [FAIL] Too many failed chunks (3), stopping early
2025-11-08 18:07:53 - shared_modules.data_collection.optimized_data_fetcher - ERROR - [FAIL] No data fetched for FTMUSDT_15
2025-11-08 18:07:53 - shared_modules.data_collection.optimized_data_fetcher - WARNING - [FAIL] Empty result for MATICUSDT_5 (attempt 3/3)
2025-11-08 18:07:53 - shared_modules.data_collection.optimized_data_fetcher - ERROR - [FAIL] Max retries reached for MATICUSDT_5
2025-11-08 18:07:53 - shared_modules.data_collection.optimized_data_fetcher - ERROR - [FAIL] Failed to fetch chunk 3
2025-11-08 18:07:53 - shared_modules.data_collection.optimized_data_fetcher - ERROR - [FAIL] Too many failed chunks (3), stopping early
2025-11-08 18:07:53 - shared_modules.data_collection.optimized_data_fetcher - ERROR - [FAIL] No data fetched for MATICUSDT_5
2025-11-08 18:07:54 - shared_modules.data_collection.optimized_data_fetcher - WARNING - [FAIL] Empty result for MATICUSDT_1 (attempt 3/3)
2025-11-08 18:07:54 - shared_modules.data_collection.optimized_data_fetcher - ERROR - [FAIL] Max retries reached for MATICUSDT_1
2025-11-08 18:07:54 - shared_modules.data_collection.optimized_data_fetcher - ERROR - [FAIL] Failed to fetch chunk 3
2025-11-08 18:07:54 - shared_modules.data_collection.optimized_data_fetcher - ERROR - [FAIL] Too many failed chunks (3), stopping early
2025-11-08 18:07:54 - shared_modules.data_collection.optimized_data_fetcher - ERROR - [FAIL] No data fetched for MATICUSDT_1
2025-11-08 18:07:54 - shared_modules.data_collection.optimized_data_fetcher - WARNING - [FAIL] Empty result for FTMUSDT_1 (attempt 3/3)
2025-11-08 18:07:54 - shared_modules.data_collection.optimized_data_fetcher - ERROR - [FAIL] Max retries reached for FTMUSDT_1
2025-11-08 18:07:54 - shared_modules.data_collection.optimized_data_fetcher - ERROR - [FAIL] Failed to fetch chunk 3
2025-11-08 18:07:54 - shared_modules.data_collection.optimized_data_fetcher - ERROR - [FAIL] Too many failed chunks (3), stopping early
2025-11-08 18:07:54 - shared_modules.data_collection.optimized_data_fetcher - ERROR - [FAIL] No data fetched for FTMUSDT_1
2025-11-08 18:09:12 - shared_modules.data_collection.hybrid_system - ERROR - [FAIL] Failed to fetch historical data
2025-11-08 18:14:39 - asyncio - ERROR - Unclosed client session
client_session: <aiohttp.client.ClientSession object at 0x000001A285716010>
2025-11-08 18:14:39 - asyncio - ERROR - Unclosed connector
connections: ['[(<aiohttp.client_proto.ResponseHandler object at 0x000001A2874CA200>, 3848.406), (<aiohttp.client_proto.ResponseHandler object at 0x000001A2874CBF50>, 3850.187), (<aiohttp.client_proto.ResponseHandler object at 0x000001A2875CC280>, 3851.296), (<aiohttp.client_proto.ResponseHandler object at 0x000001A2874CB930>, 3852.437), (<aiohttp.client_proto.ResponseHandler object at 0x000001A2875CC590>, 3853.875), (<aiohttp.client_proto.ResponseHandler object at 0x000001A2875CC520>, 3855.937), (<aiohttp.client_proto.ResponseHandler object at 0x000001A2874CBAF0>, 3857.046), (<aiohttp.client_proto.ResponseHandler object at 0x000001A2874CBD20>, 3857.046), (<aiohttp.client_proto.ResponseHandler object at 0x000001A2874CAA50>, 3857.046), (<aiohttp.client_proto.ResponseHandler object at 0x000001A2875CE5F0>, 3861.218), (<aiohttp.client_proto.ResponseHandler object at 0x000001A2875CC670>, 3862.312), (<aiohttp.client_proto.ResponseHandler object at 0x000001A2874CBC40>, 3863.75), (<aiohttp.client_proto.ResponseHandler object at 0x000001A2875CDC50>, 3865.171), (<aiohttp.client_proto.ResponseHandler object at 0x000001A2874CBCB0>, 3866.265), (<aiohttp.client_proto.ResponseHandler object at 0x000001A2875CDDA0>, 3868.046), (<aiohttp.client_proto.ResponseHandler object at 0x000001A2875CE3C0>, 3869.156), (<aiohttp.client_proto.ResponseHandler object at 0x000001A2875CDF60>, 3869.156), (<aiohttp.client_proto.ResponseHandler object at 0x000001A2875CDD30>, 3873.015)]']
connector: <aiohttp.connector.TCPConnector object at 0x000001A285715E90>
2025-11-08 21:05:56 - asyncio - ERROR - Unclosed client session
client_session: <aiohttp.client.ClientSession object at 0x000001D936D05DD0>
2025-11-08 21:05:56 - asyncio - ERROR - Unclosed connector
connections: ['[(<aiohttp.client_proto.ResponseHandler object at 0x000001D938ABB150>, 13757.218), (<aiohttp.client_proto.ResponseHandler object at 0x000001D938ABB690>, 13760.718), (<aiohttp.client_proto.ResponseHandler object at 0x000001D938ABB770>, 13762.937), (<aiohttp.client_proto.ResponseHandler object at 0x000001D938ABB0E0>, 13766.125), (<aiohttp.client_proto.ResponseHandler object at 0x000001D938BA4980>, 13769.671), (<aiohttp.client_proto.ResponseHandler object at 0x000001D938BA4A60>, 13773.14), (<aiohttp.client_proto.ResponseHandler object at 0x000001D938ABA820>, 13775.375), (<aiohttp.client_proto.ResponseHandler object at 0x000001D938ABB3F0>, 13778.281), (<aiohttp.client_proto.ResponseHandler object at 0x000001D938ABB000>, 13781.156), (<aiohttp.client_proto.ResponseHandler object at 0x000001D938ABA2E0>, 13783.343)]']
connector: <aiohttp.connector.TCPConnector object at 0x000001D936D05C50>
