2025-10-13 08:48:09 - root - INFO - Logging system initialized
2025-10-13 08:48:09 - root - INFO - Logging system initialized
2025-10-13 08:48:09 - shared_modules.data_collection.websocket_handler - INFO - All subscription batches sent
2025-10-13 08:48:09 - root - INFO - Logging system initialized
2025-10-13 08:52:00 - asyncio - DEBUG - Using proactor: IocpProactor
2025-10-13 08:52:00 - shared_modules.data_collection.websocket_handler - INFO - WebSocket disabled by configuration
2025-10-13 08:52:00 - shared_modules.data_collection.hybrid_system - INFO - [DEBUG] Starting data fetch in mode: full
2025-10-13 08:52:00 - shared_modules.data_collection.hybrid_system - INFO - [DATA] Using 4 symbols from configuration
2025-10-13 08:52:00 - shared_modules.data_collection.hybrid_system - INFO - [WS] WebSocket disabled (ENABLE_WEBSOCKET=False)
2025-10-13 08:52:00 - shared_modules.data_collection.hybrid_system - INFO - [DATA] Fetching historical data...
2025-10-13 08:52:00 - shared_modules.data_collection.optimized_data_fetcher - INFO - [PROCESS] Processing 4 symbols in batches of 20
2025-10-13 08:52:00 - shared_modules.data_collection.optimized_data_fetcher - INFO - [PROCESS] Processing batch 1/1 (4 symbols)
2025-10-13 08:52:00 - shared_modules.data_collection.optimized_data_fetcher - INFO - [PROCESS] Fetching BTCUSDT_1...
2025-10-13 08:52:00 - shared_modules.data_collection.optimized_data_fetcher - INFO - Calculated chunks for 1m, 7 days: 10080 candles needed, 11 chunks, 999 candles per chunk, chunk duration: 999.0 minutes
2025-10-13 08:52:00 - shared_modules.data_collection.optimized_data_fetcher - INFO - [DATA] Fetching BTCUSDT_1 using 11 chunks...
2025-10-13 08:52:00 - shared_modules.data_collection.optimized_data_fetcher - INFO - [DATA] Fetching chunk 1/11: 2025-10-12 16:13:00.459000 to 2025-10-13 08:52:00.459000
2025-10-13 08:52:00 - shared_modules.data_collection.optimized_data_fetcher - INFO - [PROCESS] Fetching BTCUSDT_5...
2025-10-13 08:52:00 - shared_modules.data_collection.optimized_data_fetcher - INFO - Calculated chunks for 5m, 7 days: 2016 candles needed, 3 chunks, 999 candles per chunk, chunk duration: 4995.0 minutes
2025-10-13 08:52:00 - shared_modules.data_collection.optimized_data_fetcher - INFO - [DATA] Fetching BTCUSDT_5 using 3 chunks...
2025-10-13 08:52:00 - shared_modules.data_collection.optimized_data_fetcher - INFO - [DATA] Fetching chunk 1/3: 2025-10-09 21:37:00.477000 to 2025-10-13 08:52:00.477000
2025-10-13 08:52:00 - shared_modules.data_collection.optimized_data_fetcher - INFO - [PROCESS] Fetching BTCUSDT_15...
2025-10-13 08:52:00 - shared_modules.data_collection.optimized_data_fetcher - INFO - Calculated chunks for 15m, 7 days: 672 candles needed, 1 chunks, 999 candles per chunk, chunk duration: 14985.0 minutes
2025-10-13 08:52:00 - shared_modules.data_collection.optimized_data_fetcher - INFO - [DATA] Fetching BTCUSDT_15 using 1 chunks...
2025-10-13 08:52:00 - shared_modules.data_collection.optimized_data_fetcher - INFO - [DATA] Fetching chunk 1/1: 2025-10-06 08:52:00.479000 to 2025-10-13 08:52:00.479000
2025-10-13 08:52:00 - shared_modules.data_collection.optimized_data_fetcher - INFO - [PROCESS] Fetching BTCUSDT_60...
2025-10-13 08:52:00 - shared_modules.data_collection.optimized_data_fetcher - INFO - Calculated chunks for 60m, 7 days: 168 candles needed, 1 chunks, 999 candles per chunk, chunk duration: 59940.0 minutes
2025-10-13 08:52:00 - shared_modules.data_collection.optimized_data_fetcher - INFO - [DATA] Fetching BTCUSDT_60 using 1 chunks...
2025-10-13 08:52:00 - shared_modules.data_collection.optimized_data_fetcher - INFO - [DATA] Fetching chunk 1/1: 2025-10-06 08:52:00.481000 to 2025-10-13 08:52:00.481000
2025-10-13 08:52:00 - shared_modules.data_collection.optimized_data_fetcher - INFO - [PROCESS] Fetching BTCUSDT_120...
2025-10-13 08:52:00 - shared_modules.data_collection.optimized_data_fetcher - INFO - Calculated chunks for 120m, 7 days: 84 candles needed, 1 chunks, 999 candles per chunk, chunk duration: 119880.0 minutes
2025-10-13 08:52:00 - shared_modules.data_collection.optimized_data_fetcher - INFO - [DATA] Fetching BTCUSDT_120 using 1 chunks...
2025-10-13 08:52:00 - shared_modules.data_collection.optimized_data_fetcher - INFO - [DATA] Fetching chunk 1/1: 2025-10-06 08:52:00.483000 to 2025-10-13 08:52:00.483000
2025-10-13 08:52:00 - shared_modules.data_collection.optimized_data_fetcher - INFO - [PROCESS] Fetching BTCUSDT_240...
2025-10-13 08:52:00 - shared_modules.data_collection.optimized_data_fetcher - INFO - Calculated chunks for 240m, 7 days: 42 candles needed, 1 chunks, 999 candles per chunk, chunk duration: 239760.0 minutes
2025-10-13 08:52:00 - shared_modules.data_collection.optimized_data_fetcher - INFO - [DATA] Fetching BTCUSDT_240 using 1 chunks...
2025-10-13 08:52:00 - shared_modules.data_collection.optimized_data_fetcher - INFO - [DATA] Fetching chunk 1/1: 2025-10-06 08:52:00.484000 to 2025-10-13 08:52:00.484000
2025-10-13 08:52:00 - shared_modules.data_collection.optimized_data_fetcher - INFO - [PROCESS] Fetching ETHUSDT_1...
2025-10-13 08:52:00 - shared_modules.data_collection.optimized_data_fetcher - INFO - Calculated chunks for 1m, 7 days: 10080 candles needed, 11 chunks, 999 candles per chunk, chunk duration: 999.0 minutes
2025-10-13 08:52:00 - shared_modules.data_collection.optimized_data_fetcher - INFO - [DATA] Fetching ETHUSDT_1 using 11 chunks...
2025-10-13 08:52:00 - shared_modules.data_collection.optimized_data_fetcher - INFO - [DATA] Fetching chunk 1/11: 2025-10-12 16:13:00.485000 to 2025-10-13 08:52:00.485000
2025-10-13 08:52:00 - shared_modules.data_collection.optimized_data_fetcher - INFO - [PROCESS] Fetching ETHUSDT_5...
2025-10-13 08:52:00 - shared_modules.data_collection.optimized_data_fetcher - INFO - Calculated chunks for 5m, 7 days: 2016 candles needed, 3 chunks, 999 candles per chunk, chunk duration: 4995.0 minutes
2025-10-13 08:52:00 - shared_modules.data_collection.optimized_data_fetcher - INFO - [DATA] Fetching ETHUSDT_5 using 3 chunks...
2025-10-13 08:52:00 - shared_modules.data_collection.optimized_data_fetcher - INFO - [DATA] Fetching chunk 1/3: 2025-10-09 21:37:00.486000 to 2025-10-13 08:52:00.486000
2025-10-13 08:52:00 - shared_modules.data_collection.optimized_data_fetcher - INFO - [PROCESS] Fetching ETHUSDT_15...
2025-10-13 08:52:00 - shared_modules.data_collection.optimized_data_fetcher - INFO - Calculated chunks for 15m, 7 days: 672 candles needed, 1 chunks, 999 candles per chunk, chunk duration: 14985.0 minutes
2025-10-13 08:52:00 - shared_modules.data_collection.optimized_data_fetcher - INFO - [DATA] Fetching ETHUSDT_15 using 1 chunks...
2025-10-13 08:52:00 - shared_modules.data_collection.optimized_data_fetcher - INFO - [DATA] Fetching chunk 1/1: 2025-10-06 08:52:00.487000 to 2025-10-13 08:52:00.487000
2025-10-13 08:52:00 - shared_modules.data_collection.optimized_data_fetcher - INFO - [PROCESS] Fetching ETHUSDT_60...
2025-10-13 08:52:00 - shared_modules.data_collection.optimized_data_fetcher - INFO - Calculated chunks for 60m, 7 days: 168 candles needed, 1 chunks, 999 candles per chunk, chunk duration: 59940.0 minutes
2025-10-13 08:52:00 - shared_modules.data_collection.optimized_data_fetcher - INFO - [DATA] Fetching ETHUSDT_60 using 1 chunks...
2025-10-13 08:52:00 - shared_modules.data_collection.optimized_data_fetcher - INFO - [DATA] Fetching chunk 1/1: 2025-10-06 08:52:00.487000 to 2025-10-13 08:52:00.487000
2025-10-13 08:52:00 - shared_modules.data_collection.optimized_data_fetcher - INFO - [PROCESS] Fetching ETHUSDT_120...
2025-10-13 08:52:00 - shared_modules.data_collection.optimized_data_fetcher - INFO - Calculated chunks for 120m, 7 days: 84 candles needed, 1 chunks, 999 candles per chunk, chunk duration: 119880.0 minutes
2025-10-13 08:52:00 - shared_modules.data_collection.optimized_data_fetcher - INFO - [DATA] Fetching ETHUSDT_120 using 1 chunks...
2025-10-13 08:52:00 - shared_modules.data_collection.optimized_data_fetcher - INFO - [DATA] Fetching chunk 1/1: 2025-10-06 08:52:00.488000 to 2025-10-13 08:52:00.488000
2025-10-13 08:52:00 - shared_modules.data_collection.optimized_data_fetcher - INFO - [PROCESS] Fetching ETHUSDT_240...
2025-10-13 08:52:00 - shared_modules.data_collection.optimized_data_fetcher - INFO - Calculated chunks for 240m, 7 days: 42 candles needed, 1 chunks, 999 candles per chunk, chunk duration: 239760.0 minutes
2025-10-13 08:52:00 - shared_modules.data_collection.optimized_data_fetcher - INFO - [DATA] Fetching ETHUSDT_240 using 1 chunks...
2025-10-13 08:52:00 - shared_modules.data_collection.optimized_data_fetcher - INFO - [DATA] Fetching chunk 1/1: 2025-10-06 08:52:00.489000 to 2025-10-13 08:52:00.489000
2025-10-13 08:52:00 - shared_modules.data_collection.optimized_data_fetcher - INFO - [PROCESS] Fetching SOLUSDT_1...
2025-10-13 08:52:00 - shared_modules.data_collection.optimized_data_fetcher - INFO - Calculated chunks for 1m, 7 days: 10080 candles needed, 11 chunks, 999 candles per chunk, chunk duration: 999.0 minutes
2025-10-13 08:52:00 - shared_modules.data_collection.optimized_data_fetcher - INFO - [DATA] Fetching SOLUSDT_1 using 11 chunks...
2025-10-13 08:52:00 - shared_modules.data_collection.optimized_data_fetcher - INFO - [DATA] Fetching chunk 1/11: 2025-10-12 16:13:00.490000 to 2025-10-13 08:52:00.490000
2025-10-13 08:52:00 - shared_modules.data_collection.optimized_data_fetcher - INFO - [PROCESS] Fetching SOLUSDT_5...
2025-10-13 08:52:00 - shared_modules.data_collection.optimized_data_fetcher - INFO - Calculated chunks for 5m, 7 days: 2016 candles needed, 3 chunks, 999 candles per chunk, chunk duration: 4995.0 minutes
2025-10-13 08:52:00 - shared_modules.data_collection.optimized_data_fetcher - INFO - [DATA] Fetching SOLUSDT_5 using 3 chunks...
2025-10-13 08:52:00 - shared_modules.data_collection.optimized_data_fetcher - INFO - [DATA] Fetching chunk 1/3: 2025-10-09 21:37:00.491000 to 2025-10-13 08:52:00.491000
2025-10-13 08:52:00 - shared_modules.data_collection.optimized_data_fetcher - INFO - [PROCESS] Fetching SOLUSDT_15...
2025-10-13 08:52:00 - shared_modules.data_collection.optimized_data_fetcher - INFO - Calculated chunks for 15m, 7 days: 672 candles needed, 1 chunks, 999 candles per chunk, chunk duration: 14985.0 minutes
2025-10-13 08:52:00 - shared_modules.data_collection.optimized_data_fetcher - INFO - [DATA] Fetching SOLUSDT_15 using 1 chunks...
2025-10-13 08:52:00 - shared_modules.data_collection.optimized_data_fetcher - INFO - [DATA] Fetching chunk 1/1: 2025-10-06 08:52:00.492000 to 2025-10-13 08:52:00.492000
2025-10-13 08:52:00 - shared_modules.data_collection.optimized_data_fetcher - INFO - [PROCESS] Fetching SOLUSDT_60...
2025-10-13 08:52:00 - shared_modules.data_collection.optimized_data_fetcher - INFO - Calculated chunks for 60m, 7 days: 168 candles needed, 1 chunks, 999 candles per chunk, chunk duration: 59940.0 minutes
2025-10-13 08:52:00 - shared_modules.data_collection.optimized_data_fetcher - INFO - [DATA] Fetching SOLUSDT_60 using 1 chunks...
2025-10-13 08:52:00 - shared_modules.data_collection.optimized_data_fetcher - INFO - [DATA] Fetching chunk 1/1: 2025-10-06 08:52:00.493000 to 2025-10-13 08:52:00.493000
2025-10-13 08:52:00 - shared_modules.data_collection.optimized_data_fetcher - INFO - [PROCESS] Fetching SOLUSDT_120...
2025-10-13 08:52:00 - shared_modules.data_collection.optimized_data_fetcher - INFO - Calculated chunks for 120m, 7 days: 84 candles needed, 1 chunks, 999 candles per chunk, chunk duration: 119880.0 minutes
2025-10-13 08:52:00 - shared_modules.data_collection.optimized_data_fetcher - INFO - [DATA] Fetching SOLUSDT_120 using 1 chunks...
2025-10-13 08:52:00 - shared_modules.data_collection.optimized_data_fetcher - INFO - [DATA] Fetching chunk 1/1: 2025-10-06 08:52:00.494000 to 2025-10-13 08:52:00.494000
2025-10-13 08:52:00 - shared_modules.data_collection.optimized_data_fetcher - INFO - [PROCESS] Fetching SOLUSDT_240...
2025-10-13 08:52:00 - shared_modules.data_collection.optimized_data_fetcher - INFO - Calculated chunks for 240m, 7 days: 42 candles needed, 1 chunks, 999 candles per chunk, chunk duration: 239760.0 minutes
2025-10-13 08:52:00 - shared_modules.data_collection.optimized_data_fetcher - INFO - [DATA] Fetching SOLUSDT_240 using 1 chunks...
2025-10-13 08:52:00 - shared_modules.data_collection.optimized_data_fetcher - INFO - [DATA] Fetching chunk 1/1: 2025-10-06 08:52:00.494000 to 2025-10-13 08:52:00.494000
2025-10-13 08:52:00 - shared_modules.data_collection.optimized_data_fetcher - INFO - [PROCESS] Fetching ADAUSDT_1...
2025-10-13 08:52:00 - shared_modules.data_collection.optimized_data_fetcher - INFO - Calculated chunks for 1m, 7 days: 10080 candles needed, 11 chunks, 999 candles per chunk, chunk duration: 999.0 minutes
2025-10-13 08:52:00 - shared_modules.data_collection.optimized_data_fetcher - INFO - [DATA] Fetching ADAUSDT_1 using 11 chunks...
2025-10-13 08:52:00 - shared_modules.data_collection.optimized_data_fetcher - INFO - [DATA] Fetching chunk 1/11: 2025-10-12 16:13:00.496000 to 2025-10-13 08:52:00.496000
2025-10-13 08:52:00 - shared_modules.data_collection.optimized_data_fetcher - INFO - [PROCESS] Fetching ADAUSDT_5...
2025-10-13 08:52:00 - shared_modules.data_collection.optimized_data_fetcher - INFO - Calculated chunks for 5m, 7 days: 2016 candles needed, 3 chunks, 999 candles per chunk, chunk duration: 4995.0 minutes
2025-10-13 08:52:00 - shared_modules.data_collection.optimized_data_fetcher - INFO - [DATA] Fetching ADAUSDT_5 using 3 chunks...
2025-10-13 08:52:00 - shared_modules.data_collection.optimized_data_fetcher - INFO - [DATA] Fetching chunk 1/3: 2025-10-09 21:37:00.497000 to 2025-10-13 08:52:00.497000
2025-10-13 08:52:00 - shared_modules.data_collection.optimized_data_fetcher - INFO - [PROCESS] Fetching ADAUSDT_15...
2025-10-13 08:52:00 - shared_modules.data_collection.optimized_data_fetcher - INFO - Calculated chunks for 15m, 7 days: 672 candles needed, 1 chunks, 999 candles per chunk, chunk duration: 14985.0 minutes
2025-10-13 08:52:00 - shared_modules.data_collection.optimized_data_fetcher - INFO - [DATA] Fetching ADAUSDT_15 using 1 chunks...
2025-10-13 08:52:00 - shared_modules.data_collection.optimized_data_fetcher - INFO - [DATA] Fetching chunk 1/1: 2025-10-06 08:52:00.498000 to 2025-10-13 08:52:00.498000
2025-10-13 08:52:00 - shared_modules.data_collection.optimized_data_fetcher - INFO - [PROCESS] Fetching ADAUSDT_60...
2025-10-13 08:52:00 - shared_modules.data_collection.optimized_data_fetcher - INFO - Calculated chunks for 60m, 7 days: 168 candles needed, 1 chunks, 999 candles per chunk, chunk duration: 59940.0 minutes
2025-10-13 08:52:00 - shared_modules.data_collection.optimized_data_fetcher - INFO - [DATA] Fetching ADAUSDT_60 using 1 chunks...
2025-10-13 08:52:00 - shared_modules.data_collection.optimized_data_fetcher - INFO - [DATA] Fetching chunk 1/1: 2025-10-06 08:52:00.499000 to 2025-10-13 08:52:00.499000
2025-10-13 08:52:00 - shared_modules.data_collection.optimized_data_fetcher - INFO - [PROCESS] Fetching ADAUSDT_120...
2025-10-13 08:52:00 - shared_modules.data_collection.optimized_data_fetcher - INFO - Calculated chunks for 120m, 7 days: 84 candles needed, 1 chunks, 999 candles per chunk, chunk duration: 119880.0 minutes
2025-10-13 08:52:00 - shared_modules.data_collection.optimized_data_fetcher - INFO - [DATA] Fetching ADAUSDT_120 using 1 chunks...
2025-10-13 08:52:00 - shared_modules.data_collection.optimized_data_fetcher - INFO - [DATA] Fetching chunk 1/1: 2025-10-06 08:52:00.500000 to 2025-10-13 08:52:00.500000
2025-10-13 08:52:00 - shared_modules.data_collection.optimized_data_fetcher - INFO - [PROCESS] Fetching ADAUSDT_240...
2025-10-13 08:52:00 - shared_modules.data_collection.optimized_data_fetcher - INFO - Calculated chunks for 240m, 7 days: 42 candles needed, 1 chunks, 999 candles per chunk, chunk duration: 239760.0 minutes
2025-10-13 08:52:00 - shared_modules.data_collection.optimized_data_fetcher - INFO - [DATA] Fetching ADAUSDT_240 using 1 chunks...
2025-10-13 08:52:00 - shared_modules.data_collection.optimized_data_fetcher - INFO - [DATA] Fetching chunk 1/1: 2025-10-06 08:52:00.501000 to 2025-10-13 08:52:00.501000
2025-10-13 08:52:00 - shared_modules.data_collection.optimized_data_fetcher - INFO - [OK] Chunk 1: Got 999 candles
2025-10-13 08:52:00 - shared_modules.data_collection.optimized_data_fetcher - INFO - [OK] Chunk 1: Got 672 candles
2025-10-13 08:52:00 - shared_modules.data_collection.optimized_data_fetcher - INFO - [OK] Chunk 1: Got 84 candles
2025-10-13 08:52:00 - shared_modules.data_collection.optimized_data_fetcher - INFO - [DATA] Fetching chunk 2/3: 2025-10-06 10:22:00.477000 to 2025-10-09 21:37:00.477000
2025-10-13 08:52:00 - shared_modules.data_collection.csv_manager - INFO - Wrote 672 entries to data\ETHUSDT_15.csv
2025-10-13 08:52:00 - shared_modules.data_collection.optimized_data_fetcher - INFO - [OK] Fetched 672 candles for ETHUSDT_15 (1 successful, 0 failed)
2025-10-13 08:52:00 - shared_modules.data_collection.csv_manager - INFO - Wrote 84 entries to data\BTCUSDT_120.csv
2025-10-13 08:52:00 - shared_modules.data_collection.optimized_data_fetcher - INFO - [OK] Fetched 84 candles for BTCUSDT_120 (1 successful, 0 failed)
2025-10-13 08:52:00 - shared_modules.data_collection.optimized_data_fetcher - INFO - [OK] Chunk 1: Got 42 candles
2025-10-13 08:52:00 - shared_modules.data_collection.csv_manager - INFO - Wrote 42 entries to data\ETHUSDT_240.csv
2025-10-13 08:52:00 - shared_modules.data_collection.optimized_data_fetcher - INFO - [OK] Fetched 42 candles for ETHUSDT_240 (1 successful, 0 failed)
2025-10-13 08:52:00 - shared_modules.data_collection.optimized_data_fetcher - INFO - [OK] Chunk 1: Got 42 candles
2025-10-13 08:52:00 - shared_modules.data_collection.csv_manager - INFO - Wrote 42 entries to data\ADAUSDT_240.csv
2025-10-13 08:52:00 - shared_modules.data_collection.optimized_data_fetcher - INFO - [OK] Fetched 42 candles for ADAUSDT_240 (1 successful, 0 failed)
2025-10-13 08:52:00 - shared_modules.data_collection.optimized_data_fetcher - INFO - [OK] Chunk 1: Got 84 candles
2025-10-13 08:52:00 - shared_modules.data_collection.optimized_data_fetcher - INFO - [OK] Chunk 1: Got 168 candles
2025-10-13 08:52:00 - shared_modules.data_collection.csv_manager - INFO - Wrote 84 entries to data\SOLUSDT_120.csv
2025-10-13 08:52:00 - shared_modules.data_collection.optimized_data_fetcher - INFO - [OK] Fetched 84 candles for SOLUSDT_120 (1 successful, 0 failed)
2025-10-13 08:52:00 - shared_modules.data_collection.csv_manager - INFO - Wrote 168 entries to data\ETHUSDT_60.csv
2025-10-13 08:52:00 - shared_modules.data_collection.optimized_data_fetcher - INFO - [OK] Fetched 168 candles for ETHUSDT_60 (1 successful, 0 failed)
2025-10-13 08:52:00 - shared_modules.data_collection.optimized_data_fetcher - INFO - [OK] Chunk 2: Got 999 candles
2025-10-13 08:52:00 - shared_modules.data_collection.optimized_data_fetcher - INFO - [DATA] Fetching chunk 3/3: 2025-10-06 08:52:00.477000 to 2025-10-06 10:22:00.477000
2025-10-13 08:52:01 - shared_modules.data_collection.optimized_data_fetcher - INFO - [OK] Chunk 1: Got 84 candles
2025-10-13 08:52:01 - shared_modules.data_collection.csv_manager - INFO - Wrote 84 entries to data\ETHUSDT_120.csv
2025-10-13 08:52:01 - shared_modules.data_collection.optimized_data_fetcher - INFO - [OK] Fetched 84 candles for ETHUSDT_120 (1 successful, 0 failed)
2025-10-13 08:52:01 - shared_modules.data_collection.optimized_data_fetcher - INFO - [OK] Chunk 1: Got 42 candles
2025-10-13 08:52:01 - shared_modules.data_collection.csv_manager - INFO - Wrote 42 entries to data\BTCUSDT_240.csv
2025-10-13 08:52:01 - shared_modules.data_collection.optimized_data_fetcher - INFO - [OK] Fetched 42 candles for BTCUSDT_240 (1 successful, 0 failed)
2025-10-13 08:52:01 - shared_modules.data_collection.optimized_data_fetcher - INFO - [OK] Chunk 1: Got 999 candles
2025-10-13 08:52:01 - shared_modules.data_collection.optimized_data_fetcher - INFO - [OK] Chunk 1: Got 999 candles
2025-10-13 08:52:01 - shared_modules.data_collection.optimized_data_fetcher - INFO - [OK] Chunk 1: Got 168 candles
2025-10-13 08:52:01 - shared_modules.data_collection.optimized_data_fetcher - INFO - [DATA] Fetching chunk 2/11: 2025-10-11 23:34:00.485000 to 2025-10-12 16:13:00.485000
2025-10-13 08:52:01 - shared_modules.data_collection.optimized_data_fetcher - INFO - [OK] Chunk 1: Got 168 candles
2025-10-13 08:52:01 - shared_modules.data_collection.optimized_data_fetcher - INFO - [DATA] Fetching chunk 2/3: 2025-10-06 10:22:00.486000 to 2025-10-09 21:37:00.486000
2025-10-13 08:52:01 - shared_modules.data_collection.csv_manager - INFO - Wrote 168 entries to data\SOLUSDT_60.csv
2025-10-13 08:52:01 - shared_modules.data_collection.optimized_data_fetcher - INFO - [OK] Fetched 168 candles for SOLUSDT_60 (1 successful, 0 failed)
2025-10-13 08:52:01 - shared_modules.data_collection.csv_manager - INFO - Wrote 168 entries to data\ADAUSDT_60.csv
2025-10-13 08:52:01 - shared_modules.data_collection.optimized_data_fetcher - INFO - [OK] Fetched 168 candles for ADAUSDT_60 (1 successful, 0 failed)
2025-10-13 08:52:01 - shared_modules.data_collection.optimized_data_fetcher - INFO - [OK] Chunk 1: Got 42 candles
2025-10-13 08:52:01 - shared_modules.data_collection.optimized_data_fetcher - INFO - [OK] Chunk 1: Got 84 candles
2025-10-13 08:52:01 - shared_modules.data_collection.csv_manager - INFO - Wrote 42 entries to data\SOLUSDT_240.csv
2025-10-13 08:52:01 - shared_modules.data_collection.optimized_data_fetcher - INFO - [OK] Fetched 42 candles for SOLUSDT_240 (1 successful, 0 failed)
2025-10-13 08:52:01 - shared_modules.data_collection.csv_manager - INFO - Wrote 84 entries to data\ADAUSDT_120.csv
2025-10-13 08:52:01 - shared_modules.data_collection.optimized_data_fetcher - INFO - [OK] Fetched 84 candles for ADAUSDT_120 (1 successful, 0 failed)
2025-10-13 08:52:01 - shared_modules.data_collection.optimized_data_fetcher - INFO - [OK] Chunk 3: Got 18 candles
2025-10-13 08:52:01 - shared_modules.data_collection.csv_manager - INFO - Wrote 2016 entries to data\BTCUSDT_5.csv
2025-10-13 08:52:01 - shared_modules.data_collection.optimized_data_fetcher - INFO - [OK] Fetched 2016 candles for BTCUSDT_5 (3 successful, 0 failed)
2025-10-13 08:52:01 - shared_modules.data_collection.optimized_data_fetcher - INFO - [OK] Chunk 1: Got 168 candles
2025-10-13 08:52:01 - shared_modules.data_collection.csv_manager - INFO - Wrote 168 entries to data\BTCUSDT_60.csv
2025-10-13 08:52:01 - shared_modules.data_collection.optimized_data_fetcher - INFO - [OK] Fetched 168 candles for BTCUSDT_60 (1 successful, 0 failed)
2025-10-13 08:52:01 - shared_modules.data_collection.optimized_data_fetcher - INFO - [OK] Chunk 2: Got 999 candles
2025-10-13 08:52:01 - shared_modules.data_collection.optimized_data_fetcher - INFO - [DATA] Fetching chunk 3/3: 2025-10-06 08:52:00.486000 to 2025-10-06 10:22:00.486000
2025-10-13 08:52:01 - shared_modules.data_collection.optimized_data_fetcher - INFO - [OK] Chunk 1: Got 999 candles
2025-10-13 08:52:01 - shared_modules.data_collection.optimized_data_fetcher - INFO - [DATA] Fetching chunk 2/11: 2025-10-11 23:34:00.459000 to 2025-10-12 16:13:00.459000
2025-10-13 08:52:01 - shared_modules.data_collection.optimized_data_fetcher - INFO - [OK] Chunk 1: Got 672 candles
2025-10-13 08:52:01 - shared_modules.data_collection.optimized_data_fetcher - INFO - [OK] Chunk 1: Got 672 candles
2025-10-13 08:52:01 - shared_modules.data_collection.csv_manager - INFO - Wrote 672 entries to data\BTCUSDT_15.csv
2025-10-13 08:52:01 - shared_modules.data_collection.optimized_data_fetcher - INFO - [OK] Fetched 672 candles for BTCUSDT_15 (1 successful, 0 failed)
2025-10-13 08:52:01 - shared_modules.data_collection.csv_manager - INFO - Wrote 672 entries to data\SOLUSDT_15.csv
2025-10-13 08:52:01 - shared_modules.data_collection.optimized_data_fetcher - INFO - [OK] Fetched 672 candles for SOLUSDT_15 (1 successful, 0 failed)
2025-10-13 08:52:01 - shared_modules.data_collection.optimized_data_fetcher - INFO - [OK] Chunk 1: Got 999 candles
2025-10-13 08:52:01 - shared_modules.data_collection.optimized_data_fetcher - INFO - [OK] Chunk 1: Got 999 candles
2025-10-13 08:52:01 - shared_modules.data_collection.optimized_data_fetcher - INFO - [OK] Chunk 1: Got 999 candles
2025-10-13 08:52:01 - shared_modules.data_collection.optimized_data_fetcher - INFO - [OK] Chunk 1: Got 672 candles
2025-10-13 08:52:01 - shared_modules.data_collection.optimized_data_fetcher - INFO - [OK] Chunk 1: Got 999 candles
2025-10-13 08:52:01 - shared_modules.data_collection.optimized_data_fetcher - INFO - [DATA] Fetching chunk 2/3: 2025-10-06 10:22:00.491000 to 2025-10-09 21:37:00.491000
2025-10-13 08:52:01 - shared_modules.data_collection.optimized_data_fetcher - INFO - [DATA] Fetching chunk 2/11: 2025-10-11 23:34:00.490000 to 2025-10-12 16:13:00.490000
2025-10-13 08:52:01 - shared_modules.data_collection.optimized_data_fetcher - INFO - [DATA] Fetching chunk 2/11: 2025-10-11 23:34:00.496000 to 2025-10-12 16:13:00.496000
2025-10-13 08:52:01 - shared_modules.data_collection.optimized_data_fetcher - INFO - [OK] Chunk 2: Got 999 candles
2025-10-13 08:52:01 - shared_modules.data_collection.csv_manager - INFO - Wrote 672 entries to data\ADAUSDT_15.csv
2025-10-13 08:52:01 - shared_modules.data_collection.optimized_data_fetcher - INFO - [OK] Fetched 672 candles for ADAUSDT_15 (1 successful, 0 failed)
2025-10-13 08:52:01 - shared_modules.data_collection.optimized_data_fetcher - INFO - [DATA] Fetching chunk 2/3: 2025-10-06 10:22:00.497000 to 2025-10-09 21:37:00.497000
2025-10-13 08:52:01 - shared_modules.data_collection.optimized_data_fetcher - INFO - [DATA] Fetching chunk 3/11: 2025-10-11 06:55:00.485000 to 2025-10-11 23:34:00.485000
2025-10-13 08:52:01 - shared_modules.data_collection.optimized_data_fetcher - INFO - [OK] Chunk 2: Got 999 candles
2025-10-13 08:52:01 - shared_modules.data_collection.optimized_data_fetcher - INFO - [DATA] Fetching chunk 3/3: 2025-10-06 08:52:00.491000 to 2025-10-06 10:22:00.491000
2025-10-13 08:52:01 - shared_modules.data_collection.optimized_data_fetcher - INFO - [OK] Chunk 2: Got 999 candles
2025-10-13 08:52:01 - shared_modules.data_collection.optimized_data_fetcher - INFO - [OK] Chunk 3: Got 999 candles
2025-10-13 08:52:01 - shared_modules.data_collection.optimized_data_fetcher - INFO - [DATA] Fetching chunk 3/3: 2025-10-06 08:52:00.497000 to 2025-10-06 10:22:00.497000
2025-10-13 08:52:01 - shared_modules.data_collection.optimized_data_fetcher - INFO - [DATA] Fetching chunk 4/11: 2025-10-10 14:16:00.485000 to 2025-10-11 06:55:00.485000
2025-10-13 08:52:01 - shared_modules.data_collection.optimized_data_fetcher - INFO - [OK] Chunk 2: Got 999 candles
2025-10-13 08:52:01 - shared_modules.data_collection.optimized_data_fetcher - INFO - [DATA] Fetching chunk 3/11: 2025-10-11 06:55:00.459000 to 2025-10-11 23:34:00.459000
2025-10-13 08:52:01 - shared_modules.data_collection.optimized_data_fetcher - INFO - [OK] Chunk 2: Got 999 candles
2025-10-13 08:52:02 - shared_modules.data_collection.optimized_data_fetcher - INFO - [OK] Chunk 3: Got 18 candles
2025-10-13 08:52:02 - shared_modules.data_collection.optimized_data_fetcher - INFO - [DATA] Fetching chunk 3/11: 2025-10-11 06:55:00.496000 to 2025-10-11 23:34:00.496000
2025-10-13 08:52:02 - shared_modules.data_collection.optimized_data_fetcher - INFO - [OK] Chunk 3: Got 18 candles
2025-10-13 08:52:02 - shared_modules.data_collection.csv_manager - INFO - Wrote 2016 entries to data\ETHUSDT_5.csv
2025-10-13 08:52:02 - shared_modules.data_collection.optimized_data_fetcher - INFO - [OK] Fetched 2016 candles for ETHUSDT_5 (3 successful, 0 failed)
2025-10-13 08:52:02 - shared_modules.data_collection.optimized_data_fetcher - INFO - [OK] Chunk 3: Got 18 candles
2025-10-13 08:52:02 - shared_modules.data_collection.csv_manager - INFO - Wrote 2016 entries to data\SOLUSDT_5.csv
2025-10-13 08:52:02 - shared_modules.data_collection.optimized_data_fetcher - INFO - [OK] Fetched 2016 candles for SOLUSDT_5 (3 successful, 0 failed)
2025-10-13 08:52:02 - shared_modules.data_collection.csv_manager - INFO - Wrote 2016 entries to data\ADAUSDT_5.csv
2025-10-13 08:52:02 - shared_modules.data_collection.optimized_data_fetcher - INFO - [OK] Fetched 2016 candles for ADAUSDT_5 (3 successful, 0 failed)
2025-10-13 08:52:02 - shared_modules.data_collection.optimized_data_fetcher - INFO - [OK] Chunk 2: Got 999 candles
2025-10-13 08:52:02 - shared_modules.data_collection.optimized_data_fetcher - INFO - [DATA] Fetching chunk 3/11: 2025-10-11 06:55:00.490000 to 2025-10-11 23:34:00.490000
2025-10-13 08:52:02 - shared_modules.data_collection.optimized_data_fetcher - INFO - [OK] Chunk 3: Got 999 candles
2025-10-13 08:52:02 - shared_modules.data_collection.optimized_data_fetcher - INFO - [DATA] Fetching chunk 4/11: 2025-10-10 14:16:00.459000 to 2025-10-11 06:55:00.459000
2025-10-13 08:52:02 - shared_modules.data_collection.optimized_data_fetcher - INFO - [OK] Chunk 3: Got 999 candles
2025-10-13 08:52:02 - shared_modules.data_collection.optimized_data_fetcher - INFO - [DATA] Fetching chunk 4/11: 2025-10-10 14:16:00.490000 to 2025-10-11 06:55:00.490000
2025-10-13 08:52:02 - shared_modules.data_collection.optimized_data_fetcher - INFO - [OK] Chunk 4: Got 999 candles
2025-10-13 08:52:02 - shared_modules.data_collection.optimized_data_fetcher - INFO - [DATA] Fetching chunk 5/11: 2025-10-09 21:37:00.485000 to 2025-10-10 14:16:00.485000
2025-10-13 08:52:02 - shared_modules.data_collection.optimized_data_fetcher - INFO - [OK] Chunk 3: Got 999 candles
2025-10-13 08:52:02 - shared_modules.data_collection.optimized_data_fetcher - INFO - [DATA] Fetching chunk 4/11: 2025-10-10 14:16:00.496000 to 2025-10-11 06:55:00.496000
2025-10-13 08:52:02 - shared_modules.data_collection.optimized_data_fetcher - INFO - [OK] Chunk 4: Got 999 candles
2025-10-13 08:52:02 - shared_modules.data_collection.optimized_data_fetcher - INFO - [DATA] Fetching chunk 5/11: 2025-10-09 21:37:00.459000 to 2025-10-10 14:16:00.459000
2025-10-13 08:52:02 - shared_modules.data_collection.optimized_data_fetcher - INFO - [OK] Chunk 5: Got 999 candles
2025-10-13 08:52:02 - shared_modules.data_collection.optimized_data_fetcher - INFO - [DATA] Fetching chunk 6/11: 2025-10-09 04:58:00.485000 to 2025-10-09 21:37:00.485000
2025-10-13 08:52:03 - shared_modules.data_collection.optimized_data_fetcher - INFO - [OK] Chunk 4: Got 999 candles
2025-10-13 08:52:03 - shared_modules.data_collection.optimized_data_fetcher - INFO - [DATA] Fetching chunk 5/11: 2025-10-09 21:37:00.490000 to 2025-10-10 14:16:00.490000
2025-10-13 08:52:03 - shared_modules.data_collection.optimized_data_fetcher - INFO - [OK] Chunk 4: Got 999 candles
2025-10-13 08:52:03 - shared_modules.data_collection.optimized_data_fetcher - INFO - [DATA] Fetching chunk 5/11: 2025-10-09 21:37:00.496000 to 2025-10-10 14:16:00.496000
2025-10-13 08:52:03 - shared_modules.data_collection.optimized_data_fetcher - INFO - [OK] Chunk 5: Got 999 candles
2025-10-13 08:52:03 - shared_modules.data_collection.optimized_data_fetcher - INFO - [DATA] Fetching chunk 6/11: 2025-10-09 04:58:00.459000 to 2025-10-09 21:37:00.459000
2025-10-13 08:52:03 - shared_modules.data_collection.optimized_data_fetcher - INFO - [OK] Chunk 6: Got 999 candles
2025-10-13 08:52:03 - shared_modules.data_collection.optimized_data_fetcher - INFO - [DATA] Fetching chunk 7/11: 2025-10-08 12:19:00.485000 to 2025-10-09 04:58:00.485000
2025-10-13 08:52:03 - shared_modules.data_collection.optimized_data_fetcher - INFO - [OK] Chunk 5: Got 999 candles
2025-10-13 08:52:03 - shared_modules.data_collection.optimized_data_fetcher - INFO - [DATA] Fetching chunk 6/11: 2025-10-09 04:58:00.490000 to 2025-10-09 21:37:00.490000
2025-10-13 08:52:03 - shared_modules.data_collection.optimized_data_fetcher - INFO - [OK] Chunk 5: Got 999 candles
2025-10-13 08:52:03 - shared_modules.data_collection.optimized_data_fetcher - INFO - [DATA] Fetching chunk 6/11: 2025-10-09 04:58:00.496000 to 2025-10-09 21:37:00.496000
2025-10-13 08:52:04 - shared_modules.data_collection.optimized_data_fetcher - INFO - [OK] Chunk 6: Got 999 candles
2025-10-13 08:52:04 - shared_modules.data_collection.optimized_data_fetcher - INFO - [DATA] Fetching chunk 7/11: 2025-10-08 12:19:00.459000 to 2025-10-09 04:58:00.459000
2025-10-13 08:52:04 - shared_modules.data_collection.optimized_data_fetcher - INFO - [OK] Chunk 7: Got 999 candles
2025-10-13 08:52:04 - shared_modules.data_collection.optimized_data_fetcher - INFO - [DATA] Fetching chunk 8/11: 2025-10-07 19:40:00.485000 to 2025-10-08 12:19:00.485000
2025-10-13 08:52:04 - shared_modules.data_collection.optimized_data_fetcher - INFO - [OK] Chunk 6: Got 999 candles
2025-10-13 08:52:04 - shared_modules.data_collection.optimized_data_fetcher - INFO - [DATA] Fetching chunk 7/11: 2025-10-08 12:19:00.496000 to 2025-10-09 04:58:00.496000
2025-10-13 08:52:04 - shared_modules.data_collection.optimized_data_fetcher - INFO - [OK] Chunk 8: Got 999 candles
2025-10-13 08:52:04 - shared_modules.data_collection.optimized_data_fetcher - INFO - [DATA] Fetching chunk 9/11: 2025-10-07 03:01:00.485000 to 2025-10-07 19:40:00.485000
2025-10-13 08:52:04 - shared_modules.data_collection.optimized_data_fetcher - INFO - [OK] Chunk 6: Got 999 candles
2025-10-13 08:52:04 - shared_modules.data_collection.optimized_data_fetcher - INFO - [DATA] Fetching chunk 7/11: 2025-10-08 12:19:00.490000 to 2025-10-09 04:58:00.490000
2025-10-13 08:52:04 - shared_modules.data_collection.optimized_data_fetcher - INFO - [OK] Chunk 9: Got 999 candles
2025-10-13 08:52:04 - shared_modules.data_collection.optimized_data_fetcher - INFO - [DATA] Fetching chunk 10/11: 2025-10-06 10:22:00.485000 to 2025-10-07 03:01:00.485000
2025-10-13 08:52:04 - shared_modules.data_collection.optimized_data_fetcher - INFO - [OK] Chunk 7: Got 999 candles
2025-10-13 08:52:04 - shared_modules.data_collection.optimized_data_fetcher - INFO - [DATA] Fetching chunk 8/11: 2025-10-07 19:40:00.459000 to 2025-10-08 12:19:00.459000
2025-10-13 08:52:04 - shared_modules.data_collection.optimized_data_fetcher - INFO - [OK] Chunk 7: Got 999 candles
2025-10-13 08:52:04 - shared_modules.data_collection.optimized_data_fetcher - INFO - [DATA] Fetching chunk 8/11: 2025-10-07 19:40:00.496000 to 2025-10-08 12:19:00.496000
2025-10-13 08:52:04 - shared_modules.data_collection.optimized_data_fetcher - INFO - [OK] Chunk 7: Got 999 candles
2025-10-13 08:52:05 - shared_modules.data_collection.optimized_data_fetcher - INFO - [DATA] Fetching chunk 8/11: 2025-10-07 19:40:00.490000 to 2025-10-08 12:19:00.490000
2025-10-13 08:52:05 - shared_modules.data_collection.optimized_data_fetcher - INFO - [OK] Chunk 8: Got 999 candles
2025-10-13 08:52:05 - shared_modules.data_collection.optimized_data_fetcher - INFO - [DATA] Fetching chunk 9/11: 2025-10-07 03:01:00.496000 to 2025-10-07 19:40:00.496000
2025-10-13 08:52:05 - shared_modules.data_collection.optimized_data_fetcher - INFO - [OK] Chunk 10: Got 999 candles
2025-10-13 08:52:05 - shared_modules.data_collection.optimized_data_fetcher - INFO - [DATA] Fetching chunk 11/11: 2025-10-06 08:52:00.485000 to 2025-10-06 10:22:00.485000
2025-10-13 08:52:05 - shared_modules.data_collection.optimized_data_fetcher - INFO - [OK] Chunk 8: Got 999 candles
2025-10-13 08:52:05 - shared_modules.data_collection.optimized_data_fetcher - INFO - [DATA] Fetching chunk 9/11: 2025-10-07 03:01:00.490000 to 2025-10-07 19:40:00.490000
2025-10-13 08:52:05 - shared_modules.data_collection.optimized_data_fetcher - INFO - [OK] Chunk 8: Got 999 candles
2025-10-13 08:52:05 - shared_modules.data_collection.optimized_data_fetcher - INFO - [DATA] Fetching chunk 9/11: 2025-10-07 03:01:00.459000 to 2025-10-07 19:40:00.459000
2025-10-13 08:52:05 - shared_modules.data_collection.optimized_data_fetcher - INFO - [OK] Chunk 9: Got 999 candles
2025-10-13 08:52:05 - shared_modules.data_collection.optimized_data_fetcher - INFO - [DATA] Fetching chunk 10/11: 2025-10-06 10:22:00.496000 to 2025-10-07 03:01:00.496000
2025-10-13 08:52:05 - shared_modules.data_collection.optimized_data_fetcher - INFO - [OK] Chunk 9: Got 999 candles
2025-10-13 08:52:05 - shared_modules.data_collection.optimized_data_fetcher - INFO - [DATA] Fetching chunk 10/11: 2025-10-06 10:22:00.490000 to 2025-10-07 03:01:00.490000
2025-10-13 08:52:05 - shared_modules.data_collection.optimized_data_fetcher - INFO - [OK] Chunk 11: Got 91 candles
2025-10-13 08:52:05 - shared_modules.data_collection.csv_manager - INFO - Wrote 10081 entries to data\ETHUSDT_1.csv
2025-10-13 08:52:05 - shared_modules.data_collection.optimized_data_fetcher - INFO - [OK] Fetched 10081 candles for ETHUSDT_1 (11 successful, 0 failed)
2025-10-13 08:52:06 - shared_modules.data_collection.optimized_data_fetcher - INFO - [OK] Chunk 10: Got 999 candles
2025-10-13 08:52:06 - shared_modules.data_collection.optimized_data_fetcher - INFO - [DATA] Fetching chunk 11/11: 2025-10-06 08:52:00.490000 to 2025-10-06 10:22:00.490000
2025-10-13 08:52:06 - shared_modules.data_collection.optimized_data_fetcher - INFO - [OK] Chunk 9: Got 999 candles
2025-10-13 08:52:06 - shared_modules.data_collection.optimized_data_fetcher - INFO - [DATA] Fetching chunk 10/11: 2025-10-06 10:22:00.459000 to 2025-10-07 03:01:00.459000
2025-10-13 08:52:06 - shared_modules.data_collection.optimized_data_fetcher - INFO - [OK] Chunk 11: Got 91 candles
2025-10-13 08:52:06 - shared_modules.data_collection.csv_manager - INFO - Wrote 10081 entries to data\SOLUSDT_1.csv
2025-10-13 08:52:06 - shared_modules.data_collection.optimized_data_fetcher - INFO - [OK] Fetched 10081 candles for SOLUSDT_1 (11 successful, 0 failed)
2025-10-13 08:52:06 - shared_modules.data_collection.optimized_data_fetcher - INFO - [OK] Chunk 10: Got 999 candles
2025-10-13 08:52:06 - shared_modules.data_collection.optimized_data_fetcher - INFO - [DATA] Fetching chunk 11/11: 2025-10-06 08:52:00.496000 to 2025-10-06 10:22:00.496000
2025-10-13 08:52:06 - shared_modules.data_collection.optimized_data_fetcher - INFO - [OK] Chunk 11: Got 91 candles
2025-10-13 08:52:06 - shared_modules.data_collection.csv_manager - INFO - Wrote 10081 entries to data\ADAUSDT_1.csv
2025-10-13 08:52:06 - shared_modules.data_collection.optimized_data_fetcher - INFO - [OK] Fetched 10081 candles for ADAUSDT_1 (11 successful, 0 failed)
2025-10-13 08:52:06 - shared_modules.data_collection.optimized_data_fetcher - INFO - [OK] Chunk 10: Got 999 candles
2025-10-13 08:52:06 - shared_modules.data_collection.optimized_data_fetcher - INFO - [DATA] Fetching chunk 11/11: 2025-10-06 08:52:00.459000 to 2025-10-06 10:22:00.459000
2025-10-13 08:52:07 - shared_modules.data_collection.optimized_data_fetcher - INFO - [OK] Chunk 11: Got 91 candles
2025-10-13 08:52:07 - shared_modules.data_collection.csv_manager - INFO - Wrote 10081 entries to data\BTCUSDT_1.csv
2025-10-13 08:52:07 - shared_modules.data_collection.optimized_data_fetcher - INFO - [OK] Fetched 10081 candles for BTCUSDT_1 (11 successful, 0 failed)
2025-10-13 08:52:07 - shared_modules.data_collection.optimized_data_fetcher - INFO - [DATA] Historical data fetch completed in 6.82 seconds
2025-10-13 08:52:07 - shared_modules.data_collection.optimized_data_fetcher - INFO - [OK] Successful: 24/24 (100.0%)
2025-10-13 08:52:07 - shared_modules.data_collection.hybrid_system - INFO - [OK] Historical data fetched successfully
2025-10-13 08:52:07 - shared_modules.data_collection.hybrid_system - INFO - 
[INFO] Sample of fetched historical data:
2025-10-13 08:52:07 - shared_modules.data_collection.hybrid_system - INFO -  BTCUSDT_1: 10081 candles
2025-10-13 08:52:07 - shared_modules.data_collection.hybrid_system - INFO -  Latest: 2025-10-13 08:51:00 - O:114955.6 H:115084.3 L:114935.7 C:115066.0
2025-10-13 08:52:07 - shared_modules.data_collection.hybrid_system - INFO -  BTCUSDT_5: 2016 candles
2025-10-13 08:52:07 - shared_modules.data_collection.hybrid_system - INFO -  Latest: 2025-10-13 08:50:00 - O:114959.0 H:115084.3 L:114925.2 C:115066.0
2025-10-13 08:52:07 - shared_modules.data_collection.hybrid_system - INFO -  ETHUSDT_1: 10081 candles
2025-10-13 08:52:07 - shared_modules.data_collection.hybrid_system - INFO -  Latest: 2025-10-13 08:51:00 - O:4158.66 H:4163.23 L:4157.2 C:4162.92
2025-10-13 08:52:07 - shared_modules.data_collection.hybrid_system - INFO -  ETHUSDT_5: 2016 candles
2025-10-13 08:52:07 - shared_modules.data_collection.hybrid_system - INFO -  Latest: 2025-10-13 08:50:00 - O:4156.79 H:4163.23 L:4155.81 C:4162.92
