2025-12-18 01:09:25 - shared_modules.data_collection.optimized_data_fetcher - WARNING - [FAIL] Rate limited for FLUIDUSDT_15 (attempt 1/5)
2025-12-18 01:09:25 - shared_modules.data_collection.optimized_data_fetcher - ERROR - [FAIL] Exception for FLUIDUSDT_15: local variable 'retry_delay' referenced before assignment (attempt 2/5)
2025-12-18 01:09:25 - shared_modules.data_collection.optimized_data_fetcher - ERROR - [FAIL] Exception for FLUIDUSDT_15: local variable 'retry_delay' referenced before assignment (attempt 3/5)
2025-12-18 01:09:25 - shared_modules.data_collection.optimized_data_fetcher - ERROR - [FAIL] Exception for FLUIDUSDT_15: local variable 'retry_delay' referenced before assignment (attempt 4/5)
2025-12-18 01:09:25 - shared_modules.data_collection.optimized_data_fetcher - ERROR - [FAIL] Exception for FLUIDUSDT_15: local variable 'retry_delay' referenced before assignment (attempt 5/5)
2025-12-18 01:09:25 - shared_modules.data_collection.optimized_data_fetcher - ERROR - [FAIL] Failed to fetch FLUIDUSDT_15
2025-12-18 01:09:25 - shared_modules.data_collection.optimized_data_fetcher - WARNING - [FAIL] Rate limited for EPTUSDT_5 (attempt 1/5)
2025-12-18 01:09:25 - shared_modules.data_collection.optimized_data_fetcher - ERROR - [FAIL] Exception for EPTUSDT_5: local variable 'retry_delay' referenced before assignment (attempt 2/5)
2025-12-18 01:09:25 - shared_modules.data_collection.optimized_data_fetcher - ERROR - [FAIL] Exception for EPTUSDT_5: local variable 'retry_delay' referenced before assignment (attempt 3/5)
2025-12-18 01:09:25 - shared_modules.data_collection.optimized_data_fetcher - ERROR - [FAIL] Exception for EPTUSDT_5: local variable 'retry_delay' referenced before assignment (attempt 4/5)
2025-12-18 01:09:25 - shared_modules.data_collection.optimized_data_fetcher - ERROR - [FAIL] Exception for EPTUSDT_5: local variable 'retry_delay' referenced before assignment (attempt 5/5)
2025-12-18 01:09:25 - shared_modules.data_collection.optimized_data_fetcher - ERROR - [FAIL] Failed to fetch EPTUSDT_5
2025-12-18 01:09:25 - shared_modules.data_collection.optimized_data_fetcher - WARNING - [FAIL] Rate limited for FLUIDUSDT_120 (attempt 1/5)
2025-12-18 01:09:25 - shared_modules.data_collection.optimized_data_fetcher - ERROR - [FAIL] Exception for FLUIDUSDT_120: local variable 'retry_delay' referenced before assignment (attempt 2/5)
2025-12-18 01:09:25 - shared_modules.data_collection.optimized_data_fetcher - ERROR - [FAIL] Exception for FLUIDUSDT_120: local variable 'retry_delay' referenced before assignment (attempt 3/5)
2025-12-18 01:09:25 - shared_modules.data_collection.optimized_data_fetcher - ERROR - [FAIL] Exception for FLUIDUSDT_120: local variable 'retry_delay' referenced before assignment (attempt 4/5)
2025-12-18 01:09:25 - shared_modules.data_collection.optimized_data_fetcher - ERROR - [FAIL] Exception for FLUIDUSDT_120: local variable 'retry_delay' referenced before assignment (attempt 5/5)
2025-12-18 01:09:25 - shared_modules.data_collection.optimized_data_fetcher - ERROR - [FAIL] Failed to fetch FLUIDUSDT_120
2025-12-18 01:09:25 - shared_modules.data_collection.optimized_data_fetcher - WARNING - [FAIL] Rate limited for FLUXUSDT_15 (attempt 1/5)
2025-12-18 01:09:25 - shared_modules.data_collection.optimized_data_fetcher - ERROR - [FAIL] Exception for FLUXUSDT_15: local variable 'retry_delay' referenced before assignment (attempt 2/5)
2025-12-18 01:09:25 - shared_modules.data_collection.optimized_data_fetcher - ERROR - [FAIL] Exception for FLUXUSDT_15: local variable 'retry_delay' referenced before assignment (attempt 3/5)
2025-12-18 01:09:25 - shared_modules.data_collection.optimized_data_fetcher - ERROR - [FAIL] Exception for FLUXUSDT_15: local variable 'retry_delay' referenced before assignment (attempt 4/5)
2025-12-18 01:09:25 - shared_modules.data_collection.optimized_data_fetcher - ERROR - [FAIL] Exception for FLUXUSDT_15: local variable 'retry_delay' referenced before assignment (attempt 5/5)
2025-12-18 01:09:25 - shared_modules.data_collection.optimized_data_fetcher - ERROR - [FAIL] Failed to fetch FLUXUSDT_15
2025-12-18 01:09:25 - shared_modules.data_collection.optimized_data_fetcher - WARNING - [FAIL] Rate limited for FLOCKUSDT_1 (attempt 1/5)
2025-12-18 01:09:25 - shared_modules.data_collection.optimized_data_fetcher - ERROR - [FAIL] Exception for FLOCKUSDT_1: local variable 'retry_delay' referenced before assignment (attempt 2/5)
2025-12-18 01:09:25 - shared_modules.data_collection.optimized_data_fetcher - ERROR - [FAIL] Exception for FLOCKUSDT_1: local variable 'retry_delay' referenced before assignment (attempt 3/5)
2025-12-18 01:09:25 - shared_modules.data_collection.optimized_data_fetcher - ERROR - [FAIL] Exception for FLOCKUSDT_1: local variable 'retry_delay' referenced before assignment (attempt 4/5)
2025-12-18 01:09:25 - shared_modules.data_collection.optimized_data_fetcher - ERROR - [FAIL] Exception for FLOCKUSDT_1: local variable 'retry_delay' referenced before assignment (attempt 5/5)
2025-12-18 01:09:25 - shared_modules.data_collection.optimized_data_fetcher - ERROR - [FAIL] Failed to fetch FLOCKUSDT_1
2025-12-18 01:09:29 - shared_modules.data_collection.optimized_data_fetcher - WARNING - [FAIL] Rate limited for PYTHUSDT_240 (attempt 1/5)
2025-12-18 01:09:29 - shared_modules.data_collection.optimized_data_fetcher - ERROR - [FAIL] Exception for PYTHUSDT_240: local variable 'retry_delay' referenced before assignment (attempt 2/5)
2025-12-18 01:09:29 - shared_modules.data_collection.optimized_data_fetcher - ERROR - [FAIL] Exception for PYTHUSDT_240: local variable 'retry_delay' referenced before assignment (attempt 3/5)
2025-12-18 01:09:29 - shared_modules.data_collection.optimized_data_fetcher - ERROR - [FAIL] Exception for PYTHUSDT_240: local variable 'retry_delay' referenced before assignment (attempt 4/5)
2025-12-18 01:09:29 - shared_modules.data_collection.optimized_data_fetcher - ERROR - [FAIL] Exception for PYTHUSDT_240: local variable 'retry_delay' referenced before assignment (attempt 5/5)
2025-12-18 01:09:29 - shared_modules.data_collection.optimized_data_fetcher - ERROR - [FAIL] Failed to fetch PYTHUSDT_240
2025-12-18 01:09:29 - shared_modules.data_collection.optimized_data_fetcher - WARNING - [FAIL] Rate limited for RAREUSDT_120 (attempt 1/5)
2025-12-18 01:09:29 - shared_modules.data_collection.optimized_data_fetcher - ERROR - [FAIL] Exception for RAREUSDT_120: local variable 'retry_delay' referenced before assignment (attempt 2/5)
2025-12-18 01:09:29 - shared_modules.data_collection.optimized_data_fetcher - ERROR - [FAIL] Exception for RAREUSDT_120: local variable 'retry_delay' referenced before assignment (attempt 3/5)
2025-12-18 01:09:29 - shared_modules.data_collection.optimized_data_fetcher - ERROR - [FAIL] Exception for RAREUSDT_120: local variable 'retry_delay' referenced before assignment (attempt 4/5)
2025-12-18 01:09:29 - shared_modules.data_collection.optimized_data_fetcher - ERROR - [FAIL] Exception for RAREUSDT_120: local variable 'retry_delay' referenced before assignment (attempt 5/5)
2025-12-18 01:09:29 - shared_modules.data_collection.optimized_data_fetcher - ERROR - [FAIL] Failed to fetch RAREUSDT_120
2025-12-18 01:09:29 - shared_modules.data_collection.optimized_data_fetcher - WARNING - [FAIL] Rate limited for QUSDT_5 (attempt 1/5)
2025-12-18 01:09:29 - shared_modules.data_collection.optimized_data_fetcher - ERROR - [FAIL] Exception for QUSDT_5: local variable 'retry_delay' referenced before assignment (attempt 2/5)
2025-12-18 01:09:29 - shared_modules.data_collection.optimized_data_fetcher - ERROR - [FAIL] Exception for QUSDT_5: local variable 'retry_delay' referenced before assignment (attempt 3/5)
2025-12-18 01:09:29 - shared_modules.data_collection.optimized_data_fetcher - ERROR - [FAIL] Exception for QUSDT_5: local variable 'retry_delay' referenced before assignment (attempt 4/5)
2025-12-18 01:09:29 - shared_modules.data_collection.optimized_data_fetcher - ERROR - [FAIL] Exception for QUSDT_5: local variable 'retry_delay' referenced before assignment (attempt 5/5)
2025-12-18 01:09:29 - shared_modules.data_collection.optimized_data_fetcher - ERROR - [FAIL] Failed to fetch QUSDT_5
2025-12-18 01:09:29 - shared_modules.data_collection.optimized_data_fetcher - WARNING - [FAIL] Rate limited for PONKEUSDT_1 (attempt 1/5)
2025-12-18 01:09:29 - shared_modules.data_collection.optimized_data_fetcher - ERROR - [FAIL] Exception for PONKEUSDT_1: local variable 'retry_delay' referenced before assignment (attempt 2/5)
2025-12-18 01:09:29 - shared_modules.data_collection.optimized_data_fetcher - ERROR - [FAIL] Exception for PONKEUSDT_1: local variable 'retry_delay' referenced before assignment (attempt 3/5)
2025-12-18 01:09:29 - shared_modules.data_collection.optimized_data_fetcher - ERROR - [FAIL] Exception for PONKEUSDT_1: local variable 'retry_delay' referenced before assignment (attempt 4/5)
2025-12-18 01:09:29 - shared_modules.data_collection.optimized_data_fetcher - ERROR - [FAIL] Exception for PONKEUSDT_1: local variable 'retry_delay' referenced before assignment (attempt 5/5)
2025-12-18 01:09:29 - shared_modules.data_collection.optimized_data_fetcher - ERROR - [FAIL] Failed to fetch PONKEUSDT_1
2025-12-18 01:09:29 - shared_modules.data_collection.optimized_data_fetcher - WARNING - [FAIL] Rate limited for RDNTUSDT_1 (attempt 1/5)
2025-12-18 01:09:29 - shared_modules.data_collection.optimized_data_fetcher - ERROR - [FAIL] Exception for RDNTUSDT_1: local variable 'retry_delay' referenced before assignment (attempt 2/5)
2025-12-18 01:09:29 - shared_modules.data_collection.optimized_data_fetcher - ERROR - [FAIL] Exception for RDNTUSDT_1: local variable 'retry_delay' referenced before assignment (attempt 3/5)
2025-12-18 01:09:29 - shared_modules.data_collection.optimized_data_fetcher - ERROR - [FAIL] Exception for RDNTUSDT_1: local variable 'retry_delay' referenced before assignment (attempt 4/5)
2025-12-18 01:09:29 - shared_modules.data_collection.optimized_data_fetcher - ERROR - [FAIL] Exception for RDNTUSDT_1: local variable 'retry_delay' referenced before assignment (attempt 5/5)
2025-12-18 01:09:29 - shared_modules.data_collection.optimized_data_fetcher - ERROR - [FAIL] Failed to fetch RDNTUSDT_1
2025-12-18 01:09:29 - shared_modules.data_collection.optimized_data_fetcher - WARNING - [FAIL] Rate limited for REQUSDT_240 (attempt 1/5)
2025-12-18 01:09:29 - shared_modules.data_collection.optimized_data_fetcher - ERROR - [FAIL] Exception for REQUSDT_240: local variable 'retry_delay' referenced before assignment (attempt 2/5)
2025-12-18 01:09:29 - shared_modules.data_collection.optimized_data_fetcher - ERROR - [FAIL] Exception for REQUSDT_240: local variable 'retry_delay' referenced before assignment (attempt 3/5)
2025-12-18 01:09:29 - shared_modules.data_collection.optimized_data_fetcher - ERROR - [FAIL] Exception for REQUSDT_240: local variable 'retry_delay' referenced before assignment (attempt 4/5)
2025-12-18 01:09:29 - shared_modules.data_collection.optimized_data_fetcher - ERROR - [FAIL] Exception for REQUSDT_240: local variable 'retry_delay' referenced before assignment (attempt 5/5)
2025-12-18 01:09:29 - shared_modules.data_collection.optimized_data_fetcher - ERROR - [FAIL] Failed to fetch REQUSDT_240
2025-12-18 01:09:29 - shared_modules.data_collection.optimized_data_fetcher - WARNING - [FAIL] Rate limited for REQUSDT_120 (attempt 1/5)
2025-12-18 01:09:29 - shared_modules.data_collection.optimized_data_fetcher - ERROR - [FAIL] Exception for REQUSDT_120: local variable 'retry_delay' referenced before assignment (attempt 2/5)
2025-12-18 01:09:29 - shared_modules.data_collection.optimized_data_fetcher - ERROR - [FAIL] Exception for REQUSDT_120: local variable 'retry_delay' referenced before assignment (attempt 3/5)
2025-12-18 01:09:29 - shared_modules.data_collection.optimized_data_fetcher - ERROR - [FAIL] Exception for REQUSDT_120: local variable 'retry_delay' referenced before assignment (attempt 4/5)
2025-12-18 01:09:29 - shared_modules.data_collection.optimized_data_fetcher - ERROR - [FAIL] Exception for REQUSDT_120: local variable 'retry_delay' referenced before assignment (attempt 5/5)
2025-12-18 01:09:29 - shared_modules.data_collection.optimized_data_fetcher - ERROR - [FAIL] Failed to fetch REQUSDT_120
2025-12-18 01:09:29 - shared_modules.data_collection.optimized_data_fetcher - WARNING - [FAIL] Rate limited for RIVERUSDT_1 (attempt 1/5)
2025-12-18 01:09:29 - shared_modules.data_collection.optimized_data_fetcher - ERROR - [FAIL] Exception for RIVERUSDT_1: local variable 'retry_delay' referenced before assignment (attempt 2/5)
2025-12-18 01:09:29 - shared_modules.data_collection.optimized_data_fetcher - ERROR - [FAIL] Exception for RIVERUSDT_1: local variable 'retry_delay' referenced before assignment (attempt 3/5)
2025-12-18 01:09:29 - shared_modules.data_collection.optimized_data_fetcher - ERROR - [FAIL] Exception for RIVERUSDT_1: local variable 'retry_delay' referenced before assignment (attempt 4/5)
2025-12-18 01:09:29 - shared_modules.data_collection.optimized_data_fetcher - ERROR - [FAIL] Exception for RIVERUSDT_1: local variable 'retry_delay' referenced before assignment (attempt 5/5)
2025-12-18 01:09:29 - shared_modules.data_collection.optimized_data_fetcher - ERROR - [FAIL] Failed to fetch RIVERUSDT_1
2025-12-18 01:09:29 - shared_modules.data_collection.optimized_data_fetcher - WARNING - [FAIL] Rate limited for RLCUSDT_240 (attempt 1/5)
2025-12-18 01:09:29 - shared_modules.data_collection.optimized_data_fetcher - ERROR - [FAIL] Exception for RLCUSDT_240: local variable 'retry_delay' referenced before assignment (attempt 2/5)
2025-12-18 01:09:29 - shared_modules.data_collection.optimized_data_fetcher - ERROR - [FAIL] Exception for RLCUSDT_240: local variable 'retry_delay' referenced before assignment (attempt 3/5)
2025-12-18 01:09:29 - shared_modules.data_collection.optimized_data_fetcher - ERROR - [FAIL] Exception for RLCUSDT_240: local variable 'retry_delay' referenced before assignment (attempt 4/5)
2025-12-18 01:09:29 - shared_modules.data_collection.optimized_data_fetcher - ERROR - [FAIL] Exception for RLCUSDT_240: local variable 'retry_delay' referenced before assignment (attempt 5/5)
2025-12-18 01:09:29 - shared_modules.data_collection.optimized_data_fetcher - ERROR - [FAIL] Failed to fetch RLCUSDT_240
2025-12-18 01:09:30 - shared_modules.data_collection.optimized_data_fetcher - WARNING - [FAIL] Rate limited for RLCUSDT_120 (attempt 1/5)
2025-12-18 01:09:30 - shared_modules.data_collection.optimized_data_fetcher - ERROR - [FAIL] Exception for RLCUSDT_120: local variable 'retry_delay' referenced before assignment (attempt 2/5)
2025-12-18 01:09:30 - shared_modules.data_collection.optimized_data_fetcher - ERROR - [FAIL] Exception for RLCUSDT_120: local variable 'retry_delay' referenced before assignment (attempt 3/5)
2025-12-18 01:09:30 - shared_modules.data_collection.optimized_data_fetcher - ERROR - [FAIL] Exception for RLCUSDT_120: local variable 'retry_delay' referenced before assignment (attempt 4/5)
2025-12-18 01:09:30 - shared_modules.data_collection.optimized_data_fetcher - ERROR - [FAIL] Exception for RLCUSDT_120: local variable 'retry_delay' referenced before assignment (attempt 5/5)
2025-12-18 01:09:30 - shared_modules.data_collection.optimized_data_fetcher - ERROR - [FAIL] Failed to fetch RLCUSDT_120
2025-12-18 01:09:30 - shared_modules.data_collection.optimized_data_fetcher - WARNING - [FAIL] Rate limited for RLSUSDT_60 (attempt 1/5)
2025-12-18 01:09:30 - shared_modules.data_collection.optimized_data_fetcher - ERROR - [FAIL] Exception for RLSUSDT_60: local variable 'retry_delay' referenced before assignment (attempt 2/5)
2025-12-18 01:09:30 - shared_modules.data_collection.optimized_data_fetcher - ERROR - [FAIL] Exception for RLSUSDT_60: local variable 'retry_delay' referenced before assignment (attempt 3/5)
2025-12-18 01:09:30 - shared_modules.data_collection.optimized_data_fetcher - ERROR - [FAIL] Exception for RLSUSDT_60: local variable 'retry_delay' referenced before assignment (attempt 4/5)
2025-12-18 01:09:30 - shared_modules.data_collection.optimized_data_fetcher - ERROR - [FAIL] Exception for RLSUSDT_60: local variable 'retry_delay' referenced before assignment (attempt 5/5)
2025-12-18 01:09:30 - shared_modules.data_collection.optimized_data_fetcher - ERROR - [FAIL] Failed to fetch RLSUSDT_60
2025-12-18 01:09:30 - shared_modules.data_collection.optimized_data_fetcher - WARNING - [FAIL] Rate limited for RLUSDUSDT_15 (attempt 1/5)
2025-12-18 01:09:30 - shared_modules.data_collection.optimized_data_fetcher - ERROR - [FAIL] Exception for RLUSDUSDT_15: local variable 'retry_delay' referenced before assignment (attempt 2/5)
2025-12-18 01:09:30 - shared_modules.data_collection.optimized_data_fetcher - ERROR - [FAIL] Exception for RLUSDUSDT_15: local variable 'retry_delay' referenced before assignment (attempt 3/5)
2025-12-18 01:09:30 - shared_modules.data_collection.optimized_data_fetcher - ERROR - [FAIL] Exception for RLUSDUSDT_15: local variable 'retry_delay' referenced before assignment (attempt 4/5)
2025-12-18 01:09:30 - shared_modules.data_collection.optimized_data_fetcher - ERROR - [FAIL] Exception for RLUSDUSDT_15: local variable 'retry_delay' referenced before assignment (attempt 5/5)
2025-12-18 01:09:30 - shared_modules.data_collection.optimized_data_fetcher - ERROR - [FAIL] Failed to fetch RLUSDUSDT_15
2025-12-18 01:09:30 - shared_modules.data_collection.optimized_data_fetcher - WARNING - [FAIL] Rate limited for ROAMUSDT_1 (attempt 1/5)
2025-12-18 01:09:30 - shared_modules.data_collection.optimized_data_fetcher - ERROR - [FAIL] Exception for ROAMUSDT_1: local variable 'retry_delay' referenced before assignment (attempt 2/5)
2025-12-18 01:09:30 - shared_modules.data_collection.optimized_data_fetcher - ERROR - [FAIL] Exception for ROAMUSDT_1: local variable 'retry_delay' referenced before assignment (attempt 3/5)
2025-12-18 01:09:30 - shared_modules.data_collection.optimized_data_fetcher - ERROR - [FAIL] Exception for ROAMUSDT_1: local variable 'retry_delay' referenced before assignment (attempt 4/5)
2025-12-18 01:09:30 - shared_modules.data_collection.optimized_data_fetcher - ERROR - [FAIL] Exception for ROAMUSDT_1: local variable 'retry_delay' referenced before assignment (attempt 5/5)
2025-12-18 01:09:30 - shared_modules.data_collection.optimized_data_fetcher - ERROR - [FAIL] Failed to fetch ROAMUSDT_1
2025-12-18 01:09:30 - shared_modules.data_collection.optimized_data_fetcher - WARNING - [FAIL] Rate limited for RONINUSDT_5 (attempt 1/5)
2025-12-18 01:09:30 - shared_modules.data_collection.optimized_data_fetcher - ERROR - [FAIL] Exception for RONINUSDT_5: local variable 'retry_delay' referenced before assignment (attempt 2/5)
2025-12-18 01:09:30 - shared_modules.data_collection.optimized_data_fetcher - ERROR - [FAIL] Exception for RONINUSDT_5: local variable 'retry_delay' referenced before assignment (attempt 3/5)
2025-12-18 01:09:30 - shared_modules.data_collection.optimized_data_fetcher - ERROR - [FAIL] Exception for RONINUSDT_5: local variable 'retry_delay' referenced before assignment (attempt 4/5)
2025-12-18 01:09:30 - shared_modules.data_collection.optimized_data_fetcher - ERROR - [FAIL] Exception for RONINUSDT_5: local variable 'retry_delay' referenced before assignment (attempt 5/5)
2025-12-18 01:09:30 - shared_modules.data_collection.optimized_data_fetcher - ERROR - [FAIL] Failed to fetch RONINUSDT_5
2025-12-18 01:09:30 - shared_modules.data_collection.optimized_data_fetcher - WARNING - [FAIL] Rate limited for RSRUSDT_240 (attempt 1/5)
2025-12-18 01:09:30 - shared_modules.data_collection.optimized_data_fetcher - ERROR - [FAIL] Exception for RSRUSDT_240: local variable 'retry_delay' referenced before assignment (attempt 2/5)
2025-12-18 01:09:30 - shared_modules.data_collection.optimized_data_fetcher - ERROR - [FAIL] Exception for RSRUSDT_240: local variable 'retry_delay' referenced before assignment (attempt 3/5)
2025-12-18 01:09:30 - shared_modules.data_collection.optimized_data_fetcher - ERROR - [FAIL] Exception for RSRUSDT_240: local variable 'retry_delay' referenced before assignment (attempt 4/5)
2025-12-18 01:09:30 - shared_modules.data_collection.optimized_data_fetcher - ERROR - [FAIL] Exception for RSRUSDT_240: local variable 'retry_delay' referenced before assignment (attempt 5/5)
2025-12-18 01:09:30 - shared_modules.data_collection.optimized_data_fetcher - ERROR - [FAIL] Failed to fetch RSRUSDT_240
2025-12-18 01:09:30 - shared_modules.data_collection.optimized_data_fetcher - WARNING - [FAIL] Rate limited for RSRUSDT_5 (attempt 1/5)
2025-12-18 01:09:30 - shared_modules.data_collection.optimized_data_fetcher - ERROR - [FAIL] Exception for RSRUSDT_5: local variable 'retry_delay' referenced before assignment (attempt 2/5)
2025-12-18 01:09:30 - shared_modules.data_collection.optimized_data_fetcher - ERROR - [FAIL] Exception for RSRUSDT_5: local variable 'retry_delay' referenced before assignment (attempt 3/5)
2025-12-18 01:09:30 - shared_modules.data_collection.optimized_data_fetcher - ERROR - [FAIL] Exception for RSRUSDT_5: local variable 'retry_delay' referenced before assignment (attempt 4/5)
2025-12-18 01:09:30 - shared_modules.data_collection.optimized_data_fetcher - ERROR - [FAIL] Exception for RSRUSDT_5: local variable 'retry_delay' referenced before assignment (attempt 5/5)
2025-12-18 01:09:30 - shared_modules.data_collection.optimized_data_fetcher - ERROR - [FAIL] Failed to fetch RSRUSDT_5
2025-12-18 01:09:30 - shared_modules.data_collection.optimized_data_fetcher - WARNING - [FAIL] Rate limited for REDUSDT_1 (attempt 1/5)
2025-12-18 01:09:30 - shared_modules.data_collection.optimized_data_fetcher - ERROR - [FAIL] Exception for REDUSDT_1: local variable 'retry_delay' referenced before assignment (attempt 2/5)
2025-12-18 01:09:30 - shared_modules.data_collection.optimized_data_fetcher - ERROR - [FAIL] Exception for REDUSDT_1: local variable 'retry_delay' referenced before assignment (attempt 3/5)
2025-12-18 01:09:30 - shared_modules.data_collection.optimized_data_fetcher - ERROR - [FAIL] Exception for REDUSDT_1: local variable 'retry_delay' referenced before assignment (attempt 4/5)
2025-12-18 01:09:30 - shared_modules.data_collection.optimized_data_fetcher - ERROR - [FAIL] Exception for REDUSDT_1: local variable 'retry_delay' referenced before assignment (attempt 5/5)
2025-12-18 01:09:30 - shared_modules.data_collection.optimized_data_fetcher - ERROR - [FAIL] Failed to fetch REDUSDT_1
2025-12-18 01:09:30 - shared_modules.data_collection.optimized_data_fetcher - WARNING - [FAIL] Rate limited for SANDUSDT_1 (attempt 1/5)
2025-12-18 01:09:30 - shared_modules.data_collection.optimized_data_fetcher - ERROR - [FAIL] Exception for SANDUSDT_1: local variable 'retry_delay' referenced before assignment (attempt 2/5)
2025-12-18 01:09:30 - shared_modules.data_collection.optimized_data_fetcher - ERROR - [FAIL] Exception for SANDUSDT_1: local variable 'retry_delay' referenced before assignment (attempt 3/5)
2025-12-18 01:09:30 - shared_modules.data_collection.optimized_data_fetcher - ERROR - [FAIL] Exception for SANDUSDT_1: local variable 'retry_delay' referenced before assignment (attempt 4/5)
2025-12-18 01:09:30 - shared_modules.data_collection.optimized_data_fetcher - ERROR - [FAIL] Exception for SANDUSDT_1: local variable 'retry_delay' referenced before assignment (attempt 5/5)
2025-12-18 01:09:30 - shared_modules.data_collection.optimized_data_fetcher - ERROR - [FAIL] Failed to fetch SANDUSDT_1
2025-12-18 01:09:30 - shared_modules.data_collection.optimized_data_fetcher - WARNING - [FAIL] Rate limited for SANDUSDT_60 (attempt 1/5)
2025-12-18 01:09:30 - shared_modules.data_collection.optimized_data_fetcher - ERROR - [FAIL] Exception for SANDUSDT_60: local variable 'retry_delay' referenced before assignment (attempt 2/5)
2025-12-18 01:09:30 - shared_modules.data_collection.optimized_data_fetcher - ERROR - [FAIL] Exception for SANDUSDT_60: local variable 'retry_delay' referenced before assignment (attempt 3/5)
2025-12-18 01:09:30 - shared_modules.data_collection.optimized_data_fetcher - ERROR - [FAIL] Exception for SANDUSDT_60: local variable 'retry_delay' referenced before assignment (attempt 4/5)
2025-12-18 01:09:30 - shared_modules.data_collection.optimized_data_fetcher - ERROR - [FAIL] Exception for SANDUSDT_60: local variable 'retry_delay' referenced before assignment (attempt 5/5)
2025-12-18 01:09:30 - shared_modules.data_collection.optimized_data_fetcher - ERROR - [FAIL] Failed to fetch SANDUSDT_60
2025-12-18 01:09:30 - shared_modules.data_collection.optimized_data_fetcher - WARNING - [FAIL] Rate limited for SAFEUSDT_1 (attempt 1/5)
2025-12-18 01:09:30 - shared_modules.data_collection.optimized_data_fetcher - ERROR - [FAIL] Exception for SAFEUSDT_1: local variable 'retry_delay' referenced before assignment (attempt 2/5)
2025-12-18 01:09:30 - shared_modules.data_collection.optimized_data_fetcher - ERROR - [FAIL] Exception for SAFEUSDT_1: local variable 'retry_delay' referenced before assignment (attempt 3/5)
2025-12-18 01:09:30 - shared_modules.data_collection.optimized_data_fetcher - ERROR - [FAIL] Exception for SAFEUSDT_1: local variable 'retry_delay' referenced before assignment (attempt 4/5)
2025-12-18 01:09:30 - shared_modules.data_collection.optimized_data_fetcher - ERROR - [FAIL] Exception for SAFEUSDT_1: local variable 'retry_delay' referenced before assignment (attempt 5/5)
2025-12-18 01:09:30 - shared_modules.data_collection.optimized_data_fetcher - ERROR - [FAIL] Failed to fetch SAFEUSDT_1
2025-12-18 01:09:30 - shared_modules.data_collection.optimized_data_fetcher - WARNING - [FAIL] Rate limited for SCUSDT_5 (attempt 1/5)
2025-12-18 01:09:30 - shared_modules.data_collection.optimized_data_fetcher - ERROR - [FAIL] Exception for SCUSDT_5: local variable 'retry_delay' referenced before assignment (attempt 2/5)
2025-12-18 01:09:30 - shared_modules.data_collection.optimized_data_fetcher - ERROR - [FAIL] Exception for SCUSDT_5: local variable 'retry_delay' referenced before assignment (attempt 3/5)
2025-12-18 01:09:30 - shared_modules.data_collection.optimized_data_fetcher - ERROR - [FAIL] Exception for SCUSDT_5: local variable 'retry_delay' referenced before assignment (attempt 4/5)
2025-12-18 01:09:30 - shared_modules.data_collection.optimized_data_fetcher - ERROR - [FAIL] Exception for SCUSDT_5: local variable 'retry_delay' referenced before assignment (attempt 5/5)
2025-12-18 01:09:30 - shared_modules.data_collection.optimized_data_fetcher - ERROR - [FAIL] Failed to fetch SCUSDT_5
2025-12-18 01:09:30 - shared_modules.data_collection.optimized_data_fetcher - WARNING - [FAIL] Rate limited for SCRUSDT_240 (attempt 1/5)
2025-12-18 01:09:30 - shared_modules.data_collection.optimized_data_fetcher - ERROR - [FAIL] Exception for SCRUSDT_240: local variable 'retry_delay' referenced before assignment (attempt 2/5)
2025-12-18 01:09:30 - shared_modules.data_collection.optimized_data_fetcher - ERROR - [FAIL] Exception for SCRUSDT_240: local variable 'retry_delay' referenced before assignment (attempt 3/5)
2025-12-18 01:09:30 - shared_modules.data_collection.optimized_data_fetcher - ERROR - [FAIL] Exception for SCRUSDT_240: local variable 'retry_delay' referenced before assignment (attempt 4/5)
2025-12-18 01:09:30 - shared_modules.data_collection.optimized_data_fetcher - ERROR - [FAIL] Exception for SCRUSDT_240: local variable 'retry_delay' referenced before assignment (attempt 5/5)
2025-12-18 01:09:30 - shared_modules.data_collection.optimized_data_fetcher - ERROR - [FAIL] Failed to fetch SCRUSDT_240
2025-12-18 01:09:30 - shared_modules.data_collection.optimized_data_fetcher - WARNING - [FAIL] Rate limited for RLCUSDT_5 (attempt 1/5)
2025-12-18 01:09:30 - shared_modules.data_collection.optimized_data_fetcher - ERROR - [FAIL] Exception for RLCUSDT_5: local variable 'retry_delay' referenced before assignment (attempt 2/5)
2025-12-18 01:09:30 - shared_modules.data_collection.optimized_data_fetcher - ERROR - [FAIL] Exception for RLCUSDT_5: local variable 'retry_delay' referenced before assignment (attempt 3/5)
2025-12-18 01:09:30 - shared_modules.data_collection.optimized_data_fetcher - ERROR - [FAIL] Exception for RLCUSDT_5: local variable 'retry_delay' referenced before assignment (attempt 4/5)
2025-12-18 01:09:30 - shared_modules.data_collection.optimized_data_fetcher - ERROR - [FAIL] Exception for RLCUSDT_5: local variable 'retry_delay' referenced before assignment (attempt 5/5)
2025-12-18 01:09:30 - shared_modules.data_collection.optimized_data_fetcher - ERROR - [FAIL] Failed to fetch RLCUSDT_5
2025-12-18 01:09:30 - shared_modules.data_collection.optimized_data_fetcher - WARNING - [FAIL] Rate limited for RIVERUSDT_240 (attempt 1/5)
2025-12-18 01:09:30 - shared_modules.data_collection.optimized_data_fetcher - ERROR - [FAIL] Exception for RIVERUSDT_240: local variable 'retry_delay' referenced before assignment (attempt 2/5)
2025-12-18 01:09:30 - shared_modules.data_collection.optimized_data_fetcher - ERROR - [FAIL] Exception for RIVERUSDT_240: local variable 'retry_delay' referenced before assignment (attempt 3/5)
2025-12-18 01:09:30 - shared_modules.data_collection.optimized_data_fetcher - ERROR - [FAIL] Exception for RIVERUSDT_240: local variable 'retry_delay' referenced before assignment (attempt 4/5)
2025-12-18 01:09:30 - shared_modules.data_collection.optimized_data_fetcher - ERROR - [FAIL] Exception for RIVERUSDT_240: local variable 'retry_delay' referenced before assignment (attempt 5/5)
2025-12-18 01:09:30 - shared_modules.data_collection.optimized_data_fetcher - ERROR - [FAIL] Failed to fetch RIVERUSDT_240
2025-12-18 01:09:30 - shared_modules.data_collection.optimized_data_fetcher - WARNING - [FAIL] Rate limited for SCUSDT_240 (attempt 1/5)
2025-12-18 01:09:30 - shared_modules.data_collection.optimized_data_fetcher - ERROR - [FAIL] Exception for SCUSDT_240: local variable 'retry_delay' referenced before assignment (attempt 2/5)
2025-12-18 01:09:30 - shared_modules.data_collection.optimized_data_fetcher - ERROR - [FAIL] Exception for SCUSDT_240: local variable 'retry_delay' referenced before assignment (attempt 3/5)
2025-12-18 01:09:30 - shared_modules.data_collection.optimized_data_fetcher - ERROR - [FAIL] Exception for SCUSDT_240: local variable 'retry_delay' referenced before assignment (attempt 4/5)
2025-12-18 01:09:30 - shared_modules.data_collection.optimized_data_fetcher - ERROR - [FAIL] Exception for SCUSDT_240: local variable 'retry_delay' referenced before assignment (attempt 5/5)
2025-12-18 01:09:30 - shared_modules.data_collection.optimized_data_fetcher - ERROR - [FAIL] Failed to fetch SCUSDT_240
2025-12-18 01:09:30 - shared_modules.data_collection.optimized_data_fetcher - WARNING - [FAIL] Rate limited for SEIUSDT_1 (attempt 1/5)
2025-12-18 01:09:30 - shared_modules.data_collection.optimized_data_fetcher - ERROR - [FAIL] Exception for SEIUSDT_1: local variable 'retry_delay' referenced before assignment (attempt 2/5)
2025-12-18 01:09:30 - shared_modules.data_collection.optimized_data_fetcher - ERROR - [FAIL] Exception for SEIUSDT_1: local variable 'retry_delay' referenced before assignment (attempt 3/5)
2025-12-18 01:09:30 - shared_modules.data_collection.optimized_data_fetcher - ERROR - [FAIL] Exception for SEIUSDT_1: local variable 'retry_delay' referenced before assignment (attempt 4/5)
2025-12-18 01:09:30 - shared_modules.data_collection.optimized_data_fetcher - ERROR - [FAIL] Exception for SEIUSDT_1: local variable 'retry_delay' referenced before assignment (attempt 5/5)
2025-12-18 01:09:30 - shared_modules.data_collection.optimized_data_fetcher - ERROR - [FAIL] Failed to fetch SEIUSDT_1
2025-12-18 01:09:30 - shared_modules.data_collection.optimized_data_fetcher - WARNING - [FAIL] Rate limited for RSRUSDT_60 (attempt 1/5)
2025-12-18 01:09:30 - shared_modules.data_collection.optimized_data_fetcher - ERROR - [FAIL] Exception for RSRUSDT_60: local variable 'retry_delay' referenced before assignment (attempt 2/5)
2025-12-18 01:09:30 - shared_modules.data_collection.optimized_data_fetcher - ERROR - [FAIL] Exception for RSRUSDT_60: local variable 'retry_delay' referenced before assignment (attempt 3/5)
2025-12-18 01:09:30 - shared_modules.data_collection.optimized_data_fetcher - ERROR - [FAIL] Exception for RSRUSDT_60: local variable 'retry_delay' referenced before assignment (attempt 4/5)
2025-12-18 01:09:30 - shared_modules.data_collection.optimized_data_fetcher - ERROR - [FAIL] Exception for RSRUSDT_60: local variable 'retry_delay' referenced before assignment (attempt 5/5)
2025-12-18 01:09:30 - shared_modules.data_collection.optimized_data_fetcher - ERROR - [FAIL] Failed to fetch RSRUSDT_60
2025-12-18 01:09:30 - shared_modules.data_collection.optimized_data_fetcher - WARNING - [FAIL] Rate limited for SDUSDT_240 (attempt 1/5)
2025-12-18 01:09:30 - shared_modules.data_collection.optimized_data_fetcher - ERROR - [FAIL] Exception for SDUSDT_240: local variable 'retry_delay' referenced before assignment (attempt 2/5)
2025-12-18 01:09:30 - shared_modules.data_collection.optimized_data_fetcher - ERROR - [FAIL] Exception for SDUSDT_240: local variable 'retry_delay' referenced before assignment (attempt 3/5)
2025-12-18 01:09:30 - shared_modules.data_collection.optimized_data_fetcher - ERROR - [FAIL] Exception for SDUSDT_240: local variable 'retry_delay' referenced before assignment (attempt 4/5)
2025-12-18 01:09:30 - shared_modules.data_collection.optimized_data_fetcher - ERROR - [FAIL] Exception for SDUSDT_240: local variable 'retry_delay' referenced before assignment (attempt 5/5)
2025-12-18 01:09:30 - shared_modules.data_collection.optimized_data_fetcher - ERROR - [FAIL] Failed to fetch SDUSDT_240
2025-12-18 01:09:30 - shared_modules.data_collection.optimized_data_fetcher - WARNING - [FAIL] Rate limited for SDUSDT_5 (attempt 1/5)
2025-12-18 01:09:30 - shared_modules.data_collection.optimized_data_fetcher - ERROR - [FAIL] Exception for SDUSDT_5: local variable 'retry_delay' referenced before assignment (attempt 2/5)
2025-12-18 01:09:30 - shared_modules.data_collection.optimized_data_fetcher - ERROR - [FAIL] Exception for SDUSDT_5: local variable 'retry_delay' referenced before assignment (attempt 3/5)
2025-12-18 01:09:30 - shared_modules.data_collection.optimized_data_fetcher - ERROR - [FAIL] Exception for SDUSDT_5: local variable 'retry_delay' referenced before assignment (attempt 4/5)
2025-12-18 01:09:30 - shared_modules.data_collection.optimized_data_fetcher - ERROR - [FAIL] Exception for SDUSDT_5: local variable 'retry_delay' referenced before assignment (attempt 5/5)
2025-12-18 01:09:30 - shared_modules.data_collection.optimized_data_fetcher - ERROR - [FAIL] Failed to fetch SDUSDT_5
2025-12-18 01:09:30 - shared_modules.data_collection.optimized_data_fetcher - WARNING - [FAIL] Rate limited for SFPUSDT_15 (attempt 1/5)
2025-12-18 01:09:30 - shared_modules.data_collection.optimized_data_fetcher - ERROR - [FAIL] Exception for SFPUSDT_15: local variable 'retry_delay' referenced before assignment (attempt 2/5)
2025-12-18 01:09:30 - shared_modules.data_collection.optimized_data_fetcher - ERROR - [FAIL] Exception for SFPUSDT_15: local variable 'retry_delay' referenced before assignment (attempt 3/5)
2025-12-18 01:09:30 - shared_modules.data_collection.optimized_data_fetcher - ERROR - [FAIL] Exception for SFPUSDT_15: local variable 'retry_delay' referenced before assignment (attempt 4/5)
2025-12-18 01:09:30 - shared_modules.data_collection.optimized_data_fetcher - ERROR - [FAIL] Exception for SFPUSDT_15: local variable 'retry_delay' referenced before assignment (attempt 5/5)
2025-12-18 01:09:30 - shared_modules.data_collection.optimized_data_fetcher - ERROR - [FAIL] Failed to fetch SFPUSDT_15
2025-12-18 01:09:30 - shared_modules.data_collection.optimized_data_fetcher - WARNING - [FAIL] Rate limited for SHELLUSDT_60 (attempt 1/5)
2025-12-18 01:09:30 - shared_modules.data_collection.optimized_data_fetcher - ERROR - [FAIL] Exception for SHELLUSDT_60: local variable 'retry_delay' referenced before assignment (attempt 2/5)
2025-12-18 01:09:30 - shared_modules.data_collection.optimized_data_fetcher - ERROR - [FAIL] Exception for SHELLUSDT_60: local variable 'retry_delay' referenced before assignment (attempt 3/5)
2025-12-18 01:09:30 - shared_modules.data_collection.optimized_data_fetcher - ERROR - [FAIL] Exception for SHELLUSDT_60: local variable 'retry_delay' referenced before assignment (attempt 4/5)
2025-12-18 01:09:30 - shared_modules.data_collection.optimized_data_fetcher - ERROR - [FAIL] Exception for SHELLUSDT_60: local variable 'retry_delay' referenced before assignment (attempt 5/5)
2025-12-18 01:09:30 - shared_modules.data_collection.optimized_data_fetcher - ERROR - [FAIL] Failed to fetch SHELLUSDT_60
2025-12-18 01:09:30 - shared_modules.data_collection.optimized_data_fetcher - WARNING - [FAIL] Rate limited for SHELLUSDT_5 (attempt 1/5)
2025-12-18 01:09:30 - shared_modules.data_collection.optimized_data_fetcher - ERROR - [FAIL] Exception for SHELLUSDT_5: local variable 'retry_delay' referenced before assignment (attempt 2/5)
2025-12-18 01:09:30 - shared_modules.data_collection.optimized_data_fetcher - ERROR - [FAIL] Exception for SHELLUSDT_5: local variable 'retry_delay' referenced before assignment (attempt 3/5)
2025-12-18 01:09:30 - shared_modules.data_collection.optimized_data_fetcher - ERROR - [FAIL] Exception for SHELLUSDT_5: local variable 'retry_delay' referenced before assignment (attempt 4/5)
2025-12-18 01:09:30 - shared_modules.data_collection.optimized_data_fetcher - ERROR - [FAIL] Exception for SHELLUSDT_5: local variable 'retry_delay' referenced before assignment (attempt 5/5)
2025-12-18 01:09:30 - shared_modules.data_collection.optimized_data_fetcher - ERROR - [FAIL] Failed to fetch SHELLUSDT_5
2025-12-18 01:09:31 - shared_modules.data_collection.optimized_data_fetcher - WARNING - [FAIL] Rate limited for SHIB1000USDT_5 (attempt 1/5)
2025-12-18 01:09:31 - shared_modules.data_collection.optimized_data_fetcher - ERROR - [FAIL] Exception for SHIB1000USDT_5: local variable 'retry_delay' referenced before assignment (attempt 2/5)
2025-12-18 01:09:31 - shared_modules.data_collection.optimized_data_fetcher - ERROR - [FAIL] Exception for SHIB1000USDT_5: local variable 'retry_delay' referenced before assignment (attempt 3/5)
2025-12-18 01:09:31 - shared_modules.data_collection.optimized_data_fetcher - ERROR - [FAIL] Exception for SHIB1000USDT_5: local variable 'retry_delay' referenced before assignment (attempt 4/5)
2025-12-18 01:09:31 - shared_modules.data_collection.optimized_data_fetcher - ERROR - [FAIL] Exception for SHIB1000USDT_5: local variable 'retry_delay' referenced before assignment (attempt 5/5)
2025-12-18 01:09:31 - shared_modules.data_collection.optimized_data_fetcher - ERROR - [FAIL] Failed to fetch SHIB1000USDT_5
2025-12-18 01:09:31 - shared_modules.data_collection.optimized_data_fetcher - WARNING - [FAIL] Rate limited for SHIB1000USDT_120 (attempt 1/5)
2025-12-18 01:09:31 - shared_modules.data_collection.optimized_data_fetcher - ERROR - [FAIL] Exception for SHIB1000USDT_120: local variable 'retry_delay' referenced before assignment (attempt 2/5)
2025-12-18 01:09:31 - shared_modules.data_collection.optimized_data_fetcher - ERROR - [FAIL] Exception for SHIB1000USDT_120: local variable 'retry_delay' referenced before assignment (attempt 3/5)
2025-12-18 01:09:31 - shared_modules.data_collection.optimized_data_fetcher - ERROR - [FAIL] Exception for SHIB1000USDT_120: local variable 'retry_delay' referenced before assignment (attempt 4/5)
2025-12-18 01:09:31 - shared_modules.data_collection.optimized_data_fetcher - ERROR - [FAIL] Exception for SHIB1000USDT_120: local variable 'retry_delay' referenced before assignment (attempt 5/5)
2025-12-18 01:09:31 - shared_modules.data_collection.optimized_data_fetcher - ERROR - [FAIL] Failed to fetch SHIB1000USDT_120
2025-12-18 01:09:31 - shared_modules.data_collection.optimized_data_fetcher - WARNING - [FAIL] Rate limited for SIGNUSDT_5 (attempt 1/5)
2025-12-18 01:09:31 - shared_modules.data_collection.optimized_data_fetcher - ERROR - [FAIL] Exception for SIGNUSDT_5: local variable 'retry_delay' referenced before assignment (attempt 2/5)
2025-12-18 01:09:31 - shared_modules.data_collection.optimized_data_fetcher - ERROR - [FAIL] Exception for SIGNUSDT_5: local variable 'retry_delay' referenced before assignment (attempt 3/5)
2025-12-18 01:09:31 - shared_modules.data_collection.optimized_data_fetcher - ERROR - [FAIL] Exception for SIGNUSDT_5: local variable 'retry_delay' referenced before assignment (attempt 4/5)
2025-12-18 01:09:31 - shared_modules.data_collection.optimized_data_fetcher - ERROR - [FAIL] Exception for SIGNUSDT_5: local variable 'retry_delay' referenced before assignment (attempt 5/5)
2025-12-18 01:09:31 - shared_modules.data_collection.optimized_data_fetcher - ERROR - [FAIL] Failed to fetch SIGNUSDT_5
2025-12-18 01:09:31 - shared_modules.data_collection.optimized_data_fetcher - WARNING - [FAIL] Rate limited for SIGNUSDT_120 (attempt 1/5)
2025-12-18 01:09:31 - shared_modules.data_collection.optimized_data_fetcher - ERROR - [FAIL] Exception for SIGNUSDT_120: local variable 'retry_delay' referenced before assignment (attempt 2/5)
2025-12-18 01:09:31 - shared_modules.data_collection.optimized_data_fetcher - ERROR - [FAIL] Exception for SIGNUSDT_120: local variable 'retry_delay' referenced before assignment (attempt 3/5)
2025-12-18 01:09:31 - shared_modules.data_collection.optimized_data_fetcher - ERROR - [FAIL] Exception for SIGNUSDT_120: local variable 'retry_delay' referenced before assignment (attempt 4/5)
2025-12-18 01:09:31 - shared_modules.data_collection.optimized_data_fetcher - ERROR - [FAIL] Exception for SIGNUSDT_120: local variable 'retry_delay' referenced before assignment (attempt 5/5)
2025-12-18 01:09:31 - shared_modules.data_collection.optimized_data_fetcher - ERROR - [FAIL] Failed to fetch SIGNUSDT_120
2025-12-18 01:09:31 - shared_modules.data_collection.optimized_data_fetcher - WARNING - [FAIL] Rate limited for SHIB1000USDT_60 (attempt 1/5)
2025-12-18 01:09:31 - shared_modules.data_collection.optimized_data_fetcher - ERROR - [FAIL] Exception for SHIB1000USDT_60: local variable 'retry_delay' referenced before assignment (attempt 2/5)
2025-12-18 01:09:31 - shared_modules.data_collection.optimized_data_fetcher - ERROR - [FAIL] Exception for SHIB1000USDT_60: local variable 'retry_delay' referenced before assignment (attempt 3/5)
2025-12-18 01:09:31 - shared_modules.data_collection.optimized_data_fetcher - ERROR - [FAIL] Exception for SHIB1000USDT_60: local variable 'retry_delay' referenced before assignment (attempt 4/5)
2025-12-18 01:09:31 - shared_modules.data_collection.optimized_data_fetcher - ERROR - [FAIL] Exception for SHIB1000USDT_60: local variable 'retry_delay' referenced before assignment (attempt 5/5)
2025-12-18 01:09:31 - shared_modules.data_collection.optimized_data_fetcher - ERROR - [FAIL] Failed to fetch SHIB1000USDT_60
2025-12-18 01:09:31 - shared_modules.data_collection.optimized_data_fetcher - WARNING - [FAIL] Rate limited for SIGNUSDT_60 (attempt 1/5)
2025-12-18 01:09:31 - shared_modules.data_collection.optimized_data_fetcher - ERROR - [FAIL] Exception for SIGNUSDT_60: local variable 'retry_delay' referenced before assignment (attempt 2/5)
2025-12-18 01:09:31 - shared_modules.data_collection.optimized_data_fetcher - ERROR - [FAIL] Exception for SIGNUSDT_60: local variable 'retry_delay' referenced before assignment (attempt 3/5)
2025-12-18 01:09:31 - shared_modules.data_collection.optimized_data_fetcher - ERROR - [FAIL] Exception for SIGNUSDT_60: local variable 'retry_delay' referenced before assignment (attempt 4/5)
2025-12-18 01:09:31 - shared_modules.data_collection.optimized_data_fetcher - ERROR - [FAIL] Exception for SIGNUSDT_60: local variable 'retry_delay' referenced before assignment (attempt 5/5)
2025-12-18 01:09:31 - shared_modules.data_collection.optimized_data_fetcher - ERROR - [FAIL] Failed to fetch SIGNUSDT_60
2025-12-18 01:09:31 - shared_modules.data_collection.optimized_data_fetcher - WARNING - [FAIL] Rate limited for SIRENUSDT_60 (attempt 1/5)
2025-12-18 01:09:31 - shared_modules.data_collection.optimized_data_fetcher - ERROR - [FAIL] Exception for SIRENUSDT_60: local variable 'retry_delay' referenced before assignment (attempt 2/5)
2025-12-18 01:09:31 - shared_modules.data_collection.optimized_data_fetcher - ERROR - [FAIL] Exception for SIRENUSDT_60: local variable 'retry_delay' referenced before assignment (attempt 3/5)
2025-12-18 01:09:31 - shared_modules.data_collection.optimized_data_fetcher - ERROR - [FAIL] Exception for SIRENUSDT_60: local variable 'retry_delay' referenced before assignment (attempt 4/5)
2025-12-18 01:09:31 - shared_modules.data_collection.optimized_data_fetcher - ERROR - [FAIL] Exception for SIRENUSDT_60: local variable 'retry_delay' referenced before assignment (attempt 5/5)
2025-12-18 01:09:31 - shared_modules.data_collection.optimized_data_fetcher - ERROR - [FAIL] Failed to fetch SIRENUSDT_60
2025-12-18 01:09:31 - shared_modules.data_collection.optimized_data_fetcher - WARNING - [FAIL] Rate limited for SKLUSDT_60 (attempt 1/5)
2025-12-18 01:09:31 - shared_modules.data_collection.optimized_data_fetcher - ERROR - [FAIL] Exception for SKLUSDT_60: local variable 'retry_delay' referenced before assignment (attempt 2/5)
2025-12-18 01:09:31 - shared_modules.data_collection.optimized_data_fetcher - ERROR - [FAIL] Exception for SKLUSDT_60: local variable 'retry_delay' referenced before assignment (attempt 3/5)
2025-12-18 01:09:31 - shared_modules.data_collection.optimized_data_fetcher - ERROR - [FAIL] Exception for SKLUSDT_60: local variable 'retry_delay' referenced before assignment (attempt 4/5)
2025-12-18 01:09:31 - shared_modules.data_collection.optimized_data_fetcher - ERROR - [FAIL] Exception for SKLUSDT_60: local variable 'retry_delay' referenced before assignment (attempt 5/5)
2025-12-18 01:09:31 - shared_modules.data_collection.optimized_data_fetcher - ERROR - [FAIL] Failed to fetch SKLUSDT_60
2025-12-18 01:09:31 - shared_modules.data_collection.optimized_data_fetcher - WARNING - [FAIL] Rate limited for SKLUSDT_1 (attempt 1/5)
2025-12-18 01:09:31 - shared_modules.data_collection.optimized_data_fetcher - ERROR - [FAIL] Exception for SKLUSDT_1: local variable 'retry_delay' referenced before assignment (attempt 2/5)
2025-12-18 01:09:31 - shared_modules.data_collection.optimized_data_fetcher - ERROR - [FAIL] Exception for SKLUSDT_1: local variable 'retry_delay' referenced before assignment (attempt 3/5)
2025-12-18 01:09:31 - shared_modules.data_collection.optimized_data_fetcher - ERROR - [FAIL] Exception for SKLUSDT_1: local variable 'retry_delay' referenced before assignment (attempt 4/5)
2025-12-18 01:09:31 - shared_modules.data_collection.optimized_data_fetcher - ERROR - [FAIL] Exception for SKLUSDT_1: local variable 'retry_delay' referenced before assignment (attempt 5/5)
2025-12-18 01:09:31 - shared_modules.data_collection.optimized_data_fetcher - ERROR - [FAIL] Failed to fetch SKLUSDT_1
2025-12-18 01:09:31 - shared_modules.data_collection.optimized_data_fetcher - WARNING - [FAIL] Rate limited for SKYUSDT_120 (attempt 1/5)
2025-12-18 01:09:31 - shared_modules.data_collection.optimized_data_fetcher - ERROR - [FAIL] Exception for SKYUSDT_120: local variable 'retry_delay' referenced before assignment (attempt 2/5)
2025-12-18 01:09:31 - shared_modules.data_collection.optimized_data_fetcher - ERROR - [FAIL] Exception for SKYUSDT_120: local variable 'retry_delay' referenced before assignment (attempt 3/5)
2025-12-18 01:09:31 - shared_modules.data_collection.optimized_data_fetcher - ERROR - [FAIL] Exception for SKYUSDT_120: local variable 'retry_delay' referenced before assignment (attempt 4/5)
2025-12-18 01:09:31 - shared_modules.data_collection.optimized_data_fetcher - ERROR - [FAIL] Exception for SKYUSDT_120: local variable 'retry_delay' referenced before assignment (attempt 5/5)
2025-12-18 01:09:31 - shared_modules.data_collection.optimized_data_fetcher - ERROR - [FAIL] Failed to fetch SKYUSDT_120
2025-12-18 01:09:31 - shared_modules.data_collection.optimized_data_fetcher - WARNING - [FAIL] Rate limited for SKYUSDT_240 (attempt 1/5)
2025-12-18 01:09:31 - shared_modules.data_collection.optimized_data_fetcher - ERROR - [FAIL] Exception for SKYUSDT_240: local variable 'retry_delay' referenced before assignment (attempt 2/5)
2025-12-18 01:09:31 - shared_modules.data_collection.optimized_data_fetcher - ERROR - [FAIL] Exception for SKYUSDT_240: local variable 'retry_delay' referenced before assignment (attempt 3/5)
2025-12-18 01:09:31 - shared_modules.data_collection.optimized_data_fetcher - ERROR - [FAIL] Exception for SKYUSDT_240: local variable 'retry_delay' referenced before assignment (attempt 4/5)
2025-12-18 01:09:31 - shared_modules.data_collection.optimized_data_fetcher - ERROR - [FAIL] Exception for SKYUSDT_240: local variable 'retry_delay' referenced before assignment (attempt 5/5)
2025-12-18 01:09:31 - shared_modules.data_collection.optimized_data_fetcher - ERROR - [FAIL] Failed to fetch SKYUSDT_240
2025-12-18 01:09:31 - shared_modules.data_collection.optimized_data_fetcher - WARNING - [FAIL] Rate limited for SKYAIUSDT_240 (attempt 1/5)
2025-12-18 01:09:31 - shared_modules.data_collection.optimized_data_fetcher - ERROR - [FAIL] Exception for SKYAIUSDT_240: local variable 'retry_delay' referenced before assignment (attempt 2/5)
2025-12-18 01:09:31 - shared_modules.data_collection.optimized_data_fetcher - ERROR - [FAIL] Exception for SKYAIUSDT_240: local variable 'retry_delay' referenced before assignment (attempt 3/5)
2025-12-18 01:09:31 - shared_modules.data_collection.optimized_data_fetcher - ERROR - [FAIL] Exception for SKYAIUSDT_240: local variable 'retry_delay' referenced before assignment (attempt 4/5)
2025-12-18 01:09:31 - shared_modules.data_collection.optimized_data_fetcher - ERROR - [FAIL] Exception for SKYAIUSDT_240: local variable 'retry_delay' referenced before assignment (attempt 5/5)
2025-12-18 01:09:31 - shared_modules.data_collection.optimized_data_fetcher - ERROR - [FAIL] Failed to fetch SKYAIUSDT_240
2025-12-18 01:09:31 - shared_modules.data_collection.optimized_data_fetcher - WARNING - [FAIL] Rate limited for SNXUSDT_5 (attempt 1/5)
2025-12-18 01:09:31 - shared_modules.data_collection.optimized_data_fetcher - ERROR - [FAIL] Exception for SNXUSDT_5: local variable 'retry_delay' referenced before assignment (attempt 2/5)
2025-12-18 01:09:31 - shared_modules.data_collection.optimized_data_fetcher - ERROR - [FAIL] Exception for SNXUSDT_5: local variable 'retry_delay' referenced before assignment (attempt 3/5)
2025-12-18 01:09:31 - shared_modules.data_collection.optimized_data_fetcher - ERROR - [FAIL] Exception for SNXUSDT_5: local variable 'retry_delay' referenced before assignment (attempt 4/5)
2025-12-18 01:09:31 - shared_modules.data_collection.optimized_data_fetcher - ERROR - [FAIL] Exception for SNXUSDT_5: local variable 'retry_delay' referenced before assignment (attempt 5/5)
2025-12-18 01:09:31 - shared_modules.data_collection.optimized_data_fetcher - ERROR - [FAIL] Failed to fetch SNXUSDT_5
2025-12-18 01:09:31 - shared_modules.data_collection.optimized_data_fetcher - WARNING - [FAIL] Rate limited for SOLUSDT_5 (attempt 1/5)
2025-12-18 01:09:31 - shared_modules.data_collection.optimized_data_fetcher - ERROR - [FAIL] Exception for SOLUSDT_5: local variable 'retry_delay' referenced before assignment (attempt 2/5)
2025-12-18 01:09:31 - shared_modules.data_collection.optimized_data_fetcher - ERROR - [FAIL] Exception for SOLUSDT_5: local variable 'retry_delay' referenced before assignment (attempt 3/5)
2025-12-18 01:09:31 - shared_modules.data_collection.optimized_data_fetcher - ERROR - [FAIL] Exception for SOLUSDT_5: local variable 'retry_delay' referenced before assignment (attempt 4/5)
2025-12-18 01:09:31 - shared_modules.data_collection.optimized_data_fetcher - ERROR - [FAIL] Exception for SOLUSDT_5: local variable 'retry_delay' referenced before assignment (attempt 5/5)
2025-12-18 01:09:31 - shared_modules.data_collection.optimized_data_fetcher - ERROR - [FAIL] Failed to fetch SOLUSDT_5
2025-12-18 01:09:31 - shared_modules.data_collection.optimized_data_fetcher - WARNING - [FAIL] Rate limited for SOLUSDT_60 (attempt 1/5)
2025-12-18 01:09:31 - shared_modules.data_collection.optimized_data_fetcher - ERROR - [FAIL] Exception for SOLUSDT_60: local variable 'retry_delay' referenced before assignment (attempt 2/5)
2025-12-18 01:09:31 - shared_modules.data_collection.optimized_data_fetcher - ERROR - [FAIL] Exception for SOLUSDT_60: local variable 'retry_delay' referenced before assignment (attempt 3/5)
2025-12-18 01:09:31 - shared_modules.data_collection.optimized_data_fetcher - ERROR - [FAIL] Exception for SOLUSDT_60: local variable 'retry_delay' referenced before assignment (attempt 4/5)
2025-12-18 01:09:31 - shared_modules.data_collection.optimized_data_fetcher - ERROR - [FAIL] Exception for SOLUSDT_60: local variable 'retry_delay' referenced before assignment (attempt 5/5)
2025-12-18 01:09:31 - shared_modules.data_collection.optimized_data_fetcher - ERROR - [FAIL] Failed to fetch SOLUSDT_60
2025-12-18 01:09:31 - shared_modules.data_collection.optimized_data_fetcher - WARNING - [FAIL] Rate limited for SOLVUSDT_120 (attempt 1/5)
2025-12-18 01:09:31 - shared_modules.data_collection.optimized_data_fetcher - ERROR - [FAIL] Exception for SOLVUSDT_120: local variable 'retry_delay' referenced before assignment (attempt 2/5)
2025-12-18 01:09:31 - shared_modules.data_collection.optimized_data_fetcher - ERROR - [FAIL] Exception for SOLVUSDT_120: local variable 'retry_delay' referenced before assignment (attempt 3/5)
2025-12-18 01:09:31 - shared_modules.data_collection.optimized_data_fetcher - ERROR - [FAIL] Exception for SOLVUSDT_120: local variable 'retry_delay' referenced before assignment (attempt 4/5)
2025-12-18 01:09:31 - shared_modules.data_collection.optimized_data_fetcher - ERROR - [FAIL] Exception for SOLVUSDT_120: local variable 'retry_delay' referenced before assignment (attempt 5/5)
2025-12-18 01:09:31 - shared_modules.data_collection.optimized_data_fetcher - ERROR - [FAIL] Failed to fetch SOLVUSDT_120
2025-12-18 01:09:31 - shared_modules.data_collection.optimized_data_fetcher - WARNING - [FAIL] Rate limited for SOLVUSDT_60 (attempt 1/5)
2025-12-18 01:09:31 - shared_modules.data_collection.optimized_data_fetcher - ERROR - [FAIL] Exception for SOLVUSDT_60: local variable 'retry_delay' referenced before assignment (attempt 2/5)
2025-12-18 01:09:31 - shared_modules.data_collection.optimized_data_fetcher - ERROR - [FAIL] Exception for SOLVUSDT_60: local variable 'retry_delay' referenced before assignment (attempt 3/5)
2025-12-18 01:09:31 - shared_modules.data_collection.optimized_data_fetcher - ERROR - [FAIL] Exception for SOLVUSDT_60: local variable 'retry_delay' referenced before assignment (attempt 4/5)
2025-12-18 01:09:31 - shared_modules.data_collection.optimized_data_fetcher - ERROR - [FAIL] Exception for SOLVUSDT_60: local variable 'retry_delay' referenced before assignment (attempt 5/5)
2025-12-18 01:09:31 - shared_modules.data_collection.optimized_data_fetcher - ERROR - [FAIL] Failed to fetch SOLVUSDT_60
2025-12-18 01:09:31 - shared_modules.data_collection.optimized_data_fetcher - WARNING - [FAIL] Rate limited for SOMIUSDT_60 (attempt 1/5)
2025-12-18 01:09:31 - shared_modules.data_collection.optimized_data_fetcher - ERROR - [FAIL] Exception for SOMIUSDT_60: local variable 'retry_delay' referenced before assignment (attempt 2/5)
2025-12-18 01:09:31 - shared_modules.data_collection.optimized_data_fetcher - ERROR - [FAIL] Exception for SOMIUSDT_60: local variable 'retry_delay' referenced before assignment (attempt 3/5)
2025-12-18 01:09:31 - shared_modules.data_collection.optimized_data_fetcher - ERROR - [FAIL] Exception for SOMIUSDT_60: local variable 'retry_delay' referenced before assignment (attempt 4/5)
2025-12-18 01:09:31 - shared_modules.data_collection.optimized_data_fetcher - ERROR - [FAIL] Exception for SOMIUSDT_60: local variable 'retry_delay' referenced before assignment (attempt 5/5)
2025-12-18 01:09:31 - shared_modules.data_collection.optimized_data_fetcher - ERROR - [FAIL] Failed to fetch SOMIUSDT_60
2025-12-18 01:09:31 - shared_modules.data_collection.optimized_data_fetcher - WARNING - [FAIL] Rate limited for SOMIUSDT_15 (attempt 1/5)
2025-12-18 01:09:31 - shared_modules.data_collection.optimized_data_fetcher - ERROR - [FAIL] Exception for SOMIUSDT_15: local variable 'retry_delay' referenced before assignment (attempt 2/5)
2025-12-18 01:09:31 - shared_modules.data_collection.optimized_data_fetcher - ERROR - [FAIL] Exception for SOMIUSDT_15: local variable 'retry_delay' referenced before assignment (attempt 3/5)
2025-12-18 01:09:31 - shared_modules.data_collection.optimized_data_fetcher - ERROR - [FAIL] Exception for SOMIUSDT_15: local variable 'retry_delay' referenced before assignment (attempt 4/5)
2025-12-18 01:09:31 - shared_modules.data_collection.optimized_data_fetcher - ERROR - [FAIL] Exception for SOMIUSDT_15: local variable 'retry_delay' referenced before assignment (attempt 5/5)
2025-12-18 01:09:31 - shared_modules.data_collection.optimized_data_fetcher - ERROR - [FAIL] Failed to fetch SOMIUSDT_15
2025-12-18 01:09:31 - shared_modules.data_collection.optimized_data_fetcher - WARNING - [FAIL] Rate limited for SEIUSDT_5 (attempt 1/5)
2025-12-18 01:09:31 - shared_modules.data_collection.optimized_data_fetcher - ERROR - [FAIL] Exception for SEIUSDT_5: local variable 'retry_delay' referenced before assignment (attempt 2/5)
2025-12-18 01:09:31 - shared_modules.data_collection.optimized_data_fetcher - ERROR - [FAIL] Exception for SEIUSDT_5: local variable 'retry_delay' referenced before assignment (attempt 3/5)
2025-12-18 01:09:31 - shared_modules.data_collection.optimized_data_fetcher - ERROR - [FAIL] Exception for SEIUSDT_5: local variable 'retry_delay' referenced before assignment (attempt 4/5)
2025-12-18 01:09:31 - shared_modules.data_collection.optimized_data_fetcher - ERROR - [FAIL] Exception for SEIUSDT_5: local variable 'retry_delay' referenced before assignment (attempt 5/5)
2025-12-18 01:09:31 - shared_modules.data_collection.optimized_data_fetcher - ERROR - [FAIL] Failed to fetch SEIUSDT_5
2025-12-18 01:09:32 - shared_modules.data_collection.optimized_data_fetcher - WARNING - [FAIL] Rate limited for SLPUSDT_60 (attempt 1/5)
2025-12-18 01:09:32 - shared_modules.data_collection.optimized_data_fetcher - ERROR - [FAIL] Exception for SLPUSDT_60: local variable 'retry_delay' referenced before assignment (attempt 2/5)
2025-12-18 01:09:32 - shared_modules.data_collection.optimized_data_fetcher - ERROR - [FAIL] Exception for SLPUSDT_60: local variable 'retry_delay' referenced before assignment (attempt 3/5)
2025-12-18 01:09:32 - shared_modules.data_collection.optimized_data_fetcher - ERROR - [FAIL] Exception for SLPUSDT_60: local variable 'retry_delay' referenced before assignment (attempt 4/5)
2025-12-18 01:09:32 - shared_modules.data_collection.optimized_data_fetcher - ERROR - [FAIL] Exception for SLPUSDT_60: local variable 'retry_delay' referenced before assignment (attempt 5/5)
2025-12-18 01:09:32 - shared_modules.data_collection.optimized_data_fetcher - ERROR - [FAIL] Failed to fetch SLPUSDT_60
2025-12-18 01:09:32 - shared_modules.data_collection.optimized_data_fetcher - WARNING - [FAIL] Rate limited for SOLUSDT_120 (attempt 1/5)
2025-12-18 01:09:32 - shared_modules.data_collection.optimized_data_fetcher - ERROR - [FAIL] Exception for SOLUSDT_120: local variable 'retry_delay' referenced before assignment (attempt 2/5)
2025-12-18 01:09:32 - shared_modules.data_collection.optimized_data_fetcher - ERROR - [FAIL] Exception for SOLUSDT_120: local variable 'retry_delay' referenced before assignment (attempt 3/5)
2025-12-18 01:09:32 - shared_modules.data_collection.optimized_data_fetcher - ERROR - [FAIL] Exception for SOLUSDT_120: local variable 'retry_delay' referenced before assignment (attempt 4/5)
2025-12-18 01:09:32 - shared_modules.data_collection.optimized_data_fetcher - ERROR - [FAIL] Exception for SOLUSDT_120: local variable 'retry_delay' referenced before assignment (attempt 5/5)
2025-12-18 01:09:32 - shared_modules.data_collection.optimized_data_fetcher - ERROR - [FAIL] Failed to fetch SOLUSDT_120
