2025-12-17 23:59:03 - shared_modules.data_collection.optimized_data_fetcher - WARNING - [FAIL] Rate limited for EPICUSDT_5 (attempt 1/5)
2025-12-17 23:59:03 - shared_modules.data_collection.optimized_data_fetcher - ERROR - [FAIL] Exception for EPICUSDT_5: local variable 'retry_delay' referenced before assignment (attempt 2/5)
2025-12-17 23:59:03 - shared_modules.data_collection.optimized_data_fetcher - ERROR - [FAIL] Exception for EPICUSDT_5: local variable 'retry_delay' referenced before assignment (attempt 3/5)
2025-12-17 23:59:03 - shared_modules.data_collection.optimized_data_fetcher - ERROR - [FAIL] Exception for EPICUSDT_5: local variable 'retry_delay' referenced before assignment (attempt 4/5)
2025-12-17 23:59:03 - shared_modules.data_collection.optimized_data_fetcher - ERROR - [FAIL] Exception for EPICUSDT_5: local variable 'retry_delay' referenced before assignment (attempt 5/5)
2025-12-17 23:59:03 - shared_modules.data_collection.optimized_data_fetcher - ERROR - [FAIL] Failed to fetch EPICUSDT_5
2025-12-17 23:59:03 - shared_modules.data_collection.optimized_data_fetcher - WARNING - [FAIL] Rate limited for DGBUSDT_240 (attempt 1/5)
2025-12-17 23:59:03 - shared_modules.data_collection.optimized_data_fetcher - ERROR - [FAIL] Exception for DGBUSDT_240: local variable 'retry_delay' referenced before assignment (attempt 2/5)
2025-12-17 23:59:03 - shared_modules.data_collection.optimized_data_fetcher - ERROR - [FAIL] Exception for DGBUSDT_240: local variable 'retry_delay' referenced before assignment (attempt 3/5)
2025-12-17 23:59:03 - shared_modules.data_collection.optimized_data_fetcher - ERROR - [FAIL] Exception for DGBUSDT_240: local variable 'retry_delay' referenced before assignment (attempt 4/5)
2025-12-17 23:59:03 - shared_modules.data_collection.optimized_data_fetcher - ERROR - [FAIL] Exception for DGBUSDT_240: local variable 'retry_delay' referenced before assignment (attempt 5/5)
2025-12-17 23:59:03 - shared_modules.data_collection.optimized_data_fetcher - ERROR - [FAIL] Failed to fetch DGBUSDT_240
2025-12-17 23:59:03 - shared_modules.data_collection.optimized_data_fetcher - WARNING - [FAIL] Rate limited for ERAUSDT_240 (attempt 1/5)
2025-12-17 23:59:03 - shared_modules.data_collection.optimized_data_fetcher - ERROR - [FAIL] Exception for ERAUSDT_240: local variable 'retry_delay' referenced before assignment (attempt 2/5)
2025-12-17 23:59:03 - shared_modules.data_collection.optimized_data_fetcher - ERROR - [FAIL] Exception for ERAUSDT_240: local variable 'retry_delay' referenced before assignment (attempt 3/5)
2025-12-17 23:59:03 - shared_modules.data_collection.optimized_data_fetcher - ERROR - [FAIL] Exception for ERAUSDT_240: local variable 'retry_delay' referenced before assignment (attempt 4/5)
2025-12-17 23:59:03 - shared_modules.data_collection.optimized_data_fetcher - ERROR - [FAIL] Exception for ERAUSDT_240: local variable 'retry_delay' referenced before assignment (attempt 5/5)
2025-12-17 23:59:03 - shared_modules.data_collection.optimized_data_fetcher - ERROR - [FAIL] Failed to fetch ERAUSDT_240
2025-12-17 23:59:03 - shared_modules.data_collection.optimized_data_fetcher - WARNING - [FAIL] Rate limited for DOODUSDT_120 (attempt 1/5)
2025-12-17 23:59:03 - shared_modules.data_collection.optimized_data_fetcher - ERROR - [FAIL] Exception for DOODUSDT_120: local variable 'retry_delay' referenced before assignment (attempt 2/5)
2025-12-17 23:59:03 - shared_modules.data_collection.optimized_data_fetcher - ERROR - [FAIL] Exception for DOODUSDT_120: local variable 'retry_delay' referenced before assignment (attempt 3/5)
2025-12-17 23:59:03 - shared_modules.data_collection.optimized_data_fetcher - ERROR - [FAIL] Exception for DOODUSDT_120: local variable 'retry_delay' referenced before assignment (attempt 4/5)
2025-12-17 23:59:03 - shared_modules.data_collection.optimized_data_fetcher - ERROR - [FAIL] Exception for DOODUSDT_120: local variable 'retry_delay' referenced before assignment (attempt 5/5)
2025-12-17 23:59:03 - shared_modules.data_collection.optimized_data_fetcher - ERROR - [FAIL] Failed to fetch DOODUSDT_120
2025-12-17 23:59:03 - shared_modules.data_collection.optimized_data_fetcher - WARNING - [FAIL] Rate limited for FFUSDT_5 (attempt 1/5)
2025-12-17 23:59:03 - shared_modules.data_collection.optimized_data_fetcher - ERROR - [FAIL] Exception for FFUSDT_5: local variable 'retry_delay' referenced before assignment (attempt 2/5)
2025-12-17 23:59:03 - shared_modules.data_collection.optimized_data_fetcher - ERROR - [FAIL] Exception for FFUSDT_5: local variable 'retry_delay' referenced before assignment (attempt 3/5)
2025-12-17 23:59:03 - shared_modules.data_collection.optimized_data_fetcher - ERROR - [FAIL] Exception for FFUSDT_5: local variable 'retry_delay' referenced before assignment (attempt 4/5)
2025-12-17 23:59:03 - shared_modules.data_collection.optimized_data_fetcher - ERROR - [FAIL] Exception for FFUSDT_5: local variable 'retry_delay' referenced before assignment (attempt 5/5)
2025-12-17 23:59:03 - shared_modules.data_collection.optimized_data_fetcher - ERROR - [FAIL] Failed to fetch FFUSDT_5
2025-12-17 23:59:03 - shared_modules.data_collection.optimized_data_fetcher - WARNING - [FAIL] Rate limited for FFUSDT_60 (attempt 1/5)
2025-12-17 23:59:03 - shared_modules.data_collection.optimized_data_fetcher - ERROR - [FAIL] Exception for FFUSDT_60: local variable 'retry_delay' referenced before assignment (attempt 2/5)
2025-12-17 23:59:03 - shared_modules.data_collection.optimized_data_fetcher - ERROR - [FAIL] Exception for FFUSDT_60: local variable 'retry_delay' referenced before assignment (attempt 3/5)
2025-12-17 23:59:03 - shared_modules.data_collection.optimized_data_fetcher - ERROR - [FAIL] Exception for FFUSDT_60: local variable 'retry_delay' referenced before assignment (attempt 4/5)
2025-12-17 23:59:03 - shared_modules.data_collection.optimized_data_fetcher - ERROR - [FAIL] Exception for FFUSDT_60: local variable 'retry_delay' referenced before assignment (attempt 5/5)
2025-12-17 23:59:03 - shared_modules.data_collection.optimized_data_fetcher - ERROR - [FAIL] Failed to fetch FFUSDT_60
2025-12-17 23:59:03 - shared_modules.data_collection.optimized_data_fetcher - WARNING - [FAIL] Rate limited for FILUSDT_1 (attempt 1/5)
2025-12-17 23:59:03 - shared_modules.data_collection.optimized_data_fetcher - ERROR - [FAIL] Exception for FILUSDT_1: local variable 'retry_delay' referenced before assignment (attempt 2/5)
2025-12-17 23:59:03 - shared_modules.data_collection.optimized_data_fetcher - ERROR - [FAIL] Exception for FILUSDT_1: local variable 'retry_delay' referenced before assignment (attempt 3/5)
2025-12-17 23:59:03 - shared_modules.data_collection.optimized_data_fetcher - ERROR - [FAIL] Exception for FILUSDT_1: local variable 'retry_delay' referenced before assignment (attempt 4/5)
2025-12-17 23:59:03 - shared_modules.data_collection.optimized_data_fetcher - ERROR - [FAIL] Exception for FILUSDT_1: local variable 'retry_delay' referenced before assignment (attempt 5/5)
2025-12-17 23:59:03 - shared_modules.data_collection.optimized_data_fetcher - ERROR - [FAIL] Failed to fetch FILUSDT_1
2025-12-17 23:59:03 - shared_modules.data_collection.optimized_data_fetcher - WARNING - [FAIL] Rate limited for EDUUSDT_5 (attempt 1/5)
2025-12-17 23:59:03 - shared_modules.data_collection.optimized_data_fetcher - ERROR - [FAIL] Exception for EDUUSDT_5: local variable 'retry_delay' referenced before assignment (attempt 2/5)
2025-12-17 23:59:03 - shared_modules.data_collection.optimized_data_fetcher - ERROR - [FAIL] Exception for EDUUSDT_5: local variable 'retry_delay' referenced before assignment (attempt 3/5)
2025-12-17 23:59:03 - shared_modules.data_collection.optimized_data_fetcher - ERROR - [FAIL] Exception for EDUUSDT_5: local variable 'retry_delay' referenced before assignment (attempt 4/5)
2025-12-17 23:59:03 - shared_modules.data_collection.optimized_data_fetcher - ERROR - [FAIL] Exception for EDUUSDT_5: local variable 'retry_delay' referenced before assignment (attempt 5/5)
2025-12-17 23:59:03 - shared_modules.data_collection.optimized_data_fetcher - ERROR - [FAIL] Failed to fetch EDUUSDT_5
2025-12-17 23:59:03 - shared_modules.data_collection.optimized_data_fetcher - WARNING - [FAIL] Rate limited for EIGENUSDT_60 (attempt 1/5)
2025-12-17 23:59:03 - shared_modules.data_collection.optimized_data_fetcher - ERROR - [FAIL] Exception for EIGENUSDT_60: local variable 'retry_delay' referenced before assignment (attempt 2/5)
2025-12-17 23:59:03 - shared_modules.data_collection.optimized_data_fetcher - ERROR - [FAIL] Exception for EIGENUSDT_60: local variable 'retry_delay' referenced before assignment (attempt 3/5)
2025-12-17 23:59:03 - shared_modules.data_collection.optimized_data_fetcher - ERROR - [FAIL] Exception for EIGENUSDT_60: local variable 'retry_delay' referenced before assignment (attempt 4/5)
2025-12-17 23:59:03 - shared_modules.data_collection.optimized_data_fetcher - ERROR - [FAIL] Exception for EIGENUSDT_60: local variable 'retry_delay' referenced before assignment (attempt 5/5)
2025-12-17 23:59:03 - shared_modules.data_collection.optimized_data_fetcher - ERROR - [FAIL] Failed to fetch EIGENUSDT_60
2025-12-17 23:59:03 - shared_modules.data_collection.optimized_data_fetcher - WARNING - [FAIL] Rate limited for FILUSDT_15 (attempt 1/5)
2025-12-17 23:59:03 - shared_modules.data_collection.optimized_data_fetcher - ERROR - [FAIL] Exception for FILUSDT_15: local variable 'retry_delay' referenced before assignment (attempt 2/5)
2025-12-17 23:59:03 - shared_modules.data_collection.optimized_data_fetcher - ERROR - [FAIL] Exception for FILUSDT_15: local variable 'retry_delay' referenced before assignment (attempt 3/5)
2025-12-17 23:59:03 - shared_modules.data_collection.optimized_data_fetcher - ERROR - [FAIL] Exception for FILUSDT_15: local variable 'retry_delay' referenced before assignment (attempt 4/5)
2025-12-17 23:59:03 - shared_modules.data_collection.optimized_data_fetcher - ERROR - [FAIL] Exception for FILUSDT_15: local variable 'retry_delay' referenced before assignment (attempt 5/5)
2025-12-17 23:59:03 - shared_modules.data_collection.optimized_data_fetcher - ERROR - [FAIL] Failed to fetch FILUSDT_15
2025-12-17 23:59:04 - shared_modules.data_collection.optimized_data_fetcher - WARNING - [FAIL] Rate limited for FORMUSDT_120 (attempt 1/5)
2025-12-17 23:59:04 - shared_modules.data_collection.optimized_data_fetcher - ERROR - [FAIL] Exception for FORMUSDT_120: local variable 'retry_delay' referenced before assignment (attempt 2/5)
2025-12-17 23:59:04 - shared_modules.data_collection.optimized_data_fetcher - ERROR - [FAIL] Exception for FORMUSDT_120: local variable 'retry_delay' referenced before assignment (attempt 3/5)
2025-12-17 23:59:04 - shared_modules.data_collection.optimized_data_fetcher - ERROR - [FAIL] Exception for FORMUSDT_120: local variable 'retry_delay' referenced before assignment (attempt 4/5)
2025-12-17 23:59:04 - shared_modules.data_collection.optimized_data_fetcher - ERROR - [FAIL] Exception for FORMUSDT_120: local variable 'retry_delay' referenced before assignment (attempt 5/5)
2025-12-17 23:59:04 - shared_modules.data_collection.optimized_data_fetcher - ERROR - [FAIL] Failed to fetch FORMUSDT_120
2025-12-17 23:59:04 - shared_modules.data_collection.optimized_data_fetcher - WARNING - [FAIL] Rate limited for FXSUSDT_240 (attempt 1/5)
2025-12-17 23:59:04 - shared_modules.data_collection.optimized_data_fetcher - ERROR - [FAIL] Exception for FXSUSDT_240: local variable 'retry_delay' referenced before assignment (attempt 2/5)
2025-12-17 23:59:04 - shared_modules.data_collection.optimized_data_fetcher - ERROR - [FAIL] Exception for FXSUSDT_240: local variable 'retry_delay' referenced before assignment (attempt 3/5)
2025-12-17 23:59:04 - shared_modules.data_collection.optimized_data_fetcher - ERROR - [FAIL] Exception for FXSUSDT_240: local variable 'retry_delay' referenced before assignment (attempt 4/5)
2025-12-17 23:59:04 - shared_modules.data_collection.optimized_data_fetcher - ERROR - [FAIL] Exception for FXSUSDT_240: local variable 'retry_delay' referenced before assignment (attempt 5/5)
2025-12-17 23:59:04 - shared_modules.data_collection.optimized_data_fetcher - ERROR - [FAIL] Failed to fetch FXSUSDT_240
2025-12-17 23:59:04 - shared_modules.data_collection.optimized_data_fetcher - WARNING - [FAIL] Rate limited for FWOGUSDT_120 (attempt 1/5)
2025-12-17 23:59:04 - shared_modules.data_collection.optimized_data_fetcher - ERROR - [FAIL] Exception for FWOGUSDT_120: local variable 'retry_delay' referenced before assignment (attempt 2/5)
2025-12-17 23:59:04 - shared_modules.data_collection.optimized_data_fetcher - ERROR - [FAIL] Exception for FWOGUSDT_120: local variable 'retry_delay' referenced before assignment (attempt 3/5)
2025-12-17 23:59:04 - shared_modules.data_collection.optimized_data_fetcher - ERROR - [FAIL] Exception for FWOGUSDT_120: local variable 'retry_delay' referenced before assignment (attempt 4/5)
2025-12-17 23:59:04 - shared_modules.data_collection.optimized_data_fetcher - ERROR - [FAIL] Exception for FWOGUSDT_120: local variable 'retry_delay' referenced before assignment (attempt 5/5)
2025-12-17 23:59:04 - shared_modules.data_collection.optimized_data_fetcher - ERROR - [FAIL] Failed to fetch FWOGUSDT_120
2025-12-17 23:59:04 - shared_modules.data_collection.optimized_data_fetcher - WARNING - [FAIL] Rate limited for GALAUSDT_240 (attempt 1/5)
2025-12-17 23:59:04 - shared_modules.data_collection.optimized_data_fetcher - ERROR - [FAIL] Exception for GALAUSDT_240: local variable 'retry_delay' referenced before assignment (attempt 2/5)
2025-12-17 23:59:04 - shared_modules.data_collection.optimized_data_fetcher - ERROR - [FAIL] Exception for GALAUSDT_240: local variable 'retry_delay' referenced before assignment (attempt 3/5)
2025-12-17 23:59:04 - shared_modules.data_collection.optimized_data_fetcher - ERROR - [FAIL] Exception for GALAUSDT_240: local variable 'retry_delay' referenced before assignment (attempt 4/5)
2025-12-17 23:59:04 - shared_modules.data_collection.optimized_data_fetcher - ERROR - [FAIL] Exception for GALAUSDT_240: local variable 'retry_delay' referenced before assignment (attempt 5/5)
2025-12-17 23:59:04 - shared_modules.data_collection.optimized_data_fetcher - ERROR - [FAIL] Failed to fetch GALAUSDT_240
2025-12-17 23:59:04 - shared_modules.data_collection.optimized_data_fetcher - WARNING - [FAIL] Rate limited for FARTCOINUSDT_15 (attempt 1/5)
2025-12-17 23:59:04 - shared_modules.data_collection.optimized_data_fetcher - ERROR - [FAIL] Exception for FARTCOINUSDT_15: local variable 'retry_delay' referenced before assignment (attempt 2/5)
2025-12-17 23:59:04 - shared_modules.data_collection.optimized_data_fetcher - ERROR - [FAIL] Exception for FARTCOINUSDT_15: local variable 'retry_delay' referenced before assignment (attempt 3/5)
2025-12-17 23:59:04 - shared_modules.data_collection.optimized_data_fetcher - ERROR - [FAIL] Exception for FARTCOINUSDT_15: local variable 'retry_delay' referenced before assignment (attempt 4/5)
2025-12-17 23:59:04 - shared_modules.data_collection.optimized_data_fetcher - ERROR - [FAIL] Exception for FARTCOINUSDT_15: local variable 'retry_delay' referenced before assignment (attempt 5/5)
2025-12-17 23:59:04 - shared_modules.data_collection.optimized_data_fetcher - ERROR - [FAIL] Failed to fetch FARTCOINUSDT_15
2025-12-17 23:59:04 - shared_modules.data_collection.optimized_data_fetcher - WARNING - [FAIL] Rate limited for FARTCOINUSDT_120 (attempt 1/5)
2025-12-17 23:59:04 - shared_modules.data_collection.optimized_data_fetcher - ERROR - [FAIL] Exception for FARTCOINUSDT_120: local variable 'retry_delay' referenced before assignment (attempt 2/5)
2025-12-17 23:59:04 - shared_modules.data_collection.optimized_data_fetcher - ERROR - [FAIL] Exception for FARTCOINUSDT_120: local variable 'retry_delay' referenced before assignment (attempt 3/5)
2025-12-17 23:59:04 - shared_modules.data_collection.optimized_data_fetcher - ERROR - [FAIL] Exception for FARTCOINUSDT_120: local variable 'retry_delay' referenced before assignment (attempt 4/5)
2025-12-17 23:59:04 - shared_modules.data_collection.optimized_data_fetcher - ERROR - [FAIL] Exception for FARTCOINUSDT_120: local variable 'retry_delay' referenced before assignment (attempt 5/5)
2025-12-17 23:59:04 - shared_modules.data_collection.optimized_data_fetcher - ERROR - [FAIL] Failed to fetch FARTCOINUSDT_120
2025-12-17 23:59:04 - shared_modules.data_collection.optimized_data_fetcher - WARNING - [FAIL] Rate limited for FILUSDT_120 (attempt 1/5)
2025-12-17 23:59:04 - shared_modules.data_collection.optimized_data_fetcher - ERROR - [FAIL] Exception for FILUSDT_120: local variable 'retry_delay' referenced before assignment (attempt 2/5)
2025-12-17 23:59:04 - shared_modules.data_collection.optimized_data_fetcher - ERROR - [FAIL] Exception for FILUSDT_120: local variable 'retry_delay' referenced before assignment (attempt 3/5)
2025-12-17 23:59:04 - shared_modules.data_collection.optimized_data_fetcher - ERROR - [FAIL] Exception for FILUSDT_120: local variable 'retry_delay' referenced before assignment (attempt 4/5)
2025-12-17 23:59:04 - shared_modules.data_collection.optimized_data_fetcher - ERROR - [FAIL] Exception for FILUSDT_120: local variable 'retry_delay' referenced before assignment (attempt 5/5)
2025-12-17 23:59:04 - shared_modules.data_collection.optimized_data_fetcher - ERROR - [FAIL] Failed to fetch FILUSDT_120
2025-12-17 23:59:10 - shared_modules.data_collection.optimized_data_fetcher - WARNING - [FAIL] Rate limited for QTUMUSDT_60 (attempt 1/5)
2025-12-17 23:59:10 - shared_modules.data_collection.optimized_data_fetcher - ERROR - [FAIL] Exception for QTUMUSDT_60: local variable 'retry_delay' referenced before assignment (attempt 2/5)
2025-12-17 23:59:10 - shared_modules.data_collection.optimized_data_fetcher - ERROR - [FAIL] Exception for QTUMUSDT_60: local variable 'retry_delay' referenced before assignment (attempt 3/5)
2025-12-17 23:59:10 - shared_modules.data_collection.optimized_data_fetcher - ERROR - [FAIL] Exception for QTUMUSDT_60: local variable 'retry_delay' referenced before assignment (attempt 4/5)
2025-12-17 23:59:10 - shared_modules.data_collection.optimized_data_fetcher - ERROR - [FAIL] Exception for QTUMUSDT_60: local variable 'retry_delay' referenced before assignment (attempt 5/5)
2025-12-17 23:59:10 - shared_modules.data_collection.optimized_data_fetcher - ERROR - [FAIL] Failed to fetch QTUMUSDT_60
2025-12-17 23:59:10 - shared_modules.data_collection.optimized_data_fetcher - WARNING - [FAIL] Rate limited for RLCUSDT_5 (attempt 1/5)
2025-12-17 23:59:10 - shared_modules.data_collection.optimized_data_fetcher - ERROR - [FAIL] Exception for RLCUSDT_5: local variable 'retry_delay' referenced before assignment (attempt 2/5)
2025-12-17 23:59:10 - shared_modules.data_collection.optimized_data_fetcher - ERROR - [FAIL] Exception for RLCUSDT_5: local variable 'retry_delay' referenced before assignment (attempt 3/5)
2025-12-17 23:59:10 - shared_modules.data_collection.optimized_data_fetcher - ERROR - [FAIL] Exception for RLCUSDT_5: local variable 'retry_delay' referenced before assignment (attempt 4/5)
2025-12-17 23:59:10 - shared_modules.data_collection.optimized_data_fetcher - ERROR - [FAIL] Exception for RLCUSDT_5: local variable 'retry_delay' referenced before assignment (attempt 5/5)
2025-12-17 23:59:10 - shared_modules.data_collection.optimized_data_fetcher - ERROR - [FAIL] Failed to fetch RLCUSDT_5
