2025-12-18 08:14:13 - shared_modules.data_collection.optimized_data_fetcher - WARNING - [FAIL] Rate limited for ETHBTCUSDT_60 (attempt 1/5)
2025-12-18 08:14:13 - shared_modules.data_collection.optimized_data_fetcher - ERROR - [FAIL] Exception for ETHBTCUSDT_60: local variable 'retry_delay' referenced before assignment (attempt 2/5)
2025-12-18 08:14:13 - shared_modules.data_collection.optimized_data_fetcher - ERROR - [FAIL] Exception for ETHBTCUSDT_60: local variable 'retry_delay' referenced before assignment (attempt 3/5)
2025-12-18 08:14:13 - shared_modules.data_collection.optimized_data_fetcher - ERROR - [FAIL] Exception for ETHBTCUSDT_60: local variable 'retry_delay' referenced before assignment (attempt 4/5)
2025-12-18 08:14:13 - shared_modules.data_collection.optimized_data_fetcher - ERROR - [FAIL] Exception for ETHBTCUSDT_60: local variable 'retry_delay' referenced before assignment (attempt 5/5)
2025-12-18 08:14:13 - shared_modules.data_collection.optimized_data_fetcher - ERROR - [FAIL] Failed to fetch ETHBTCUSDT_60
2025-12-18 08:14:13 - shared_modules.data_collection.optimized_data_fetcher - WARNING - [FAIL] Rate limited for FORMUSDT_240 (attempt 1/5)
2025-12-18 08:14:13 - shared_modules.data_collection.optimized_data_fetcher - ERROR - [FAIL] Exception for FORMUSDT_240: local variable 'retry_delay' referenced before assignment (attempt 2/5)
2025-12-18 08:14:13 - shared_modules.data_collection.optimized_data_fetcher - ERROR - [FAIL] Exception for FORMUSDT_240: local variable 'retry_delay' referenced before assignment (attempt 3/5)
2025-12-18 08:14:13 - shared_modules.data_collection.optimized_data_fetcher - ERROR - [FAIL] Exception for FORMUSDT_240: local variable 'retry_delay' referenced before assignment (attempt 4/5)
2025-12-18 08:14:13 - shared_modules.data_collection.optimized_data_fetcher - ERROR - [FAIL] Exception for FORMUSDT_240: local variable 'retry_delay' referenced before assignment (attempt 5/5)
2025-12-18 08:14:13 - shared_modules.data_collection.optimized_data_fetcher - ERROR - [FAIL] Failed to fetch FORMUSDT_240
2025-12-18 08:14:13 - shared_modules.data_collection.optimized_data_fetcher - WARNING - [FAIL] Rate limited for GIGGLEUSDT_60 (attempt 1/5)
2025-12-18 08:14:13 - shared_modules.data_collection.optimized_data_fetcher - ERROR - [FAIL] Exception for GIGGLEUSDT_60: local variable 'retry_delay' referenced before assignment (attempt 2/5)
2025-12-18 08:14:13 - shared_modules.data_collection.optimized_data_fetcher - ERROR - [FAIL] Exception for GIGGLEUSDT_60: local variable 'retry_delay' referenced before assignment (attempt 3/5)
2025-12-18 08:14:13 - shared_modules.data_collection.optimized_data_fetcher - ERROR - [FAIL] Exception for GIGGLEUSDT_60: local variable 'retry_delay' referenced before assignment (attempt 4/5)
2025-12-18 08:14:13 - shared_modules.data_collection.optimized_data_fetcher - ERROR - [FAIL] Exception for GIGGLEUSDT_60: local variable 'retry_delay' referenced before assignment (attempt 5/5)
2025-12-18 08:14:13 - shared_modules.data_collection.optimized_data_fetcher - ERROR - [FAIL] Failed to fetch GIGGLEUSDT_60
2025-12-18 08:14:14 - shared_modules.data_collection.optimized_data_fetcher - WARNING - [FAIL] Rate limited for FARTCOINUSDT_15 (attempt 1/5)
2025-12-18 08:14:14 - shared_modules.data_collection.optimized_data_fetcher - ERROR - [FAIL] Exception for FARTCOINUSDT_15: local variable 'retry_delay' referenced before assignment (attempt 2/5)
2025-12-18 08:14:14 - shared_modules.data_collection.optimized_data_fetcher - ERROR - [FAIL] Exception for FARTCOINUSDT_15: local variable 'retry_delay' referenced before assignment (attempt 3/5)
2025-12-18 08:14:14 - shared_modules.data_collection.optimized_data_fetcher - ERROR - [FAIL] Exception for FARTCOINUSDT_15: local variable 'retry_delay' referenced before assignment (attempt 4/5)
2025-12-18 08:14:14 - shared_modules.data_collection.optimized_data_fetcher - ERROR - [FAIL] Exception for FARTCOINUSDT_15: local variable 'retry_delay' referenced before assignment (attempt 5/5)
2025-12-18 08:14:14 - shared_modules.data_collection.optimized_data_fetcher - ERROR - [FAIL] Failed to fetch FARTCOINUSDT_15
2025-12-18 08:14:14 - shared_modules.data_collection.optimized_data_fetcher - WARNING - [FAIL] Rate limited for FILUSDT_15 (attempt 1/5)
2025-12-18 08:14:14 - shared_modules.data_collection.optimized_data_fetcher - ERROR - [FAIL] Exception for FILUSDT_15: local variable 'retry_delay' referenced before assignment (attempt 2/5)
2025-12-18 08:14:14 - shared_modules.data_collection.optimized_data_fetcher - ERROR - [FAIL] Exception for FILUSDT_15: local variable 'retry_delay' referenced before assignment (attempt 3/5)
2025-12-18 08:14:14 - shared_modules.data_collection.optimized_data_fetcher - ERROR - [FAIL] Exception for FILUSDT_15: local variable 'retry_delay' referenced before assignment (attempt 4/5)
2025-12-18 08:14:14 - shared_modules.data_collection.optimized_data_fetcher - ERROR - [FAIL] Exception for FILUSDT_15: local variable 'retry_delay' referenced before assignment (attempt 5/5)
2025-12-18 08:14:14 - shared_modules.data_collection.optimized_data_fetcher - ERROR - [FAIL] Failed to fetch FILUSDT_15
2025-12-18 08:14:14 - shared_modules.data_collection.optimized_data_fetcher - WARNING - [FAIL] Rate limited for GLMUSDT_5 (attempt 1/5)
2025-12-18 08:14:14 - shared_modules.data_collection.optimized_data_fetcher - ERROR - [FAIL] Exception for GLMUSDT_5: local variable 'retry_delay' referenced before assignment (attempt 2/5)
2025-12-18 08:14:14 - shared_modules.data_collection.optimized_data_fetcher - ERROR - [FAIL] Exception for GLMUSDT_5: local variable 'retry_delay' referenced before assignment (attempt 3/5)
2025-12-18 08:14:14 - shared_modules.data_collection.optimized_data_fetcher - ERROR - [FAIL] Exception for GLMUSDT_5: local variable 'retry_delay' referenced before assignment (attempt 4/5)
2025-12-18 08:14:14 - shared_modules.data_collection.optimized_data_fetcher - ERROR - [FAIL] Exception for GLMUSDT_5: local variable 'retry_delay' referenced before assignment (attempt 5/5)
2025-12-18 08:14:14 - shared_modules.data_collection.optimized_data_fetcher - ERROR - [FAIL] Failed to fetch GLMUSDT_5
2025-12-18 08:14:14 - shared_modules.data_collection.optimized_data_fetcher - WARNING - [FAIL] Rate limited for GNOUSDT_1 (attempt 1/5)
2025-12-18 08:14:14 - shared_modules.data_collection.optimized_data_fetcher - ERROR - [FAIL] Exception for GNOUSDT_1: local variable 'retry_delay' referenced before assignment (attempt 2/5)
2025-12-18 08:14:14 - shared_modules.data_collection.optimized_data_fetcher - ERROR - [FAIL] Exception for GNOUSDT_1: local variable 'retry_delay' referenced before assignment (attempt 3/5)
2025-12-18 08:14:14 - shared_modules.data_collection.optimized_data_fetcher - ERROR - [FAIL] Exception for GNOUSDT_1: local variable 'retry_delay' referenced before assignment (attempt 4/5)
2025-12-18 08:14:14 - shared_modules.data_collection.optimized_data_fetcher - ERROR - [FAIL] Exception for GNOUSDT_1: local variable 'retry_delay' referenced before assignment (attempt 5/5)
2025-12-18 08:14:14 - shared_modules.data_collection.optimized_data_fetcher - ERROR - [FAIL] Failed to fetch GNOUSDT_1
2025-12-18 08:14:14 - shared_modules.data_collection.optimized_data_fetcher - WARNING - [FAIL] Rate limited for GNOUSDT_120 (attempt 1/5)
2025-12-18 08:14:14 - shared_modules.data_collection.optimized_data_fetcher - ERROR - [FAIL] Exception for GNOUSDT_120: local variable 'retry_delay' referenced before assignment (attempt 2/5)
2025-12-18 08:14:14 - shared_modules.data_collection.optimized_data_fetcher - ERROR - [FAIL] Exception for GNOUSDT_120: local variable 'retry_delay' referenced before assignment (attempt 3/5)
2025-12-18 08:14:14 - shared_modules.data_collection.optimized_data_fetcher - ERROR - [FAIL] Exception for GNOUSDT_120: local variable 'retry_delay' referenced before assignment (attempt 4/5)
2025-12-18 08:14:14 - shared_modules.data_collection.optimized_data_fetcher - ERROR - [FAIL] Exception for GNOUSDT_120: local variable 'retry_delay' referenced before assignment (attempt 5/5)
2025-12-18 08:14:14 - shared_modules.data_collection.optimized_data_fetcher - ERROR - [FAIL] Failed to fetch GNOUSDT_120
2025-12-18 08:14:14 - shared_modules.data_collection.optimized_data_fetcher - WARNING - [FAIL] Rate limited for GLMUSDT_15 (attempt 1/5)
2025-12-18 08:14:14 - shared_modules.data_collection.optimized_data_fetcher - ERROR - [FAIL] Exception for GLMUSDT_15: local variable 'retry_delay' referenced before assignment (attempt 2/5)
2025-12-18 08:14:14 - shared_modules.data_collection.optimized_data_fetcher - ERROR - [FAIL] Exception for GLMUSDT_15: local variable 'retry_delay' referenced before assignment (attempt 3/5)
2025-12-18 08:14:14 - shared_modules.data_collection.optimized_data_fetcher - ERROR - [FAIL] Exception for GLMUSDT_15: local variable 'retry_delay' referenced before assignment (attempt 4/5)
2025-12-18 08:14:14 - shared_modules.data_collection.optimized_data_fetcher - ERROR - [FAIL] Exception for GLMUSDT_15: local variable 'retry_delay' referenced before assignment (attempt 5/5)
2025-12-18 08:14:14 - shared_modules.data_collection.optimized_data_fetcher - ERROR - [FAIL] Failed to fetch GLMUSDT_15
2025-12-18 08:14:14 - shared_modules.data_collection.optimized_data_fetcher - WARNING - [FAIL] Rate limited for GMXUSDT_5 (attempt 1/5)
2025-12-18 08:14:14 - shared_modules.data_collection.optimized_data_fetcher - ERROR - [FAIL] Exception for GMXUSDT_5: local variable 'retry_delay' referenced before assignment (attempt 2/5)
2025-12-18 08:14:14 - shared_modules.data_collection.optimized_data_fetcher - ERROR - [FAIL] Exception for GMXUSDT_5: local variable 'retry_delay' referenced before assignment (attempt 3/5)
2025-12-18 08:14:14 - shared_modules.data_collection.optimized_data_fetcher - ERROR - [FAIL] Exception for GMXUSDT_5: local variable 'retry_delay' referenced before assignment (attempt 4/5)
2025-12-18 08:14:14 - shared_modules.data_collection.optimized_data_fetcher - ERROR - [FAIL] Exception for GMXUSDT_5: local variable 'retry_delay' referenced before assignment (attempt 5/5)
2025-12-18 08:14:14 - shared_modules.data_collection.optimized_data_fetcher - ERROR - [FAIL] Failed to fetch GMXUSDT_5
2025-12-18 08:14:14 - shared_modules.data_collection.optimized_data_fetcher - WARNING - [FAIL] Rate limited for GOATUSDT_1 (attempt 1/5)
2025-12-18 08:14:14 - shared_modules.data_collection.optimized_data_fetcher - ERROR - [FAIL] Exception for GOATUSDT_1: local variable 'retry_delay' referenced before assignment (attempt 2/5)
2025-12-18 08:14:14 - shared_modules.data_collection.optimized_data_fetcher - ERROR - [FAIL] Exception for GOATUSDT_1: local variable 'retry_delay' referenced before assignment (attempt 3/5)
2025-12-18 08:14:14 - shared_modules.data_collection.optimized_data_fetcher - ERROR - [FAIL] Exception for GOATUSDT_1: local variable 'retry_delay' referenced before assignment (attempt 4/5)
2025-12-18 08:14:14 - shared_modules.data_collection.optimized_data_fetcher - ERROR - [FAIL] Exception for GOATUSDT_1: local variable 'retry_delay' referenced before assignment (attempt 5/5)
2025-12-18 08:14:14 - shared_modules.data_collection.optimized_data_fetcher - ERROR - [FAIL] Failed to fetch GOATUSDT_1
2025-12-18 08:14:14 - shared_modules.data_collection.optimized_data_fetcher - WARNING - [FAIL] Rate limited for GODSUSDT_1 (attempt 1/5)
2025-12-18 08:14:14 - shared_modules.data_collection.optimized_data_fetcher - ERROR - [FAIL] Exception for GODSUSDT_1: local variable 'retry_delay' referenced before assignment (attempt 2/5)
2025-12-18 08:14:14 - shared_modules.data_collection.optimized_data_fetcher - ERROR - [FAIL] Exception for GODSUSDT_1: local variable 'retry_delay' referenced before assignment (attempt 3/5)
2025-12-18 08:14:14 - shared_modules.data_collection.optimized_data_fetcher - ERROR - [FAIL] Exception for GODSUSDT_1: local variable 'retry_delay' referenced before assignment (attempt 4/5)
2025-12-18 08:14:14 - shared_modules.data_collection.optimized_data_fetcher - ERROR - [FAIL] Exception for GODSUSDT_1: local variable 'retry_delay' referenced before assignment (attempt 5/5)
2025-12-18 08:14:14 - shared_modules.data_collection.optimized_data_fetcher - ERROR - [FAIL] Failed to fetch GODSUSDT_1
2025-12-18 08:14:14 - shared_modules.data_collection.optimized_data_fetcher - WARNING - [FAIL] Rate limited for FLRUSDT_120 (attempt 1/5)
2025-12-18 08:14:14 - shared_modules.data_collection.optimized_data_fetcher - ERROR - [FAIL] Exception for FLRUSDT_120: local variable 'retry_delay' referenced before assignment (attempt 2/5)
2025-12-18 08:14:14 - shared_modules.data_collection.optimized_data_fetcher - ERROR - [FAIL] Exception for FLRUSDT_120: local variable 'retry_delay' referenced before assignment (attempt 3/5)
2025-12-18 08:14:14 - shared_modules.data_collection.optimized_data_fetcher - ERROR - [FAIL] Exception for FLRUSDT_120: local variable 'retry_delay' referenced before assignment (attempt 4/5)
2025-12-18 08:14:14 - shared_modules.data_collection.optimized_data_fetcher - ERROR - [FAIL] Exception for FLRUSDT_120: local variable 'retry_delay' referenced before assignment (attempt 5/5)
2025-12-18 08:14:14 - shared_modules.data_collection.optimized_data_fetcher - ERROR - [FAIL] Failed to fetch FLRUSDT_120
2025-12-18 08:14:14 - shared_modules.data_collection.optimized_data_fetcher - WARNING - [FAIL] Rate limited for GPSUSDT_15 (attempt 1/5)
2025-12-18 08:14:14 - shared_modules.data_collection.optimized_data_fetcher - ERROR - [FAIL] Exception for GPSUSDT_15: local variable 'retry_delay' referenced before assignment (attempt 2/5)
2025-12-18 08:14:14 - shared_modules.data_collection.optimized_data_fetcher - ERROR - [FAIL] Exception for GPSUSDT_15: local variable 'retry_delay' referenced before assignment (attempt 3/5)
2025-12-18 08:14:14 - shared_modules.data_collection.optimized_data_fetcher - ERROR - [FAIL] Exception for GPSUSDT_15: local variable 'retry_delay' referenced before assignment (attempt 4/5)
2025-12-18 08:14:14 - shared_modules.data_collection.optimized_data_fetcher - ERROR - [FAIL] Exception for GPSUSDT_15: local variable 'retry_delay' referenced before assignment (attempt 5/5)
2025-12-18 08:14:14 - shared_modules.data_collection.optimized_data_fetcher - ERROR - [FAIL] Failed to fetch GPSUSDT_15
2025-12-18 08:14:14 - shared_modules.data_collection.optimized_data_fetcher - WARNING - [FAIL] Rate limited for GRASSUSDT_15 (attempt 1/5)
2025-12-18 08:14:14 - shared_modules.data_collection.optimized_data_fetcher - ERROR - [FAIL] Exception for GRASSUSDT_15: local variable 'retry_delay' referenced before assignment (attempt 2/5)
2025-12-18 08:14:14 - shared_modules.data_collection.optimized_data_fetcher - ERROR - [FAIL] Exception for GRASSUSDT_15: local variable 'retry_delay' referenced before assignment (attempt 3/5)
2025-12-18 08:14:14 - shared_modules.data_collection.optimized_data_fetcher - ERROR - [FAIL] Exception for GRASSUSDT_15: local variable 'retry_delay' referenced before assignment (attempt 4/5)
2025-12-18 08:14:14 - shared_modules.data_collection.optimized_data_fetcher - ERROR - [FAIL] Exception for GRASSUSDT_15: local variable 'retry_delay' referenced before assignment (attempt 5/5)
2025-12-18 08:14:14 - shared_modules.data_collection.optimized_data_fetcher - ERROR - [FAIL] Failed to fetch GRASSUSDT_15
2025-12-18 08:14:14 - shared_modules.data_collection.optimized_data_fetcher - WARNING - [FAIL] Rate limited for GPSUSDT_240 (attempt 1/5)
2025-12-18 08:14:14 - shared_modules.data_collection.optimized_data_fetcher - ERROR - [FAIL] Exception for GPSUSDT_240: local variable 'retry_delay' referenced before assignment (attempt 2/5)
2025-12-18 08:14:14 - shared_modules.data_collection.optimized_data_fetcher - ERROR - [FAIL] Exception for GPSUSDT_240: local variable 'retry_delay' referenced before assignment (attempt 3/5)
2025-12-18 08:14:14 - shared_modules.data_collection.optimized_data_fetcher - ERROR - [FAIL] Exception for GPSUSDT_240: local variable 'retry_delay' referenced before assignment (attempt 4/5)
2025-12-18 08:14:14 - shared_modules.data_collection.optimized_data_fetcher - ERROR - [FAIL] Exception for GPSUSDT_240: local variable 'retry_delay' referenced before assignment (attempt 5/5)
2025-12-18 08:14:14 - shared_modules.data_collection.optimized_data_fetcher - ERROR - [FAIL] Failed to fetch GPSUSDT_240
2025-12-18 08:14:14 - shared_modules.data_collection.optimized_data_fetcher - WARNING - [FAIL] Rate limited for GPSUSDT_5 (attempt 1/5)
2025-12-18 08:14:14 - shared_modules.data_collection.optimized_data_fetcher - ERROR - [FAIL] Exception for GPSUSDT_5: local variable 'retry_delay' referenced before assignment (attempt 2/5)
2025-12-18 08:14:14 - shared_modules.data_collection.optimized_data_fetcher - ERROR - [FAIL] Exception for GPSUSDT_5: local variable 'retry_delay' referenced before assignment (attempt 3/5)
2025-12-18 08:14:14 - shared_modules.data_collection.optimized_data_fetcher - ERROR - [FAIL] Exception for GPSUSDT_5: local variable 'retry_delay' referenced before assignment (attempt 4/5)
2025-12-18 08:14:14 - shared_modules.data_collection.optimized_data_fetcher - ERROR - [FAIL] Exception for GPSUSDT_5: local variable 'retry_delay' referenced before assignment (attempt 5/5)
2025-12-18 08:14:14 - shared_modules.data_collection.optimized_data_fetcher - ERROR - [FAIL] Failed to fetch GPSUSDT_5
2025-12-18 08:14:14 - shared_modules.data_collection.optimized_data_fetcher - WARNING - [FAIL] Rate limited for GRIFFAINUSDT_240 (attempt 1/5)
2025-12-18 08:14:14 - shared_modules.data_collection.optimized_data_fetcher - ERROR - [FAIL] Exception for GRIFFAINUSDT_240: local variable 'retry_delay' referenced before assignment (attempt 2/5)
2025-12-18 08:14:14 - shared_modules.data_collection.optimized_data_fetcher - ERROR - [FAIL] Exception for GRIFFAINUSDT_240: local variable 'retry_delay' referenced before assignment (attempt 3/5)
2025-12-18 08:14:14 - shared_modules.data_collection.optimized_data_fetcher - ERROR - [FAIL] Exception for GRIFFAINUSDT_240: local variable 'retry_delay' referenced before assignment (attempt 4/5)
2025-12-18 08:14:14 - shared_modules.data_collection.optimized_data_fetcher - ERROR - [FAIL] Exception for GRIFFAINUSDT_240: local variable 'retry_delay' referenced before assignment (attempt 5/5)
2025-12-18 08:14:14 - shared_modules.data_collection.optimized_data_fetcher - ERROR - [FAIL] Failed to fetch GRIFFAINUSDT_240
2025-12-18 08:14:14 - shared_modules.data_collection.optimized_data_fetcher - WARNING - [FAIL] Rate limited for GRIFFAINUSDT_120 (attempt 1/5)
2025-12-18 08:14:14 - shared_modules.data_collection.optimized_data_fetcher - ERROR - [FAIL] Exception for GRIFFAINUSDT_120: local variable 'retry_delay' referenced before assignment (attempt 2/5)
2025-12-18 08:14:14 - shared_modules.data_collection.optimized_data_fetcher - ERROR - [FAIL] Exception for GRIFFAINUSDT_120: local variable 'retry_delay' referenced before assignment (attempt 3/5)
2025-12-18 08:14:14 - shared_modules.data_collection.optimized_data_fetcher - ERROR - [FAIL] Exception for GRIFFAINUSDT_120: local variable 'retry_delay' referenced before assignment (attempt 4/5)
2025-12-18 08:14:14 - shared_modules.data_collection.optimized_data_fetcher - ERROR - [FAIL] Exception for GRIFFAINUSDT_120: local variable 'retry_delay' referenced before assignment (attempt 5/5)
2025-12-18 08:14:14 - shared_modules.data_collection.optimized_data_fetcher - ERROR - [FAIL] Failed to fetch GRIFFAINUSDT_120
2025-12-18 08:14:14 - shared_modules.data_collection.optimized_data_fetcher - WARNING - [FAIL] Rate limited for GIGGLEUSDT_15 (attempt 1/5)
2025-12-18 08:14:14 - shared_modules.data_collection.optimized_data_fetcher - ERROR - [FAIL] Exception for GIGGLEUSDT_15: local variable 'retry_delay' referenced before assignment (attempt 2/5)
2025-12-18 08:14:14 - shared_modules.data_collection.optimized_data_fetcher - ERROR - [FAIL] Exception for GIGGLEUSDT_15: local variable 'retry_delay' referenced before assignment (attempt 3/5)
2025-12-18 08:14:14 - shared_modules.data_collection.optimized_data_fetcher - ERROR - [FAIL] Exception for GIGGLEUSDT_15: local variable 'retry_delay' referenced before assignment (attempt 4/5)
2025-12-18 08:14:14 - shared_modules.data_collection.optimized_data_fetcher - ERROR - [FAIL] Exception for GIGGLEUSDT_15: local variable 'retry_delay' referenced before assignment (attempt 5/5)
2025-12-18 08:14:14 - shared_modules.data_collection.optimized_data_fetcher - ERROR - [FAIL] Failed to fetch GIGGLEUSDT_15
