2025-12-10 04:09:20 - shared_modules.data_collection.optimized_data_fetcher - WARNING - [FAIL] Rate limited for WOOUSDT_1 (attempt 1/5)
2025-12-10 04:09:20 - shared_modules.data_collection.optimized_data_fetcher - ERROR - [FAIL] Exception for WOOUSDT_1: local variable 'retry_delay' referenced before assignment (attempt 2/5)
2025-12-10 04:09:20 - shared_modules.data_collection.optimized_data_fetcher - ERROR - [FAIL] Exception for WOOUSDT_1: local variable 'retry_delay' referenced before assignment (attempt 3/5)
2025-12-10 04:09:20 - shared_modules.data_collection.optimized_data_fetcher - ERROR - [FAIL] Exception for WOOUSDT_1: local variable 'retry_delay' referenced before assignment (attempt 4/5)
2025-12-10 04:09:20 - shared_modules.data_collection.optimized_data_fetcher - ERROR - [FAIL] Exception for WOOUSDT_1: local variable 'retry_delay' referenced before assignment (attempt 5/5)
2025-12-10 04:09:20 - shared_modules.data_collection.optimized_data_fetcher - ERROR - [FAIL] Failed to fetch WOOUSDT_1
2025-12-10 04:09:20 - shared_modules.data_collection.optimized_data_fetcher - WARNING - [FAIL] Rate limited for XCHUSDT_5 (attempt 1/5)
2025-12-10 04:09:20 - shared_modules.data_collection.optimized_data_fetcher - ERROR - [FAIL] Exception for XCHUSDT_5: local variable 'retry_delay' referenced before assignment (attempt 2/5)
2025-12-10 04:09:20 - shared_modules.data_collection.optimized_data_fetcher - ERROR - [FAIL] Exception for XCHUSDT_5: local variable 'retry_delay' referenced before assignment (attempt 3/5)
2025-12-10 04:09:20 - shared_modules.data_collection.optimized_data_fetcher - ERROR - [FAIL] Exception for XCHUSDT_5: local variable 'retry_delay' referenced before assignment (attempt 4/5)
2025-12-10 04:09:20 - shared_modules.data_collection.optimized_data_fetcher - ERROR - [FAIL] Exception for XCHUSDT_5: local variable 'retry_delay' referenced before assignment (attempt 5/5)
2025-12-10 04:09:20 - shared_modules.data_collection.optimized_data_fetcher - ERROR - [FAIL] Failed to fetch XCHUSDT_5
2025-12-10 04:09:20 - shared_modules.data_collection.optimized_data_fetcher - WARNING - [FAIL] Rate limited for VELVETUSDT_120 (attempt 1/5)
2025-12-10 04:09:20 - shared_modules.data_collection.optimized_data_fetcher - ERROR - [FAIL] Exception for VELVETUSDT_120: local variable 'retry_delay' referenced before assignment (attempt 2/5)
2025-12-10 04:09:20 - shared_modules.data_collection.optimized_data_fetcher - ERROR - [FAIL] Exception for VELVETUSDT_120: local variable 'retry_delay' referenced before assignment (attempt 3/5)
2025-12-10 04:09:20 - shared_modules.data_collection.optimized_data_fetcher - ERROR - [FAIL] Exception for VELVETUSDT_120: local variable 'retry_delay' referenced before assignment (attempt 4/5)
2025-12-10 04:09:20 - shared_modules.data_collection.optimized_data_fetcher - ERROR - [FAIL] Exception for VELVETUSDT_120: local variable 'retry_delay' referenced before assignment (attempt 5/5)
2025-12-10 04:09:20 - shared_modules.data_collection.optimized_data_fetcher - ERROR - [FAIL] Failed to fetch VELVETUSDT_120
2025-12-10 04:09:20 - shared_modules.data_collection.optimized_data_fetcher - WARNING - [FAIL] Rate limited for VICUSDT_1 (attempt 1/5)
2025-12-10 04:09:20 - shared_modules.data_collection.optimized_data_fetcher - ERROR - [FAIL] Exception for VICUSDT_1: local variable 'retry_delay' referenced before assignment (attempt 2/5)
2025-12-10 04:09:20 - shared_modules.data_collection.optimized_data_fetcher - ERROR - [FAIL] Exception for VICUSDT_1: local variable 'retry_delay' referenced before assignment (attempt 3/5)
2025-12-10 04:09:20 - shared_modules.data_collection.optimized_data_fetcher - ERROR - [FAIL] Exception for VICUSDT_1: local variable 'retry_delay' referenced before assignment (attempt 4/5)
2025-12-10 04:09:20 - shared_modules.data_collection.optimized_data_fetcher - ERROR - [FAIL] Exception for VICUSDT_1: local variable 'retry_delay' referenced before assignment (attempt 5/5)
2025-12-10 04:09:20 - shared_modules.data_collection.optimized_data_fetcher - ERROR - [FAIL] Failed to fetch VICUSDT_1
2025-12-10 04:09:20 - shared_modules.data_collection.optimized_data_fetcher - WARNING - [FAIL] Rate limited for XLMUSDT_60 (attempt 1/5)
2025-12-10 04:09:20 - shared_modules.data_collection.optimized_data_fetcher - ERROR - [FAIL] Exception for XLMUSDT_60: local variable 'retry_delay' referenced before assignment (attempt 2/5)
2025-12-10 04:09:20 - shared_modules.data_collection.optimized_data_fetcher - ERROR - [FAIL] Exception for XLMUSDT_60: local variable 'retry_delay' referenced before assignment (attempt 3/5)
2025-12-10 04:09:20 - shared_modules.data_collection.optimized_data_fetcher - ERROR - [FAIL] Exception for XLMUSDT_60: local variable 'retry_delay' referenced before assignment (attempt 4/5)
2025-12-10 04:09:20 - shared_modules.data_collection.optimized_data_fetcher - ERROR - [FAIL] Exception for XLMUSDT_60: local variable 'retry_delay' referenced before assignment (attempt 5/5)
2025-12-10 04:09:20 - shared_modules.data_collection.optimized_data_fetcher - ERROR - [FAIL] Failed to fetch XLMUSDT_60
2025-12-10 04:09:21 - shared_modules.data_collection.optimized_data_fetcher - WARNING - [FAIL] Rate limited for XVGUSDT_240 (attempt 1/5)
2025-12-10 04:09:21 - shared_modules.data_collection.optimized_data_fetcher - ERROR - [FAIL] Exception for XVGUSDT_240: local variable 'retry_delay' referenced before assignment (attempt 2/5)
2025-12-10 04:09:21 - shared_modules.data_collection.optimized_data_fetcher - ERROR - [FAIL] Exception for XVGUSDT_240: local variable 'retry_delay' referenced before assignment (attempt 3/5)
2025-12-10 04:09:21 - shared_modules.data_collection.optimized_data_fetcher - ERROR - [FAIL] Exception for XVGUSDT_240: local variable 'retry_delay' referenced before assignment (attempt 4/5)
2025-12-10 04:09:21 - shared_modules.data_collection.optimized_data_fetcher - ERROR - [FAIL] Exception for XVGUSDT_240: local variable 'retry_delay' referenced before assignment (attempt 5/5)
2025-12-10 04:09:21 - shared_modules.data_collection.optimized_data_fetcher - ERROR - [FAIL] Failed to fetch XVGUSDT_240
2025-12-10 04:09:21 - shared_modules.data_collection.optimized_data_fetcher - WARNING - [FAIL] Rate limited for XVSUSDT_5 (attempt 1/5)
2025-12-10 04:09:21 - shared_modules.data_collection.optimized_data_fetcher - ERROR - [FAIL] Exception for XVSUSDT_5: local variable 'retry_delay' referenced before assignment (attempt 2/5)
2025-12-10 04:09:21 - shared_modules.data_collection.optimized_data_fetcher - ERROR - [FAIL] Exception for XVSUSDT_5: local variable 'retry_delay' referenced before assignment (attempt 3/5)
2025-12-10 04:09:21 - shared_modules.data_collection.optimized_data_fetcher - ERROR - [FAIL] Exception for XVSUSDT_5: local variable 'retry_delay' referenced before assignment (attempt 4/5)
2025-12-10 04:09:21 - shared_modules.data_collection.optimized_data_fetcher - ERROR - [FAIL] Exception for XVSUSDT_5: local variable 'retry_delay' referenced before assignment (attempt 5/5)
2025-12-10 04:09:21 - shared_modules.data_collection.optimized_data_fetcher - ERROR - [FAIL] Failed to fetch XVSUSDT_5
2025-12-10 04:09:21 - shared_modules.data_collection.optimized_data_fetcher - WARNING - [FAIL] Rate limited for YALAUSDT_240 (attempt 1/5)
2025-12-10 04:09:21 - shared_modules.data_collection.optimized_data_fetcher - ERROR - [FAIL] Exception for YALAUSDT_240: local variable 'retry_delay' referenced before assignment (attempt 2/5)
2025-12-10 04:09:21 - shared_modules.data_collection.optimized_data_fetcher - ERROR - [FAIL] Exception for YALAUSDT_240: local variable 'retry_delay' referenced before assignment (attempt 3/5)
2025-12-10 04:09:21 - shared_modules.data_collection.optimized_data_fetcher - ERROR - [FAIL] Exception for YALAUSDT_240: local variable 'retry_delay' referenced before assignment (attempt 4/5)
2025-12-10 04:09:21 - shared_modules.data_collection.optimized_data_fetcher - ERROR - [FAIL] Exception for YALAUSDT_240: local variable 'retry_delay' referenced before assignment (attempt 5/5)
2025-12-10 04:09:21 - shared_modules.data_collection.optimized_data_fetcher - ERROR - [FAIL] Failed to fetch YALAUSDT_240
2025-12-10 04:09:21 - shared_modules.data_collection.optimized_data_fetcher - WARNING - [FAIL] Rate limited for YZYUSDT_60 (attempt 1/5)
2025-12-10 04:09:21 - shared_modules.data_collection.optimized_data_fetcher - ERROR - [FAIL] Exception for YZYUSDT_60: local variable 'retry_delay' referenced before assignment (attempt 2/5)
2025-12-10 04:09:21 - shared_modules.data_collection.optimized_data_fetcher - ERROR - [FAIL] Exception for YZYUSDT_60: local variable 'retry_delay' referenced before assignment (attempt 3/5)
2025-12-10 04:09:21 - shared_modules.data_collection.optimized_data_fetcher - ERROR - [FAIL] Exception for YZYUSDT_60: local variable 'retry_delay' referenced before assignment (attempt 4/5)
2025-12-10 04:09:21 - shared_modules.data_collection.optimized_data_fetcher - ERROR - [FAIL] Exception for YZYUSDT_60: local variable 'retry_delay' referenced before assignment (attempt 5/5)
2025-12-10 04:09:21 - shared_modules.data_collection.optimized_data_fetcher - ERROR - [FAIL] Failed to fetch YZYUSDT_60
