2025-12-18 01:15:42 - shared_modules.data_collection.optimized_data_fetcher - WARNING - [FAIL] Rate limited for EIGENUSDT_1 (attempt 1/5)
2025-12-18 01:15:42 - shared_modules.data_collection.optimized_data_fetcher - ERROR - [FAIL] Exception for EIGENUSDT_1: local variable 'retry_delay' referenced before assignment (attempt 2/5)
2025-12-18 01:15:42 - shared_modules.data_collection.optimized_data_fetcher - ERROR - [FAIL] Exception for EIGENUSDT_1: local variable 'retry_delay' referenced before assignment (attempt 3/5)
2025-12-18 01:15:42 - shared_modules.data_collection.optimized_data_fetcher - ERROR - [FAIL] Exception for EIGENUSDT_1: local variable 'retry_delay' referenced before assignment (attempt 4/5)
2025-12-18 01:15:42 - shared_modules.data_collection.optimized_data_fetcher - ERROR - [FAIL] Exception for EIGENUSDT_1: local variable 'retry_delay' referenced before assignment (attempt 5/5)
2025-12-18 01:15:42 - shared_modules.data_collection.optimized_data_fetcher - ERROR - [FAIL] Failed to fetch EIGENUSDT_1
2025-12-18 01:15:42 - shared_modules.data_collection.optimized_data_fetcher - WARNING - [FAIL] Rate limited for ENSOUSDT_60 (attempt 1/5)
2025-12-18 01:15:42 - shared_modules.data_collection.optimized_data_fetcher - ERROR - [FAIL] Exception for ENSOUSDT_60: local variable 'retry_delay' referenced before assignment (attempt 2/5)
2025-12-18 01:15:42 - shared_modules.data_collection.optimized_data_fetcher - ERROR - [FAIL] Exception for ENSOUSDT_60: local variable 'retry_delay' referenced before assignment (attempt 3/5)
2025-12-18 01:15:42 - shared_modules.data_collection.optimized_data_fetcher - ERROR - [FAIL] Exception for ENSOUSDT_60: local variable 'retry_delay' referenced before assignment (attempt 4/5)
2025-12-18 01:15:42 - shared_modules.data_collection.optimized_data_fetcher - ERROR - [FAIL] Exception for ENSOUSDT_60: local variable 'retry_delay' referenced before assignment (attempt 5/5)
2025-12-18 01:15:42 - shared_modules.data_collection.optimized_data_fetcher - ERROR - [FAIL] Failed to fetch ENSOUSDT_60
2025-12-18 01:15:43 - shared_modules.data_collection.optimized_data_fetcher - WARNING - [FAIL] Rate limited for ENSUSDT_1 (attempt 1/5)
2025-12-18 01:15:43 - shared_modules.data_collection.optimized_data_fetcher - ERROR - [FAIL] Exception for ENSUSDT_1: local variable 'retry_delay' referenced before assignment (attempt 2/5)
2025-12-18 01:15:43 - shared_modules.data_collection.optimized_data_fetcher - ERROR - [FAIL] Exception for ENSUSDT_1: local variable 'retry_delay' referenced before assignment (attempt 3/5)
2025-12-18 01:15:43 - shared_modules.data_collection.optimized_data_fetcher - ERROR - [FAIL] Exception for ENSUSDT_1: local variable 'retry_delay' referenced before assignment (attempt 4/5)
2025-12-18 01:15:43 - shared_modules.data_collection.optimized_data_fetcher - ERROR - [FAIL] Exception for ENSUSDT_1: local variable 'retry_delay' referenced before assignment (attempt 5/5)
2025-12-18 01:15:43 - shared_modules.data_collection.optimized_data_fetcher - ERROR - [FAIL] Failed to fetch ENSUSDT_1
2025-12-18 01:15:43 - shared_modules.data_collection.optimized_data_fetcher - WARNING - [FAIL] Rate limited for EPTUSDT_120 (attempt 1/5)
2025-12-18 01:15:43 - shared_modules.data_collection.optimized_data_fetcher - ERROR - [FAIL] Exception for EPTUSDT_120: local variable 'retry_delay' referenced before assignment (attempt 2/5)
2025-12-18 01:15:43 - shared_modules.data_collection.optimized_data_fetcher - ERROR - [FAIL] Exception for EPTUSDT_120: local variable 'retry_delay' referenced before assignment (attempt 3/5)
2025-12-18 01:15:43 - shared_modules.data_collection.optimized_data_fetcher - ERROR - [FAIL] Exception for EPTUSDT_120: local variable 'retry_delay' referenced before assignment (attempt 4/5)
2025-12-18 01:15:43 - shared_modules.data_collection.optimized_data_fetcher - ERROR - [FAIL] Exception for EPTUSDT_120: local variable 'retry_delay' referenced before assignment (attempt 5/5)
2025-12-18 01:15:43 - shared_modules.data_collection.optimized_data_fetcher - ERROR - [FAIL] Failed to fetch EPTUSDT_120
2025-12-18 01:15:43 - shared_modules.data_collection.optimized_data_fetcher - WARNING - [FAIL] Rate limited for ETHUSDT_60 (attempt 1/5)
2025-12-18 01:15:43 - shared_modules.data_collection.optimized_data_fetcher - ERROR - [FAIL] Exception for ETHUSDT_60: local variable 'retry_delay' referenced before assignment (attempt 2/5)
2025-12-18 01:15:43 - shared_modules.data_collection.optimized_data_fetcher - ERROR - [FAIL] Exception for ETHUSDT_60: local variable 'retry_delay' referenced before assignment (attempt 3/5)
2025-12-18 01:15:43 - shared_modules.data_collection.optimized_data_fetcher - ERROR - [FAIL] Exception for ETHUSDT_60: local variable 'retry_delay' referenced before assignment (attempt 4/5)
2025-12-18 01:15:43 - shared_modules.data_collection.optimized_data_fetcher - ERROR - [FAIL] Exception for ETHUSDT_60: local variable 'retry_delay' referenced before assignment (attempt 5/5)
2025-12-18 01:15:43 - shared_modules.data_collection.optimized_data_fetcher - ERROR - [FAIL] Failed to fetch ETHUSDT_60
2025-12-18 01:15:43 - shared_modules.data_collection.optimized_data_fetcher - WARNING - [FAIL] Rate limited for EDUUSDT_1 (attempt 1/5)
2025-12-18 01:15:43 - shared_modules.data_collection.optimized_data_fetcher - ERROR - [FAIL] Exception for EDUUSDT_1: local variable 'retry_delay' referenced before assignment (attempt 2/5)
2025-12-18 01:15:43 - shared_modules.data_collection.optimized_data_fetcher - ERROR - [FAIL] Exception for EDUUSDT_1: local variable 'retry_delay' referenced before assignment (attempt 3/5)
2025-12-18 01:15:43 - shared_modules.data_collection.optimized_data_fetcher - ERROR - [FAIL] Exception for EDUUSDT_1: local variable 'retry_delay' referenced before assignment (attempt 4/5)
2025-12-18 01:15:43 - shared_modules.data_collection.optimized_data_fetcher - ERROR - [FAIL] Exception for EDUUSDT_1: local variable 'retry_delay' referenced before assignment (attempt 5/5)
2025-12-18 01:15:43 - shared_modules.data_collection.optimized_data_fetcher - ERROR - [FAIL] Failed to fetch EDUUSDT_1
2025-12-18 01:15:43 - shared_modules.data_collection.optimized_data_fetcher - WARNING - [FAIL] Rate limited for EULUSDT_60 (attempt 1/5)
2025-12-18 01:15:43 - shared_modules.data_collection.optimized_data_fetcher - ERROR - [FAIL] Exception for EULUSDT_60: local variable 'retry_delay' referenced before assignment (attempt 2/5)
2025-12-18 01:15:43 - shared_modules.data_collection.optimized_data_fetcher - ERROR - [FAIL] Exception for EULUSDT_60: local variable 'retry_delay' referenced before assignment (attempt 3/5)
2025-12-18 01:15:43 - shared_modules.data_collection.optimized_data_fetcher - ERROR - [FAIL] Exception for EULUSDT_60: local variable 'retry_delay' referenced before assignment (attempt 4/5)
2025-12-18 01:15:43 - shared_modules.data_collection.optimized_data_fetcher - ERROR - [FAIL] Exception for EULUSDT_60: local variable 'retry_delay' referenced before assignment (attempt 5/5)
2025-12-18 01:15:43 - shared_modules.data_collection.optimized_data_fetcher - ERROR - [FAIL] Failed to fetch EULUSDT_60
2025-12-18 01:15:47 - shared_modules.data_collection.optimized_data_fetcher - WARNING - [FAIL] Rate limited for PTBUSDT_60 (attempt 1/5)
2025-12-18 01:15:47 - shared_modules.data_collection.optimized_data_fetcher - ERROR - [FAIL] Exception for PTBUSDT_60: local variable 'retry_delay' referenced before assignment (attempt 2/5)
2025-12-18 01:15:47 - shared_modules.data_collection.optimized_data_fetcher - ERROR - [FAIL] Exception for PTBUSDT_60: local variable 'retry_delay' referenced before assignment (attempt 3/5)
2025-12-18 01:15:47 - shared_modules.data_collection.optimized_data_fetcher - ERROR - [FAIL] Exception for PTBUSDT_60: local variable 'retry_delay' referenced before assignment (attempt 4/5)
2025-12-18 01:15:47 - shared_modules.data_collection.optimized_data_fetcher - ERROR - [FAIL] Exception for PTBUSDT_60: local variable 'retry_delay' referenced before assignment (attempt 5/5)
2025-12-18 01:15:47 - shared_modules.data_collection.optimized_data_fetcher - ERROR - [FAIL] Failed to fetch PTBUSDT_60
2025-12-18 01:15:47 - shared_modules.data_collection.optimized_data_fetcher - WARNING - [FAIL] Rate limited for PUMPFUNUSDT_1 (attempt 1/5)
2025-12-18 01:15:47 - shared_modules.data_collection.optimized_data_fetcher - ERROR - [FAIL] Exception for PUMPFUNUSDT_1: local variable 'retry_delay' referenced before assignment (attempt 2/5)
2025-12-18 01:15:47 - shared_modules.data_collection.optimized_data_fetcher - ERROR - [FAIL] Exception for PUMPFUNUSDT_1: local variable 'retry_delay' referenced before assignment (attempt 3/5)
2025-12-18 01:15:47 - shared_modules.data_collection.optimized_data_fetcher - ERROR - [FAIL] Exception for PUMPFUNUSDT_1: local variable 'retry_delay' referenced before assignment (attempt 4/5)
2025-12-18 01:15:47 - shared_modules.data_collection.optimized_data_fetcher - ERROR - [FAIL] Exception for PUMPFUNUSDT_1: local variable 'retry_delay' referenced before assignment (attempt 5/5)
2025-12-18 01:15:47 - shared_modules.data_collection.optimized_data_fetcher - ERROR - [FAIL] Failed to fetch PUMPFUNUSDT_1
2025-12-18 01:15:47 - shared_modules.data_collection.optimized_data_fetcher - WARNING - [FAIL] Rate limited for QUSDT_120 (attempt 1/5)
2025-12-18 01:15:47 - shared_modules.data_collection.optimized_data_fetcher - ERROR - [FAIL] Exception for QUSDT_120: local variable 'retry_delay' referenced before assignment (attempt 2/5)
2025-12-18 01:15:47 - shared_modules.data_collection.optimized_data_fetcher - ERROR - [FAIL] Exception for QUSDT_120: local variable 'retry_delay' referenced before assignment (attempt 3/5)
2025-12-18 01:15:47 - shared_modules.data_collection.optimized_data_fetcher - ERROR - [FAIL] Exception for QUSDT_120: local variable 'retry_delay' referenced before assignment (attempt 4/5)
2025-12-18 01:15:47 - shared_modules.data_collection.optimized_data_fetcher - ERROR - [FAIL] Exception for QUSDT_120: local variable 'retry_delay' referenced before assignment (attempt 5/5)
2025-12-18 01:15:47 - shared_modules.data_collection.optimized_data_fetcher - ERROR - [FAIL] Failed to fetch QUSDT_120
2025-12-18 01:15:47 - shared_modules.data_collection.optimized_data_fetcher - WARNING - [FAIL] Rate limited for RAVEUSDT_60 (attempt 1/5)
2025-12-18 01:15:47 - shared_modules.data_collection.optimized_data_fetcher - ERROR - [FAIL] Exception for RAVEUSDT_60: local variable 'retry_delay' referenced before assignment (attempt 2/5)
2025-12-18 01:15:47 - shared_modules.data_collection.optimized_data_fetcher - ERROR - [FAIL] Exception for RAVEUSDT_60: local variable 'retry_delay' referenced before assignment (attempt 3/5)
2025-12-18 01:15:47 - shared_modules.data_collection.optimized_data_fetcher - ERROR - [FAIL] Exception for RAVEUSDT_60: local variable 'retry_delay' referenced before assignment (attempt 4/5)
2025-12-18 01:15:47 - shared_modules.data_collection.optimized_data_fetcher - ERROR - [FAIL] Exception for RAVEUSDT_60: local variable 'retry_delay' referenced before assignment (attempt 5/5)
2025-12-18 01:15:47 - shared_modules.data_collection.optimized_data_fetcher - ERROR - [FAIL] Failed to fetch RAVEUSDT_60
2025-12-18 01:15:47 - shared_modules.data_collection.optimized_data_fetcher - WARNING - [FAIL] Rate limited for QTUMUSDT_60 (attempt 1/5)
2025-12-18 01:15:47 - shared_modules.data_collection.optimized_data_fetcher - ERROR - [FAIL] Exception for QTUMUSDT_60: local variable 'retry_delay' referenced before assignment (attempt 2/5)
2025-12-18 01:15:47 - shared_modules.data_collection.optimized_data_fetcher - ERROR - [FAIL] Exception for QTUMUSDT_60: local variable 'retry_delay' referenced before assignment (attempt 3/5)
2025-12-18 01:15:47 - shared_modules.data_collection.optimized_data_fetcher - ERROR - [FAIL] Exception for QTUMUSDT_60: local variable 'retry_delay' referenced before assignment (attempt 4/5)
2025-12-18 01:15:47 - shared_modules.data_collection.optimized_data_fetcher - ERROR - [FAIL] Exception for QTUMUSDT_60: local variable 'retry_delay' referenced before assignment (attempt 5/5)
2025-12-18 01:15:47 - shared_modules.data_collection.optimized_data_fetcher - ERROR - [FAIL] Failed to fetch QTUMUSDT_60
2025-12-18 01:15:47 - shared_modules.data_collection.optimized_data_fetcher - WARNING - [FAIL] Rate limited for RENDERUSDT_15 (attempt 1/5)
2025-12-18 01:15:47 - shared_modules.data_collection.optimized_data_fetcher - ERROR - [FAIL] Exception for RENDERUSDT_15: local variable 'retry_delay' referenced before assignment (attempt 2/5)
2025-12-18 01:15:47 - shared_modules.data_collection.optimized_data_fetcher - ERROR - [FAIL] Exception for RENDERUSDT_15: local variable 'retry_delay' referenced before assignment (attempt 3/5)
2025-12-18 01:15:47 - shared_modules.data_collection.optimized_data_fetcher - ERROR - [FAIL] Exception for RENDERUSDT_15: local variable 'retry_delay' referenced before assignment (attempt 4/5)
2025-12-18 01:15:47 - shared_modules.data_collection.optimized_data_fetcher - ERROR - [FAIL] Exception for RENDERUSDT_15: local variable 'retry_delay' referenced before assignment (attempt 5/5)
2025-12-18 01:15:47 - shared_modules.data_collection.optimized_data_fetcher - ERROR - [FAIL] Failed to fetch RENDERUSDT_15
2025-12-18 01:15:47 - shared_modules.data_collection.optimized_data_fetcher - WARNING - [FAIL] Rate limited for RLSUSDT_5 (attempt 1/5)
2025-12-18 01:15:47 - shared_modules.data_collection.optimized_data_fetcher - ERROR - [FAIL] Exception for RLSUSDT_5: local variable 'retry_delay' referenced before assignment (attempt 2/5)
2025-12-18 01:15:47 - shared_modules.data_collection.optimized_data_fetcher - ERROR - [FAIL] Exception for RLSUSDT_5: local variable 'retry_delay' referenced before assignment (attempt 3/5)
2025-12-18 01:15:47 - shared_modules.data_collection.optimized_data_fetcher - ERROR - [FAIL] Exception for RLSUSDT_5: local variable 'retry_delay' referenced before assignment (attempt 4/5)
2025-12-18 01:15:47 - shared_modules.data_collection.optimized_data_fetcher - ERROR - [FAIL] Exception for RLSUSDT_5: local variable 'retry_delay' referenced before assignment (attempt 5/5)
2025-12-18 01:15:47 - shared_modules.data_collection.optimized_data_fetcher - ERROR - [FAIL] Failed to fetch RLSUSDT_5
2025-12-18 01:15:47 - shared_modules.data_collection.optimized_data_fetcher - WARNING - [FAIL] Rate limited for RLUSDUSDT_1 (attempt 1/5)
2025-12-18 01:15:47 - shared_modules.data_collection.optimized_data_fetcher - ERROR - [FAIL] Exception for RLUSDUSDT_1: local variable 'retry_delay' referenced before assignment (attempt 2/5)
2025-12-18 01:15:47 - shared_modules.data_collection.optimized_data_fetcher - ERROR - [FAIL] Exception for RLUSDUSDT_1: local variable 'retry_delay' referenced before assignment (attempt 3/5)
2025-12-18 01:15:47 - shared_modules.data_collection.optimized_data_fetcher - ERROR - [FAIL] Exception for RLUSDUSDT_1: local variable 'retry_delay' referenced before assignment (attempt 4/5)
2025-12-18 01:15:47 - shared_modules.data_collection.optimized_data_fetcher - ERROR - [FAIL] Exception for RLUSDUSDT_1: local variable 'retry_delay' referenced before assignment (attempt 5/5)
2025-12-18 01:15:47 - shared_modules.data_collection.optimized_data_fetcher - ERROR - [FAIL] Failed to fetch RLUSDUSDT_1
2025-12-18 01:15:47 - shared_modules.data_collection.optimized_data_fetcher - WARNING - [FAIL] Rate limited for RESOLVUSDT_1 (attempt 1/5)
2025-12-18 01:15:47 - shared_modules.data_collection.optimized_data_fetcher - ERROR - [FAIL] Exception for RESOLVUSDT_1: local variable 'retry_delay' referenced before assignment (attempt 2/5)
2025-12-18 01:15:47 - shared_modules.data_collection.optimized_data_fetcher - ERROR - [FAIL] Exception for RESOLVUSDT_1: local variable 'retry_delay' referenced before assignment (attempt 3/5)
2025-12-18 01:15:47 - shared_modules.data_collection.optimized_data_fetcher - ERROR - [FAIL] Exception for RESOLVUSDT_1: local variable 'retry_delay' referenced before assignment (attempt 4/5)
2025-12-18 01:15:47 - shared_modules.data_collection.optimized_data_fetcher - ERROR - [FAIL] Exception for RESOLVUSDT_1: local variable 'retry_delay' referenced before assignment (attempt 5/5)
2025-12-18 01:15:47 - shared_modules.data_collection.optimized_data_fetcher - ERROR - [FAIL] Failed to fetch RESOLVUSDT_1
2025-12-18 01:15:47 - shared_modules.data_collection.optimized_data_fetcher - WARNING - [FAIL] Rate limited for REQUSDT_15 (attempt 1/5)
2025-12-18 01:15:47 - shared_modules.data_collection.optimized_data_fetcher - ERROR - [FAIL] Exception for REQUSDT_15: local variable 'retry_delay' referenced before assignment (attempt 2/5)
2025-12-18 01:15:47 - shared_modules.data_collection.optimized_data_fetcher - ERROR - [FAIL] Exception for REQUSDT_15: local variable 'retry_delay' referenced before assignment (attempt 3/5)
2025-12-18 01:15:47 - shared_modules.data_collection.optimized_data_fetcher - ERROR - [FAIL] Exception for REQUSDT_15: local variable 'retry_delay' referenced before assignment (attempt 4/5)
2025-12-18 01:15:47 - shared_modules.data_collection.optimized_data_fetcher - ERROR - [FAIL] Exception for REQUSDT_15: local variable 'retry_delay' referenced before assignment (attempt 5/5)
2025-12-18 01:15:47 - shared_modules.data_collection.optimized_data_fetcher - ERROR - [FAIL] Failed to fetch REQUSDT_15
2025-12-18 01:15:47 - shared_modules.data_collection.optimized_data_fetcher - WARNING - [FAIL] Rate limited for RLCUSDT_1 (attempt 1/5)
2025-12-18 01:15:47 - shared_modules.data_collection.optimized_data_fetcher - ERROR - [FAIL] Exception for RLCUSDT_1: local variable 'retry_delay' referenced before assignment (attempt 2/5)
2025-12-18 01:15:47 - shared_modules.data_collection.optimized_data_fetcher - ERROR - [FAIL] Exception for RLCUSDT_1: local variable 'retry_delay' referenced before assignment (attempt 3/5)
2025-12-18 01:15:47 - shared_modules.data_collection.optimized_data_fetcher - ERROR - [FAIL] Exception for RLCUSDT_1: local variable 'retry_delay' referenced before assignment (attempt 4/5)
2025-12-18 01:15:47 - shared_modules.data_collection.optimized_data_fetcher - ERROR - [FAIL] Exception for RLCUSDT_1: local variable 'retry_delay' referenced before assignment (attempt 5/5)
2025-12-18 01:15:47 - shared_modules.data_collection.optimized_data_fetcher - ERROR - [FAIL] Failed to fetch RLCUSDT_1
2025-12-18 01:15:47 - shared_modules.data_collection.optimized_data_fetcher - WARNING - [FAIL] Rate limited for PYRUSDT_120 (attempt 1/5)
2025-12-18 01:15:47 - shared_modules.data_collection.optimized_data_fetcher - ERROR - [FAIL] Exception for PYRUSDT_120: local variable 'retry_delay' referenced before assignment (attempt 2/5)
2025-12-18 01:15:47 - shared_modules.data_collection.optimized_data_fetcher - ERROR - [FAIL] Exception for PYRUSDT_120: local variable 'retry_delay' referenced before assignment (attempt 3/5)
2025-12-18 01:15:47 - shared_modules.data_collection.optimized_data_fetcher - ERROR - [FAIL] Exception for PYRUSDT_120: local variable 'retry_delay' referenced before assignment (attempt 4/5)
2025-12-18 01:15:47 - shared_modules.data_collection.optimized_data_fetcher - ERROR - [FAIL] Exception for PYRUSDT_120: local variable 'retry_delay' referenced before assignment (attempt 5/5)
2025-12-18 01:15:47 - shared_modules.data_collection.optimized_data_fetcher - ERROR - [FAIL] Failed to fetch PYRUSDT_120
2025-12-18 01:15:47 - shared_modules.data_collection.optimized_data_fetcher - WARNING - [FAIL] Rate limited for PUNDIXUSDT_240 (attempt 1/5)
2025-12-18 01:15:47 - shared_modules.data_collection.optimized_data_fetcher - ERROR - [FAIL] Exception for PUNDIXUSDT_240: local variable 'retry_delay' referenced before assignment (attempt 2/5)
2025-12-18 01:15:47 - shared_modules.data_collection.optimized_data_fetcher - ERROR - [FAIL] Exception for PUNDIXUSDT_240: local variable 'retry_delay' referenced before assignment (attempt 3/5)
2025-12-18 01:15:47 - shared_modules.data_collection.optimized_data_fetcher - ERROR - [FAIL] Exception for PUNDIXUSDT_240: local variable 'retry_delay' referenced before assignment (attempt 4/5)
2025-12-18 01:15:47 - shared_modules.data_collection.optimized_data_fetcher - ERROR - [FAIL] Exception for PUNDIXUSDT_240: local variable 'retry_delay' referenced before assignment (attempt 5/5)
2025-12-18 01:15:47 - shared_modules.data_collection.optimized_data_fetcher - ERROR - [FAIL] Failed to fetch PUNDIXUSDT_240
2025-12-18 01:15:47 - shared_modules.data_collection.optimized_data_fetcher - WARNING - [FAIL] Rate limited for RLSUSDT_15 (attempt 1/5)
2025-12-18 01:15:47 - shared_modules.data_collection.optimized_data_fetcher - ERROR - [FAIL] Exception for RLSUSDT_15: local variable 'retry_delay' referenced before assignment (attempt 2/5)
2025-12-18 01:15:47 - shared_modules.data_collection.optimized_data_fetcher - ERROR - [FAIL] Exception for RLSUSDT_15: local variable 'retry_delay' referenced before assignment (attempt 3/5)
2025-12-18 01:15:47 - shared_modules.data_collection.optimized_data_fetcher - ERROR - [FAIL] Exception for RLSUSDT_15: local variable 'retry_delay' referenced before assignment (attempt 4/5)
2025-12-18 01:15:47 - shared_modules.data_collection.optimized_data_fetcher - ERROR - [FAIL] Exception for RLSUSDT_15: local variable 'retry_delay' referenced before assignment (attempt 5/5)
2025-12-18 01:15:47 - shared_modules.data_collection.optimized_data_fetcher - ERROR - [FAIL] Failed to fetch RLSUSDT_15
2025-12-18 01:15:47 - shared_modules.data_collection.optimized_data_fetcher - WARNING - [FAIL] Rate limited for RDNTUSDT_240 (attempt 1/5)
2025-12-18 01:15:47 - shared_modules.data_collection.optimized_data_fetcher - ERROR - [FAIL] Exception for RDNTUSDT_240: local variable 'retry_delay' referenced before assignment (attempt 2/5)
2025-12-18 01:15:47 - shared_modules.data_collection.optimized_data_fetcher - ERROR - [FAIL] Exception for RDNTUSDT_240: local variable 'retry_delay' referenced before assignment (attempt 3/5)
2025-12-18 01:15:47 - shared_modules.data_collection.optimized_data_fetcher - ERROR - [FAIL] Exception for RDNTUSDT_240: local variable 'retry_delay' referenced before assignment (attempt 4/5)
2025-12-18 01:15:47 - shared_modules.data_collection.optimized_data_fetcher - ERROR - [FAIL] Exception for RDNTUSDT_240: local variable 'retry_delay' referenced before assignment (attempt 5/5)
2025-12-18 01:15:47 - shared_modules.data_collection.optimized_data_fetcher - ERROR - [FAIL] Failed to fetch RDNTUSDT_240
2025-12-18 01:15:48 - shared_modules.data_collection.optimized_data_fetcher - WARNING - [FAIL] Rate limited for RSRUSDT_1 (attempt 1/5)
2025-12-18 01:15:48 - shared_modules.data_collection.optimized_data_fetcher - ERROR - [FAIL] Exception for RSRUSDT_1: local variable 'retry_delay' referenced before assignment (attempt 2/5)
2025-12-18 01:15:48 - shared_modules.data_collection.optimized_data_fetcher - ERROR - [FAIL] Exception for RSRUSDT_1: local variable 'retry_delay' referenced before assignment (attempt 3/5)
2025-12-18 01:15:48 - shared_modules.data_collection.optimized_data_fetcher - ERROR - [FAIL] Exception for RSRUSDT_1: local variable 'retry_delay' referenced before assignment (attempt 4/5)
2025-12-18 01:15:48 - shared_modules.data_collection.optimized_data_fetcher - ERROR - [FAIL] Exception for RSRUSDT_1: local variable 'retry_delay' referenced before assignment (attempt 5/5)
2025-12-18 01:15:48 - shared_modules.data_collection.optimized_data_fetcher - ERROR - [FAIL] Failed to fetch RSRUSDT_1
2025-12-18 01:15:48 - shared_modules.data_collection.optimized_data_fetcher - WARNING - [FAIL] Rate limited for ROAMUSDT_60 (attempt 1/5)
2025-12-18 01:15:48 - shared_modules.data_collection.optimized_data_fetcher - ERROR - [FAIL] Exception for ROAMUSDT_60: local variable 'retry_delay' referenced before assignment (attempt 2/5)
2025-12-18 01:15:48 - shared_modules.data_collection.optimized_data_fetcher - ERROR - [FAIL] Exception for ROAMUSDT_60: local variable 'retry_delay' referenced before assignment (attempt 3/5)
2025-12-18 01:15:48 - shared_modules.data_collection.optimized_data_fetcher - ERROR - [FAIL] Exception for ROAMUSDT_60: local variable 'retry_delay' referenced before assignment (attempt 4/5)
2025-12-18 01:15:48 - shared_modules.data_collection.optimized_data_fetcher - ERROR - [FAIL] Exception for ROAMUSDT_60: local variable 'retry_delay' referenced before assignment (attempt 5/5)
2025-12-18 01:15:48 - shared_modules.data_collection.optimized_data_fetcher - ERROR - [FAIL] Failed to fetch ROAMUSDT_60
2025-12-18 01:15:48 - shared_modules.data_collection.optimized_data_fetcher - WARNING - [FAIL] Rate limited for RLCUSDT_5 (attempt 1/5)
2025-12-18 01:15:48 - shared_modules.data_collection.optimized_data_fetcher - ERROR - [FAIL] Exception for RLCUSDT_5: local variable 'retry_delay' referenced before assignment (attempt 2/5)
2025-12-18 01:15:48 - shared_modules.data_collection.optimized_data_fetcher - ERROR - [FAIL] Exception for RLCUSDT_5: local variable 'retry_delay' referenced before assignment (attempt 3/5)
2025-12-18 01:15:48 - shared_modules.data_collection.optimized_data_fetcher - ERROR - [FAIL] Exception for RLCUSDT_5: local variable 'retry_delay' referenced before assignment (attempt 4/5)
2025-12-18 01:15:48 - shared_modules.data_collection.optimized_data_fetcher - ERROR - [FAIL] Exception for RLCUSDT_5: local variable 'retry_delay' referenced before assignment (attempt 5/5)
2025-12-18 01:15:48 - shared_modules.data_collection.optimized_data_fetcher - ERROR - [FAIL] Failed to fetch RLCUSDT_5
2025-12-18 01:15:48 - shared_modules.data_collection.optimized_data_fetcher - WARNING - [FAIL] Rate limited for RLUSDUSDT_15 (attempt 1/5)
2025-12-18 01:15:48 - shared_modules.data_collection.optimized_data_fetcher - ERROR - [FAIL] Exception for RLUSDUSDT_15: local variable 'retry_delay' referenced before assignment (attempt 2/5)
2025-12-18 01:15:48 - shared_modules.data_collection.optimized_data_fetcher - ERROR - [FAIL] Exception for RLUSDUSDT_15: local variable 'retry_delay' referenced before assignment (attempt 3/5)
2025-12-18 01:15:48 - shared_modules.data_collection.optimized_data_fetcher - ERROR - [FAIL] Exception for RLUSDUSDT_15: local variable 'retry_delay' referenced before assignment (attempt 4/5)
2025-12-18 01:15:48 - shared_modules.data_collection.optimized_data_fetcher - ERROR - [FAIL] Exception for RLUSDUSDT_15: local variable 'retry_delay' referenced before assignment (attempt 5/5)
2025-12-18 01:15:48 - shared_modules.data_collection.optimized_data_fetcher - ERROR - [FAIL] Failed to fetch RLUSDUSDT_15
2025-12-18 01:15:48 - shared_modules.data_collection.optimized_data_fetcher - WARNING - [FAIL] Rate limited for REZUSDT_60 (attempt 1/5)
2025-12-18 01:15:48 - shared_modules.data_collection.optimized_data_fetcher - ERROR - [FAIL] Exception for REZUSDT_60: local variable 'retry_delay' referenced before assignment (attempt 2/5)
2025-12-18 01:15:48 - shared_modules.data_collection.optimized_data_fetcher - ERROR - [FAIL] Exception for REZUSDT_60: local variable 'retry_delay' referenced before assignment (attempt 3/5)
2025-12-18 01:15:48 - shared_modules.data_collection.optimized_data_fetcher - ERROR - [FAIL] Exception for REZUSDT_60: local variable 'retry_delay' referenced before assignment (attempt 4/5)
2025-12-18 01:15:48 - shared_modules.data_collection.optimized_data_fetcher - ERROR - [FAIL] Exception for REZUSDT_60: local variable 'retry_delay' referenced before assignment (attempt 5/5)
2025-12-18 01:15:48 - shared_modules.data_collection.optimized_data_fetcher - ERROR - [FAIL] Failed to fetch REZUSDT_60
2025-12-18 01:15:48 - shared_modules.data_collection.optimized_data_fetcher - WARNING - [FAIL] Rate limited for ROSEUSDT_60 (attempt 1/5)
2025-12-18 01:15:48 - shared_modules.data_collection.optimized_data_fetcher - ERROR - [FAIL] Exception for ROSEUSDT_60: local variable 'retry_delay' referenced before assignment (attempt 2/5)
2025-12-18 01:15:48 - shared_modules.data_collection.optimized_data_fetcher - ERROR - [FAIL] Exception for ROSEUSDT_60: local variable 'retry_delay' referenced before assignment (attempt 3/5)
2025-12-18 01:15:48 - shared_modules.data_collection.optimized_data_fetcher - ERROR - [FAIL] Exception for ROSEUSDT_60: local variable 'retry_delay' referenced before assignment (attempt 4/5)
2025-12-18 01:15:48 - shared_modules.data_collection.optimized_data_fetcher - ERROR - [FAIL] Exception for ROSEUSDT_60: local variable 'retry_delay' referenced before assignment (attempt 5/5)
2025-12-18 01:15:48 - shared_modules.data_collection.optimized_data_fetcher - ERROR - [FAIL] Failed to fetch ROSEUSDT_60
2025-12-18 01:15:48 - shared_modules.data_collection.optimized_data_fetcher - WARNING - [FAIL] Rate limited for REQUSDT_5 (attempt 1/5)
2025-12-18 01:15:48 - shared_modules.data_collection.optimized_data_fetcher - ERROR - [FAIL] Exception for REQUSDT_5: local variable 'retry_delay' referenced before assignment (attempt 2/5)
2025-12-18 01:15:48 - shared_modules.data_collection.optimized_data_fetcher - ERROR - [FAIL] Exception for REQUSDT_5: local variable 'retry_delay' referenced before assignment (attempt 3/5)
2025-12-18 01:15:48 - shared_modules.data_collection.optimized_data_fetcher - ERROR - [FAIL] Exception for REQUSDT_5: local variable 'retry_delay' referenced before assignment (attempt 4/5)
2025-12-18 01:15:48 - shared_modules.data_collection.optimized_data_fetcher - ERROR - [FAIL] Exception for REQUSDT_5: local variable 'retry_delay' referenced before assignment (attempt 5/5)
2025-12-18 01:15:48 - shared_modules.data_collection.optimized_data_fetcher - ERROR - [FAIL] Failed to fetch REQUSDT_5
2025-12-18 01:15:48 - shared_modules.data_collection.optimized_data_fetcher - WARNING - [FAIL] Rate limited for REZUSDT_120 (attempt 1/5)
2025-12-18 01:15:48 - shared_modules.data_collection.optimized_data_fetcher - ERROR - [FAIL] Exception for REZUSDT_120: local variable 'retry_delay' referenced before assignment (attempt 2/5)
2025-12-18 01:15:48 - shared_modules.data_collection.optimized_data_fetcher - ERROR - [FAIL] Exception for REZUSDT_120: local variable 'retry_delay' referenced before assignment (attempt 3/5)
2025-12-18 01:15:48 - shared_modules.data_collection.optimized_data_fetcher - ERROR - [FAIL] Exception for REZUSDT_120: local variable 'retry_delay' referenced before assignment (attempt 4/5)
2025-12-18 01:15:48 - shared_modules.data_collection.optimized_data_fetcher - ERROR - [FAIL] Exception for REZUSDT_120: local variable 'retry_delay' referenced before assignment (attempt 5/5)
2025-12-18 01:15:48 - shared_modules.data_collection.optimized_data_fetcher - ERROR - [FAIL] Failed to fetch REZUSDT_120
2025-12-18 01:15:48 - shared_modules.data_collection.optimized_data_fetcher - WARNING - [FAIL] Rate limited for RVNUSDT_240 (attempt 1/5)
2025-12-18 01:15:48 - shared_modules.data_collection.optimized_data_fetcher - ERROR - [FAIL] Exception for RVNUSDT_240: local variable 'retry_delay' referenced before assignment (attempt 2/5)
2025-12-18 01:15:48 - shared_modules.data_collection.optimized_data_fetcher - ERROR - [FAIL] Exception for RVNUSDT_240: local variable 'retry_delay' referenced before assignment (attempt 3/5)
2025-12-18 01:15:48 - shared_modules.data_collection.optimized_data_fetcher - ERROR - [FAIL] Exception for RVNUSDT_240: local variable 'retry_delay' referenced before assignment (attempt 4/5)
2025-12-18 01:15:48 - shared_modules.data_collection.optimized_data_fetcher - ERROR - [FAIL] Exception for RVNUSDT_240: local variable 'retry_delay' referenced before assignment (attempt 5/5)
2025-12-18 01:15:48 - shared_modules.data_collection.optimized_data_fetcher - ERROR - [FAIL] Failed to fetch RVNUSDT_240
2025-12-18 01:15:48 - shared_modules.data_collection.optimized_data_fetcher - WARNING - [FAIL] Rate limited for SAFEUSDT_15 (attempt 1/5)
2025-12-18 01:15:48 - shared_modules.data_collection.optimized_data_fetcher - ERROR - [FAIL] Exception for SAFEUSDT_15: local variable 'retry_delay' referenced before assignment (attempt 2/5)
2025-12-18 01:15:48 - shared_modules.data_collection.optimized_data_fetcher - ERROR - [FAIL] Exception for SAFEUSDT_15: local variable 'retry_delay' referenced before assignment (attempt 3/5)
2025-12-18 01:15:48 - shared_modules.data_collection.optimized_data_fetcher - ERROR - [FAIL] Exception for SAFEUSDT_15: local variable 'retry_delay' referenced before assignment (attempt 4/5)
2025-12-18 01:15:48 - shared_modules.data_collection.optimized_data_fetcher - ERROR - [FAIL] Exception for SAFEUSDT_15: local variable 'retry_delay' referenced before assignment (attempt 5/5)
2025-12-18 01:15:48 - shared_modules.data_collection.optimized_data_fetcher - ERROR - [FAIL] Failed to fetch SAFEUSDT_15
2025-12-18 01:15:48 - shared_modules.data_collection.optimized_data_fetcher - WARNING - [FAIL] Rate limited for SAGAUSDT_1 (attempt 1/5)
2025-12-18 01:15:48 - shared_modules.data_collection.optimized_data_fetcher - ERROR - [FAIL] Exception for SAGAUSDT_1: local variable 'retry_delay' referenced before assignment (attempt 2/5)
2025-12-18 01:15:48 - shared_modules.data_collection.optimized_data_fetcher - ERROR - [FAIL] Exception for SAGAUSDT_1: local variable 'retry_delay' referenced before assignment (attempt 3/5)
2025-12-18 01:15:48 - shared_modules.data_collection.optimized_data_fetcher - ERROR - [FAIL] Exception for SAGAUSDT_1: local variable 'retry_delay' referenced before assignment (attempt 4/5)
2025-12-18 01:15:48 - shared_modules.data_collection.optimized_data_fetcher - ERROR - [FAIL] Exception for SAGAUSDT_1: local variable 'retry_delay' referenced before assignment (attempt 5/5)
2025-12-18 01:15:48 - shared_modules.data_collection.optimized_data_fetcher - ERROR - [FAIL] Failed to fetch SAGAUSDT_1
2025-12-18 01:15:48 - shared_modules.data_collection.optimized_data_fetcher - WARNING - [FAIL] Rate limited for SCRTUSDT_240 (attempt 1/5)
2025-12-18 01:15:48 - shared_modules.data_collection.optimized_data_fetcher - ERROR - [FAIL] Exception for SCRTUSDT_240: local variable 'retry_delay' referenced before assignment (attempt 2/5)
2025-12-18 01:15:48 - shared_modules.data_collection.optimized_data_fetcher - ERROR - [FAIL] Exception for SCRTUSDT_240: local variable 'retry_delay' referenced before assignment (attempt 3/5)
2025-12-18 01:15:48 - shared_modules.data_collection.optimized_data_fetcher - ERROR - [FAIL] Exception for SCRTUSDT_240: local variable 'retry_delay' referenced before assignment (attempt 4/5)
2025-12-18 01:15:48 - shared_modules.data_collection.optimized_data_fetcher - ERROR - [FAIL] Exception for SCRTUSDT_240: local variable 'retry_delay' referenced before assignment (attempt 5/5)
2025-12-18 01:15:48 - shared_modules.data_collection.optimized_data_fetcher - ERROR - [FAIL] Failed to fetch SCRTUSDT_240
2025-12-18 01:15:48 - shared_modules.data_collection.optimized_data_fetcher - WARNING - [FAIL] Rate limited for SAROSUSDT_5 (attempt 1/5)
2025-12-18 01:15:48 - shared_modules.data_collection.optimized_data_fetcher - ERROR - [FAIL] Exception for SAROSUSDT_5: local variable 'retry_delay' referenced before assignment (attempt 2/5)
2025-12-18 01:15:48 - shared_modules.data_collection.optimized_data_fetcher - ERROR - [FAIL] Exception for SAROSUSDT_5: local variable 'retry_delay' referenced before assignment (attempt 3/5)
2025-12-18 01:15:48 - shared_modules.data_collection.optimized_data_fetcher - ERROR - [FAIL] Exception for SAROSUSDT_5: local variable 'retry_delay' referenced before assignment (attempt 4/5)
2025-12-18 01:15:48 - shared_modules.data_collection.optimized_data_fetcher - ERROR - [FAIL] Exception for SAROSUSDT_5: local variable 'retry_delay' referenced before assignment (attempt 5/5)
2025-12-18 01:15:48 - shared_modules.data_collection.optimized_data_fetcher - ERROR - [FAIL] Failed to fetch SAROSUSDT_5
2025-12-18 01:15:48 - shared_modules.data_collection.optimized_data_fetcher - WARNING - [FAIL] Rate limited for SAROSUSDT_60 (attempt 1/5)
2025-12-18 01:15:48 - shared_modules.data_collection.optimized_data_fetcher - ERROR - [FAIL] Exception for SAROSUSDT_60: local variable 'retry_delay' referenced before assignment (attempt 2/5)
2025-12-18 01:15:48 - shared_modules.data_collection.optimized_data_fetcher - ERROR - [FAIL] Exception for SAROSUSDT_60: local variable 'retry_delay' referenced before assignment (attempt 3/5)
2025-12-18 01:15:48 - shared_modules.data_collection.optimized_data_fetcher - ERROR - [FAIL] Exception for SAROSUSDT_60: local variable 'retry_delay' referenced before assignment (attempt 4/5)
2025-12-18 01:15:48 - shared_modules.data_collection.optimized_data_fetcher - ERROR - [FAIL] Exception for SAROSUSDT_60: local variable 'retry_delay' referenced before assignment (attempt 5/5)
2025-12-18 01:15:48 - shared_modules.data_collection.optimized_data_fetcher - ERROR - [FAIL] Failed to fetch SAROSUSDT_60
2025-12-18 01:15:48 - shared_modules.data_collection.optimized_data_fetcher - WARNING - [FAIL] Rate limited for SCRTUSDT_15 (attempt 1/5)
2025-12-18 01:15:48 - shared_modules.data_collection.optimized_data_fetcher - ERROR - [FAIL] Exception for SCRTUSDT_15: local variable 'retry_delay' referenced before assignment (attempt 2/5)
2025-12-18 01:15:48 - shared_modules.data_collection.optimized_data_fetcher - ERROR - [FAIL] Exception for SCRTUSDT_15: local variable 'retry_delay' referenced before assignment (attempt 3/5)
2025-12-18 01:15:48 - shared_modules.data_collection.optimized_data_fetcher - ERROR - [FAIL] Exception for SCRTUSDT_15: local variable 'retry_delay' referenced before assignment (attempt 4/5)
2025-12-18 01:15:48 - shared_modules.data_collection.optimized_data_fetcher - ERROR - [FAIL] Exception for SCRTUSDT_15: local variable 'retry_delay' referenced before assignment (attempt 5/5)
2025-12-18 01:15:48 - shared_modules.data_collection.optimized_data_fetcher - ERROR - [FAIL] Failed to fetch SCRTUSDT_15
2025-12-18 01:15:48 - shared_modules.data_collection.optimized_data_fetcher - WARNING - [FAIL] Rate limited for SCRUSDT_240 (attempt 1/5)
2025-12-18 01:15:48 - shared_modules.data_collection.optimized_data_fetcher - ERROR - [FAIL] Exception for SCRUSDT_240: local variable 'retry_delay' referenced before assignment (attempt 2/5)
2025-12-18 01:15:48 - shared_modules.data_collection.optimized_data_fetcher - ERROR - [FAIL] Exception for SCRUSDT_240: local variable 'retry_delay' referenced before assignment (attempt 3/5)
2025-12-18 01:15:48 - shared_modules.data_collection.optimized_data_fetcher - ERROR - [FAIL] Exception for SCRUSDT_240: local variable 'retry_delay' referenced before assignment (attempt 4/5)
2025-12-18 01:15:48 - shared_modules.data_collection.optimized_data_fetcher - ERROR - [FAIL] Exception for SCRUSDT_240: local variable 'retry_delay' referenced before assignment (attempt 5/5)
2025-12-18 01:15:48 - shared_modules.data_collection.optimized_data_fetcher - ERROR - [FAIL] Failed to fetch SCRUSDT_240
