2025-12-18 04:09:59 - shared_modules.data_collection.optimized_data_fetcher - WARNING - [FAIL] Rate limited for EDUUSDT_1 (attempt 1/5)
2025-12-18 04:09:59 - shared_modules.data_collection.optimized_data_fetcher - ERROR - [FAIL] Exception for EDUUSDT_1: local variable 'retry_delay' referenced before assignment (attempt 2/5)
2025-12-18 04:09:59 - shared_modules.data_collection.optimized_data_fetcher - ERROR - [FAIL] Exception for EDUUSDT_1: local variable 'retry_delay' referenced before assignment (attempt 3/5)
2025-12-18 04:09:59 - shared_modules.data_collection.optimized_data_fetcher - ERROR - [FAIL] Exception for EDUUSDT_1: local variable 'retry_delay' referenced before assignment (attempt 4/5)
2025-12-18 04:09:59 - shared_modules.data_collection.optimized_data_fetcher - ERROR - [FAIL] Exception for EDUUSDT_1: local variable 'retry_delay' referenced before assignment (attempt 5/5)
2025-12-18 04:09:59 - shared_modules.data_collection.optimized_data_fetcher - ERROR - [FAIL] Failed to fetch EDUUSDT_1
2025-12-18 04:09:59 - shared_modules.data_collection.optimized_data_fetcher - WARNING - [FAIL] Rate limited for FILUSDT_1 (attempt 1/5)
2025-12-18 04:09:59 - shared_modules.data_collection.optimized_data_fetcher - ERROR - [FAIL] Exception for FILUSDT_1: local variable 'retry_delay' referenced before assignment (attempt 2/5)
2025-12-18 04:09:59 - shared_modules.data_collection.optimized_data_fetcher - ERROR - [FAIL] Exception for FILUSDT_1: local variable 'retry_delay' referenced before assignment (attempt 3/5)
2025-12-18 04:09:59 - shared_modules.data_collection.optimized_data_fetcher - ERROR - [FAIL] Exception for FILUSDT_1: local variable 'retry_delay' referenced before assignment (attempt 4/5)
2025-12-18 04:09:59 - shared_modules.data_collection.optimized_data_fetcher - ERROR - [FAIL] Exception for FILUSDT_1: local variable 'retry_delay' referenced before assignment (attempt 5/5)
2025-12-18 04:09:59 - shared_modules.data_collection.optimized_data_fetcher - ERROR - [FAIL] Failed to fetch FILUSDT_1
2025-12-18 04:09:59 - shared_modules.data_collection.optimized_data_fetcher - WARNING - [FAIL] Rate limited for ESUSDT_60 (attempt 1/5)
2025-12-18 04:09:59 - shared_modules.data_collection.optimized_data_fetcher - ERROR - [FAIL] Exception for ESUSDT_60: local variable 'retry_delay' referenced before assignment (attempt 2/5)
2025-12-18 04:09:59 - shared_modules.data_collection.optimized_data_fetcher - ERROR - [FAIL] Exception for ESUSDT_60: local variable 'retry_delay' referenced before assignment (attempt 3/5)
2025-12-18 04:09:59 - shared_modules.data_collection.optimized_data_fetcher - ERROR - [FAIL] Exception for ESUSDT_60: local variable 'retry_delay' referenced before assignment (attempt 4/5)
2025-12-18 04:09:59 - shared_modules.data_collection.optimized_data_fetcher - ERROR - [FAIL] Exception for ESUSDT_60: local variable 'retry_delay' referenced before assignment (attempt 5/5)
2025-12-18 04:09:59 - shared_modules.data_collection.optimized_data_fetcher - ERROR - [FAIL] Failed to fetch ESUSDT_60
2025-12-18 04:10:04 - shared_modules.data_collection.optimized_data_fetcher - WARNING - [FAIL] Rate limited for RLUSDUSDT_60 (attempt 1/5)
2025-12-18 04:10:04 - shared_modules.data_collection.optimized_data_fetcher - ERROR - [FAIL] Exception for RLUSDUSDT_60: local variable 'retry_delay' referenced before assignment (attempt 2/5)
2025-12-18 04:10:04 - shared_modules.data_collection.optimized_data_fetcher - ERROR - [FAIL] Exception for RLUSDUSDT_60: local variable 'retry_delay' referenced before assignment (attempt 3/5)
2025-12-18 04:10:04 - shared_modules.data_collection.optimized_data_fetcher - ERROR - [FAIL] Exception for RLUSDUSDT_60: local variable 'retry_delay' referenced before assignment (attempt 4/5)
2025-12-18 04:10:04 - shared_modules.data_collection.optimized_data_fetcher - ERROR - [FAIL] Exception for RLUSDUSDT_60: local variable 'retry_delay' referenced before assignment (attempt 5/5)
2025-12-18 04:10:04 - shared_modules.data_collection.optimized_data_fetcher - ERROR - [FAIL] Failed to fetch RLUSDUSDT_60
2025-12-18 04:10:04 - shared_modules.data_collection.optimized_data_fetcher - WARNING - [FAIL] Rate limited for ROAMUSDT_5 (attempt 1/5)
2025-12-18 04:10:04 - shared_modules.data_collection.optimized_data_fetcher - ERROR - [FAIL] Exception for ROAMUSDT_5: local variable 'retry_delay' referenced before assignment (attempt 2/5)
2025-12-18 04:10:04 - shared_modules.data_collection.optimized_data_fetcher - ERROR - [FAIL] Exception for ROAMUSDT_5: local variable 'retry_delay' referenced before assignment (attempt 3/5)
2025-12-18 04:10:04 - shared_modules.data_collection.optimized_data_fetcher - ERROR - [FAIL] Exception for ROAMUSDT_5: local variable 'retry_delay' referenced before assignment (attempt 4/5)
2025-12-18 04:10:04 - shared_modules.data_collection.optimized_data_fetcher - ERROR - [FAIL] Exception for ROAMUSDT_5: local variable 'retry_delay' referenced before assignment (attempt 5/5)
2025-12-18 04:10:04 - shared_modules.data_collection.optimized_data_fetcher - ERROR - [FAIL] Failed to fetch ROAMUSDT_5
2025-12-18 04:10:04 - shared_modules.data_collection.optimized_data_fetcher - WARNING - [FAIL] Rate limited for RPLUSDT_15 (attempt 1/5)
2025-12-18 04:10:04 - shared_modules.data_collection.optimized_data_fetcher - ERROR - [FAIL] Exception for RPLUSDT_15: local variable 'retry_delay' referenced before assignment (attempt 2/5)
2025-12-18 04:10:04 - shared_modules.data_collection.optimized_data_fetcher - ERROR - [FAIL] Exception for RPLUSDT_15: local variable 'retry_delay' referenced before assignment (attempt 3/5)
2025-12-18 04:10:04 - shared_modules.data_collection.optimized_data_fetcher - ERROR - [FAIL] Exception for RPLUSDT_15: local variable 'retry_delay' referenced before assignment (attempt 4/5)
2025-12-18 04:10:04 - shared_modules.data_collection.optimized_data_fetcher - ERROR - [FAIL] Exception for RPLUSDT_15: local variable 'retry_delay' referenced before assignment (attempt 5/5)
2025-12-18 04:10:04 - shared_modules.data_collection.optimized_data_fetcher - ERROR - [FAIL] Failed to fetch RPLUSDT_15
2025-12-18 04:10:04 - shared_modules.data_collection.optimized_data_fetcher - WARNING - [FAIL] Rate limited for RPLUSDT_240 (attempt 1/5)
2025-12-18 04:10:04 - shared_modules.data_collection.optimized_data_fetcher - ERROR - [FAIL] Exception for RPLUSDT_240: local variable 'retry_delay' referenced before assignment (attempt 2/5)
2025-12-18 04:10:04 - shared_modules.data_collection.optimized_data_fetcher - ERROR - [FAIL] Exception for RPLUSDT_240: local variable 'retry_delay' referenced before assignment (attempt 3/5)
2025-12-18 04:10:04 - shared_modules.data_collection.optimized_data_fetcher - ERROR - [FAIL] Exception for RPLUSDT_240: local variable 'retry_delay' referenced before assignment (attempt 4/5)
2025-12-18 04:10:04 - shared_modules.data_collection.optimized_data_fetcher - ERROR - [FAIL] Exception for RPLUSDT_240: local variable 'retry_delay' referenced before assignment (attempt 5/5)
2025-12-18 04:10:04 - shared_modules.data_collection.optimized_data_fetcher - ERROR - [FAIL] Failed to fetch RPLUSDT_240
2025-12-18 04:10:04 - shared_modules.data_collection.optimized_data_fetcher - WARNING - [FAIL] Rate limited for RAVEUSDT_15 (attempt 1/5)
2025-12-18 04:10:04 - shared_modules.data_collection.optimized_data_fetcher - ERROR - [FAIL] Exception for RAVEUSDT_15: local variable 'retry_delay' referenced before assignment (attempt 2/5)
2025-12-18 04:10:04 - shared_modules.data_collection.optimized_data_fetcher - ERROR - [FAIL] Exception for RAVEUSDT_15: local variable 'retry_delay' referenced before assignment (attempt 3/5)
2025-12-18 04:10:04 - shared_modules.data_collection.optimized_data_fetcher - ERROR - [FAIL] Exception for RAVEUSDT_15: local variable 'retry_delay' referenced before assignment (attempt 4/5)
2025-12-18 04:10:04 - shared_modules.data_collection.optimized_data_fetcher - ERROR - [FAIL] Exception for RAVEUSDT_15: local variable 'retry_delay' referenced before assignment (attempt 5/5)
2025-12-18 04:10:04 - shared_modules.data_collection.optimized_data_fetcher - ERROR - [FAIL] Failed to fetch RAVEUSDT_15
2025-12-18 04:10:04 - shared_modules.data_collection.optimized_data_fetcher - WARNING - [FAIL] Rate limited for SAFEUSDT_60 (attempt 1/5)
2025-12-18 04:10:04 - shared_modules.data_collection.optimized_data_fetcher - ERROR - [FAIL] Exception for SAFEUSDT_60: local variable 'retry_delay' referenced before assignment (attempt 2/5)
2025-12-18 04:10:04 - shared_modules.data_collection.optimized_data_fetcher - ERROR - [FAIL] Exception for SAFEUSDT_60: local variable 'retry_delay' referenced before assignment (attempt 3/5)
2025-12-18 04:10:04 - shared_modules.data_collection.optimized_data_fetcher - ERROR - [FAIL] Exception for SAFEUSDT_60: local variable 'retry_delay' referenced before assignment (attempt 4/5)
2025-12-18 04:10:04 - shared_modules.data_collection.optimized_data_fetcher - ERROR - [FAIL] Exception for SAFEUSDT_60: local variable 'retry_delay' referenced before assignment (attempt 5/5)
2025-12-18 04:10:04 - shared_modules.data_collection.optimized_data_fetcher - ERROR - [FAIL] Failed to fetch SAFEUSDT_60
2025-12-18 04:10:04 - shared_modules.data_collection.optimized_data_fetcher - WARNING - [FAIL] Rate limited for SAHARAUSDT_1 (attempt 1/5)
2025-12-18 04:10:04 - shared_modules.data_collection.optimized_data_fetcher - ERROR - [FAIL] Exception for SAHARAUSDT_1: local variable 'retry_delay' referenced before assignment (attempt 2/5)
2025-12-18 04:10:04 - shared_modules.data_collection.optimized_data_fetcher - ERROR - [FAIL] Exception for SAHARAUSDT_1: local variable 'retry_delay' referenced before assignment (attempt 3/5)
2025-12-18 04:10:04 - shared_modules.data_collection.optimized_data_fetcher - ERROR - [FAIL] Exception for SAHARAUSDT_1: local variable 'retry_delay' referenced before assignment (attempt 4/5)
2025-12-18 04:10:04 - shared_modules.data_collection.optimized_data_fetcher - ERROR - [FAIL] Exception for SAHARAUSDT_1: local variable 'retry_delay' referenced before assignment (attempt 5/5)
2025-12-18 04:10:04 - shared_modules.data_collection.optimized_data_fetcher - ERROR - [FAIL] Failed to fetch SAHARAUSDT_1
2025-12-18 04:10:04 - shared_modules.data_collection.optimized_data_fetcher - WARNING - [FAIL] Rate limited for SAGAUSDT_120 (attempt 1/5)
2025-12-18 04:10:04 - shared_modules.data_collection.optimized_data_fetcher - ERROR - [FAIL] Exception for SAGAUSDT_120: local variable 'retry_delay' referenced before assignment (attempt 2/5)
2025-12-18 04:10:04 - shared_modules.data_collection.optimized_data_fetcher - ERROR - [FAIL] Exception for SAGAUSDT_120: local variable 'retry_delay' referenced before assignment (attempt 3/5)
2025-12-18 04:10:04 - shared_modules.data_collection.optimized_data_fetcher - ERROR - [FAIL] Exception for SAGAUSDT_120: local variable 'retry_delay' referenced before assignment (attempt 4/5)
2025-12-18 04:10:04 - shared_modules.data_collection.optimized_data_fetcher - ERROR - [FAIL] Exception for SAGAUSDT_120: local variable 'retry_delay' referenced before assignment (attempt 5/5)
2025-12-18 04:10:04 - shared_modules.data_collection.optimized_data_fetcher - ERROR - [FAIL] Failed to fetch SAGAUSDT_120
2025-12-18 04:10:04 - shared_modules.data_collection.optimized_data_fetcher - WARNING - [FAIL] Rate limited for RDNTUSDT_120 (attempt 1/5)
2025-12-18 04:10:04 - shared_modules.data_collection.optimized_data_fetcher - ERROR - [FAIL] Exception for RDNTUSDT_120: local variable 'retry_delay' referenced before assignment (attempt 2/5)
2025-12-18 04:10:04 - shared_modules.data_collection.optimized_data_fetcher - ERROR - [FAIL] Exception for RDNTUSDT_120: local variable 'retry_delay' referenced before assignment (attempt 3/5)
2025-12-18 04:10:04 - shared_modules.data_collection.optimized_data_fetcher - ERROR - [FAIL] Exception for RDNTUSDT_120: local variable 'retry_delay' referenced before assignment (attempt 4/5)
2025-12-18 04:10:04 - shared_modules.data_collection.optimized_data_fetcher - ERROR - [FAIL] Exception for RDNTUSDT_120: local variable 'retry_delay' referenced before assignment (attempt 5/5)
2025-12-18 04:10:04 - shared_modules.data_collection.optimized_data_fetcher - ERROR - [FAIL] Failed to fetch RDNTUSDT_120
2025-12-18 04:10:04 - shared_modules.data_collection.optimized_data_fetcher - WARNING - [FAIL] Rate limited for SAROSUSDT_120 (attempt 1/5)
2025-12-18 04:10:04 - shared_modules.data_collection.optimized_data_fetcher - ERROR - [FAIL] Exception for SAROSUSDT_120: local variable 'retry_delay' referenced before assignment (attempt 2/5)
2025-12-18 04:10:04 - shared_modules.data_collection.optimized_data_fetcher - ERROR - [FAIL] Exception for SAROSUSDT_120: local variable 'retry_delay' referenced before assignment (attempt 3/5)
2025-12-18 04:10:04 - shared_modules.data_collection.optimized_data_fetcher - ERROR - [FAIL] Exception for SAROSUSDT_120: local variable 'retry_delay' referenced before assignment (attempt 4/5)
2025-12-18 04:10:04 - shared_modules.data_collection.optimized_data_fetcher - ERROR - [FAIL] Exception for SAROSUSDT_120: local variable 'retry_delay' referenced before assignment (attempt 5/5)
2025-12-18 04:10:04 - shared_modules.data_collection.optimized_data_fetcher - ERROR - [FAIL] Failed to fetch SAROSUSDT_120
2025-12-18 04:10:04 - shared_modules.data_collection.optimized_data_fetcher - WARNING - [FAIL] Rate limited for SAROSUSDT_5 (attempt 1/5)
2025-12-18 04:10:04 - shared_modules.data_collection.optimized_data_fetcher - ERROR - [FAIL] Exception for SAROSUSDT_5: local variable 'retry_delay' referenced before assignment (attempt 2/5)
2025-12-18 04:10:04 - shared_modules.data_collection.optimized_data_fetcher - ERROR - [FAIL] Exception for SAROSUSDT_5: local variable 'retry_delay' referenced before assignment (attempt 3/5)
2025-12-18 04:10:04 - shared_modules.data_collection.optimized_data_fetcher - ERROR - [FAIL] Exception for SAROSUSDT_5: local variable 'retry_delay' referenced before assignment (attempt 4/5)
2025-12-18 04:10:04 - shared_modules.data_collection.optimized_data_fetcher - ERROR - [FAIL] Exception for SAROSUSDT_5: local variable 'retry_delay' referenced before assignment (attempt 5/5)
2025-12-18 04:10:04 - shared_modules.data_collection.optimized_data_fetcher - ERROR - [FAIL] Failed to fetch SAROSUSDT_5
2025-12-18 04:10:04 - shared_modules.data_collection.optimized_data_fetcher - WARNING - [FAIL] Rate limited for SAPIENUSDT_5 (attempt 1/5)
2025-12-18 04:10:04 - shared_modules.data_collection.optimized_data_fetcher - ERROR - [FAIL] Exception for SAPIENUSDT_5: local variable 'retry_delay' referenced before assignment (attempt 2/5)
2025-12-18 04:10:04 - shared_modules.data_collection.optimized_data_fetcher - ERROR - [FAIL] Exception for SAPIENUSDT_5: local variable 'retry_delay' referenced before assignment (attempt 3/5)
2025-12-18 04:10:04 - shared_modules.data_collection.optimized_data_fetcher - ERROR - [FAIL] Exception for SAPIENUSDT_5: local variable 'retry_delay' referenced before assignment (attempt 4/5)
2025-12-18 04:10:04 - shared_modules.data_collection.optimized_data_fetcher - ERROR - [FAIL] Exception for SAPIENUSDT_5: local variable 'retry_delay' referenced before assignment (attempt 5/5)
2025-12-18 04:10:04 - shared_modules.data_collection.optimized_data_fetcher - ERROR - [FAIL] Failed to fetch SAPIENUSDT_5
2025-12-18 04:10:04 - shared_modules.data_collection.optimized_data_fetcher - WARNING - [FAIL] Rate limited for SAPIENUSDT_240 (attempt 1/5)
2025-12-18 04:10:04 - shared_modules.data_collection.optimized_data_fetcher - ERROR - [FAIL] Exception for SAPIENUSDT_240: local variable 'retry_delay' referenced before assignment (attempt 2/5)
2025-12-18 04:10:04 - shared_modules.data_collection.optimized_data_fetcher - ERROR - [FAIL] Exception for SAPIENUSDT_240: local variable 'retry_delay' referenced before assignment (attempt 3/5)
2025-12-18 04:10:04 - shared_modules.data_collection.optimized_data_fetcher - ERROR - [FAIL] Exception for SAPIENUSDT_240: local variable 'retry_delay' referenced before assignment (attempt 4/5)
2025-12-18 04:10:04 - shared_modules.data_collection.optimized_data_fetcher - ERROR - [FAIL] Exception for SAPIENUSDT_240: local variable 'retry_delay' referenced before assignment (attempt 5/5)
2025-12-18 04:10:04 - shared_modules.data_collection.optimized_data_fetcher - ERROR - [FAIL] Failed to fetch SAPIENUSDT_240
2025-12-18 04:10:04 - shared_modules.data_collection.optimized_data_fetcher - WARNING - [FAIL] Rate limited for SAROSUSDT_1 (attempt 1/5)
2025-12-18 04:10:04 - shared_modules.data_collection.optimized_data_fetcher - ERROR - [FAIL] Exception for SAROSUSDT_1: local variable 'retry_delay' referenced before assignment (attempt 2/5)
2025-12-18 04:10:04 - shared_modules.data_collection.optimized_data_fetcher - ERROR - [FAIL] Exception for SAROSUSDT_1: local variable 'retry_delay' referenced before assignment (attempt 3/5)
2025-12-18 04:10:04 - shared_modules.data_collection.optimized_data_fetcher - ERROR - [FAIL] Exception for SAROSUSDT_1: local variable 'retry_delay' referenced before assignment (attempt 4/5)
2025-12-18 04:10:04 - shared_modules.data_collection.optimized_data_fetcher - ERROR - [FAIL] Exception for SAROSUSDT_1: local variable 'retry_delay' referenced before assignment (attempt 5/5)
2025-12-18 04:10:04 - shared_modules.data_collection.optimized_data_fetcher - ERROR - [FAIL] Failed to fetch SAROSUSDT_1
2025-12-18 04:10:04 - shared_modules.data_collection.optimized_data_fetcher - WARNING - [FAIL] Rate limited for SAROSUSDT_60 (attempt 1/5)
2025-12-18 04:10:04 - shared_modules.data_collection.optimized_data_fetcher - ERROR - [FAIL] Exception for SAROSUSDT_60: local variable 'retry_delay' referenced before assignment (attempt 2/5)
2025-12-18 04:10:04 - shared_modules.data_collection.optimized_data_fetcher - ERROR - [FAIL] Exception for SAROSUSDT_60: local variable 'retry_delay' referenced before assignment (attempt 3/5)
2025-12-18 04:10:04 - shared_modules.data_collection.optimized_data_fetcher - ERROR - [FAIL] Exception for SAROSUSDT_60: local variable 'retry_delay' referenced before assignment (attempt 4/5)
2025-12-18 04:10:04 - shared_modules.data_collection.optimized_data_fetcher - ERROR - [FAIL] Exception for SAROSUSDT_60: local variable 'retry_delay' referenced before assignment (attempt 5/5)
2025-12-18 04:10:04 - shared_modules.data_collection.optimized_data_fetcher - ERROR - [FAIL] Failed to fetch SAROSUSDT_60
2025-12-18 04:10:04 - shared_modules.data_collection.optimized_data_fetcher - WARNING - [FAIL] Rate limited for SCRUSDT_1 (attempt 1/5)
2025-12-18 04:10:04 - shared_modules.data_collection.optimized_data_fetcher - ERROR - [FAIL] Exception for SCRUSDT_1: local variable 'retry_delay' referenced before assignment (attempt 2/5)
2025-12-18 04:10:04 - shared_modules.data_collection.optimized_data_fetcher - ERROR - [FAIL] Exception for SCRUSDT_1: local variable 'retry_delay' referenced before assignment (attempt 3/5)
2025-12-18 04:10:04 - shared_modules.data_collection.optimized_data_fetcher - ERROR - [FAIL] Exception for SCRUSDT_1: local variable 'retry_delay' referenced before assignment (attempt 4/5)
2025-12-18 04:10:04 - shared_modules.data_collection.optimized_data_fetcher - ERROR - [FAIL] Exception for SCRUSDT_1: local variable 'retry_delay' referenced before assignment (attempt 5/5)
2025-12-18 04:10:04 - shared_modules.data_collection.optimized_data_fetcher - ERROR - [FAIL] Failed to fetch SCRUSDT_1
2025-12-18 04:10:04 - shared_modules.data_collection.optimized_data_fetcher - WARNING - [FAIL] Rate limited for SCRTUSDT_240 (attempt 1/5)
2025-12-18 04:10:04 - shared_modules.data_collection.optimized_data_fetcher - ERROR - [FAIL] Exception for SCRTUSDT_240: local variable 'retry_delay' referenced before assignment (attempt 2/5)
2025-12-18 04:10:04 - shared_modules.data_collection.optimized_data_fetcher - ERROR - [FAIL] Exception for SCRTUSDT_240: local variable 'retry_delay' referenced before assignment (attempt 3/5)
2025-12-18 04:10:04 - shared_modules.data_collection.optimized_data_fetcher - ERROR - [FAIL] Exception for SCRTUSDT_240: local variable 'retry_delay' referenced before assignment (attempt 4/5)
2025-12-18 04:10:04 - shared_modules.data_collection.optimized_data_fetcher - ERROR - [FAIL] Exception for SCRTUSDT_240: local variable 'retry_delay' referenced before assignment (attempt 5/5)
2025-12-18 04:10:04 - shared_modules.data_collection.optimized_data_fetcher - ERROR - [FAIL] Failed to fetch SCRTUSDT_240
2025-12-18 04:10:04 - shared_modules.data_collection.optimized_data_fetcher - WARNING - [FAIL] Rate limited for SCUSDT_1 (attempt 1/5)
2025-12-18 04:10:04 - shared_modules.data_collection.optimized_data_fetcher - ERROR - [FAIL] Exception for SCUSDT_1: local variable 'retry_delay' referenced before assignment (attempt 2/5)
2025-12-18 04:10:04 - shared_modules.data_collection.optimized_data_fetcher - ERROR - [FAIL] Exception for SCUSDT_1: local variable 'retry_delay' referenced before assignment (attempt 3/5)
2025-12-18 04:10:04 - shared_modules.data_collection.optimized_data_fetcher - ERROR - [FAIL] Exception for SCUSDT_1: local variable 'retry_delay' referenced before assignment (attempt 4/5)
2025-12-18 04:10:04 - shared_modules.data_collection.optimized_data_fetcher - ERROR - [FAIL] Exception for SCUSDT_1: local variable 'retry_delay' referenced before assignment (attempt 5/5)
2025-12-18 04:10:04 - shared_modules.data_collection.optimized_data_fetcher - ERROR - [FAIL] Failed to fetch SCUSDT_1
2025-12-18 04:10:04 - shared_modules.data_collection.optimized_data_fetcher - WARNING - [FAIL] Rate limited for SCUSDT_120 (attempt 1/5)
2025-12-18 04:10:04 - shared_modules.data_collection.optimized_data_fetcher - ERROR - [FAIL] Exception for SCUSDT_120: local variable 'retry_delay' referenced before assignment (attempt 2/5)
2025-12-18 04:10:04 - shared_modules.data_collection.optimized_data_fetcher - ERROR - [FAIL] Exception for SCUSDT_120: local variable 'retry_delay' referenced before assignment (attempt 3/5)
2025-12-18 04:10:04 - shared_modules.data_collection.optimized_data_fetcher - ERROR - [FAIL] Exception for SCUSDT_120: local variable 'retry_delay' referenced before assignment (attempt 4/5)
2025-12-18 04:10:04 - shared_modules.data_collection.optimized_data_fetcher - ERROR - [FAIL] Exception for SCUSDT_120: local variable 'retry_delay' referenced before assignment (attempt 5/5)
2025-12-18 04:10:04 - shared_modules.data_collection.optimized_data_fetcher - ERROR - [FAIL] Failed to fetch SCUSDT_120
2025-12-18 04:10:04 - shared_modules.data_collection.optimized_data_fetcher - WARNING - [FAIL] Rate limited for ROAMUSDT_60 (attempt 1/5)
2025-12-18 04:10:04 - shared_modules.data_collection.optimized_data_fetcher - ERROR - [FAIL] Exception for ROAMUSDT_60: local variable 'retry_delay' referenced before assignment (attempt 2/5)
2025-12-18 04:10:04 - shared_modules.data_collection.optimized_data_fetcher - ERROR - [FAIL] Exception for ROAMUSDT_60: local variable 'retry_delay' referenced before assignment (attempt 3/5)
2025-12-18 04:10:04 - shared_modules.data_collection.optimized_data_fetcher - ERROR - [FAIL] Exception for ROAMUSDT_60: local variable 'retry_delay' referenced before assignment (attempt 4/5)
2025-12-18 04:10:04 - shared_modules.data_collection.optimized_data_fetcher - ERROR - [FAIL] Exception for ROAMUSDT_60: local variable 'retry_delay' referenced before assignment (attempt 5/5)
2025-12-18 04:10:04 - shared_modules.data_collection.optimized_data_fetcher - ERROR - [FAIL] Failed to fetch ROAMUSDT_60
2025-12-18 04:10:04 - shared_modules.data_collection.optimized_data_fetcher - WARNING - [FAIL] Rate limited for SDUSDT_1 (attempt 1/5)
2025-12-18 04:10:04 - shared_modules.data_collection.optimized_data_fetcher - ERROR - [FAIL] Exception for SDUSDT_1: local variable 'retry_delay' referenced before assignment (attempt 2/5)
2025-12-18 04:10:04 - shared_modules.data_collection.optimized_data_fetcher - ERROR - [FAIL] Exception for SDUSDT_1: local variable 'retry_delay' referenced before assignment (attempt 3/5)
2025-12-18 04:10:04 - shared_modules.data_collection.optimized_data_fetcher - ERROR - [FAIL] Exception for SDUSDT_1: local variable 'retry_delay' referenced before assignment (attempt 4/5)
2025-12-18 04:10:04 - shared_modules.data_collection.optimized_data_fetcher - ERROR - [FAIL] Exception for SDUSDT_1: local variable 'retry_delay' referenced before assignment (attempt 5/5)
2025-12-18 04:10:04 - shared_modules.data_collection.optimized_data_fetcher - ERROR - [FAIL] Failed to fetch SDUSDT_1
2025-12-18 04:10:04 - shared_modules.data_collection.optimized_data_fetcher - WARNING - [FAIL] Rate limited for SEIUSDT_240 (attempt 1/5)
2025-12-18 04:10:04 - shared_modules.data_collection.optimized_data_fetcher - ERROR - [FAIL] Exception for SEIUSDT_240: local variable 'retry_delay' referenced before assignment (attempt 2/5)
2025-12-18 04:10:04 - shared_modules.data_collection.optimized_data_fetcher - ERROR - [FAIL] Exception for SEIUSDT_240: local variable 'retry_delay' referenced before assignment (attempt 3/5)
2025-12-18 04:10:04 - shared_modules.data_collection.optimized_data_fetcher - ERROR - [FAIL] Exception for SEIUSDT_240: local variable 'retry_delay' referenced before assignment (attempt 4/5)
2025-12-18 04:10:04 - shared_modules.data_collection.optimized_data_fetcher - ERROR - [FAIL] Exception for SEIUSDT_240: local variable 'retry_delay' referenced before assignment (attempt 5/5)
2025-12-18 04:10:04 - shared_modules.data_collection.optimized_data_fetcher - ERROR - [FAIL] Failed to fetch SEIUSDT_240
2025-12-18 04:10:04 - shared_modules.data_collection.optimized_data_fetcher - WARNING - [FAIL] Rate limited for SEIUSDT_120 (attempt 1/5)
2025-12-18 04:10:04 - shared_modules.data_collection.optimized_data_fetcher - ERROR - [FAIL] Exception for SEIUSDT_120: local variable 'retry_delay' referenced before assignment (attempt 2/5)
2025-12-18 04:10:04 - shared_modules.data_collection.optimized_data_fetcher - ERROR - [FAIL] Exception for SEIUSDT_120: local variable 'retry_delay' referenced before assignment (attempt 3/5)
2025-12-18 04:10:04 - shared_modules.data_collection.optimized_data_fetcher - ERROR - [FAIL] Exception for SEIUSDT_120: local variable 'retry_delay' referenced before assignment (attempt 4/5)
2025-12-18 04:10:04 - shared_modules.data_collection.optimized_data_fetcher - ERROR - [FAIL] Exception for SEIUSDT_120: local variable 'retry_delay' referenced before assignment (attempt 5/5)
2025-12-18 04:10:04 - shared_modules.data_collection.optimized_data_fetcher - ERROR - [FAIL] Failed to fetch SEIUSDT_120
2025-12-18 04:10:04 - shared_modules.data_collection.optimized_data_fetcher - WARNING - [FAIL] Rate limited for SFPUSDT_1 (attempt 1/5)
2025-12-18 04:10:04 - shared_modules.data_collection.optimized_data_fetcher - ERROR - [FAIL] Exception for SFPUSDT_1: local variable 'retry_delay' referenced before assignment (attempt 2/5)
2025-12-18 04:10:04 - shared_modules.data_collection.optimized_data_fetcher - ERROR - [FAIL] Exception for SFPUSDT_1: local variable 'retry_delay' referenced before assignment (attempt 3/5)
2025-12-18 04:10:04 - shared_modules.data_collection.optimized_data_fetcher - ERROR - [FAIL] Exception for SFPUSDT_1: local variable 'retry_delay' referenced before assignment (attempt 4/5)
2025-12-18 04:10:04 - shared_modules.data_collection.optimized_data_fetcher - ERROR - [FAIL] Exception for SFPUSDT_1: local variable 'retry_delay' referenced before assignment (attempt 5/5)
2025-12-18 04:10:04 - shared_modules.data_collection.optimized_data_fetcher - ERROR - [FAIL] Failed to fetch SFPUSDT_1
2025-12-18 04:10:04 - shared_modules.data_collection.optimized_data_fetcher - WARNING - [FAIL] Rate limited for SFPUSDT_240 (attempt 1/5)
2025-12-18 04:10:04 - shared_modules.data_collection.optimized_data_fetcher - ERROR - [FAIL] Exception for SFPUSDT_240: local variable 'retry_delay' referenced before assignment (attempt 2/5)
2025-12-18 04:10:04 - shared_modules.data_collection.optimized_data_fetcher - ERROR - [FAIL] Exception for SFPUSDT_240: local variable 'retry_delay' referenced before assignment (attempt 3/5)
2025-12-18 04:10:04 - shared_modules.data_collection.optimized_data_fetcher - ERROR - [FAIL] Exception for SFPUSDT_240: local variable 'retry_delay' referenced before assignment (attempt 4/5)
2025-12-18 04:10:04 - shared_modules.data_collection.optimized_data_fetcher - ERROR - [FAIL] Exception for SFPUSDT_240: local variable 'retry_delay' referenced before assignment (attempt 5/5)
2025-12-18 04:10:04 - shared_modules.data_collection.optimized_data_fetcher - ERROR - [FAIL] Failed to fetch SFPUSDT_240
2025-12-18 04:10:04 - shared_modules.data_collection.optimized_data_fetcher - WARNING - [FAIL] Rate limited for SHELLUSDT_120 (attempt 1/5)
2025-12-18 04:10:04 - shared_modules.data_collection.optimized_data_fetcher - ERROR - [FAIL] Exception for SHELLUSDT_120: local variable 'retry_delay' referenced before assignment (attempt 2/5)
2025-12-18 04:10:04 - shared_modules.data_collection.optimized_data_fetcher - ERROR - [FAIL] Exception for SHELLUSDT_120: local variable 'retry_delay' referenced before assignment (attempt 3/5)
2025-12-18 04:10:04 - shared_modules.data_collection.optimized_data_fetcher - ERROR - [FAIL] Exception for SHELLUSDT_120: local variable 'retry_delay' referenced before assignment (attempt 4/5)
2025-12-18 04:10:04 - shared_modules.data_collection.optimized_data_fetcher - ERROR - [FAIL] Exception for SHELLUSDT_120: local variable 'retry_delay' referenced before assignment (attempt 5/5)
2025-12-18 04:10:04 - shared_modules.data_collection.optimized_data_fetcher - ERROR - [FAIL] Failed to fetch SHELLUSDT_120
2025-12-18 04:10:04 - shared_modules.data_collection.optimized_data_fetcher - WARNING - [FAIL] Rate limited for SHELLUSDT_15 (attempt 1/5)
2025-12-18 04:10:04 - shared_modules.data_collection.optimized_data_fetcher - ERROR - [FAIL] Exception for SHELLUSDT_15: local variable 'retry_delay' referenced before assignment (attempt 2/5)
2025-12-18 04:10:04 - shared_modules.data_collection.optimized_data_fetcher - ERROR - [FAIL] Exception for SHELLUSDT_15: local variable 'retry_delay' referenced before assignment (attempt 3/5)
2025-12-18 04:10:04 - shared_modules.data_collection.optimized_data_fetcher - ERROR - [FAIL] Exception for SHELLUSDT_15: local variable 'retry_delay' referenced before assignment (attempt 4/5)
2025-12-18 04:10:04 - shared_modules.data_collection.optimized_data_fetcher - ERROR - [FAIL] Exception for SHELLUSDT_15: local variable 'retry_delay' referenced before assignment (attempt 5/5)
2025-12-18 04:10:04 - shared_modules.data_collection.optimized_data_fetcher - ERROR - [FAIL] Failed to fetch SHELLUSDT_15
2025-12-18 04:10:04 - shared_modules.data_collection.optimized_data_fetcher - WARNING - [FAIL] Rate limited for SHIB1000USDT_15 (attempt 1/5)
2025-12-18 04:10:04 - shared_modules.data_collection.optimized_data_fetcher - ERROR - [FAIL] Exception for SHIB1000USDT_15: local variable 'retry_delay' referenced before assignment (attempt 2/5)
2025-12-18 04:10:04 - shared_modules.data_collection.optimized_data_fetcher - ERROR - [FAIL] Exception for SHIB1000USDT_15: local variable 'retry_delay' referenced before assignment (attempt 3/5)
2025-12-18 04:10:04 - shared_modules.data_collection.optimized_data_fetcher - ERROR - [FAIL] Exception for SHIB1000USDT_15: local variable 'retry_delay' referenced before assignment (attempt 4/5)
2025-12-18 04:10:04 - shared_modules.data_collection.optimized_data_fetcher - ERROR - [FAIL] Exception for SHIB1000USDT_15: local variable 'retry_delay' referenced before assignment (attempt 5/5)
2025-12-18 04:10:04 - shared_modules.data_collection.optimized_data_fetcher - ERROR - [FAIL] Failed to fetch SHIB1000USDT_15
2025-12-18 04:10:04 - shared_modules.data_collection.optimized_data_fetcher - WARNING - [FAIL] Rate limited for SHIB1000USDT_240 (attempt 1/5)
2025-12-18 04:10:04 - shared_modules.data_collection.optimized_data_fetcher - ERROR - [FAIL] Exception for SHIB1000USDT_240: local variable 'retry_delay' referenced before assignment (attempt 2/5)
2025-12-18 04:10:04 - shared_modules.data_collection.optimized_data_fetcher - ERROR - [FAIL] Exception for SHIB1000USDT_240: local variable 'retry_delay' referenced before assignment (attempt 3/5)
2025-12-18 04:10:04 - shared_modules.data_collection.optimized_data_fetcher - ERROR - [FAIL] Exception for SHIB1000USDT_240: local variable 'retry_delay' referenced before assignment (attempt 4/5)
2025-12-18 04:10:04 - shared_modules.data_collection.optimized_data_fetcher - ERROR - [FAIL] Exception for SHIB1000USDT_240: local variable 'retry_delay' referenced before assignment (attempt 5/5)
2025-12-18 04:10:04 - shared_modules.data_collection.optimized_data_fetcher - ERROR - [FAIL] Failed to fetch SHIB1000USDT_240
2025-12-18 04:10:04 - shared_modules.data_collection.optimized_data_fetcher - WARNING - [FAIL] Rate limited for SFPUSDT_5 (attempt 1/5)
2025-12-18 04:10:04 - shared_modules.data_collection.optimized_data_fetcher - ERROR - [FAIL] Exception for SFPUSDT_5: local variable 'retry_delay' referenced before assignment (attempt 2/5)
2025-12-18 04:10:04 - shared_modules.data_collection.optimized_data_fetcher - ERROR - [FAIL] Exception for SFPUSDT_5: local variable 'retry_delay' referenced before assignment (attempt 3/5)
2025-12-18 04:10:04 - shared_modules.data_collection.optimized_data_fetcher - ERROR - [FAIL] Exception for SFPUSDT_5: local variable 'retry_delay' referenced before assignment (attempt 4/5)
2025-12-18 04:10:04 - shared_modules.data_collection.optimized_data_fetcher - ERROR - [FAIL] Exception for SFPUSDT_5: local variable 'retry_delay' referenced before assignment (attempt 5/5)
2025-12-18 04:10:04 - shared_modules.data_collection.optimized_data_fetcher - ERROR - [FAIL] Failed to fetch SFPUSDT_5
2025-12-18 04:10:04 - shared_modules.data_collection.optimized_data_fetcher - WARNING - [FAIL] Rate limited for SKLUSDT_1 (attempt 1/5)
2025-12-18 04:10:04 - shared_modules.data_collection.optimized_data_fetcher - ERROR - [FAIL] Exception for SKLUSDT_1: local variable 'retry_delay' referenced before assignment (attempt 2/5)
2025-12-18 04:10:04 - shared_modules.data_collection.optimized_data_fetcher - ERROR - [FAIL] Exception for SKLUSDT_1: local variable 'retry_delay' referenced before assignment (attempt 3/5)
2025-12-18 04:10:04 - shared_modules.data_collection.optimized_data_fetcher - ERROR - [FAIL] Exception for SKLUSDT_1: local variable 'retry_delay' referenced before assignment (attempt 4/5)
2025-12-18 04:10:04 - shared_modules.data_collection.optimized_data_fetcher - ERROR - [FAIL] Exception for SKLUSDT_1: local variable 'retry_delay' referenced before assignment (attempt 5/5)
2025-12-18 04:10:04 - shared_modules.data_collection.optimized_data_fetcher - ERROR - [FAIL] Failed to fetch SKLUSDT_1
2025-12-18 04:10:04 - shared_modules.data_collection.optimized_data_fetcher - WARNING - [FAIL] Rate limited for SIRENUSDT_60 (attempt 1/5)
2025-12-18 04:10:04 - shared_modules.data_collection.optimized_data_fetcher - ERROR - [FAIL] Exception for SIRENUSDT_60: local variable 'retry_delay' referenced before assignment (attempt 2/5)
2025-12-18 04:10:04 - shared_modules.data_collection.optimized_data_fetcher - ERROR - [FAIL] Exception for SIRENUSDT_60: local variable 'retry_delay' referenced before assignment (attempt 3/5)
2025-12-18 04:10:04 - shared_modules.data_collection.optimized_data_fetcher - ERROR - [FAIL] Exception for SIRENUSDT_60: local variable 'retry_delay' referenced before assignment (attempt 4/5)
2025-12-18 04:10:04 - shared_modules.data_collection.optimized_data_fetcher - ERROR - [FAIL] Exception for SIRENUSDT_60: local variable 'retry_delay' referenced before assignment (attempt 5/5)
2025-12-18 04:10:04 - shared_modules.data_collection.optimized_data_fetcher - ERROR - [FAIL] Failed to fetch SIRENUSDT_60
2025-12-18 04:10:04 - shared_modules.data_collection.optimized_data_fetcher - WARNING - [FAIL] Rate limited for SKLUSDT_240 (attempt 1/5)
2025-12-18 04:10:04 - shared_modules.data_collection.optimized_data_fetcher - ERROR - [FAIL] Exception for SKLUSDT_240: local variable 'retry_delay' referenced before assignment (attempt 2/5)
2025-12-18 04:10:04 - shared_modules.data_collection.optimized_data_fetcher - ERROR - [FAIL] Exception for SKLUSDT_240: local variable 'retry_delay' referenced before assignment (attempt 3/5)
2025-12-18 04:10:04 - shared_modules.data_collection.optimized_data_fetcher - ERROR - [FAIL] Exception for SKLUSDT_240: local variable 'retry_delay' referenced before assignment (attempt 4/5)
2025-12-18 04:10:04 - shared_modules.data_collection.optimized_data_fetcher - ERROR - [FAIL] Exception for SKLUSDT_240: local variable 'retry_delay' referenced before assignment (attempt 5/5)
2025-12-18 04:10:04 - shared_modules.data_collection.optimized_data_fetcher - ERROR - [FAIL] Failed to fetch SKLUSDT_240
2025-12-18 04:10:04 - shared_modules.data_collection.optimized_data_fetcher - WARNING - [FAIL] Rate limited for SKYUSDT_60 (attempt 1/5)
2025-12-18 04:10:04 - shared_modules.data_collection.optimized_data_fetcher - ERROR - [FAIL] Exception for SKYUSDT_60: local variable 'retry_delay' referenced before assignment (attempt 2/5)
2025-12-18 04:10:04 - shared_modules.data_collection.optimized_data_fetcher - ERROR - [FAIL] Exception for SKYUSDT_60: local variable 'retry_delay' referenced before assignment (attempt 3/5)
2025-12-18 04:10:04 - shared_modules.data_collection.optimized_data_fetcher - ERROR - [FAIL] Exception for SKYUSDT_60: local variable 'retry_delay' referenced before assignment (attempt 4/5)
2025-12-18 04:10:04 - shared_modules.data_collection.optimized_data_fetcher - ERROR - [FAIL] Exception for SKYUSDT_60: local variable 'retry_delay' referenced before assignment (attempt 5/5)
2025-12-18 04:10:04 - shared_modules.data_collection.optimized_data_fetcher - ERROR - [FAIL] Failed to fetch SKYUSDT_60
2025-12-18 04:10:04 - shared_modules.data_collection.optimized_data_fetcher - WARNING - [FAIL] Rate limited for SNTUSDT_1 (attempt 1/5)
2025-12-18 04:10:04 - shared_modules.data_collection.optimized_data_fetcher - ERROR - [FAIL] Exception for SNTUSDT_1: local variable 'retry_delay' referenced before assignment (attempt 2/5)
2025-12-18 04:10:04 - shared_modules.data_collection.optimized_data_fetcher - ERROR - [FAIL] Exception for SNTUSDT_1: local variable 'retry_delay' referenced before assignment (attempt 3/5)
2025-12-18 04:10:04 - shared_modules.data_collection.optimized_data_fetcher - ERROR - [FAIL] Exception for SNTUSDT_1: local variable 'retry_delay' referenced before assignment (attempt 4/5)
2025-12-18 04:10:04 - shared_modules.data_collection.optimized_data_fetcher - ERROR - [FAIL] Exception for SNTUSDT_1: local variable 'retry_delay' referenced before assignment (attempt 5/5)
2025-12-18 04:10:04 - shared_modules.data_collection.optimized_data_fetcher - ERROR - [FAIL] Failed to fetch SNTUSDT_1
2025-12-18 04:10:04 - shared_modules.data_collection.optimized_data_fetcher - WARNING - [FAIL] Rate limited for SNTUSDT_240 (attempt 1/5)
2025-12-18 04:10:04 - shared_modules.data_collection.optimized_data_fetcher - ERROR - [FAIL] Exception for SNTUSDT_240: local variable 'retry_delay' referenced before assignment (attempt 2/5)
2025-12-18 04:10:04 - shared_modules.data_collection.optimized_data_fetcher - ERROR - [FAIL] Exception for SNTUSDT_240: local variable 'retry_delay' referenced before assignment (attempt 3/5)
2025-12-18 04:10:04 - shared_modules.data_collection.optimized_data_fetcher - ERROR - [FAIL] Exception for SNTUSDT_240: local variable 'retry_delay' referenced before assignment (attempt 4/5)
2025-12-18 04:10:04 - shared_modules.data_collection.optimized_data_fetcher - ERROR - [FAIL] Exception for SNTUSDT_240: local variable 'retry_delay' referenced before assignment (attempt 5/5)
2025-12-18 04:10:04 - shared_modules.data_collection.optimized_data_fetcher - ERROR - [FAIL] Failed to fetch SNTUSDT_240
2025-12-18 04:10:04 - shared_modules.data_collection.optimized_data_fetcher - WARNING - [FAIL] Rate limited for SNTUSDT_120 (attempt 1/5)
2025-12-18 04:10:04 - shared_modules.data_collection.optimized_data_fetcher - ERROR - [FAIL] Exception for SNTUSDT_120: local variable 'retry_delay' referenced before assignment (attempt 2/5)
2025-12-18 04:10:04 - shared_modules.data_collection.optimized_data_fetcher - ERROR - [FAIL] Exception for SNTUSDT_120: local variable 'retry_delay' referenced before assignment (attempt 3/5)
2025-12-18 04:10:04 - shared_modules.data_collection.optimized_data_fetcher - ERROR - [FAIL] Exception for SNTUSDT_120: local variable 'retry_delay' referenced before assignment (attempt 4/5)
2025-12-18 04:10:04 - shared_modules.data_collection.optimized_data_fetcher - ERROR - [FAIL] Exception for SNTUSDT_120: local variable 'retry_delay' referenced before assignment (attempt 5/5)
2025-12-18 04:10:04 - shared_modules.data_collection.optimized_data_fetcher - ERROR - [FAIL] Failed to fetch SNTUSDT_120
2025-12-18 04:10:04 - shared_modules.data_collection.optimized_data_fetcher - WARNING - [FAIL] Rate limited for SNXUSDT_240 (attempt 1/5)
2025-12-18 04:10:04 - shared_modules.data_collection.optimized_data_fetcher - ERROR - [FAIL] Exception for SNXUSDT_240: local variable 'retry_delay' referenced before assignment (attempt 2/5)
2025-12-18 04:10:04 - shared_modules.data_collection.optimized_data_fetcher - ERROR - [FAIL] Exception for SNXUSDT_240: local variable 'retry_delay' referenced before assignment (attempt 3/5)
2025-12-18 04:10:04 - shared_modules.data_collection.optimized_data_fetcher - ERROR - [FAIL] Exception for SNXUSDT_240: local variable 'retry_delay' referenced before assignment (attempt 4/5)
2025-12-18 04:10:04 - shared_modules.data_collection.optimized_data_fetcher - ERROR - [FAIL] Exception for SNXUSDT_240: local variable 'retry_delay' referenced before assignment (attempt 5/5)
2025-12-18 04:10:04 - shared_modules.data_collection.optimized_data_fetcher - ERROR - [FAIL] Failed to fetch SNXUSDT_240
2025-12-18 04:10:05 - shared_modules.data_collection.optimized_data_fetcher - WARNING - [FAIL] Rate limited for SOLAYERUSDT_120 (attempt 1/5)
2025-12-18 04:10:05 - shared_modules.data_collection.optimized_data_fetcher - ERROR - [FAIL] Exception for SOLAYERUSDT_120: local variable 'retry_delay' referenced before assignment (attempt 2/5)
2025-12-18 04:10:05 - shared_modules.data_collection.optimized_data_fetcher - ERROR - [FAIL] Exception for SOLAYERUSDT_120: local variable 'retry_delay' referenced before assignment (attempt 3/5)
2025-12-18 04:10:05 - shared_modules.data_collection.optimized_data_fetcher - ERROR - [FAIL] Exception for SOLAYERUSDT_120: local variable 'retry_delay' referenced before assignment (attempt 4/5)
2025-12-18 04:10:05 - shared_modules.data_collection.optimized_data_fetcher - ERROR - [FAIL] Exception for SOLAYERUSDT_120: local variable 'retry_delay' referenced before assignment (attempt 5/5)
2025-12-18 04:10:05 - shared_modules.data_collection.optimized_data_fetcher - ERROR - [FAIL] Failed to fetch SOLAYERUSDT_120
2025-12-18 04:10:05 - shared_modules.data_collection.optimized_data_fetcher - WARNING - [FAIL] Rate limited for SOLAYERUSDT_15 (attempt 1/5)
2025-12-18 04:10:05 - shared_modules.data_collection.optimized_data_fetcher - ERROR - [FAIL] Exception for SOLAYERUSDT_15: local variable 'retry_delay' referenced before assignment (attempt 2/5)
2025-12-18 04:10:05 - shared_modules.data_collection.optimized_data_fetcher - ERROR - [FAIL] Exception for SOLAYERUSDT_15: local variable 'retry_delay' referenced before assignment (attempt 3/5)
2025-12-18 04:10:05 - shared_modules.data_collection.optimized_data_fetcher - ERROR - [FAIL] Exception for SOLAYERUSDT_15: local variable 'retry_delay' referenced before assignment (attempt 4/5)
2025-12-18 04:10:05 - shared_modules.data_collection.optimized_data_fetcher - ERROR - [FAIL] Exception for SOLAYERUSDT_15: local variable 'retry_delay' referenced before assignment (attempt 5/5)
2025-12-18 04:10:05 - shared_modules.data_collection.optimized_data_fetcher - ERROR - [FAIL] Failed to fetch SOLAYERUSDT_15
2025-12-18 04:10:05 - shared_modules.data_collection.optimized_data_fetcher - WARNING - [FAIL] Rate limited for SOLUSDT_120 (attempt 1/5)
2025-12-18 04:10:05 - shared_modules.data_collection.optimized_data_fetcher - ERROR - [FAIL] Exception for SOLUSDT_120: local variable 'retry_delay' referenced before assignment (attempt 2/5)
2025-12-18 04:10:05 - shared_modules.data_collection.optimized_data_fetcher - ERROR - [FAIL] Exception for SOLUSDT_120: local variable 'retry_delay' referenced before assignment (attempt 3/5)
2025-12-18 04:10:05 - shared_modules.data_collection.optimized_data_fetcher - ERROR - [FAIL] Exception for SOLUSDT_120: local variable 'retry_delay' referenced before assignment (attempt 4/5)
2025-12-18 04:10:05 - shared_modules.data_collection.optimized_data_fetcher - ERROR - [FAIL] Exception for SOLUSDT_120: local variable 'retry_delay' referenced before assignment (attempt 5/5)
2025-12-18 04:10:05 - shared_modules.data_collection.optimized_data_fetcher - ERROR - [FAIL] Failed to fetch SOLUSDT_120
2025-12-18 04:10:05 - shared_modules.data_collection.optimized_data_fetcher - WARNING - [FAIL] Rate limited for SOLVUSDT_5 (attempt 1/5)
2025-12-18 04:10:05 - shared_modules.data_collection.optimized_data_fetcher - ERROR - [FAIL] Exception for SOLVUSDT_5: local variable 'retry_delay' referenced before assignment (attempt 2/5)
2025-12-18 04:10:05 - shared_modules.data_collection.optimized_data_fetcher - ERROR - [FAIL] Exception for SOLVUSDT_5: local variable 'retry_delay' referenced before assignment (attempt 3/5)
2025-12-18 04:10:05 - shared_modules.data_collection.optimized_data_fetcher - ERROR - [FAIL] Exception for SOLVUSDT_5: local variable 'retry_delay' referenced before assignment (attempt 4/5)
2025-12-18 04:10:05 - shared_modules.data_collection.optimized_data_fetcher - ERROR - [FAIL] Exception for SOLVUSDT_5: local variable 'retry_delay' referenced before assignment (attempt 5/5)
2025-12-18 04:10:05 - shared_modules.data_collection.optimized_data_fetcher - ERROR - [FAIL] Failed to fetch SOLVUSDT_5
2025-12-18 04:10:05 - shared_modules.data_collection.optimized_data_fetcher - WARNING - [FAIL] Rate limited for SOLVUSDT_240 (attempt 1/5)
2025-12-18 04:10:05 - shared_modules.data_collection.optimized_data_fetcher - ERROR - [FAIL] Exception for SOLVUSDT_240: local variable 'retry_delay' referenced before assignment (attempt 2/5)
2025-12-18 04:10:05 - shared_modules.data_collection.optimized_data_fetcher - ERROR - [FAIL] Exception for SOLVUSDT_240: local variable 'retry_delay' referenced before assignment (attempt 3/5)
2025-12-18 04:10:05 - shared_modules.data_collection.optimized_data_fetcher - ERROR - [FAIL] Exception for SOLVUSDT_240: local variable 'retry_delay' referenced before assignment (attempt 4/5)
2025-12-18 04:10:05 - shared_modules.data_collection.optimized_data_fetcher - ERROR - [FAIL] Exception for SOLVUSDT_240: local variable 'retry_delay' referenced before assignment (attempt 5/5)
2025-12-18 04:10:05 - shared_modules.data_collection.optimized_data_fetcher - ERROR - [FAIL] Failed to fetch SOLVUSDT_240
2025-12-18 04:10:05 - shared_modules.data_collection.optimized_data_fetcher - WARNING - [FAIL] Rate limited for SOLUSDT_240 (attempt 1/5)
2025-12-18 04:10:05 - shared_modules.data_collection.optimized_data_fetcher - ERROR - [FAIL] Exception for SOLUSDT_240: local variable 'retry_delay' referenced before assignment (attempt 2/5)
2025-12-18 04:10:05 - shared_modules.data_collection.optimized_data_fetcher - ERROR - [FAIL] Exception for SOLUSDT_240: local variable 'retry_delay' referenced before assignment (attempt 3/5)
2025-12-18 04:10:05 - shared_modules.data_collection.optimized_data_fetcher - ERROR - [FAIL] Exception for SOLUSDT_240: local variable 'retry_delay' referenced before assignment (attempt 4/5)
2025-12-18 04:10:05 - shared_modules.data_collection.optimized_data_fetcher - ERROR - [FAIL] Exception for SOLUSDT_240: local variable 'retry_delay' referenced before assignment (attempt 5/5)
2025-12-18 04:10:05 - shared_modules.data_collection.optimized_data_fetcher - ERROR - [FAIL] Failed to fetch SOLUSDT_240
2025-12-18 04:10:05 - shared_modules.data_collection.optimized_data_fetcher - WARNING - [FAIL] Rate limited for SOMIUSDT_120 (attempt 1/5)
2025-12-18 04:10:05 - shared_modules.data_collection.optimized_data_fetcher - ERROR - [FAIL] Exception for SOMIUSDT_120: local variable 'retry_delay' referenced before assignment (attempt 2/5)
2025-12-18 04:10:05 - shared_modules.data_collection.optimized_data_fetcher - ERROR - [FAIL] Exception for SOMIUSDT_120: local variable 'retry_delay' referenced before assignment (attempt 3/5)
2025-12-18 04:10:05 - shared_modules.data_collection.optimized_data_fetcher - ERROR - [FAIL] Exception for SOMIUSDT_120: local variable 'retry_delay' referenced before assignment (attempt 4/5)
2025-12-18 04:10:05 - shared_modules.data_collection.optimized_data_fetcher - ERROR - [FAIL] Exception for SOMIUSDT_120: local variable 'retry_delay' referenced before assignment (attempt 5/5)
2025-12-18 04:10:05 - shared_modules.data_collection.optimized_data_fetcher - ERROR - [FAIL] Failed to fetch SOMIUSDT_120
2025-12-18 04:10:05 - shared_modules.data_collection.optimized_data_fetcher - WARNING - [FAIL] Rate limited for SOMIUSDT_5 (attempt 1/5)
2025-12-18 04:10:05 - shared_modules.data_collection.optimized_data_fetcher - ERROR - [FAIL] Exception for SOMIUSDT_5: local variable 'retry_delay' referenced before assignment (attempt 2/5)
2025-12-18 04:10:05 - shared_modules.data_collection.optimized_data_fetcher - ERROR - [FAIL] Exception for SOMIUSDT_5: local variable 'retry_delay' referenced before assignment (attempt 3/5)
2025-12-18 04:10:05 - shared_modules.data_collection.optimized_data_fetcher - ERROR - [FAIL] Exception for SOMIUSDT_5: local variable 'retry_delay' referenced before assignment (attempt 4/5)
2025-12-18 04:10:05 - shared_modules.data_collection.optimized_data_fetcher - ERROR - [FAIL] Exception for SOMIUSDT_5: local variable 'retry_delay' referenced before assignment (attempt 5/5)
2025-12-18 04:10:05 - shared_modules.data_collection.optimized_data_fetcher - ERROR - [FAIL] Failed to fetch SOMIUSDT_5
2025-12-18 04:10:05 - shared_modules.data_collection.optimized_data_fetcher - WARNING - [FAIL] Rate limited for SOONUSDT_5 (attempt 1/5)
2025-12-18 04:10:05 - shared_modules.data_collection.optimized_data_fetcher - ERROR - [FAIL] Exception for SOONUSDT_5: local variable 'retry_delay' referenced before assignment (attempt 2/5)
2025-12-18 04:10:05 - shared_modules.data_collection.optimized_data_fetcher - ERROR - [FAIL] Exception for SOONUSDT_5: local variable 'retry_delay' referenced before assignment (attempt 3/5)
2025-12-18 04:10:05 - shared_modules.data_collection.optimized_data_fetcher - ERROR - [FAIL] Exception for SOONUSDT_5: local variable 'retry_delay' referenced before assignment (attempt 4/5)
2025-12-18 04:10:05 - shared_modules.data_collection.optimized_data_fetcher - ERROR - [FAIL] Exception for SOONUSDT_5: local variable 'retry_delay' referenced before assignment (attempt 5/5)
2025-12-18 04:10:05 - shared_modules.data_collection.optimized_data_fetcher - ERROR - [FAIL] Failed to fetch SOONUSDT_5
2025-12-18 04:10:05 - shared_modules.data_collection.optimized_data_fetcher - WARNING - [FAIL] Rate limited for SOPHUSDT_60 (attempt 1/5)
2025-12-18 04:10:05 - shared_modules.data_collection.optimized_data_fetcher - ERROR - [FAIL] Exception for SOPHUSDT_60: local variable 'retry_delay' referenced before assignment (attempt 2/5)
2025-12-18 04:10:05 - shared_modules.data_collection.optimized_data_fetcher - ERROR - [FAIL] Exception for SOPHUSDT_60: local variable 'retry_delay' referenced before assignment (attempt 3/5)
2025-12-18 04:10:05 - shared_modules.data_collection.optimized_data_fetcher - ERROR - [FAIL] Exception for SOPHUSDT_60: local variable 'retry_delay' referenced before assignment (attempt 4/5)
2025-12-18 04:10:05 - shared_modules.data_collection.optimized_data_fetcher - ERROR - [FAIL] Exception for SOPHUSDT_60: local variable 'retry_delay' referenced before assignment (attempt 5/5)
2025-12-18 04:10:05 - shared_modules.data_collection.optimized_data_fetcher - ERROR - [FAIL] Failed to fetch SOPHUSDT_60
2025-12-18 04:10:05 - shared_modules.data_collection.optimized_data_fetcher - WARNING - [FAIL] Rate limited for SOSOUSDT_5 (attempt 1/5)
2025-12-18 04:10:05 - shared_modules.data_collection.optimized_data_fetcher - ERROR - [FAIL] Exception for SOSOUSDT_5: local variable 'retry_delay' referenced before assignment (attempt 2/5)
2025-12-18 04:10:05 - shared_modules.data_collection.optimized_data_fetcher - ERROR - [FAIL] Exception for SOSOUSDT_5: local variable 'retry_delay' referenced before assignment (attempt 3/5)
2025-12-18 04:10:05 - shared_modules.data_collection.optimized_data_fetcher - ERROR - [FAIL] Exception for SOSOUSDT_5: local variable 'retry_delay' referenced before assignment (attempt 4/5)
2025-12-18 04:10:05 - shared_modules.data_collection.optimized_data_fetcher - ERROR - [FAIL] Exception for SOSOUSDT_5: local variable 'retry_delay' referenced before assignment (attempt 5/5)
2025-12-18 04:10:05 - shared_modules.data_collection.optimized_data_fetcher - ERROR - [FAIL] Failed to fetch SOSOUSDT_5
2025-12-18 04:10:05 - shared_modules.data_collection.optimized_data_fetcher - WARNING - [FAIL] Rate limited for SOSOUSDT_120 (attempt 1/5)
2025-12-18 04:10:05 - shared_modules.data_collection.optimized_data_fetcher - ERROR - [FAIL] Exception for SOSOUSDT_120: local variable 'retry_delay' referenced before assignment (attempt 2/5)
2025-12-18 04:10:05 - shared_modules.data_collection.optimized_data_fetcher - ERROR - [FAIL] Exception for SOSOUSDT_120: local variable 'retry_delay' referenced before assignment (attempt 3/5)
2025-12-18 04:10:05 - shared_modules.data_collection.optimized_data_fetcher - ERROR - [FAIL] Exception for SOSOUSDT_120: local variable 'retry_delay' referenced before assignment (attempt 4/5)
2025-12-18 04:10:05 - shared_modules.data_collection.optimized_data_fetcher - ERROR - [FAIL] Exception for SOSOUSDT_120: local variable 'retry_delay' referenced before assignment (attempt 5/5)
2025-12-18 04:10:05 - shared_modules.data_collection.optimized_data_fetcher - ERROR - [FAIL] Failed to fetch SOSOUSDT_120
2025-12-18 04:10:05 - shared_modules.data_collection.optimized_data_fetcher - WARNING - [FAIL] Rate limited for SCUSDT_240 (attempt 1/5)
2025-12-18 04:10:05 - shared_modules.data_collection.optimized_data_fetcher - ERROR - [FAIL] Exception for SCUSDT_240: local variable 'retry_delay' referenced before assignment (attempt 2/5)
2025-12-18 04:10:05 - shared_modules.data_collection.optimized_data_fetcher - ERROR - [FAIL] Exception for SCUSDT_240: local variable 'retry_delay' referenced before assignment (attempt 3/5)
2025-12-18 04:10:05 - shared_modules.data_collection.optimized_data_fetcher - ERROR - [FAIL] Exception for SCUSDT_240: local variable 'retry_delay' referenced before assignment (attempt 4/5)
2025-12-18 04:10:05 - shared_modules.data_collection.optimized_data_fetcher - ERROR - [FAIL] Exception for SCUSDT_240: local variable 'retry_delay' referenced before assignment (attempt 5/5)
2025-12-18 04:10:05 - shared_modules.data_collection.optimized_data_fetcher - ERROR - [FAIL] Failed to fetch SCUSDT_240
2025-12-18 04:10:05 - shared_modules.data_collection.optimized_data_fetcher - WARNING - [FAIL] Rate limited for SCUSDT_60 (attempt 1/5)
2025-12-18 04:10:05 - shared_modules.data_collection.optimized_data_fetcher - ERROR - [FAIL] Exception for SCUSDT_60: local variable 'retry_delay' referenced before assignment (attempt 2/5)
2025-12-18 04:10:05 - shared_modules.data_collection.optimized_data_fetcher - ERROR - [FAIL] Exception for SCUSDT_60: local variable 'retry_delay' referenced before assignment (attempt 3/5)
2025-12-18 04:10:05 - shared_modules.data_collection.optimized_data_fetcher - ERROR - [FAIL] Exception for SCUSDT_60: local variable 'retry_delay' referenced before assignment (attempt 4/5)
2025-12-18 04:10:05 - shared_modules.data_collection.optimized_data_fetcher - ERROR - [FAIL] Exception for SCUSDT_60: local variable 'retry_delay' referenced before assignment (attempt 5/5)
2025-12-18 04:10:05 - shared_modules.data_collection.optimized_data_fetcher - ERROR - [FAIL] Failed to fetch SCUSDT_60
2025-12-18 04:10:05 - shared_modules.data_collection.optimized_data_fetcher - WARNING - [FAIL] Rate limited for SOSOUSDT_240 (attempt 1/5)
2025-12-18 04:10:05 - shared_modules.data_collection.optimized_data_fetcher - ERROR - [FAIL] Exception for SOSOUSDT_240: local variable 'retry_delay' referenced before assignment (attempt 2/5)
2025-12-18 04:10:05 - shared_modules.data_collection.optimized_data_fetcher - ERROR - [FAIL] Exception for SOSOUSDT_240: local variable 'retry_delay' referenced before assignment (attempt 3/5)
2025-12-18 04:10:05 - shared_modules.data_collection.optimized_data_fetcher - ERROR - [FAIL] Exception for SOSOUSDT_240: local variable 'retry_delay' referenced before assignment (attempt 4/5)
2025-12-18 04:10:05 - shared_modules.data_collection.optimized_data_fetcher - ERROR - [FAIL] Exception for SOSOUSDT_240: local variable 'retry_delay' referenced before assignment (attempt 5/5)
2025-12-18 04:10:05 - shared_modules.data_collection.optimized_data_fetcher - ERROR - [FAIL] Failed to fetch SOSOUSDT_240
2025-12-18 04:10:05 - shared_modules.data_collection.optimized_data_fetcher - WARNING - [FAIL] Rate limited for SQDUSDT_5 (attempt 1/5)
2025-12-18 04:10:05 - shared_modules.data_collection.optimized_data_fetcher - ERROR - [FAIL] Exception for SQDUSDT_5: local variable 'retry_delay' referenced before assignment (attempt 2/5)
2025-12-18 04:10:05 - shared_modules.data_collection.optimized_data_fetcher - ERROR - [FAIL] Exception for SQDUSDT_5: local variable 'retry_delay' referenced before assignment (attempt 3/5)
2025-12-18 04:10:05 - shared_modules.data_collection.optimized_data_fetcher - ERROR - [FAIL] Exception for SQDUSDT_5: local variable 'retry_delay' referenced before assignment (attempt 4/5)
2025-12-18 04:10:05 - shared_modules.data_collection.optimized_data_fetcher - ERROR - [FAIL] Exception for SQDUSDT_5: local variable 'retry_delay' referenced before assignment (attempt 5/5)
2025-12-18 04:10:05 - shared_modules.data_collection.optimized_data_fetcher - ERROR - [FAIL] Failed to fetch SQDUSDT_5
2025-12-18 04:10:05 - shared_modules.data_collection.optimized_data_fetcher - WARNING - [FAIL] Rate limited for SPKUSDT_60 (attempt 1/5)
2025-12-18 04:10:05 - shared_modules.data_collection.optimized_data_fetcher - ERROR - [FAIL] Exception for SPKUSDT_60: local variable 'retry_delay' referenced before assignment (attempt 2/5)
2025-12-18 04:10:05 - shared_modules.data_collection.optimized_data_fetcher - ERROR - [FAIL] Exception for SPKUSDT_60: local variable 'retry_delay' referenced before assignment (attempt 3/5)
2025-12-18 04:10:05 - shared_modules.data_collection.optimized_data_fetcher - ERROR - [FAIL] Exception for SPKUSDT_60: local variable 'retry_delay' referenced before assignment (attempt 4/5)
2025-12-18 04:10:05 - shared_modules.data_collection.optimized_data_fetcher - ERROR - [FAIL] Exception for SPKUSDT_60: local variable 'retry_delay' referenced before assignment (attempt 5/5)
2025-12-18 04:10:05 - shared_modules.data_collection.optimized_data_fetcher - ERROR - [FAIL] Failed to fetch SPKUSDT_60
2025-12-18 04:10:05 - shared_modules.data_collection.optimized_data_fetcher - WARNING - [FAIL] Rate limited for SPXUSDT_5 (attempt 1/5)
2025-12-18 04:10:05 - shared_modules.data_collection.optimized_data_fetcher - ERROR - [FAIL] Exception for SPXUSDT_5: local variable 'retry_delay' referenced before assignment (attempt 2/5)
2025-12-18 04:10:05 - shared_modules.data_collection.optimized_data_fetcher - ERROR - [FAIL] Exception for SPXUSDT_5: local variable 'retry_delay' referenced before assignment (attempt 3/5)
2025-12-18 04:10:05 - shared_modules.data_collection.optimized_data_fetcher - ERROR - [FAIL] Exception for SPXUSDT_5: local variable 'retry_delay' referenced before assignment (attempt 4/5)
2025-12-18 04:10:05 - shared_modules.data_collection.optimized_data_fetcher - ERROR - [FAIL] Exception for SPXUSDT_5: local variable 'retry_delay' referenced before assignment (attempt 5/5)
2025-12-18 04:10:05 - shared_modules.data_collection.optimized_data_fetcher - ERROR - [FAIL] Failed to fetch SPXUSDT_5
2025-12-18 04:10:05 - shared_modules.data_collection.optimized_data_fetcher - WARNING - [FAIL] Rate limited for SPELLUSDT_5 (attempt 1/5)
2025-12-18 04:10:05 - shared_modules.data_collection.optimized_data_fetcher - ERROR - [FAIL] Exception for SPELLUSDT_5: local variable 'retry_delay' referenced before assignment (attempt 2/5)
2025-12-18 04:10:05 - shared_modules.data_collection.optimized_data_fetcher - ERROR - [FAIL] Exception for SPELLUSDT_5: local variable 'retry_delay' referenced before assignment (attempt 3/5)
2025-12-18 04:10:05 - shared_modules.data_collection.optimized_data_fetcher - ERROR - [FAIL] Exception for SPELLUSDT_5: local variable 'retry_delay' referenced before assignment (attempt 4/5)
2025-12-18 04:10:05 - shared_modules.data_collection.optimized_data_fetcher - ERROR - [FAIL] Exception for SPELLUSDT_5: local variable 'retry_delay' referenced before assignment (attempt 5/5)
2025-12-18 04:10:05 - shared_modules.data_collection.optimized_data_fetcher - ERROR - [FAIL] Failed to fetch SPELLUSDT_5
2025-12-18 04:10:05 - shared_modules.data_collection.optimized_data_fetcher - WARNING - [FAIL] Rate limited for SQDUSDT_240 (attempt 1/5)
2025-12-18 04:10:05 - shared_modules.data_collection.optimized_data_fetcher - ERROR - [FAIL] Exception for SQDUSDT_240: local variable 'retry_delay' referenced before assignment (attempt 2/5)
2025-12-18 04:10:05 - shared_modules.data_collection.optimized_data_fetcher - ERROR - [FAIL] Exception for SQDUSDT_240: local variable 'retry_delay' referenced before assignment (attempt 3/5)
2025-12-18 04:10:05 - shared_modules.data_collection.optimized_data_fetcher - ERROR - [FAIL] Exception for SQDUSDT_240: local variable 'retry_delay' referenced before assignment (attempt 4/5)
2025-12-18 04:10:05 - shared_modules.data_collection.optimized_data_fetcher - ERROR - [FAIL] Exception for SQDUSDT_240: local variable 'retry_delay' referenced before assignment (attempt 5/5)
2025-12-18 04:10:05 - shared_modules.data_collection.optimized_data_fetcher - ERROR - [FAIL] Failed to fetch SQDUSDT_240
2025-12-18 04:10:05 - shared_modules.data_collection.optimized_data_fetcher - WARNING - [FAIL] Rate limited for SSVUSDT_5 (attempt 1/5)
2025-12-18 04:10:05 - shared_modules.data_collection.optimized_data_fetcher - ERROR - [FAIL] Exception for SSVUSDT_5: local variable 'retry_delay' referenced before assignment (attempt 2/5)
2025-12-18 04:10:05 - shared_modules.data_collection.optimized_data_fetcher - ERROR - [FAIL] Exception for SSVUSDT_5: local variable 'retry_delay' referenced before assignment (attempt 3/5)
2025-12-18 04:10:05 - shared_modules.data_collection.optimized_data_fetcher - ERROR - [FAIL] Exception for SSVUSDT_5: local variable 'retry_delay' referenced before assignment (attempt 4/5)
2025-12-18 04:10:05 - shared_modules.data_collection.optimized_data_fetcher - ERROR - [FAIL] Exception for SSVUSDT_5: local variable 'retry_delay' referenced before assignment (attempt 5/5)
2025-12-18 04:10:05 - shared_modules.data_collection.optimized_data_fetcher - ERROR - [FAIL] Failed to fetch SSVUSDT_5
2025-12-18 04:10:05 - shared_modules.data_collection.optimized_data_fetcher - WARNING - [FAIL] Rate limited for SQDUSDT_120 (attempt 1/5)
2025-12-18 04:10:05 - shared_modules.data_collection.optimized_data_fetcher - ERROR - [FAIL] Exception for SQDUSDT_120: local variable 'retry_delay' referenced before assignment (attempt 2/5)
2025-12-18 04:10:05 - shared_modules.data_collection.optimized_data_fetcher - ERROR - [FAIL] Exception for SQDUSDT_120: local variable 'retry_delay' referenced before assignment (attempt 3/5)
2025-12-18 04:10:05 - shared_modules.data_collection.optimized_data_fetcher - ERROR - [FAIL] Exception for SQDUSDT_120: local variable 'retry_delay' referenced before assignment (attempt 4/5)
2025-12-18 04:10:05 - shared_modules.data_collection.optimized_data_fetcher - ERROR - [FAIL] Exception for SQDUSDT_120: local variable 'retry_delay' referenced before assignment (attempt 5/5)
2025-12-18 04:10:05 - shared_modules.data_collection.optimized_data_fetcher - ERROR - [FAIL] Failed to fetch SQDUSDT_120
