2025-09-24 21:43:38 - root - INFO - Logging system initialized
2025-09-24 21:43:38 - root - INFO - Logging system initialized
2025-09-24 21:43:38 - shared_modules.data_collection.websocket_handler - INFO - All subscription batches sent
2025-09-24 21:43:38 - root - INFO - Logging system initialized
2025-09-24 21:43:45 - asyncio - DEBUG - Using proactor: IocpProactor
2025-09-24 21:43:45 - shared_modules.data_collection.websocket_handler - INFO - WebSocket disabled by configuration
2025-09-24 21:43:45 - shared_modules.data_collection.hybrid_system - INFO - [DEBUG] Starting data fetch in mode: full
2025-09-24 21:43:45 - shared_modules.data_collection.hybrid_system - INFO - [DATA] Using 3 symbols from configuration
2025-09-24 21:43:45 - shared_modules.data_collection.hybrid_system - INFO - [WS] WebSocket disabled (ENABLE_WEBSOCKET=False)
2025-09-24 21:43:45 - shared_modules.data_collection.hybrid_system - INFO - [DATA] Fetching historical data...
2025-09-24 21:43:45 - shared_modules.data_collection.optimized_data_fetcher - INFO - [PROCESS] Processing 3 symbols in batches of 20
2025-09-24 21:43:45 - shared_modules.data_collection.optimized_data_fetcher - INFO - [PROCESS] Processing batch 1/1 (3 symbols)
2025-09-24 21:43:45 - shared_modules.data_collection.optimized_data_fetcher - INFO - [PROCESS] Fetching BTCUSDT_1...
2025-09-24 21:43:45 - shared_modules.data_collection.optimized_data_fetcher - INFO - Calculated chunks for 1m, 7 days: 10080 candles needed, 11 chunks, 999 candles per chunk, chunk duration: 999.0 minutes
2025-09-24 21:43:45 - shared_modules.data_collection.optimized_data_fetcher - INFO - [DATA] Fetching BTCUSDT_1 using 11 chunks...
2025-09-24 21:43:45 - shared_modules.data_collection.optimized_data_fetcher - INFO - [DATA] Fetching chunk 1/11: 2025-09-24 05:04:45.718000 to 2025-09-24 21:43:45.718000
2025-09-24 21:43:45 - shared_modules.data_collection.optimized_data_fetcher - INFO - [PROCESS] Fetching BTCUSDT_5...
2025-09-24 21:43:45 - shared_modules.data_collection.optimized_data_fetcher - INFO - Calculated chunks for 5m, 7 days: 2016 candles needed, 3 chunks, 999 candles per chunk, chunk duration: 4995.0 minutes
2025-09-24 21:43:45 - shared_modules.data_collection.optimized_data_fetcher - INFO - [DATA] Fetching BTCUSDT_5 using 3 chunks...
2025-09-24 21:43:45 - shared_modules.data_collection.optimized_data_fetcher - INFO - [DATA] Fetching chunk 1/3: 2025-09-21 10:28:45.735000 to 2025-09-24 21:43:45.735000
2025-09-24 21:43:45 - shared_modules.data_collection.optimized_data_fetcher - INFO - [PROCESS] Fetching BTCUSDT_15...
2025-09-24 21:43:45 - shared_modules.data_collection.optimized_data_fetcher - INFO - Calculated chunks for 15m, 7 days: 672 candles needed, 1 chunks, 999 candles per chunk, chunk duration: 14985.0 minutes
2025-09-24 21:43:45 - shared_modules.data_collection.optimized_data_fetcher - INFO - [DATA] Fetching BTCUSDT_15 using 1 chunks...
2025-09-24 21:43:45 - shared_modules.data_collection.optimized_data_fetcher - INFO - [DATA] Fetching chunk 1/1: 2025-09-17 21:43:45.737000 to 2025-09-24 21:43:45.737000
2025-09-24 21:43:45 - shared_modules.data_collection.optimized_data_fetcher - INFO - [PROCESS] Fetching ETHUSDT_1...
2025-09-24 21:43:45 - shared_modules.data_collection.optimized_data_fetcher - INFO - Calculated chunks for 1m, 7 days: 10080 candles needed, 11 chunks, 999 candles per chunk, chunk duration: 999.0 minutes
2025-09-24 21:43:45 - shared_modules.data_collection.optimized_data_fetcher - INFO - [DATA] Fetching ETHUSDT_1 using 11 chunks...
2025-09-24 21:43:45 - shared_modules.data_collection.optimized_data_fetcher - INFO - [DATA] Fetching chunk 1/11: 2025-09-24 05:04:45.738000 to 2025-09-24 21:43:45.738000
2025-09-24 21:43:45 - shared_modules.data_collection.optimized_data_fetcher - INFO - [PROCESS] Fetching ETHUSDT_5...
2025-09-24 21:43:45 - shared_modules.data_collection.optimized_data_fetcher - INFO - Calculated chunks for 5m, 7 days: 2016 candles needed, 3 chunks, 999 candles per chunk, chunk duration: 4995.0 minutes
2025-09-24 21:43:45 - shared_modules.data_collection.optimized_data_fetcher - INFO - [DATA] Fetching ETHUSDT_5 using 3 chunks...
2025-09-24 21:43:45 - shared_modules.data_collection.optimized_data_fetcher - INFO - [DATA] Fetching chunk 1/3: 2025-09-21 10:28:45.739000 to 2025-09-24 21:43:45.739000
2025-09-24 21:43:45 - shared_modules.data_collection.optimized_data_fetcher - INFO - [PROCESS] Fetching ETHUSDT_15...
2025-09-24 21:43:45 - shared_modules.data_collection.optimized_data_fetcher - INFO - Calculated chunks for 15m, 7 days: 672 candles needed, 1 chunks, 999 candles per chunk, chunk duration: 14985.0 minutes
2025-09-24 21:43:45 - shared_modules.data_collection.optimized_data_fetcher - INFO - [DATA] Fetching ETHUSDT_15 using 1 chunks...
2025-09-24 21:43:45 - shared_modules.data_collection.optimized_data_fetcher - INFO - [DATA] Fetching chunk 1/1: 2025-09-17 21:43:45.740000 to 2025-09-24 21:43:45.740000
2025-09-24 21:43:45 - shared_modules.data_collection.optimized_data_fetcher - INFO - [PROCESS] Fetching SOLUSDT_1...
2025-09-24 21:43:45 - shared_modules.data_collection.optimized_data_fetcher - INFO - Calculated chunks for 1m, 7 days: 10080 candles needed, 11 chunks, 999 candles per chunk, chunk duration: 999.0 minutes
2025-09-24 21:43:45 - shared_modules.data_collection.optimized_data_fetcher - INFO - [DATA] Fetching SOLUSDT_1 using 11 chunks...
2025-09-24 21:43:45 - shared_modules.data_collection.optimized_data_fetcher - INFO - [DATA] Fetching chunk 1/11: 2025-09-24 05:04:45.741000 to 2025-09-24 21:43:45.741000
2025-09-24 21:43:45 - shared_modules.data_collection.optimized_data_fetcher - INFO - [PROCESS] Fetching SOLUSDT_5...
2025-09-24 21:43:45 - shared_modules.data_collection.optimized_data_fetcher - INFO - Calculated chunks for 5m, 7 days: 2016 candles needed, 3 chunks, 999 candles per chunk, chunk duration: 4995.0 minutes
2025-09-24 21:43:45 - shared_modules.data_collection.optimized_data_fetcher - INFO - [DATA] Fetching SOLUSDT_5 using 3 chunks...
2025-09-24 21:43:45 - shared_modules.data_collection.optimized_data_fetcher - INFO - [DATA] Fetching chunk 1/3: 2025-09-21 10:28:45.742000 to 2025-09-24 21:43:45.742000
2025-09-24 21:43:45 - shared_modules.data_collection.optimized_data_fetcher - INFO - [PROCESS] Fetching SOLUSDT_15...
2025-09-24 21:43:45 - shared_modules.data_collection.optimized_data_fetcher - INFO - Calculated chunks for 15m, 7 days: 672 candles needed, 1 chunks, 999 candles per chunk, chunk duration: 14985.0 minutes
2025-09-24 21:43:45 - shared_modules.data_collection.optimized_data_fetcher - INFO - [DATA] Fetching SOLUSDT_15 using 1 chunks...
2025-09-24 21:43:45 - shared_modules.data_collection.optimized_data_fetcher - INFO - [DATA] Fetching chunk 1/1: 2025-09-17 21:43:45.743000 to 2025-09-24 21:43:45.743000
2025-09-24 21:43:46 - shared_modules.data_collection.optimized_data_fetcher - INFO - [OK] Chunk 1: Got 672 candles
2025-09-24 21:43:46 - shared_modules.data_collection.csv_manager - INFO - Wrote 672 entries to data\BTCUSDT_15.csv
2025-09-24 21:43:46 - shared_modules.data_collection.optimized_data_fetcher - INFO - [OK] Fetched 672 candles for BTCUSDT_15 (1 successful, 0 failed)
2025-09-24 21:43:46 - shared_modules.data_collection.optimized_data_fetcher - INFO - [OK] Chunk 1: Got 672 candles
2025-09-24 21:43:46 - shared_modules.data_collection.optimized_data_fetcher - INFO - [OK] Chunk 1: Got 999 candles
2025-09-24 21:43:46 - shared_modules.data_collection.csv_manager - INFO - Wrote 672 entries to data\SOLUSDT_15.csv
2025-09-24 21:43:46 - shared_modules.data_collection.optimized_data_fetcher - INFO - [OK] Fetched 672 candles for SOLUSDT_15 (1 successful, 0 failed)
2025-09-24 21:43:46 - shared_modules.data_collection.optimized_data_fetcher - INFO - [DATA] Fetching chunk 2/11: 2025-09-23 12:25:45.738000 to 2025-09-24 05:04:45.738000
2025-09-24 21:43:46 - shared_modules.data_collection.optimized_data_fetcher - INFO - [OK] Chunk 1: Got 999 candles
2025-09-24 21:43:46 - shared_modules.data_collection.optimized_data_fetcher - INFO - [DATA] Fetching chunk 2/3: 2025-09-17 23:13:45.739000 to 2025-09-21 10:28:45.739000
2025-09-24 21:43:46 - shared_modules.data_collection.optimized_data_fetcher - INFO - [OK] Chunk 2: Got 999 candles
2025-09-24 21:43:46 - shared_modules.data_collection.optimized_data_fetcher - INFO - [OK] Chunk 1: Got 999 candles
2025-09-24 21:43:46 - shared_modules.data_collection.optimized_data_fetcher - INFO - [DATA] Fetching chunk 3/11: 2025-09-22 19:46:45.738000 to 2025-09-23 12:25:45.738000
2025-09-24 21:43:46 - shared_modules.data_collection.optimized_data_fetcher - INFO - [DATA] Fetching chunk 2/11: 2025-09-23 12:25:45.718000 to 2025-09-24 05:04:45.718000
2025-09-24 21:43:47 - shared_modules.data_collection.optimized_data_fetcher - INFO - [OK] Chunk 2: Got 999 candles
2025-09-24 21:43:47 - shared_modules.data_collection.optimized_data_fetcher - INFO - [DATA] Fetching chunk 3/3: 2025-09-17 21:43:45.739000 to 2025-09-17 23:13:45.739000
2025-09-24 21:43:47 - shared_modules.data_collection.optimized_data_fetcher - INFO - [OK] Chunk 1: Got 999 candles
2025-09-24 21:43:47 - shared_modules.data_collection.optimized_data_fetcher - INFO - [DATA] Fetching chunk 2/3: 2025-09-17 23:13:45.735000 to 2025-09-21 10:28:45.735000
2025-09-24 21:43:47 - shared_modules.data_collection.optimized_data_fetcher - INFO - [OK] Chunk 1: Got 672 candles
2025-09-24 21:43:47 - shared_modules.data_collection.csv_manager - INFO - Wrote 672 entries to data\ETHUSDT_15.csv
2025-09-24 21:43:47 - shared_modules.data_collection.optimized_data_fetcher - INFO - [OK] Fetched 672 candles for ETHUSDT_15 (1 successful, 0 failed)
2025-09-24 21:43:47 - shared_modules.data_collection.optimized_data_fetcher - INFO - [OK] Chunk 1: Got 999 candles
2025-09-24 21:43:47 - shared_modules.data_collection.optimized_data_fetcher - INFO - [OK] Chunk 1: Got 999 candles
2025-09-24 21:43:47 - shared_modules.data_collection.optimized_data_fetcher - INFO - [DATA] Fetching chunk 2/3: 2025-09-17 23:13:45.742000 to 2025-09-21 10:28:45.742000
2025-09-24 21:43:47 - shared_modules.data_collection.optimized_data_fetcher - INFO - [DATA] Fetching chunk 2/11: 2025-09-23 12:25:45.741000 to 2025-09-24 05:04:45.741000
2025-09-24 21:43:47 - shared_modules.data_collection.optimized_data_fetcher - INFO - [OK] Chunk 2: Got 999 candles
2025-09-24 21:43:47 - shared_modules.data_collection.optimized_data_fetcher - INFO - [DATA] Fetching chunk 3/3: 2025-09-17 21:43:45.742000 to 2025-09-17 23:13:45.742000
2025-09-24 21:43:47 - shared_modules.data_collection.optimized_data_fetcher - INFO - [OK] Chunk 2: Got 999 candles
2025-09-24 21:43:47 - shared_modules.data_collection.optimized_data_fetcher - INFO - [DATA] Fetching chunk 3/11: 2025-09-22 19:46:45.741000 to 2025-09-23 12:25:45.741000
2025-09-24 21:43:47 - shared_modules.data_collection.optimized_data_fetcher - INFO - [OK] Chunk 3: Got 18 candles
2025-09-24 21:43:47 - shared_modules.data_collection.csv_manager - INFO - Wrote 2016 entries to data\ETHUSDT_5.csv
2025-09-24 21:43:47 - shared_modules.data_collection.optimized_data_fetcher - INFO - [OK] Fetched 2016 candles for ETHUSDT_5 (3 successful, 0 failed)
2025-09-24 21:43:47 - shared_modules.data_collection.optimized_data_fetcher - INFO - [OK] Chunk 3: Got 18 candles
2025-09-24 21:43:48 - shared_modules.data_collection.csv_manager - INFO - Wrote 2016 entries to data\SOLUSDT_5.csv
2025-09-24 21:43:48 - shared_modules.data_collection.optimized_data_fetcher - INFO - [OK] Fetched 2016 candles for SOLUSDT_5 (3 successful, 0 failed)
2025-09-24 21:43:48 - shared_modules.data_collection.optimized_data_fetcher - INFO - [OK] Chunk 2: Got 999 candles
2025-09-24 21:43:48 - shared_modules.data_collection.optimized_data_fetcher - INFO - [DATA] Fetching chunk 3/3: 2025-09-17 21:43:45.735000 to 2025-09-17 23:13:45.735000
2025-09-24 21:43:48 - shared_modules.data_collection.optimized_data_fetcher - INFO - [OK] Chunk 3: Got 999 candles
2025-09-24 21:43:48 - shared_modules.data_collection.optimized_data_fetcher - INFO - [DATA] Fetching chunk 4/11: 2025-09-22 03:07:45.738000 to 2025-09-22 19:46:45.738000
2025-09-24 21:43:48 - shared_modules.data_collection.optimized_data_fetcher - INFO - [OK] Chunk 2: Got 999 candles
2025-09-24 21:43:48 - shared_modules.data_collection.optimized_data_fetcher - INFO - [DATA] Fetching chunk 3/11: 2025-09-22 19:46:45.718000 to 2025-09-23 12:25:45.718000
2025-09-24 21:43:48 - shared_modules.data_collection.optimized_data_fetcher - INFO - [OK] Chunk 3: Got 18 candles
2025-09-24 21:43:48 - shared_modules.data_collection.csv_manager - INFO - Wrote 2016 entries to data\BTCUSDT_5.csv
2025-09-24 21:43:48 - shared_modules.data_collection.optimized_data_fetcher - INFO - [OK] Fetched 2016 candles for BTCUSDT_5 (3 successful, 0 failed)
2025-09-24 21:43:48 - shared_modules.data_collection.optimized_data_fetcher - INFO - [OK] Chunk 4: Got 999 candles
2025-09-24 21:43:48 - shared_modules.data_collection.optimized_data_fetcher - INFO - [DATA] Fetching chunk 5/11: 2025-09-21 10:28:45.738000 to 2025-09-22 03:07:45.738000
2025-09-24 21:43:48 - shared_modules.data_collection.optimized_data_fetcher - INFO - [OK] Chunk 3: Got 999 candles
2025-09-24 21:43:48 - shared_modules.data_collection.optimized_data_fetcher - INFO - [DATA] Fetching chunk 4/11: 2025-09-22 03:07:45.741000 to 2025-09-22 19:46:45.741000
2025-09-24 21:43:49 - shared_modules.data_collection.optimized_data_fetcher - INFO - [OK] Chunk 3: Got 999 candles
2025-09-24 21:43:49 - shared_modules.data_collection.optimized_data_fetcher - INFO - [DATA] Fetching chunk 4/11: 2025-09-22 03:07:45.718000 to 2025-09-22 19:46:45.718000
2025-09-24 21:43:49 - shared_modules.data_collection.optimized_data_fetcher - INFO - [OK] Chunk 4: Got 999 candles
2025-09-24 21:43:49 - shared_modules.data_collection.optimized_data_fetcher - INFO - [DATA] Fetching chunk 5/11: 2025-09-21 10:28:45.741000 to 2025-09-22 03:07:45.741000
2025-09-24 21:43:50 - shared_modules.data_collection.optimized_data_fetcher - INFO - [OK] Chunk 5: Got 999 candles
2025-09-24 21:43:50 - shared_modules.data_collection.optimized_data_fetcher - INFO - [DATA] Fetching chunk 6/11: 2025-09-20 17:49:45.738000 to 2025-09-21 10:28:45.738000
2025-09-24 21:43:50 - shared_modules.data_collection.optimized_data_fetcher - INFO - [OK] Chunk 4: Got 999 candles
2025-09-24 21:43:50 - shared_modules.data_collection.optimized_data_fetcher - INFO - [DATA] Fetching chunk 5/11: 2025-09-21 10:28:45.718000 to 2025-09-22 03:07:45.718000
2025-09-24 21:43:50 - shared_modules.data_collection.optimized_data_fetcher - INFO - [OK] Chunk 5: Got 999 candles
2025-09-24 21:43:50 - shared_modules.data_collection.optimized_data_fetcher - INFO - [DATA] Fetching chunk 6/11: 2025-09-20 17:49:45.741000 to 2025-09-21 10:28:45.741000
2025-09-24 21:43:50 - shared_modules.data_collection.optimized_data_fetcher - INFO - [OK] Chunk 5: Got 999 candles
2025-09-24 21:43:50 - shared_modules.data_collection.optimized_data_fetcher - INFO - [DATA] Fetching chunk 6/11: 2025-09-20 17:49:45.718000 to 2025-09-21 10:28:45.718000
2025-09-24 21:43:50 - shared_modules.data_collection.optimized_data_fetcher - INFO - [OK] Chunk 6: Got 999 candles
2025-09-24 21:43:50 - shared_modules.data_collection.optimized_data_fetcher - INFO - [DATA] Fetching chunk 7/11: 2025-09-20 01:10:45.741000 to 2025-09-20 17:49:45.741000
2025-09-24 21:43:50 - shared_modules.data_collection.optimized_data_fetcher - INFO - [OK] Chunk 6: Got 999 candles
2025-09-24 21:43:50 - shared_modules.data_collection.optimized_data_fetcher - INFO - [DATA] Fetching chunk 7/11: 2025-09-20 01:10:45.718000 to 2025-09-20 17:49:45.718000
2025-09-24 21:43:50 - shared_modules.data_collection.optimized_data_fetcher - INFO - [OK] Chunk 6: Got 999 candles
2025-09-24 21:43:50 - shared_modules.data_collection.optimized_data_fetcher - INFO - [DATA] Fetching chunk 7/11: 2025-09-20 01:10:45.738000 to 2025-09-20 17:49:45.738000
2025-09-24 21:43:51 - shared_modules.data_collection.optimized_data_fetcher - INFO - [OK] Chunk 7: Got 999 candles
2025-09-24 21:43:51 - shared_modules.data_collection.optimized_data_fetcher - INFO - [OK] Chunk 7: Got 999 candles
2025-09-24 21:43:51 - shared_modules.data_collection.optimized_data_fetcher - INFO - [DATA] Fetching chunk 8/11: 2025-09-19 08:31:45.718000 to 2025-09-20 01:10:45.718000
2025-09-24 21:43:51 - shared_modules.data_collection.optimized_data_fetcher - INFO - [DATA] Fetching chunk 8/11: 2025-09-19 08:31:45.741000 to 2025-09-20 01:10:45.741000
2025-09-24 21:43:51 - shared_modules.data_collection.optimized_data_fetcher - INFO - [OK] Chunk 7: Got 999 candles
2025-09-24 21:43:51 - shared_modules.data_collection.optimized_data_fetcher - INFO - [DATA] Fetching chunk 8/11: 2025-09-19 08:31:45.738000 to 2025-09-20 01:10:45.738000
2025-09-24 21:43:51 - shared_modules.data_collection.optimized_data_fetcher - INFO - [OK] Chunk 8: Got 999 candles
2025-09-24 21:43:51 - shared_modules.data_collection.optimized_data_fetcher - INFO - [DATA] Fetching chunk 9/11: 2025-09-18 15:52:45.741000 to 2025-09-19 08:31:45.741000
2025-09-24 21:43:51 - shared_modules.data_collection.optimized_data_fetcher - INFO - [OK] Chunk 9: Got 999 candles
2025-09-24 21:43:51 - shared_modules.data_collection.optimized_data_fetcher - INFO - [DATA] Fetching chunk 10/11: 2025-09-17 23:13:45.741000 to 2025-09-18 15:52:45.741000
2025-09-24 21:43:51 - shared_modules.data_collection.optimized_data_fetcher - INFO - [OK] Chunk 8: Got 999 candles
2025-09-24 21:43:51 - shared_modules.data_collection.optimized_data_fetcher - INFO - [DATA] Fetching chunk 9/11: 2025-09-18 15:52:45.738000 to 2025-09-19 08:31:45.738000
2025-09-24 21:43:51 - shared_modules.data_collection.optimized_data_fetcher - INFO - [OK] Chunk 8: Got 999 candles
2025-09-24 21:43:51 - shared_modules.data_collection.optimized_data_fetcher - INFO - [DATA] Fetching chunk 9/11: 2025-09-18 15:52:45.718000 to 2025-09-19 08:31:45.718000
2025-09-24 21:43:52 - shared_modules.data_collection.optimized_data_fetcher - INFO - [OK] Chunk 9: Got 999 candles
2025-09-24 21:43:52 - shared_modules.data_collection.optimized_data_fetcher - INFO - [DATA] Fetching chunk 10/11: 2025-09-17 23:13:45.738000 to 2025-09-18 15:52:45.738000
2025-09-24 21:43:52 - shared_modules.data_collection.optimized_data_fetcher - INFO - [OK] Chunk 9: Got 999 candles
2025-09-24 21:43:52 - shared_modules.data_collection.optimized_data_fetcher - INFO - [DATA] Fetching chunk 10/11: 2025-09-17 23:13:45.718000 to 2025-09-18 15:52:45.718000
2025-09-24 21:43:52 - shared_modules.data_collection.optimized_data_fetcher - INFO - [OK] Chunk 10: Got 999 candles
2025-09-24 21:43:52 - shared_modules.data_collection.optimized_data_fetcher - INFO - [DATA] Fetching chunk 11/11: 2025-09-17 21:43:45.718000 to 2025-09-17 23:13:45.718000
2025-09-24 21:43:52 - shared_modules.data_collection.optimized_data_fetcher - INFO - [OK] Chunk 10: Got 999 candles
2025-09-24 21:43:52 - shared_modules.data_collection.optimized_data_fetcher - INFO - [DATA] Fetching chunk 11/11: 2025-09-17 21:43:45.741000 to 2025-09-17 23:13:45.741000
2025-09-24 21:43:52 - shared_modules.data_collection.optimized_data_fetcher - INFO - [OK] Chunk 11: Got 90 candles
2025-09-24 21:43:53 - shared_modules.data_collection.csv_manager - INFO - Wrote 10080 entries to data\BTCUSDT_1.csv
2025-09-24 21:43:53 - shared_modules.data_collection.optimized_data_fetcher - INFO - [OK] Fetched 10080 candles for BTCUSDT_1 (11 successful, 0 failed)
2025-09-24 21:43:53 - shared_modules.data_collection.optimized_data_fetcher - INFO - [OK] Chunk 11: Got 90 candles
2025-09-24 21:43:53 - shared_modules.data_collection.csv_manager - INFO - Wrote 10080 entries to data\SOLUSDT_1.csv
2025-09-24 21:43:53 - shared_modules.data_collection.optimized_data_fetcher - INFO - [OK] Fetched 10080 candles for SOLUSDT_1 (11 successful, 0 failed)
2025-09-24 21:43:53 - shared_modules.data_collection.optimized_data_fetcher - INFO - [OK] Chunk 10: Got 999 candles
2025-09-24 21:43:53 - shared_modules.data_collection.optimized_data_fetcher - INFO - [DATA] Fetching chunk 11/11: 2025-09-17 21:43:45.738000 to 2025-09-17 23:13:45.738000
2025-09-24 21:43:54 - shared_modules.data_collection.optimized_data_fetcher - INFO - [OK] Chunk 11: Got 90 candles
2025-09-24 21:43:54 - shared_modules.data_collection.csv_manager - INFO - Wrote 10080 entries to data\ETHUSDT_1.csv
2025-09-24 21:43:54 - shared_modules.data_collection.optimized_data_fetcher - INFO - [OK] Fetched 10080 candles for ETHUSDT_1 (11 successful, 0 failed)
2025-09-24 21:43:54 - shared_modules.data_collection.optimized_data_fetcher - INFO - [DATA] Historical data fetch completed in 8.45 seconds
2025-09-24 21:43:54 - shared_modules.data_collection.optimized_data_fetcher - INFO - [OK] Successful: 9/9 (100.0%)
2025-09-24 21:43:54 - shared_modules.data_collection.hybrid_system - INFO - [OK] Historical data fetched successfully
2025-09-24 21:43:54 - shared_modules.data_collection.hybrid_system - INFO - 
[INFO] Sample of fetched historical data:
2025-09-24 21:43:54 - shared_modules.data_collection.hybrid_system - INFO -  BTCUSDT_1: 10080 candles
2025-09-24 21:43:54 - shared_modules.data_collection.hybrid_system - INFO -  Latest: 2025-09-24 21:43:00 - O:113281.5 H:113301.3 L:113269.2 C:113301.3
2025-09-24 21:43:54 - shared_modules.data_collection.hybrid_system - INFO -  BTCUSDT_5: 2016 candles
2025-09-24 21:43:54 - shared_modules.data_collection.hybrid_system - INFO -  Latest: 2025-09-24 21:40:00 - O:113268.3 H:113303.7 L:113258.0 C:113301.3
2025-09-24 21:43:54 - shared_modules.data_collection.hybrid_system - INFO -  ETHUSDT_1: 10080 candles
2025-09-24 21:43:54 - shared_modules.data_collection.hybrid_system - INFO -  Latest: 2025-09-24 21:43:00 - O:4158.17 H:4158.98 L:4157.56 C:4158.17
2025-09-24 21:43:54 - shared_modules.data_collection.hybrid_system - INFO -  ETHUSDT_5: 2016 candles
2025-09-24 21:43:54 - shared_modules.data_collection.hybrid_system - INFO -  Latest: 2025-09-24 21:40:00 - O:4158.32 H:4160.5 L:4157.09 C:4158.17
2025-09-24 21:43:58 - asyncio - ERROR - Unclosed client session
client_session: <aiohttp.client.ClientSession object at 0x000002289503D850>
2025-09-24 21:43:58 - asyncio - ERROR - Unclosed connector
connections: ['[(<aiohttp.client_proto.ResponseHandler object at 0x0000022895E5E900>, 8973.765), (<aiohttp.client_proto.ResponseHandler object at 0x0000022895E5ECF0>, 8973.765), (<aiohttp.client_proto.ResponseHandler object at 0x0000022895E5EC10>, 8974.921), (<aiohttp.client_proto.ResponseHandler object at 0x0000022895E5EA50>, 8975.562), (<aiohttp.client_proto.ResponseHandler object at 0x0000022895E5EBA0>, 8975.593), (<aiohttp.client_proto.ResponseHandler object at 0x0000022895E5E6D0>, 8976.125), (<aiohttp.client_proto.ResponseHandler object at 0x0000022895E5EC80>, 8980.562), (<aiohttp.client_proto.ResponseHandler object at 0x0000022895E5EB30>, 8980.671), (<aiohttp.client_proto.ResponseHandler object at 0x0000022895E5EAC0>, 8981.687)]']
connector: <aiohttp.connector.TCPConnector object at 0x0000022895EA4950>
2025-09-24 22:26:26 - root - INFO - Logging system initialized
2025-09-24 22:26:26 - root - INFO - Logging system initialized
2025-09-24 22:26:26 - shared_modules.data_collection.websocket_handler - INFO - All subscription batches sent
2025-09-24 22:26:26 - root - INFO - Logging system initialized
2025-09-24 22:26:31 - asyncio - DEBUG - Using proactor: IocpProactor
2025-09-24 22:26:31 - shared_modules.data_collection.websocket_handler - INFO - WebSocket disabled by configuration
2025-09-24 22:26:31 - shared_modules.data_collection.hybrid_system - INFO - [DEBUG] Starting data fetch in mode: full
2025-09-24 22:26:31 - shared_modules.data_collection.hybrid_system - INFO - [DATA] Using 4 symbols from configuration
2025-09-24 22:26:31 - shared_modules.data_collection.hybrid_system - INFO - [WS] WebSocket disabled (ENABLE_WEBSOCKET=False)
2025-09-24 22:26:31 - shared_modules.data_collection.hybrid_system - INFO - [DATA] Fetching historical data...
2025-09-24 22:26:31 - shared_modules.data_collection.optimized_data_fetcher - INFO - [PROCESS] Processing 4 symbols in batches of 20
2025-09-24 22:26:31 - shared_modules.data_collection.optimized_data_fetcher - INFO - [PROCESS] Processing batch 1/1 (4 symbols)
2025-09-24 22:26:31 - shared_modules.data_collection.optimized_data_fetcher - INFO - [PROCESS] Fetching BTCUSDT_1...
2025-09-24 22:26:31 - shared_modules.data_collection.optimized_data_fetcher - INFO - Calculated chunks for 1m, 7 days: 10080 candles needed, 11 chunks, 999 candles per chunk, chunk duration: 999.0 minutes
2025-09-24 22:26:31 - shared_modules.data_collection.optimized_data_fetcher - INFO - [DATA] Fetching BTCUSDT_1 using 11 chunks...
2025-09-24 22:26:31 - shared_modules.data_collection.optimized_data_fetcher - INFO - [DATA] Fetching chunk 1/11: 2025-09-24 05:47:31.018000 to 2025-09-24 22:26:31.018000
2025-09-24 22:26:31 - shared_modules.data_collection.optimized_data_fetcher - INFO - [PROCESS] Fetching BTCUSDT_5...
2025-09-24 22:26:31 - shared_modules.data_collection.optimized_data_fetcher - INFO - Calculated chunks for 5m, 7 days: 2016 candles needed, 3 chunks, 999 candles per chunk, chunk duration: 4995.0 minutes
2025-09-24 22:26:31 - shared_modules.data_collection.optimized_data_fetcher - INFO - [DATA] Fetching BTCUSDT_5 using 3 chunks...
2025-09-24 22:26:31 - shared_modules.data_collection.optimized_data_fetcher - INFO - [DATA] Fetching chunk 1/3: 2025-09-21 11:11:31.035000 to 2025-09-24 22:26:31.035000
2025-09-24 22:26:31 - shared_modules.data_collection.optimized_data_fetcher - INFO - [PROCESS] Fetching BTCUSDT_15...
2025-09-24 22:26:31 - shared_modules.data_collection.optimized_data_fetcher - INFO - Calculated chunks for 15m, 7 days: 672 candles needed, 1 chunks, 999 candles per chunk, chunk duration: 14985.0 minutes
2025-09-24 22:26:31 - shared_modules.data_collection.optimized_data_fetcher - INFO - [DATA] Fetching BTCUSDT_15 using 1 chunks...
2025-09-24 22:26:31 - shared_modules.data_collection.optimized_data_fetcher - INFO - [DATA] Fetching chunk 1/1: 2025-09-17 22:26:31.037000 to 2025-09-24 22:26:31.037000
2025-09-24 22:26:31 - shared_modules.data_collection.optimized_data_fetcher - INFO - [PROCESS] Fetching ETHUSDT_1...
2025-09-24 22:26:31 - shared_modules.data_collection.optimized_data_fetcher - INFO - Calculated chunks for 1m, 7 days: 10080 candles needed, 11 chunks, 999 candles per chunk, chunk duration: 999.0 minutes
2025-09-24 22:26:31 - shared_modules.data_collection.optimized_data_fetcher - INFO - [DATA] Fetching ETHUSDT_1 using 11 chunks...
2025-09-24 22:26:31 - shared_modules.data_collection.optimized_data_fetcher - INFO - [DATA] Fetching chunk 1/11: 2025-09-24 05:47:31.038000 to 2025-09-24 22:26:31.038000
2025-09-24 22:26:31 - shared_modules.data_collection.optimized_data_fetcher - INFO - [PROCESS] Fetching ETHUSDT_5...
2025-09-24 22:26:31 - shared_modules.data_collection.optimized_data_fetcher - INFO - Calculated chunks for 5m, 7 days: 2016 candles needed, 3 chunks, 999 candles per chunk, chunk duration: 4995.0 minutes
2025-09-24 22:26:31 - shared_modules.data_collection.optimized_data_fetcher - INFO - [DATA] Fetching ETHUSDT_5 using 3 chunks...
2025-09-24 22:26:31 - shared_modules.data_collection.optimized_data_fetcher - INFO - [DATA] Fetching chunk 1/3: 2025-09-21 11:11:31.040000 to 2025-09-24 22:26:31.040000
2025-09-24 22:26:31 - shared_modules.data_collection.optimized_data_fetcher - INFO - [PROCESS] Fetching ETHUSDT_15...
2025-09-24 22:26:31 - shared_modules.data_collection.optimized_data_fetcher - INFO - Calculated chunks for 15m, 7 days: 672 candles needed, 1 chunks, 999 candles per chunk, chunk duration: 14985.0 minutes
2025-09-24 22:26:31 - shared_modules.data_collection.optimized_data_fetcher - INFO - [DATA] Fetching ETHUSDT_15 using 1 chunks...
2025-09-24 22:26:31 - shared_modules.data_collection.optimized_data_fetcher - INFO - [DATA] Fetching chunk 1/1: 2025-09-17 22:26:31.041000 to 2025-09-24 22:26:31.041000
2025-09-24 22:26:31 - shared_modules.data_collection.optimized_data_fetcher - INFO - [PROCESS] Fetching SOLUSDT_1...
2025-09-24 22:26:31 - shared_modules.data_collection.optimized_data_fetcher - INFO - Calculated chunks for 1m, 7 days: 10080 candles needed, 11 chunks, 999 candles per chunk, chunk duration: 999.0 minutes
2025-09-24 22:26:31 - shared_modules.data_collection.optimized_data_fetcher - INFO - [DATA] Fetching SOLUSDT_1 using 11 chunks...
2025-09-24 22:26:31 - shared_modules.data_collection.optimized_data_fetcher - INFO - [DATA] Fetching chunk 1/11: 2025-09-24 05:47:31.042000 to 2025-09-24 22:26:31.042000
2025-09-24 22:26:31 - shared_modules.data_collection.optimized_data_fetcher - INFO - [PROCESS] Fetching SOLUSDT_5...
2025-09-24 22:26:31 - shared_modules.data_collection.optimized_data_fetcher - INFO - Calculated chunks for 5m, 7 days: 2016 candles needed, 3 chunks, 999 candles per chunk, chunk duration: 4995.0 minutes
2025-09-24 22:26:31 - shared_modules.data_collection.optimized_data_fetcher - INFO - [DATA] Fetching SOLUSDT_5 using 3 chunks...
2025-09-24 22:26:31 - shared_modules.data_collection.optimized_data_fetcher - INFO - [DATA] Fetching chunk 1/3: 2025-09-21 11:11:31.043000 to 2025-09-24 22:26:31.043000
2025-09-24 22:26:31 - shared_modules.data_collection.optimized_data_fetcher - INFO - [PROCESS] Fetching SOLUSDT_15...
2025-09-24 22:26:31 - shared_modules.data_collection.optimized_data_fetcher - INFO - Calculated chunks for 15m, 7 days: 672 candles needed, 1 chunks, 999 candles per chunk, chunk duration: 14985.0 minutes
2025-09-24 22:26:31 - shared_modules.data_collection.optimized_data_fetcher - INFO - [DATA] Fetching SOLUSDT_15 using 1 chunks...
2025-09-24 22:26:31 - shared_modules.data_collection.optimized_data_fetcher - INFO - [DATA] Fetching chunk 1/1: 2025-09-17 22:26:31.044000 to 2025-09-24 22:26:31.044000
2025-09-24 22:26:31 - shared_modules.data_collection.optimized_data_fetcher - INFO - [PROCESS] Fetching ADAUSDT_1...
2025-09-24 22:26:31 - shared_modules.data_collection.optimized_data_fetcher - INFO - Calculated chunks for 1m, 7 days: 10080 candles needed, 11 chunks, 999 candles per chunk, chunk duration: 999.0 minutes
2025-09-24 22:26:31 - shared_modules.data_collection.optimized_data_fetcher - INFO - [DATA] Fetching ADAUSDT_1 using 11 chunks...
2025-09-24 22:26:31 - shared_modules.data_collection.optimized_data_fetcher - INFO - [DATA] Fetching chunk 1/11: 2025-09-24 05:47:31.045000 to 2025-09-24 22:26:31.045000
2025-09-24 22:26:31 - shared_modules.data_collection.optimized_data_fetcher - INFO - [PROCESS] Fetching ADAUSDT_5...
2025-09-24 22:26:31 - shared_modules.data_collection.optimized_data_fetcher - INFO - Calculated chunks for 5m, 7 days: 2016 candles needed, 3 chunks, 999 candles per chunk, chunk duration: 4995.0 minutes
2025-09-24 22:26:31 - shared_modules.data_collection.optimized_data_fetcher - INFO - [DATA] Fetching ADAUSDT_5 using 3 chunks...
2025-09-24 22:26:31 - shared_modules.data_collection.optimized_data_fetcher - INFO - [DATA] Fetching chunk 1/3: 2025-09-21 11:11:31.046000 to 2025-09-24 22:26:31.046000
2025-09-24 22:26:31 - shared_modules.data_collection.optimized_data_fetcher - INFO - [PROCESS] Fetching ADAUSDT_15...
2025-09-24 22:26:31 - shared_modules.data_collection.optimized_data_fetcher - INFO - Calculated chunks for 15m, 7 days: 672 candles needed, 1 chunks, 999 candles per chunk, chunk duration: 14985.0 minutes
2025-09-24 22:26:31 - shared_modules.data_collection.optimized_data_fetcher - INFO - [DATA] Fetching ADAUSDT_15 using 1 chunks...
2025-09-24 22:26:31 - shared_modules.data_collection.optimized_data_fetcher - INFO - [DATA] Fetching chunk 1/1: 2025-09-17 22:26:31.047000 to 2025-09-24 22:26:31.047000
2025-09-24 22:26:31 - shared_modules.data_collection.optimized_data_fetcher - INFO - [OK] Chunk 1: Got 672 candles
2025-09-24 22:26:31 - shared_modules.data_collection.csv_manager - INFO - Wrote 672 entries to data\SOLUSDT_15.csv
2025-09-24 22:26:31 - shared_modules.data_collection.optimized_data_fetcher - INFO - [OK] Fetched 672 candles for SOLUSDT_15 (1 successful, 0 failed)
2025-09-24 22:26:31 - shared_modules.data_collection.optimized_data_fetcher - INFO - [OK] Chunk 1: Got 999 candles
2025-09-24 22:26:31 - shared_modules.data_collection.optimized_data_fetcher - INFO - [DATA] Fetching chunk 2/11: 2025-09-23 13:08:31.042000 to 2025-09-24 05:47:31.042000
2025-09-24 22:26:32 - shared_modules.data_collection.optimized_data_fetcher - INFO - [OK] Chunk 1: Got 999 candles
2025-09-24 22:26:32 - shared_modules.data_collection.optimized_data_fetcher - INFO - [DATA] Fetching chunk 2/3: 2025-09-17 23:56:31.035000 to 2025-09-21 11:11:31.035000
2025-09-24 22:26:32 - shared_modules.data_collection.optimized_data_fetcher - INFO - [OK] Chunk 1: Got 999 candles
2025-09-24 22:26:32 - shared_modules.data_collection.optimized_data_fetcher - INFO - [DATA] Fetching chunk 2/11: 2025-09-23 13:08:31.018000 to 2025-09-24 05:47:31.018000
2025-09-24 22:26:32 - shared_modules.data_collection.optimized_data_fetcher - INFO - [OK] Chunk 1: Got 672 candles
2025-09-24 22:26:32 - shared_modules.data_collection.optimized_data_fetcher - INFO - [OK] Chunk 1: Got 999 candles
2025-09-24 22:26:32 - shared_modules.data_collection.optimized_data_fetcher - INFO - [OK] Chunk 1: Got 672 candles
2025-09-24 22:26:32 - shared_modules.data_collection.csv_manager - INFO - Wrote 672 entries to data\ADAUSDT_15.csv
2025-09-24 22:26:32 - shared_modules.data_collection.optimized_data_fetcher - INFO - [OK] Fetched 672 candles for ADAUSDT_15 (1 successful, 0 failed)
2025-09-24 22:26:32 - shared_modules.data_collection.optimized_data_fetcher - INFO - [DATA] Fetching chunk 2/11: 2025-09-23 13:08:31.045000 to 2025-09-24 05:47:31.045000
2025-09-24 22:26:32 - shared_modules.data_collection.csv_manager - INFO - Wrote 672 entries to data\ETHUSDT_15.csv
2025-09-24 22:26:32 - shared_modules.data_collection.optimized_data_fetcher - INFO - [OK] Fetched 672 candles for ETHUSDT_15 (1 successful, 0 failed)
2025-09-24 22:26:32 - shared_modules.data_collection.optimized_data_fetcher - INFO - [OK] Chunk 1: Got 672 candles
2025-09-24 22:26:32 - shared_modules.data_collection.optimized_data_fetcher - INFO - [OK] Chunk 1: Got 999 candles
2025-09-24 22:26:32 - shared_modules.data_collection.csv_manager - INFO - Wrote 672 entries to data\BTCUSDT_15.csv
2025-09-24 22:26:32 - shared_modules.data_collection.optimized_data_fetcher - INFO - [OK] Fetched 672 candles for BTCUSDT_15 (1 successful, 0 failed)
2025-09-24 22:26:32 - shared_modules.data_collection.optimized_data_fetcher - INFO - [OK] Chunk 1: Got 999 candles
2025-09-24 22:26:32 - shared_modules.data_collection.optimized_data_fetcher - INFO - [DATA] Fetching chunk 2/3: 2025-09-17 23:56:31.046000 to 2025-09-21 11:11:31.046000
2025-09-24 22:26:32 - shared_modules.data_collection.optimized_data_fetcher - INFO - [OK] Chunk 1: Got 999 candles
2025-09-24 22:26:32 - shared_modules.data_collection.optimized_data_fetcher - INFO - [OK] Chunk 1: Got 999 candles
2025-09-24 22:26:32 - shared_modules.data_collection.optimized_data_fetcher - INFO - [DATA] Fetching chunk 2/3: 2025-09-17 23:56:31.040000 to 2025-09-21 11:11:31.040000
2025-09-24 22:26:32 - shared_modules.data_collection.optimized_data_fetcher - INFO - [DATA] Fetching chunk 2/11: 2025-09-23 13:08:31.038000 to 2025-09-24 05:47:31.038000
2025-09-24 22:26:32 - shared_modules.data_collection.optimized_data_fetcher - INFO - [DATA] Fetching chunk 2/3: 2025-09-17 23:56:31.043000 to 2025-09-21 11:11:31.043000
2025-09-24 22:26:32 - shared_modules.data_collection.optimized_data_fetcher - INFO - [OK] Chunk 2: Got 999 candles
2025-09-24 22:26:32 - shared_modules.data_collection.optimized_data_fetcher - INFO - [DATA] Fetching chunk 3/11: 2025-09-22 20:29:31.018000 to 2025-09-23 13:08:31.018000
2025-09-24 22:26:32 - shared_modules.data_collection.optimized_data_fetcher - INFO - [OK] Chunk 2: Got 999 candles
2025-09-24 22:26:32 - shared_modules.data_collection.optimized_data_fetcher - INFO - [DATA] Fetching chunk 3/11: 2025-09-22 20:29:31.045000 to 2025-09-23 13:08:31.045000
2025-09-24 22:26:32 - shared_modules.data_collection.optimized_data_fetcher - INFO - [OK] Chunk 2: Got 999 candles
2025-09-24 22:26:32 - shared_modules.data_collection.optimized_data_fetcher - INFO - [DATA] Fetching chunk 3/11: 2025-09-22 20:29:31.038000 to 2025-09-23 13:08:31.038000
2025-09-24 22:26:33 - shared_modules.data_collection.optimized_data_fetcher - INFO - [OK] Chunk 2: Got 999 candles
2025-09-24 22:26:33 - shared_modules.data_collection.optimized_data_fetcher - INFO - [DATA] Fetching chunk 3/11: 2025-09-22 20:29:31.042000 to 2025-09-23 13:08:31.042000
2025-09-24 22:26:33 - shared_modules.data_collection.optimized_data_fetcher - INFO - [OK] Chunk 2: Got 999 candles
2025-09-24 22:26:33 - shared_modules.data_collection.optimized_data_fetcher - INFO - [DATA] Fetching chunk 3/3: 2025-09-17 22:26:31.043000 to 2025-09-17 23:56:31.043000
2025-09-24 22:26:33 - shared_modules.data_collection.optimized_data_fetcher - INFO - [OK] Chunk 3: Got 999 candles
2025-09-24 22:26:33 - shared_modules.data_collection.optimized_data_fetcher - INFO - [DATA] Fetching chunk 4/11: 2025-09-22 03:50:31.045000 to 2025-09-22 20:29:31.045000
2025-09-24 22:26:33 - shared_modules.data_collection.optimized_data_fetcher - INFO - [OK] Chunk 2: Got 999 candles
2025-09-24 22:26:33 - shared_modules.data_collection.optimized_data_fetcher - INFO - [DATA] Fetching chunk 3/3: 2025-09-17 22:26:31.035000 to 2025-09-17 23:56:31.035000
2025-09-24 22:26:33 - shared_modules.data_collection.optimized_data_fetcher - INFO - [OK] Chunk 3: Got 999 candles
2025-09-24 22:26:33 - shared_modules.data_collection.optimized_data_fetcher - INFO - [DATA] Fetching chunk 4/11: 2025-09-22 03:50:31.042000 to 2025-09-22 20:29:31.042000
2025-09-24 22:26:33 - shared_modules.data_collection.optimized_data_fetcher - INFO - [OK] Chunk 4: Got 999 candles
2025-09-24 22:26:33 - shared_modules.data_collection.optimized_data_fetcher - INFO - [DATA] Fetching chunk 5/11: 2025-09-21 11:11:31.045000 to 2025-09-22 03:50:31.045000
2025-09-24 22:26:33 - shared_modules.data_collection.optimized_data_fetcher - INFO - [OK] Chunk 3: Got 18 candles
2025-09-24 22:26:33 - shared_modules.data_collection.csv_manager - INFO - Wrote 2016 entries to data\BTCUSDT_5.csv
2025-09-24 22:26:33 - shared_modules.data_collection.optimized_data_fetcher - INFO - [OK] Fetched 2016 candles for BTCUSDT_5 (3 successful, 0 failed)
2025-09-24 22:26:33 - shared_modules.data_collection.optimized_data_fetcher - INFO - [OK] Chunk 3: Got 999 candles
2025-09-24 22:26:33 - shared_modules.data_collection.optimized_data_fetcher - INFO - [DATA] Fetching chunk 4/11: 2025-09-22 03:50:31.038000 to 2025-09-22 20:29:31.038000
2025-09-24 22:26:33 - shared_modules.data_collection.optimized_data_fetcher - INFO - [OK] Chunk 4: Got 999 candles
2025-09-24 22:26:33 - shared_modules.data_collection.optimized_data_fetcher - INFO - [DATA] Fetching chunk 5/11: 2025-09-21 11:11:31.042000 to 2025-09-22 03:50:31.042000
2025-09-24 22:26:33 - shared_modules.data_collection.optimized_data_fetcher - INFO - [OK] Chunk 5: Got 999 candles
2025-09-24 22:26:33 - shared_modules.data_collection.optimized_data_fetcher - INFO - [DATA] Fetching chunk 6/11: 2025-09-20 18:32:31.045000 to 2025-09-21 11:11:31.045000
2025-09-24 22:26:34 - shared_modules.data_collection.optimized_data_fetcher - INFO - [OK] Chunk 2: Got 999 candles
2025-09-24 22:26:34 - shared_modules.data_collection.optimized_data_fetcher - INFO - [DATA] Fetching chunk 3/3: 2025-09-17 22:26:31.046000 to 2025-09-17 23:56:31.046000
2025-09-24 22:26:34 - shared_modules.data_collection.optimized_data_fetcher - INFO - [OK] Chunk 2: Got 999 candles
2025-09-24 22:26:34 - shared_modules.data_collection.optimized_data_fetcher - INFO - [DATA] Fetching chunk 3/3: 2025-09-17 22:26:31.040000 to 2025-09-17 23:56:31.040000
2025-09-24 22:26:34 - shared_modules.data_collection.optimized_data_fetcher - INFO - [OK] Chunk 3: Got 999 candles
2025-09-24 22:26:34 - shared_modules.data_collection.optimized_data_fetcher - INFO - [DATA] Fetching chunk 4/11: 2025-09-22 03:50:31.018000 to 2025-09-22 20:29:31.018000
2025-09-24 22:26:34 - shared_modules.data_collection.optimized_data_fetcher - INFO - [OK] Chunk 3: Got 18 candles
2025-09-24 22:26:34 - shared_modules.data_collection.csv_manager - INFO - Wrote 2016 entries to data\SOLUSDT_5.csv
2025-09-24 22:26:34 - shared_modules.data_collection.optimized_data_fetcher - INFO - [OK] Fetched 2016 candles for SOLUSDT_5 (3 successful, 0 failed)
2025-09-24 22:26:34 - shared_modules.data_collection.optimized_data_fetcher - INFO - [OK] Chunk 3: Got 18 candles
2025-09-24 22:26:34 - shared_modules.data_collection.csv_manager - INFO - Wrote 2016 entries to data\ADAUSDT_5.csv
2025-09-24 22:26:34 - shared_modules.data_collection.optimized_data_fetcher - INFO - [OK] Fetched 2016 candles for ADAUSDT_5 (3 successful, 0 failed)
2025-09-24 22:26:34 - shared_modules.data_collection.optimized_data_fetcher - INFO - [OK] Chunk 5: Got 999 candles
2025-09-24 22:26:34 - shared_modules.data_collection.optimized_data_fetcher - INFO - [DATA] Fetching chunk 6/11: 2025-09-20 18:32:31.042000 to 2025-09-21 11:11:31.042000
2025-09-24 22:26:34 - shared_modules.data_collection.optimized_data_fetcher - INFO - [OK] Chunk 6: Got 999 candles
2025-09-24 22:26:34 - shared_modules.data_collection.optimized_data_fetcher - INFO - [DATA] Fetching chunk 7/11: 2025-09-20 01:53:31.045000 to 2025-09-20 18:32:31.045000
2025-09-24 22:26:34 - shared_modules.data_collection.optimized_data_fetcher - INFO - [OK] Chunk 3: Got 18 candles
2025-09-24 22:26:35 - shared_modules.data_collection.csv_manager - INFO - Wrote 2016 entries to data\ETHUSDT_5.csv
2025-09-24 22:26:35 - shared_modules.data_collection.optimized_data_fetcher - INFO - [OK] Fetched 2016 candles for ETHUSDT_5 (3 successful, 0 failed)
2025-09-24 22:26:35 - shared_modules.data_collection.optimized_data_fetcher - INFO - [OK] Chunk 4: Got 999 candles
2025-09-24 22:26:35 - shared_modules.data_collection.optimized_data_fetcher - INFO - [DATA] Fetching chunk 5/11: 2025-09-21 11:11:31.018000 to 2025-09-22 03:50:31.018000
2025-09-24 22:26:35 - shared_modules.data_collection.optimized_data_fetcher - INFO - [OK] Chunk 6: Got 999 candles
2025-09-24 22:26:35 - shared_modules.data_collection.optimized_data_fetcher - INFO - [DATA] Fetching chunk 7/11: 2025-09-20 01:53:31.042000 to 2025-09-20 18:32:31.042000
2025-09-24 22:26:35 - shared_modules.data_collection.optimized_data_fetcher - INFO - [OK] Chunk 4: Got 999 candles
2025-09-24 22:26:35 - shared_modules.data_collection.optimized_data_fetcher - INFO - [DATA] Fetching chunk 5/11: 2025-09-21 11:11:31.038000 to 2025-09-22 03:50:31.038000
2025-09-24 22:26:35 - shared_modules.data_collection.optimized_data_fetcher - INFO - [OK] Chunk 5: Got 999 candles
2025-09-24 22:26:35 - shared_modules.data_collection.optimized_data_fetcher - INFO - [DATA] Fetching chunk 6/11: 2025-09-20 18:32:31.018000 to 2025-09-21 11:11:31.018000
2025-09-24 22:26:35 - shared_modules.data_collection.optimized_data_fetcher - INFO - [OK] Chunk 7: Got 999 candles
2025-09-24 22:26:35 - shared_modules.data_collection.optimized_data_fetcher - INFO - [DATA] Fetching chunk 8/11: 2025-09-19 09:14:31.042000 to 2025-09-20 01:53:31.042000
2025-09-24 22:26:35 - shared_modules.data_collection.optimized_data_fetcher - INFO - [OK] Chunk 7: Got 999 candles
2025-09-24 22:26:35 - shared_modules.data_collection.optimized_data_fetcher - INFO - [DATA] Fetching chunk 8/11: 2025-09-19 09:14:31.045000 to 2025-09-20 01:53:31.045000
2025-09-24 22:26:35 - shared_modules.data_collection.optimized_data_fetcher - INFO - [OK] Chunk 6: Got 999 candles
2025-09-24 22:26:36 - shared_modules.data_collection.optimized_data_fetcher - INFO - [DATA] Fetching chunk 7/11: 2025-09-20 01:53:31.018000 to 2025-09-20 18:32:31.018000
2025-09-24 22:26:36 - shared_modules.data_collection.optimized_data_fetcher - INFO - [OK] Chunk 5: Got 999 candles
2025-09-24 22:26:36 - shared_modules.data_collection.optimized_data_fetcher - INFO - [DATA] Fetching chunk 6/11: 2025-09-20 18:32:31.038000 to 2025-09-21 11:11:31.038000
2025-09-24 22:26:36 - shared_modules.data_collection.optimized_data_fetcher - INFO - [OK] Chunk 7: Got 999 candles
2025-09-24 22:26:36 - shared_modules.data_collection.optimized_data_fetcher - INFO - [DATA] Fetching chunk 8/11: 2025-09-19 09:14:31.018000 to 2025-09-20 01:53:31.018000
2025-09-24 22:26:36 - shared_modules.data_collection.optimized_data_fetcher - INFO - [OK] Chunk 8: Got 999 candles
2025-09-24 22:26:36 - shared_modules.data_collection.optimized_data_fetcher - INFO - [DATA] Fetching chunk 9/11: 2025-09-18 16:35:31.042000 to 2025-09-19 09:14:31.042000
2025-09-24 22:26:36 - shared_modules.data_collection.optimized_data_fetcher - INFO - [OK] Chunk 8: Got 999 candles
2025-09-24 22:26:36 - shared_modules.data_collection.optimized_data_fetcher - INFO - [DATA] Fetching chunk 9/11: 2025-09-18 16:35:31.045000 to 2025-09-19 09:14:31.045000
2025-09-24 22:26:37 - shared_modules.data_collection.optimized_data_fetcher - INFO - [OK] Chunk 6: Got 999 candles
2025-09-24 22:26:37 - shared_modules.data_collection.optimized_data_fetcher - INFO - [DATA] Fetching chunk 7/11: 2025-09-20 01:53:31.038000 to 2025-09-20 18:32:31.038000
2025-09-24 22:26:37 - shared_modules.data_collection.optimized_data_fetcher - INFO - [OK] Chunk 9: Got 999 candles
2025-09-24 22:26:37 - shared_modules.data_collection.optimized_data_fetcher - INFO - [DATA] Fetching chunk 10/11: 2025-09-17 23:56:31.042000 to 2025-09-18 16:35:31.042000
2025-09-24 22:26:37 - shared_modules.data_collection.optimized_data_fetcher - INFO - [OK] Chunk 8: Got 999 candles
2025-09-24 22:26:37 - shared_modules.data_collection.optimized_data_fetcher - INFO - [DATA] Fetching chunk 9/11: 2025-09-18 16:35:31.018000 to 2025-09-19 09:14:31.018000
2025-09-24 22:26:37 - shared_modules.data_collection.optimized_data_fetcher - INFO - [OK] Chunk 9: Got 999 candles
2025-09-24 22:26:37 - shared_modules.data_collection.optimized_data_fetcher - INFO - [DATA] Fetching chunk 10/11: 2025-09-17 23:56:31.045000 to 2025-09-18 16:35:31.045000
2025-09-24 22:26:37 - shared_modules.data_collection.optimized_data_fetcher - INFO - [OK] Chunk 10: Got 999 candles
2025-09-24 22:26:37 - shared_modules.data_collection.optimized_data_fetcher - INFO - [DATA] Fetching chunk 11/11: 2025-09-17 22:26:31.042000 to 2025-09-17 23:56:31.042000
2025-09-24 22:26:37 - shared_modules.data_collection.optimized_data_fetcher - INFO - [OK] Chunk 7: Got 999 candles
2025-09-24 22:26:37 - shared_modules.data_collection.optimized_data_fetcher - INFO - [DATA] Fetching chunk 8/11: 2025-09-19 09:14:31.038000 to 2025-09-20 01:53:31.038000
2025-09-24 22:26:38 - shared_modules.data_collection.optimized_data_fetcher - INFO - [OK] Chunk 10: Got 999 candles
2025-09-24 22:26:38 - shared_modules.data_collection.optimized_data_fetcher - INFO - [DATA] Fetching chunk 11/11: 2025-09-17 22:26:31.045000 to 2025-09-17 23:56:31.045000
2025-09-24 22:26:38 - shared_modules.data_collection.optimized_data_fetcher - INFO - [OK] Chunk 11: Got 90 candles
2025-09-24 22:26:38 - shared_modules.data_collection.csv_manager - INFO - Wrote 10080 entries to data\SOLUSDT_1.csv
2025-09-24 22:26:38 - shared_modules.data_collection.optimized_data_fetcher - INFO - [OK] Fetched 10080 candles for SOLUSDT_1 (11 successful, 0 failed)
2025-09-24 22:26:38 - shared_modules.data_collection.optimized_data_fetcher - INFO - [OK] Chunk 8: Got 999 candles
2025-09-24 22:26:38 - shared_modules.data_collection.optimized_data_fetcher - INFO - [DATA] Fetching chunk 9/11: 2025-09-18 16:35:31.038000 to 2025-09-19 09:14:31.038000
2025-09-24 22:26:39 - shared_modules.data_collection.optimized_data_fetcher - INFO - [OK] Chunk 9: Got 999 candles
2025-09-24 22:26:39 - shared_modules.data_collection.optimized_data_fetcher - INFO - [DATA] Fetching chunk 10/11: 2025-09-17 23:56:31.018000 to 2025-09-18 16:35:31.018000
2025-09-24 22:26:39 - shared_modules.data_collection.optimized_data_fetcher - INFO - [OK] Chunk 10: Got 999 candles
2025-09-24 22:26:39 - shared_modules.data_collection.optimized_data_fetcher - INFO - [DATA] Fetching chunk 11/11: 2025-09-17 22:26:31.018000 to 2025-09-17 23:56:31.018000
2025-09-24 22:26:39 - shared_modules.data_collection.optimized_data_fetcher - INFO - [OK] Chunk 11: Got 90 candles
2025-09-24 22:26:39 - shared_modules.data_collection.csv_manager - INFO - Wrote 10080 entries to data\ADAUSDT_1.csv
2025-09-24 22:26:39 - shared_modules.data_collection.optimized_data_fetcher - INFO - [OK] Fetched 10080 candles for ADAUSDT_1 (11 successful, 0 failed)
2025-09-24 22:26:39 - shared_modules.data_collection.optimized_data_fetcher - INFO - [OK] Chunk 9: Got 999 candles
2025-09-24 22:26:39 - shared_modules.data_collection.optimized_data_fetcher - INFO - [DATA] Fetching chunk 10/11: 2025-09-17 23:56:31.038000 to 2025-09-18 16:35:31.038000
2025-09-24 22:26:39 - shared_modules.data_collection.optimized_data_fetcher - INFO - [OK] Chunk 11: Got 90 candles
2025-09-24 22:26:39 - shared_modules.data_collection.csv_manager - INFO - Wrote 10080 entries to data\BTCUSDT_1.csv
2025-09-24 22:26:39 - shared_modules.data_collection.optimized_data_fetcher - INFO - [OK] Fetched 10080 candles for BTCUSDT_1 (11 successful, 0 failed)
2025-09-24 22:26:39 - shared_modules.data_collection.optimized_data_fetcher - INFO - [OK] Chunk 10: Got 999 candles
2025-09-24 22:26:39 - shared_modules.data_collection.optimized_data_fetcher - INFO - [DATA] Fetching chunk 11/11: 2025-09-17 22:26:31.038000 to 2025-09-17 23:56:31.038000
2025-09-24 22:26:40 - shared_modules.data_collection.optimized_data_fetcher - INFO - [OK] Chunk 11: Got 90 candles
2025-09-24 22:26:40 - shared_modules.data_collection.csv_manager - INFO - Wrote 10080 entries to data\ETHUSDT_1.csv
2025-09-24 22:26:40 - shared_modules.data_collection.optimized_data_fetcher - INFO - [OK] Fetched 10080 candles for ETHUSDT_1 (11 successful, 0 failed)
2025-09-24 22:26:40 - shared_modules.data_collection.optimized_data_fetcher - INFO - [DATA] Historical data fetch completed in 9.33 seconds
2025-09-24 22:26:40 - shared_modules.data_collection.optimized_data_fetcher - INFO - [OK] Successful: 12/12 (100.0%)
2025-09-24 22:26:40 - shared_modules.data_collection.hybrid_system - INFO - [OK] Historical data fetched successfully
2025-09-24 22:26:40 - shared_modules.data_collection.hybrid_system - INFO - 
[INFO] Sample of fetched historical data:
2025-09-24 22:26:40 - shared_modules.data_collection.hybrid_system - INFO -  BTCUSDT_1: 10080 candles
2025-09-24 22:26:40 - shared_modules.data_collection.hybrid_system - INFO -  Latest: 2025-09-24 22:26:00 - O:113534.4 H:113534.4 L:113523.3 C:113523.4
2025-09-24 22:26:40 - shared_modules.data_collection.hybrid_system - INFO -  BTCUSDT_5: 2016 candles
2025-09-24 22:26:40 - shared_modules.data_collection.hybrid_system - INFO -  Latest: 2025-09-24 22:25:00 - O:113527.7 H:113534.4 L:113512.0 C:113523.4
2025-09-24 22:26:40 - shared_modules.data_collection.hybrid_system - INFO -  ETHUSDT_1: 10080 candles
2025-09-24 22:26:40 - shared_modules.data_collection.hybrid_system - INFO -  Latest: 2025-09-24 22:26:00 - O:4161.2 H:4161.2 L:4160.31 C:4160.45
2025-09-24 22:26:40 - shared_modules.data_collection.hybrid_system - INFO -  ETHUSDT_5: 2016 candles
2025-09-24 22:26:40 - shared_modules.data_collection.hybrid_system - INFO -  Latest: 2025-09-24 22:25:00 - O:4160.0 H:4161.27 L:4159.47 C:4160.45
2025-09-24 23:51:41 - root - INFO - Logging system initialized
2025-09-24 23:51:41 - root - INFO - Logging system initialized
2025-09-24 23:51:41 - shared_modules.data_collection.websocket_handler - INFO - All subscription batches sent
2025-09-24 23:51:41 - root - INFO - Logging system initialized
2025-09-24 23:55:40 - root - INFO - Logging system initialized
2025-09-24 23:55:40 - root - INFO - Logging system initialized
2025-09-24 23:55:40 - shared_modules.data_collection.websocket_handler - INFO - All subscription batches sent
2025-09-24 23:55:40 - root - INFO - Logging system initialized
2025-09-24 23:55:40 - shared_modules.data_collection.optimized_data_fetcher - INFO - Calculated chunks for 5m, 30 days: 8640 candles needed, 9 chunks, 999 candles per chunk, chunk duration: 4995.0 minutes
2025-09-24 23:58:32 - root - INFO - Logging system initialized
2025-09-24 23:58:32 - root - INFO - Logging system initialized
2025-09-24 23:58:32 - shared_modules.data_collection.websocket_handler - INFO - All subscription batches sent
2025-09-24 23:58:32 - root - INFO - Logging system initialized
