2025-12-10 04:47:14 - shared_modules.data_collection.optimized_data_fetcher - WARNING - [FAIL] Rate limited for MOVEUSDT_120 (attempt 1/5)
2025-12-10 04:47:14 - shared_modules.data_collection.optimized_data_fetcher - ERROR - [FAIL] Exception for MOVEUSDT_120: local variable 'retry_delay' referenced before assignment (attempt 2/5)
2025-12-10 04:47:14 - shared_modules.data_collection.optimized_data_fetcher - ERROR - [FAIL] Exception for MOVEUSDT_120: local variable 'retry_delay' referenced before assignment (attempt 3/5)
2025-12-10 04:47:14 - shared_modules.data_collection.optimized_data_fetcher - ERROR - [FAIL] Exception for MOVEUSDT_120: local variable 'retry_delay' referenced before assignment (attempt 4/5)
2025-12-10 04:47:14 - shared_modules.data_collection.optimized_data_fetcher - ERROR - [FAIL] Exception for MOVEUSDT_120: local variable 'retry_delay' referenced before assignment (attempt 5/5)
2025-12-10 04:47:14 - shared_modules.data_collection.optimized_data_fetcher - ERROR - [FAIL] Failed to fetch MOVEUSDT_120
2025-12-10 04:47:14 - shared_modules.data_collection.optimized_data_fetcher - WARNING - [FAIL] Rate limited for MYXUSDT_15 (attempt 1/5)
2025-12-10 04:47:14 - shared_modules.data_collection.optimized_data_fetcher - ERROR - [FAIL] Exception for MYXUSDT_15: local variable 'retry_delay' referenced before assignment (attempt 2/5)
2025-12-10 04:47:14 - shared_modules.data_collection.optimized_data_fetcher - ERROR - [FAIL] Exception for MYXUSDT_15: local variable 'retry_delay' referenced before assignment (attempt 3/5)
2025-12-10 04:47:14 - shared_modules.data_collection.optimized_data_fetcher - ERROR - [FAIL] Exception for MYXUSDT_15: local variable 'retry_delay' referenced before assignment (attempt 4/5)
2025-12-10 04:47:14 - shared_modules.data_collection.optimized_data_fetcher - ERROR - [FAIL] Exception for MYXUSDT_15: local variable 'retry_delay' referenced before assignment (attempt 5/5)
2025-12-10 04:47:14 - shared_modules.data_collection.optimized_data_fetcher - ERROR - [FAIL] Failed to fetch MYXUSDT_15
2025-12-10 04:47:15 - shared_modules.data_collection.optimized_data_fetcher - WARNING - [FAIL] Rate limited for NFPUSDT_240 (attempt 1/5)
2025-12-10 04:47:15 - shared_modules.data_collection.optimized_data_fetcher - ERROR - [FAIL] Exception for NFPUSDT_240: local variable 'retry_delay' referenced before assignment (attempt 2/5)
2025-12-10 04:47:15 - shared_modules.data_collection.optimized_data_fetcher - ERROR - [FAIL] Exception for NFPUSDT_240: local variable 'retry_delay' referenced before assignment (attempt 3/5)
2025-12-10 04:47:15 - shared_modules.data_collection.optimized_data_fetcher - ERROR - [FAIL] Exception for NFPUSDT_240: local variable 'retry_delay' referenced before assignment (attempt 4/5)
2025-12-10 04:47:15 - shared_modules.data_collection.optimized_data_fetcher - ERROR - [FAIL] Exception for NFPUSDT_240: local variable 'retry_delay' referenced before assignment (attempt 5/5)
2025-12-10 04:47:15 - shared_modules.data_collection.optimized_data_fetcher - ERROR - [FAIL] Failed to fetch NFPUSDT_240
2025-12-10 04:47:15 - shared_modules.data_collection.optimized_data_fetcher - WARNING - [FAIL] Rate limited for NOMUSDT_60 (attempt 1/5)
2025-12-10 04:47:15 - shared_modules.data_collection.optimized_data_fetcher - ERROR - [FAIL] Exception for NOMUSDT_60: local variable 'retry_delay' referenced before assignment (attempt 2/5)
2025-12-10 04:47:15 - shared_modules.data_collection.optimized_data_fetcher - ERROR - [FAIL] Exception for NOMUSDT_60: local variable 'retry_delay' referenced before assignment (attempt 3/5)
2025-12-10 04:47:15 - shared_modules.data_collection.optimized_data_fetcher - ERROR - [FAIL] Exception for NOMUSDT_60: local variable 'retry_delay' referenced before assignment (attempt 4/5)
2025-12-10 04:47:15 - shared_modules.data_collection.optimized_data_fetcher - ERROR - [FAIL] Exception for NOMUSDT_60: local variable 'retry_delay' referenced before assignment (attempt 5/5)
2025-12-10 04:47:15 - shared_modules.data_collection.optimized_data_fetcher - ERROR - [FAIL] Failed to fetch NOMUSDT_60
2025-12-10 04:47:15 - shared_modules.data_collection.optimized_data_fetcher - WARNING - [FAIL] Rate limited for NSUSDT_60 (attempt 1/5)
2025-12-10 04:47:15 - shared_modules.data_collection.optimized_data_fetcher - ERROR - [FAIL] Exception for NSUSDT_60: local variable 'retry_delay' referenced before assignment (attempt 2/5)
2025-12-10 04:47:15 - shared_modules.data_collection.optimized_data_fetcher - ERROR - [FAIL] Exception for NSUSDT_60: local variable 'retry_delay' referenced before assignment (attempt 3/5)
2025-12-10 04:47:15 - shared_modules.data_collection.optimized_data_fetcher - ERROR - [FAIL] Exception for NSUSDT_60: local variable 'retry_delay' referenced before assignment (attempt 4/5)
2025-12-10 04:47:15 - shared_modules.data_collection.optimized_data_fetcher - ERROR - [FAIL] Exception for NSUSDT_60: local variable 'retry_delay' referenced before assignment (attempt 5/5)
2025-12-10 04:47:15 - shared_modules.data_collection.optimized_data_fetcher - ERROR - [FAIL] Failed to fetch NSUSDT_60
2025-12-10 04:47:15 - shared_modules.data_collection.optimized_data_fetcher - WARNING - [FAIL] Rate limited for NSUSDT_120 (attempt 1/5)
2025-12-10 04:47:15 - shared_modules.data_collection.optimized_data_fetcher - ERROR - [FAIL] Exception for NSUSDT_120: local variable 'retry_delay' referenced before assignment (attempt 2/5)
2025-12-10 04:47:15 - shared_modules.data_collection.optimized_data_fetcher - ERROR - [FAIL] Exception for NSUSDT_120: local variable 'retry_delay' referenced before assignment (attempt 3/5)
2025-12-10 04:47:15 - shared_modules.data_collection.optimized_data_fetcher - ERROR - [FAIL] Exception for NSUSDT_120: local variable 'retry_delay' referenced before assignment (attempt 4/5)
2025-12-10 04:47:15 - shared_modules.data_collection.optimized_data_fetcher - ERROR - [FAIL] Exception for NSUSDT_120: local variable 'retry_delay' referenced before assignment (attempt 5/5)
2025-12-10 04:47:15 - shared_modules.data_collection.optimized_data_fetcher - ERROR - [FAIL] Failed to fetch NSUSDT_120
2025-12-10 04:47:19 - shared_modules.data_collection.optimized_data_fetcher - WARNING - [FAIL] Rate limited for VETUSDT_60 (attempt 1/5)
2025-12-10 04:47:19 - shared_modules.data_collection.optimized_data_fetcher - ERROR - [FAIL] Exception for VETUSDT_60: local variable 'retry_delay' referenced before assignment (attempt 2/5)
2025-12-10 04:47:19 - shared_modules.data_collection.optimized_data_fetcher - ERROR - [FAIL] Exception for VETUSDT_60: local variable 'retry_delay' referenced before assignment (attempt 3/5)
2025-12-10 04:47:19 - shared_modules.data_collection.optimized_data_fetcher - ERROR - [FAIL] Exception for VETUSDT_60: local variable 'retry_delay' referenced before assignment (attempt 4/5)
2025-12-10 04:47:19 - shared_modules.data_collection.optimized_data_fetcher - ERROR - [FAIL] Exception for VETUSDT_60: local variable 'retry_delay' referenced before assignment (attempt 5/5)
2025-12-10 04:47:19 - shared_modules.data_collection.optimized_data_fetcher - ERROR - [FAIL] Failed to fetch VETUSDT_60
2025-12-10 04:47:20 - shared_modules.data_collection.optimized_data_fetcher - WARNING - [FAIL] Rate limited for VVVUSDT_1 (attempt 1/5)
2025-12-10 04:47:20 - shared_modules.data_collection.optimized_data_fetcher - ERROR - [FAIL] Exception for VVVUSDT_1: local variable 'retry_delay' referenced before assignment (attempt 2/5)
2025-12-10 04:47:20 - shared_modules.data_collection.optimized_data_fetcher - ERROR - [FAIL] Exception for VVVUSDT_1: local variable 'retry_delay' referenced before assignment (attempt 3/5)
2025-12-10 04:47:20 - shared_modules.data_collection.optimized_data_fetcher - ERROR - [FAIL] Exception for VVVUSDT_1: local variable 'retry_delay' referenced before assignment (attempt 4/5)
2025-12-10 04:47:20 - shared_modules.data_collection.optimized_data_fetcher - ERROR - [FAIL] Exception for VVVUSDT_1: local variable 'retry_delay' referenced before assignment (attempt 5/5)
2025-12-10 04:47:20 - shared_modules.data_collection.optimized_data_fetcher - ERROR - [FAIL] Failed to fetch VVVUSDT_1
2025-12-10 04:47:20 - shared_modules.data_collection.optimized_data_fetcher - WARNING - [FAIL] Rate limited for VIRTUALUSDT_15 (attempt 1/5)
2025-12-10 04:47:20 - shared_modules.data_collection.optimized_data_fetcher - ERROR - [FAIL] Exception for VIRTUALUSDT_15: local variable 'retry_delay' referenced before assignment (attempt 2/5)
2025-12-10 04:47:20 - shared_modules.data_collection.optimized_data_fetcher - ERROR - [FAIL] Exception for VIRTUALUSDT_15: local variable 'retry_delay' referenced before assignment (attempt 3/5)
2025-12-10 04:47:20 - shared_modules.data_collection.optimized_data_fetcher - ERROR - [FAIL] Exception for VIRTUALUSDT_15: local variable 'retry_delay' referenced before assignment (attempt 4/5)
2025-12-10 04:47:20 - shared_modules.data_collection.optimized_data_fetcher - ERROR - [FAIL] Exception for VIRTUALUSDT_15: local variable 'retry_delay' referenced before assignment (attempt 5/5)
2025-12-10 04:47:20 - shared_modules.data_collection.optimized_data_fetcher - ERROR - [FAIL] Failed to fetch VIRTUALUSDT_15
