2025-10-22 22:24:09 - root - INFO - Logging system initialized
2025-10-22 22:24:09 - root - INFO - Logging system initialized
2025-10-22 22:24:09 - shared_modules.data_collection.websocket_handler - INFO - All subscription batches sent
2025-10-22 22:24:09 - root - INFO - Logging system initialized
2025-10-22 22:24:21 - asyncio - DEBUG - Using proactor: IocpProactor
2025-10-22 22:24:21 - shared_modules.data_collection.websocket_handler - INFO - WebSocket disabled by configuration
2025-10-22 22:24:21 - shared_modules.data_collection.hybrid_system - INFO - [DEBUG] Starting data fetch in mode: full
2025-10-22 22:24:21 - shared_modules.data_collection.hybrid_system - INFO - [DATA] Using 4 symbols from configuration
2025-10-22 22:24:21 - shared_modules.data_collection.hybrid_system - INFO - [WS] WebSocket disabled (ENABLE_WEBSOCKET=False)
2025-10-22 22:24:21 - shared_modules.data_collection.hybrid_system - INFO - [DATA] Fetching historical data...
2025-10-22 22:24:21 - shared_modules.data_collection.optimized_data_fetcher - INFO - [PROCESS] Processing 4 symbols in batches of 20
2025-10-22 22:24:21 - shared_modules.data_collection.optimized_data_fetcher - INFO - [PROCESS] Processing batch 1/1 (4 symbols)
2025-10-22 22:24:21 - shared_modules.data_collection.optimized_data_fetcher - INFO - [PROCESS] Fetching BTCUSDT_1...
2025-10-22 22:24:21 - shared_modules.data_collection.optimized_data_fetcher - INFO - Calculated chunks for 1m, 30 days: 43200 candles needed, 44 chunks, 999 candles per chunk, chunk duration: 999.0 minutes
2025-10-22 22:24:21 - shared_modules.data_collection.optimized_data_fetcher - INFO - [DATA] Fetching BTCUSDT_1 using 44 chunks...
2025-10-22 22:24:21 - shared_modules.data_collection.optimized_data_fetcher - INFO - [DATA] Fetching chunk 1/44: 2025-10-22 05:45:21.104000 to 2025-10-22 22:24:21.104000
2025-10-22 22:24:21 - shared_modules.data_collection.optimized_data_fetcher - INFO - [PROCESS] Fetching BTCUSDT_5...
2025-10-22 22:24:21 - shared_modules.data_collection.optimized_data_fetcher - INFO - Calculated chunks for 5m, 30 days: 8640 candles needed, 9 chunks, 999 candles per chunk, chunk duration: 4995.0 minutes
2025-10-22 22:24:21 - shared_modules.data_collection.optimized_data_fetcher - INFO - [DATA] Fetching BTCUSDT_5 using 9 chunks...
2025-10-22 22:24:21 - shared_modules.data_collection.optimized_data_fetcher - INFO - [DATA] Fetching chunk 1/9: 2025-10-19 11:09:21.116000 to 2025-10-22 22:24:21.116000
2025-10-22 22:24:21 - shared_modules.data_collection.optimized_data_fetcher - INFO - [PROCESS] Fetching BTCUSDT_15...
2025-10-22 22:24:21 - shared_modules.data_collection.optimized_data_fetcher - INFO - Calculated chunks for 15m, 30 days: 2880 candles needed, 3 chunks, 999 candles per chunk, chunk duration: 14985.0 minutes
2025-10-22 22:24:21 - shared_modules.data_collection.optimized_data_fetcher - INFO - [DATA] Fetching BTCUSDT_15 using 3 chunks...
2025-10-22 22:24:21 - shared_modules.data_collection.optimized_data_fetcher - INFO - [DATA] Fetching chunk 1/3: 2025-10-12 12:39:21.116000 to 2025-10-22 22:24:21.116000
2025-10-22 22:24:21 - shared_modules.data_collection.optimized_data_fetcher - INFO - [PROCESS] Fetching BTCUSDT_60...
2025-10-22 22:24:21 - shared_modules.data_collection.optimized_data_fetcher - INFO - Calculated chunks for 60m, 30 days: 720 candles needed, 1 chunks, 999 candles per chunk, chunk duration: 59940.0 minutes
2025-10-22 22:24:21 - shared_modules.data_collection.optimized_data_fetcher - INFO - [DATA] Fetching BTCUSDT_60 using 1 chunks...
2025-10-22 22:24:21 - shared_modules.data_collection.optimized_data_fetcher - INFO - [DATA] Fetching chunk 1/1: 2025-09-22 22:24:21.116000 to 2025-10-22 22:24:21.116000
2025-10-22 22:24:21 - shared_modules.data_collection.optimized_data_fetcher - INFO - [PROCESS] Fetching BTCUSDT_120...
2025-10-22 22:24:21 - shared_modules.data_collection.optimized_data_fetcher - INFO - Calculated chunks for 120m, 30 days: 360 candles needed, 1 chunks, 999 candles per chunk, chunk duration: 119880.0 minutes
2025-10-22 22:24:21 - shared_modules.data_collection.optimized_data_fetcher - INFO - [DATA] Fetching BTCUSDT_120 using 1 chunks...
2025-10-22 22:24:21 - shared_modules.data_collection.optimized_data_fetcher - INFO - [DATA] Fetching chunk 1/1: 2025-09-22 22:24:21.124000 to 2025-10-22 22:24:21.124000
2025-10-22 22:24:21 - shared_modules.data_collection.optimized_data_fetcher - INFO - [PROCESS] Fetching BTCUSDT_240...
2025-10-22 22:24:21 - shared_modules.data_collection.optimized_data_fetcher - INFO - Calculated chunks for 240m, 30 days: 180 candles needed, 1 chunks, 999 candles per chunk, chunk duration: 239760.0 minutes
2025-10-22 22:24:21 - shared_modules.data_collection.optimized_data_fetcher - INFO - [DATA] Fetching BTCUSDT_240 using 1 chunks...
2025-10-22 22:24:21 - shared_modules.data_collection.optimized_data_fetcher - INFO - [DATA] Fetching chunk 1/1: 2025-09-22 22:24:21.126000 to 2025-10-22 22:24:21.126000
2025-10-22 22:24:21 - shared_modules.data_collection.optimized_data_fetcher - INFO - [PROCESS] Fetching ETHUSDT_1...
2025-10-22 22:24:21 - shared_modules.data_collection.optimized_data_fetcher - INFO - Calculated chunks for 1m, 30 days: 43200 candles needed, 44 chunks, 999 candles per chunk, chunk duration: 999.0 minutes
2025-10-22 22:24:21 - shared_modules.data_collection.optimized_data_fetcher - INFO - [DATA] Fetching ETHUSDT_1 using 44 chunks...
2025-10-22 22:24:21 - shared_modules.data_collection.optimized_data_fetcher - INFO - [DATA] Fetching chunk 1/44: 2025-10-22 05:45:21.129000 to 2025-10-22 22:24:21.129000
2025-10-22 22:24:21 - shared_modules.data_collection.optimized_data_fetcher - INFO - [PROCESS] Fetching ETHUSDT_5...
2025-10-22 22:24:21 - shared_modules.data_collection.optimized_data_fetcher - INFO - Calculated chunks for 5m, 30 days: 8640 candles needed, 9 chunks, 999 candles per chunk, chunk duration: 4995.0 minutes
2025-10-22 22:24:21 - shared_modules.data_collection.optimized_data_fetcher - INFO - [DATA] Fetching ETHUSDT_5 using 9 chunks...
2025-10-22 22:24:21 - shared_modules.data_collection.optimized_data_fetcher - INFO - [DATA] Fetching chunk 1/9: 2025-10-19 11:09:21.131000 to 2025-10-22 22:24:21.131000
2025-10-22 22:24:21 - shared_modules.data_collection.optimized_data_fetcher - INFO - [PROCESS] Fetching ETHUSDT_15...
2025-10-22 22:24:21 - shared_modules.data_collection.optimized_data_fetcher - INFO - Calculated chunks for 15m, 30 days: 2880 candles needed, 3 chunks, 999 candles per chunk, chunk duration: 14985.0 minutes
2025-10-22 22:24:21 - shared_modules.data_collection.optimized_data_fetcher - INFO - [DATA] Fetching ETHUSDT_15 using 3 chunks...
2025-10-22 22:24:21 - shared_modules.data_collection.optimized_data_fetcher - INFO - [DATA] Fetching chunk 1/3: 2025-10-12 12:39:21.133000 to 2025-10-22 22:24:21.133000
2025-10-22 22:24:21 - shared_modules.data_collection.optimized_data_fetcher - INFO - [PROCESS] Fetching ETHUSDT_60...
2025-10-22 22:24:21 - shared_modules.data_collection.optimized_data_fetcher - INFO - Calculated chunks for 60m, 30 days: 720 candles needed, 1 chunks, 999 candles per chunk, chunk duration: 59940.0 minutes
2025-10-22 22:24:21 - shared_modules.data_collection.optimized_data_fetcher - INFO - [DATA] Fetching ETHUSDT_60 using 1 chunks...
2025-10-22 22:24:21 - shared_modules.data_collection.optimized_data_fetcher - INFO - [DATA] Fetching chunk 1/1: 2025-09-22 22:24:21.136000 to 2025-10-22 22:24:21.136000
2025-10-22 22:24:21 - shared_modules.data_collection.optimized_data_fetcher - INFO - [PROCESS] Fetching ETHUSDT_120...
2025-10-22 22:24:21 - shared_modules.data_collection.optimized_data_fetcher - INFO - Calculated chunks for 120m, 30 days: 360 candles needed, 1 chunks, 999 candles per chunk, chunk duration: 119880.0 minutes
2025-10-22 22:24:21 - shared_modules.data_collection.optimized_data_fetcher - INFO - [DATA] Fetching ETHUSDT_120 using 1 chunks...
2025-10-22 22:24:21 - shared_modules.data_collection.optimized_data_fetcher - INFO - [DATA] Fetching chunk 1/1: 2025-09-22 22:24:21.138000 to 2025-10-22 22:24:21.138000
2025-10-22 22:24:21 - shared_modules.data_collection.optimized_data_fetcher - INFO - [PROCESS] Fetching ETHUSDT_240...
2025-10-22 22:24:21 - shared_modules.data_collection.optimized_data_fetcher - INFO - Calculated chunks for 240m, 30 days: 180 candles needed, 1 chunks, 999 candles per chunk, chunk duration: 239760.0 minutes
2025-10-22 22:24:21 - shared_modules.data_collection.optimized_data_fetcher - INFO - [DATA] Fetching ETHUSDT_240 using 1 chunks...
2025-10-22 22:24:21 - shared_modules.data_collection.optimized_data_fetcher - INFO - [DATA] Fetching chunk 1/1: 2025-09-22 22:24:21.140000 to 2025-10-22 22:24:21.140000
2025-10-22 22:24:21 - shared_modules.data_collection.optimized_data_fetcher - INFO - [PROCESS] Fetching SOLUSDT_1...
2025-10-22 22:24:21 - shared_modules.data_collection.optimized_data_fetcher - INFO - Calculated chunks for 1m, 30 days: 43200 candles needed, 44 chunks, 999 candles per chunk, chunk duration: 999.0 minutes
2025-10-22 22:24:21 - shared_modules.data_collection.optimized_data_fetcher - INFO - [DATA] Fetching SOLUSDT_1 using 44 chunks...
2025-10-22 22:24:21 - shared_modules.data_collection.optimized_data_fetcher - INFO - [DATA] Fetching chunk 1/44: 2025-10-22 05:45:21.143000 to 2025-10-22 22:24:21.143000
2025-10-22 22:24:21 - shared_modules.data_collection.optimized_data_fetcher - INFO - [PROCESS] Fetching SOLUSDT_5...
2025-10-22 22:24:21 - shared_modules.data_collection.optimized_data_fetcher - INFO - Calculated chunks for 5m, 30 days: 8640 candles needed, 9 chunks, 999 candles per chunk, chunk duration: 4995.0 minutes
2025-10-22 22:24:21 - shared_modules.data_collection.optimized_data_fetcher - INFO - [DATA] Fetching SOLUSDT_5 using 9 chunks...
2025-10-22 22:24:21 - shared_modules.data_collection.optimized_data_fetcher - INFO - [DATA] Fetching chunk 1/9: 2025-10-19 11:09:21.144000 to 2025-10-22 22:24:21.144000
2025-10-22 22:24:21 - shared_modules.data_collection.optimized_data_fetcher - INFO - [PROCESS] Fetching SOLUSDT_15...
2025-10-22 22:24:21 - shared_modules.data_collection.optimized_data_fetcher - INFO - Calculated chunks for 15m, 30 days: 2880 candles needed, 3 chunks, 999 candles per chunk, chunk duration: 14985.0 minutes
2025-10-22 22:24:21 - shared_modules.data_collection.optimized_data_fetcher - INFO - [DATA] Fetching SOLUSDT_15 using 3 chunks...
2025-10-22 22:24:21 - shared_modules.data_collection.optimized_data_fetcher - INFO - [DATA] Fetching chunk 1/3: 2025-10-12 12:39:21.144000 to 2025-10-22 22:24:21.144000
2025-10-22 22:24:21 - shared_modules.data_collection.optimized_data_fetcher - INFO - [PROCESS] Fetching SOLUSDT_60...
2025-10-22 22:24:21 - shared_modules.data_collection.optimized_data_fetcher - INFO - Calculated chunks for 60m, 30 days: 720 candles needed, 1 chunks, 999 candles per chunk, chunk duration: 59940.0 minutes
2025-10-22 22:24:21 - shared_modules.data_collection.optimized_data_fetcher - INFO - [DATA] Fetching SOLUSDT_60 using 1 chunks...
2025-10-22 22:24:21 - shared_modules.data_collection.optimized_data_fetcher - INFO - [DATA] Fetching chunk 1/1: 2025-09-22 22:24:21.152000 to 2025-10-22 22:24:21.152000
2025-10-22 22:24:21 - shared_modules.data_collection.optimized_data_fetcher - INFO - [PROCESS] Fetching SOLUSDT_120...
2025-10-22 22:24:21 - shared_modules.data_collection.optimized_data_fetcher - INFO - Calculated chunks for 120m, 30 days: 360 candles needed, 1 chunks, 999 candles per chunk, chunk duration: 119880.0 minutes
2025-10-22 22:24:21 - shared_modules.data_collection.optimized_data_fetcher - INFO - [DATA] Fetching SOLUSDT_120 using 1 chunks...
2025-10-22 22:24:21 - shared_modules.data_collection.optimized_data_fetcher - INFO - [DATA] Fetching chunk 1/1: 2025-09-22 22:24:21.157000 to 2025-10-22 22:24:21.157000
2025-10-22 22:24:21 - shared_modules.data_collection.optimized_data_fetcher - INFO - [PROCESS] Fetching SOLUSDT_240...
2025-10-22 22:24:21 - shared_modules.data_collection.optimized_data_fetcher - INFO - Calculated chunks for 240m, 30 days: 180 candles needed, 1 chunks, 999 candles per chunk, chunk duration: 239760.0 minutes
2025-10-22 22:24:21 - shared_modules.data_collection.optimized_data_fetcher - INFO - [DATA] Fetching SOLUSDT_240 using 1 chunks...
2025-10-22 22:24:21 - shared_modules.data_collection.optimized_data_fetcher - INFO - [DATA] Fetching chunk 1/1: 2025-09-22 22:24:21.158000 to 2025-10-22 22:24:21.158000
2025-10-22 22:24:21 - shared_modules.data_collection.optimized_data_fetcher - INFO - [PROCESS] Fetching ADAUSDT_1...
2025-10-22 22:24:21 - shared_modules.data_collection.optimized_data_fetcher - INFO - Calculated chunks for 1m, 30 days: 43200 candles needed, 44 chunks, 999 candles per chunk, chunk duration: 999.0 minutes
2025-10-22 22:24:21 - shared_modules.data_collection.optimized_data_fetcher - INFO - [DATA] Fetching ADAUSDT_1 using 44 chunks...
2025-10-22 22:24:21 - shared_modules.data_collection.optimized_data_fetcher - INFO - [DATA] Fetching chunk 1/44: 2025-10-22 05:45:21.158000 to 2025-10-22 22:24:21.158000
2025-10-22 22:24:21 - shared_modules.data_collection.optimized_data_fetcher - INFO - [PROCESS] Fetching ADAUSDT_5...
2025-10-22 22:24:21 - shared_modules.data_collection.optimized_data_fetcher - INFO - Calculated chunks for 5m, 30 days: 8640 candles needed, 9 chunks, 999 candles per chunk, chunk duration: 4995.0 minutes
2025-10-22 22:24:21 - shared_modules.data_collection.optimized_data_fetcher - INFO - [DATA] Fetching ADAUSDT_5 using 9 chunks...
2025-10-22 22:24:21 - shared_modules.data_collection.optimized_data_fetcher - INFO - [DATA] Fetching chunk 1/9: 2025-10-19 11:09:21.164000 to 2025-10-22 22:24:21.164000
2025-10-22 22:24:21 - shared_modules.data_collection.optimized_data_fetcher - INFO - [PROCESS] Fetching ADAUSDT_15...
2025-10-22 22:24:21 - shared_modules.data_collection.optimized_data_fetcher - INFO - Calculated chunks for 15m, 30 days: 2880 candles needed, 3 chunks, 999 candles per chunk, chunk duration: 14985.0 minutes
2025-10-22 22:24:21 - shared_modules.data_collection.optimized_data_fetcher - INFO - [DATA] Fetching ADAUSDT_15 using 3 chunks...
2025-10-22 22:24:21 - shared_modules.data_collection.optimized_data_fetcher - INFO - [DATA] Fetching chunk 1/3: 2025-10-12 12:39:21.164000 to 2025-10-22 22:24:21.164000
2025-10-22 22:24:21 - shared_modules.data_collection.optimized_data_fetcher - INFO - [PROCESS] Fetching ADAUSDT_60...
2025-10-22 22:24:21 - shared_modules.data_collection.optimized_data_fetcher - INFO - Calculated chunks for 60m, 30 days: 720 candles needed, 1 chunks, 999 candles per chunk, chunk duration: 59940.0 minutes
2025-10-22 22:24:21 - shared_modules.data_collection.optimized_data_fetcher - INFO - [DATA] Fetching ADAUSDT_60 using 1 chunks...
2025-10-22 22:24:21 - shared_modules.data_collection.optimized_data_fetcher - INFO - [DATA] Fetching chunk 1/1: 2025-09-22 22:24:21.171000 to 2025-10-22 22:24:21.171000
2025-10-22 22:24:21 - shared_modules.data_collection.optimized_data_fetcher - INFO - [PROCESS] Fetching ADAUSDT_120...
2025-10-22 22:24:21 - shared_modules.data_collection.optimized_data_fetcher - INFO - Calculated chunks for 120m, 30 days: 360 candles needed, 1 chunks, 999 candles per chunk, chunk duration: 119880.0 minutes
2025-10-22 22:24:21 - shared_modules.data_collection.optimized_data_fetcher - INFO - [DATA] Fetching ADAUSDT_120 using 1 chunks...
2025-10-22 22:24:21 - shared_modules.data_collection.optimized_data_fetcher - INFO - [DATA] Fetching chunk 1/1: 2025-09-22 22:24:21.172000 to 2025-10-22 22:24:21.172000
2025-10-22 22:24:21 - shared_modules.data_collection.optimized_data_fetcher - INFO - [PROCESS] Fetching ADAUSDT_240...
2025-10-22 22:24:21 - shared_modules.data_collection.optimized_data_fetcher - INFO - Calculated chunks for 240m, 30 days: 180 candles needed, 1 chunks, 999 candles per chunk, chunk duration: 239760.0 minutes
2025-10-22 22:24:21 - shared_modules.data_collection.optimized_data_fetcher - INFO - [DATA] Fetching ADAUSDT_240 using 1 chunks...
2025-10-22 22:24:21 - shared_modules.data_collection.optimized_data_fetcher - INFO - [DATA] Fetching chunk 1/1: 2025-09-22 22:24:21.174000 to 2025-10-22 22:24:21.174000
2025-10-22 22:24:21 - shared_modules.data_collection.optimized_data_fetcher - INFO - [OK] Chunk 1: Got 356 candles
2025-10-22 22:24:21 - shared_modules.data_collection.optimized_data_fetcher - INFO - [OK] Chunk 1: Got 963 candles
2025-10-22 22:24:21 - shared_modules.data_collection.optimized_data_fetcher - INFO - [OK] Chunk 1: Got 891 candles
2025-10-22 22:24:21 - shared_modules.data_collection.optimized_data_fetcher - INFO - [OK] Chunk 1: Got 459 candles
2025-10-22 22:24:21 - shared_modules.data_collection.csv_manager - INFO - Wrote 356 entries to data\SOLUSDT_120.csv
2025-10-22 22:24:21 - shared_modules.data_collection.optimized_data_fetcher - INFO - [OK] Fetched 356 candles for SOLUSDT_120 (1 successful, 0 failed)
2025-10-22 22:24:21 - shared_modules.data_collection.optimized_data_fetcher - INFO - [DATA] Fetching chunk 2/3: 2025-10-02 02:54:21.164000 to 2025-10-12 12:39:21.164000
2025-10-22 22:24:21 - shared_modules.data_collection.optimized_data_fetcher - INFO - [DATA] Fetching chunk 2/9: 2025-10-15 23:54:21.131000 to 2025-10-19 11:09:21.131000
2025-10-22 22:24:21 - shared_modules.data_collection.optimized_data_fetcher - INFO - [DATA] Fetching chunk 2/44: 2025-10-21 13:06:21.143000 to 2025-10-22 05:45:21.143000
2025-10-22 22:24:22 - shared_modules.data_collection.optimized_data_fetcher - INFO - [OK] Chunk 1: Got 178 candles
2025-10-22 22:24:22 - shared_modules.data_collection.optimized_data_fetcher - INFO - [OK] Chunk 1: Got 178 candles
2025-10-22 22:24:22 - shared_modules.data_collection.optimized_data_fetcher - INFO - [OK] Chunk 1: Got 178 candles
2025-10-22 22:24:22 - shared_modules.data_collection.csv_manager - INFO - Wrote 178 entries to data\SOLUSDT_240.csv
2025-10-22 22:24:22 - shared_modules.data_collection.optimized_data_fetcher - INFO - [OK] Fetched 178 candles for SOLUSDT_240 (1 successful, 0 failed)
2025-10-22 22:24:22 - shared_modules.data_collection.optimized_data_fetcher - INFO - [OK] Chunk 1: Got 356 candles
2025-10-22 22:24:22 - shared_modules.data_collection.csv_manager - INFO - Wrote 178 entries to data\ETHUSDT_240.csv
2025-10-22 22:24:22 - shared_modules.data_collection.optimized_data_fetcher - INFO - [OK] Fetched 178 candles for ETHUSDT_240 (1 successful, 0 failed)
2025-10-22 22:24:22 - shared_modules.data_collection.csv_manager - INFO - Wrote 178 entries to data\BTCUSDT_240.csv
2025-10-22 22:24:22 - shared_modules.data_collection.optimized_data_fetcher - INFO - [OK] Fetched 178 candles for BTCUSDT_240 (1 successful, 0 failed)
2025-10-22 22:24:22 - shared_modules.data_collection.csv_manager - INFO - Wrote 356 entries to data\ETHUSDT_120.csv
2025-10-22 22:24:22 - shared_modules.data_collection.optimized_data_fetcher - INFO - [OK] Fetched 356 candles for ETHUSDT_120 (1 successful, 0 failed)
2025-10-22 22:24:22 - shared_modules.data_collection.optimized_data_fetcher - INFO - [OK] Chunk 1: Got 356 candles
2025-10-22 22:24:22 - shared_modules.data_collection.optimized_data_fetcher - INFO - [OK] Chunk 1: Got 459 candles
2025-10-22 22:24:22 - shared_modules.data_collection.optimized_data_fetcher - INFO - [OK] Chunk 1: Got 178 candles
2025-10-22 22:24:22 - shared_modules.data_collection.optimized_data_fetcher - INFO - [OK] Chunk 1: Got 459 candles
2025-10-22 22:24:22 - shared_modules.data_collection.csv_manager - INFO - Wrote 356 entries to data\ADAUSDT_120.csv
2025-10-22 22:24:22 - shared_modules.data_collection.optimized_data_fetcher - INFO - [OK] Fetched 356 candles for ADAUSDT_120 (1 successful, 0 failed)
2025-10-22 22:24:22 - shared_modules.data_collection.optimized_data_fetcher - INFO - [DATA] Fetching chunk 2/44: 2025-10-21 13:06:21.158000 to 2025-10-22 05:45:21.158000
2025-10-22 22:24:22 - shared_modules.data_collection.csv_manager - INFO - Wrote 178 entries to data\ADAUSDT_240.csv
2025-10-22 22:24:22 - shared_modules.data_collection.optimized_data_fetcher - INFO - [OK] Fetched 178 candles for ADAUSDT_240 (1 successful, 0 failed)
2025-10-22 22:24:22 - shared_modules.data_collection.optimized_data_fetcher - INFO - [DATA] Fetching chunk 2/44: 2025-10-21 13:06:21.104000 to 2025-10-22 05:45:21.104000
2025-10-22 22:24:22 - shared_modules.data_collection.optimized_data_fetcher - INFO - [OK] Chunk 1: Got 356 candles
2025-10-22 22:24:22 - shared_modules.data_collection.csv_manager - INFO - Wrote 356 entries to data\BTCUSDT_120.csv
2025-10-22 22:24:22 - shared_modules.data_collection.optimized_data_fetcher - INFO - [OK] Fetched 356 candles for BTCUSDT_120 (1 successful, 0 failed)
2025-10-22 22:24:22 - shared_modules.data_collection.optimized_data_fetcher - INFO - [OK] Chunk 2: Got 999 candles
2025-10-22 22:24:22 - shared_modules.data_collection.optimized_data_fetcher - INFO - [OK] Chunk 1: Got 459 candles
2025-10-22 22:24:22 - shared_modules.data_collection.optimized_data_fetcher - INFO - [DATA] Fetching chunk 3/44: 2025-10-20 20:27:21.143000 to 2025-10-21 13:06:21.143000
2025-10-22 22:24:22 - shared_modules.data_collection.optimized_data_fetcher - INFO - [DATA] Fetching chunk 2/44: 2025-10-21 13:06:21.129000 to 2025-10-22 05:45:21.129000
2025-10-22 22:24:22 - shared_modules.data_collection.optimized_data_fetcher - INFO - [OK] Chunk 1: Got 711 candles
2025-10-22 22:24:22 - shared_modules.data_collection.csv_manager - INFO - Wrote 711 entries to data\ETHUSDT_60.csv
2025-10-22 22:24:22 - shared_modules.data_collection.optimized_data_fetcher - INFO - [OK] Fetched 711 candles for ETHUSDT_60 (1 successful, 0 failed)
2025-10-22 22:24:22 - shared_modules.data_collection.optimized_data_fetcher - INFO - [OK] Chunk 1: Got 711 candles
2025-10-22 22:24:22 - shared_modules.data_collection.optimized_data_fetcher - INFO - [OK] Chunk 1: Got 963 candles
2025-10-22 22:24:22 - shared_modules.data_collection.optimized_data_fetcher - INFO - [OK] Chunk 1: Got 711 candles
2025-10-22 22:24:22 - shared_modules.data_collection.optimized_data_fetcher - INFO - [OK] Chunk 1: Got 891 candles
2025-10-22 22:24:22 - shared_modules.data_collection.optimized_data_fetcher - INFO - [OK] Chunk 1: Got 963 candles
2025-10-22 22:24:22 - shared_modules.data_collection.optimized_data_fetcher - INFO - [OK] Chunk 1: Got 891 candles
2025-10-22 22:24:22 - shared_modules.data_collection.optimized_data_fetcher - INFO - [OK] Chunk 1: Got 711 candles
2025-10-22 22:24:22 - shared_modules.data_collection.csv_manager - INFO - Wrote 711 entries to data\SOLUSDT_60.csv
2025-10-22 22:24:22 - shared_modules.data_collection.optimized_data_fetcher - INFO - [OK] Fetched 711 candles for SOLUSDT_60 (1 successful, 0 failed)
2025-10-22 22:24:22 - shared_modules.data_collection.optimized_data_fetcher - INFO - [DATA] Fetching chunk 2/3: 2025-10-02 02:54:21.144000 to 2025-10-12 12:39:21.144000
2025-10-22 22:24:22 - shared_modules.data_collection.csv_manager - INFO - Wrote 711 entries to data\BTCUSDT_60.csv
2025-10-22 22:24:22 - shared_modules.data_collection.optimized_data_fetcher - INFO - [OK] Fetched 711 candles for BTCUSDT_60 (1 successful, 0 failed)
2025-10-22 22:24:22 - shared_modules.data_collection.optimized_data_fetcher - INFO - [DATA] Fetching chunk 2/9: 2025-10-15 23:54:21.116000 to 2025-10-19 11:09:21.116000
2025-10-22 22:24:22 - shared_modules.data_collection.optimized_data_fetcher - INFO - [DATA] Fetching chunk 2/3: 2025-10-02 02:54:21.133000 to 2025-10-12 12:39:21.133000
2025-10-22 22:24:22 - shared_modules.data_collection.optimized_data_fetcher - INFO - [OK] Chunk 1: Got 963 candles
2025-10-22 22:24:22 - shared_modules.data_collection.optimized_data_fetcher - INFO - [DATA] Fetching chunk 2/9: 2025-10-15 23:54:21.164000 to 2025-10-19 11:09:21.164000
2025-10-22 22:24:22 - shared_modules.data_collection.csv_manager - INFO - Wrote 711 entries to data\ADAUSDT_60.csv
2025-10-22 22:24:22 - shared_modules.data_collection.optimized_data_fetcher - INFO - [OK] Fetched 711 candles for ADAUSDT_60 (1 successful, 0 failed)
2025-10-22 22:24:22 - shared_modules.data_collection.optimized_data_fetcher - INFO - [OK] Chunk 1: Got 891 candles
2025-10-22 22:24:22 - shared_modules.data_collection.optimized_data_fetcher - INFO - [DATA] Fetching chunk 2/3: 2025-10-02 02:54:21.116000 to 2025-10-12 12:39:21.116000
2025-10-22 22:24:22 - shared_modules.data_collection.optimized_data_fetcher - INFO - [DATA] Fetching chunk 2/9: 2025-10-15 23:54:21.144000 to 2025-10-19 11:09:21.144000
2025-10-22 22:24:22 - shared_modules.data_collection.optimized_data_fetcher - INFO - [OK] Chunk 2: Got 999 candles
2025-10-22 22:24:22 - shared_modules.data_collection.optimized_data_fetcher - INFO - [DATA] Fetching chunk 3/9: 2025-10-12 12:39:21.131000 to 2025-10-15 23:54:21.131000
2025-10-22 22:24:22 - shared_modules.data_collection.optimized_data_fetcher - INFO - [OK] Chunk 2: Got 999 candles
2025-10-22 22:24:22 - shared_modules.data_collection.optimized_data_fetcher - INFO - [DATA] Fetching chunk 3/3: 2025-09-22 22:24:21.164000 to 2025-10-02 02:54:21.164000
2025-10-22 22:24:22 - shared_modules.data_collection.optimized_data_fetcher - INFO - [OK] Chunk 2: Got 999 candles
2025-10-22 22:24:22 - shared_modules.data_collection.optimized_data_fetcher - INFO - [OK] Chunk 2: Got 999 candles
2025-10-22 22:24:22 - shared_modules.data_collection.optimized_data_fetcher - INFO - [DATA] Fetching chunk 3/44: 2025-10-20 20:27:21.158000 to 2025-10-21 13:06:21.158000
2025-10-22 22:24:22 - shared_modules.data_collection.optimized_data_fetcher - INFO - [DATA] Fetching chunk 3/3: 2025-09-22 22:24:21.116000 to 2025-10-02 02:54:21.116000
2025-10-22 22:24:22 - shared_modules.data_collection.optimized_data_fetcher - INFO - [OK] Chunk 2: Got 999 candles
2025-10-22 22:24:22 - shared_modules.data_collection.optimized_data_fetcher - INFO - [DATA] Fetching chunk 3/44: 2025-10-20 20:27:21.129000 to 2025-10-21 13:06:21.129000
2025-10-22 22:24:22 - shared_modules.data_collection.optimized_data_fetcher - INFO - [OK] Chunk 2: Got 999 candles
2025-10-22 22:24:22 - shared_modules.data_collection.optimized_data_fetcher - INFO - [OK] Chunk 2: Got 999 candles
2025-10-22 22:24:22 - shared_modules.data_collection.optimized_data_fetcher - INFO - [OK] Chunk 2: Got 999 candles
2025-10-22 22:24:22 - shared_modules.data_collection.optimized_data_fetcher - INFO - [OK] Chunk 2: Got 999 candles
2025-10-22 22:24:22 - shared_modules.data_collection.optimized_data_fetcher - INFO - [DATA] Fetching chunk 3/3: 2025-09-22 22:24:21.133000 to 2025-10-02 02:54:21.133000
2025-10-22 22:24:22 - shared_modules.data_collection.optimized_data_fetcher - INFO - [OK] Chunk 3: Got 999 candles
2025-10-22 22:24:22 - shared_modules.data_collection.optimized_data_fetcher - INFO - [DATA] Fetching chunk 3/3: 2025-09-22 22:24:21.144000 to 2025-10-02 02:54:21.144000
2025-10-22 22:24:22 - shared_modules.data_collection.optimized_data_fetcher - INFO - [DATA] Fetching chunk 3/9: 2025-10-12 12:39:21.164000 to 2025-10-15 23:54:21.164000
2025-10-22 22:24:22 - shared_modules.data_collection.optimized_data_fetcher - INFO - [DATA] Fetching chunk 3/9: 2025-10-12 12:39:21.144000 to 2025-10-15 23:54:21.144000
2025-10-22 22:24:22 - shared_modules.data_collection.optimized_data_fetcher - INFO - [DATA] Fetching chunk 4/44: 2025-10-20 03:48:21.143000 to 2025-10-20 20:27:21.143000
2025-10-22 22:24:23 - shared_modules.data_collection.optimized_data_fetcher - INFO - [OK] Chunk 3: Got 882 candles
2025-10-22 22:24:23 - shared_modules.data_collection.csv_manager - INFO - Wrote 2844 entries to data\ADAUSDT_15.csv
2025-10-22 22:24:23 - shared_modules.data_collection.optimized_data_fetcher - INFO - [OK] Fetched 2844 candles for ADAUSDT_15 (3 successful, 0 failed)
2025-10-22 22:24:23 - shared_modules.data_collection.optimized_data_fetcher - INFO - [OK] Chunk 3: Got 999 candles
2025-10-22 22:24:23 - shared_modules.data_collection.optimized_data_fetcher - INFO - [OK] Chunk 3: Got 882 candles
2025-10-22 22:24:23 - shared_modules.data_collection.optimized_data_fetcher - INFO - [OK] Chunk 4: Got 999 candles
2025-10-22 22:24:23 - shared_modules.data_collection.optimized_data_fetcher - INFO - [OK] Chunk 3: Got 999 candles
2025-10-22 22:24:23 - shared_modules.data_collection.optimized_data_fetcher - INFO - [DATA] Fetching chunk 4/9: 2025-10-09 01:24:21.144000 to 2025-10-12 12:39:21.144000
2025-10-22 22:24:23 - shared_modules.data_collection.optimized_data_fetcher - INFO - [OK] Chunk 3: Got 882 candles
2025-10-22 22:24:23 - shared_modules.data_collection.csv_manager - INFO - Wrote 2844 entries to data\SOLUSDT_15.csv
2025-10-22 22:24:23 - shared_modules.data_collection.optimized_data_fetcher - INFO - [OK] Fetched 2844 candles for SOLUSDT_15 (3 successful, 0 failed)
2025-10-22 22:24:23 - shared_modules.data_collection.optimized_data_fetcher - INFO - [DATA] Fetching chunk 5/44: 2025-10-19 11:09:21.143000 to 2025-10-20 03:48:21.143000
2025-10-22 22:24:23 - shared_modules.data_collection.optimized_data_fetcher - INFO - [DATA] Fetching chunk 4/9: 2025-10-09 01:24:21.164000 to 2025-10-12 12:39:21.164000
2025-10-22 22:24:23 - shared_modules.data_collection.csv_manager - INFO - Wrote 2844 entries to data\ETHUSDT_15.csv
2025-10-22 22:24:23 - shared_modules.data_collection.optimized_data_fetcher - INFO - [OK] Fetched 2844 candles for ETHUSDT_15 (3 successful, 0 failed)
2025-10-22 22:24:23 - shared_modules.data_collection.optimized_data_fetcher - INFO - [OK] Chunk 2: Got 999 candles
2025-10-22 22:24:23 - shared_modules.data_collection.optimized_data_fetcher - INFO - [DATA] Fetching chunk 3/44: 2025-10-20 20:27:21.104000 to 2025-10-21 13:06:21.104000
2025-10-22 22:24:23 - shared_modules.data_collection.optimized_data_fetcher - INFO - [OK] Chunk 2: Got 999 candles
2025-10-22 22:24:23 - shared_modules.data_collection.optimized_data_fetcher - INFO - [DATA] Fetching chunk 3/9: 2025-10-12 12:39:21.116000 to 2025-10-15 23:54:21.116000
2025-10-22 22:24:23 - shared_modules.data_collection.optimized_data_fetcher - INFO - [OK] Chunk 3: Got 999 candles
2025-10-22 22:24:23 - shared_modules.data_collection.optimized_data_fetcher - INFO - [OK] Chunk 3: Got 999 candles
2025-10-22 22:24:23 - shared_modules.data_collection.optimized_data_fetcher - INFO - [OK] Chunk 3: Got 882 candles
2025-10-22 22:24:23 - shared_modules.data_collection.optimized_data_fetcher - INFO - [OK] Chunk 3: Got 999 candles
2025-10-22 22:24:23 - shared_modules.data_collection.optimized_data_fetcher - INFO - [DATA] Fetching chunk 4/9: 2025-10-09 01:24:21.131000 to 2025-10-12 12:39:21.131000
2025-10-22 22:24:23 - shared_modules.data_collection.optimized_data_fetcher - INFO - [DATA] Fetching chunk 4/44: 2025-10-20 03:48:21.158000 to 2025-10-20 20:27:21.158000
2025-10-22 22:24:23 - shared_modules.data_collection.csv_manager - INFO - Wrote 2844 entries to data\BTCUSDT_15.csv
2025-10-22 22:24:23 - shared_modules.data_collection.optimized_data_fetcher - INFO - [OK] Fetched 2844 candles for BTCUSDT_15 (3 successful, 0 failed)
2025-10-22 22:24:23 - shared_modules.data_collection.optimized_data_fetcher - INFO - [DATA] Fetching chunk 4/44: 2025-10-20 03:48:21.129000 to 2025-10-20 20:27:21.129000
2025-10-22 22:24:24 - shared_modules.data_collection.optimized_data_fetcher - INFO - [OK] Chunk 4: Got 999 candles
2025-10-22 22:24:24 - shared_modules.data_collection.optimized_data_fetcher - INFO - [DATA] Fetching chunk 5/9: 2025-10-05 14:09:21.144000 to 2025-10-09 01:24:21.144000
2025-10-22 22:24:24 - shared_modules.data_collection.optimized_data_fetcher - INFO - [OK] Chunk 5: Got 999 candles
2025-10-22 22:24:24 - shared_modules.data_collection.optimized_data_fetcher - INFO - [OK] Chunk 4: Got 999 candles
2025-10-22 22:24:24 - shared_modules.data_collection.optimized_data_fetcher - INFO - [DATA] Fetching chunk 6/44: 2025-10-18 18:30:21.143000 to 2025-10-19 11:09:21.143000
2025-10-22 22:24:24 - shared_modules.data_collection.optimized_data_fetcher - INFO - [DATA] Fetching chunk 5/9: 2025-10-05 14:09:21.164000 to 2025-10-09 01:24:21.164000
2025-10-22 22:24:24 - shared_modules.data_collection.optimized_data_fetcher - INFO - [OK] Chunk 3: Got 999 candles
2025-10-22 22:24:24 - shared_modules.data_collection.optimized_data_fetcher - INFO - [DATA] Fetching chunk 4/44: 2025-10-20 03:48:21.104000 to 2025-10-20 20:27:21.104000
2025-10-22 22:24:24 - shared_modules.data_collection.optimized_data_fetcher - INFO - [OK] Chunk 3: Got 999 candles
2025-10-22 22:24:24 - shared_modules.data_collection.optimized_data_fetcher - INFO - [DATA] Fetching chunk 4/9: 2025-10-09 01:24:21.116000 to 2025-10-12 12:39:21.116000
2025-10-22 22:24:24 - shared_modules.data_collection.optimized_data_fetcher - INFO - [OK] Chunk 4: Got 999 candles
2025-10-22 22:24:24 - shared_modules.data_collection.optimized_data_fetcher - INFO - [OK] Chunk 4: Got 999 candles
2025-10-22 22:24:24 - shared_modules.data_collection.optimized_data_fetcher - INFO - [DATA] Fetching chunk 5/9: 2025-10-05 14:09:21.131000 to 2025-10-09 01:24:21.131000
2025-10-22 22:24:24 - shared_modules.data_collection.optimized_data_fetcher - INFO - [DATA] Fetching chunk 5/44: 2025-10-19 11:09:21.158000 to 2025-10-20 03:48:21.158000
2025-10-22 22:24:24 - shared_modules.data_collection.optimized_data_fetcher - INFO - [OK] Chunk 4: Got 999 candles
2025-10-22 22:24:24 - shared_modules.data_collection.optimized_data_fetcher - INFO - [DATA] Fetching chunk 5/44: 2025-10-19 11:09:21.129000 to 2025-10-20 03:48:21.129000
2025-10-22 22:24:25 - shared_modules.data_collection.optimized_data_fetcher - INFO - [OK] Chunk 4: Got 999 candles
2025-10-22 22:24:25 - shared_modules.data_collection.optimized_data_fetcher - INFO - [DATA] Fetching chunk 5/9: 2025-10-05 14:09:21.116000 to 2025-10-09 01:24:21.116000
2025-10-22 22:24:25 - shared_modules.data_collection.optimized_data_fetcher - INFO - [OK] Chunk 5: Got 999 candles
2025-10-22 22:24:25 - shared_modules.data_collection.optimized_data_fetcher - INFO - [DATA] Fetching chunk 6/9: 2025-10-02 02:54:21.144000 to 2025-10-05 14:09:21.144000
2025-10-22 22:24:25 - shared_modules.data_collection.optimized_data_fetcher - INFO - [OK] Chunk 5: Got 999 candles
2025-10-22 22:24:25 - shared_modules.data_collection.optimized_data_fetcher - INFO - [OK] Chunk 6: Got 999 candles
2025-10-22 22:24:25 - shared_modules.data_collection.optimized_data_fetcher - INFO - [DATA] Fetching chunk 6/9: 2025-10-02 02:54:21.164000 to 2025-10-05 14:09:21.164000
2025-10-22 22:24:25 - shared_modules.data_collection.optimized_data_fetcher - INFO - [DATA] Fetching chunk 7/44: 2025-10-18 01:51:21.143000 to 2025-10-18 18:30:21.143000
2025-10-22 22:24:25 - shared_modules.data_collection.optimized_data_fetcher - INFO - [OK] Chunk 4: Got 999 candles
2025-10-22 22:24:25 - shared_modules.data_collection.optimized_data_fetcher - INFO - [DATA] Fetching chunk 5/44: 2025-10-19 11:09:21.104000 to 2025-10-20 03:48:21.104000
2025-10-22 22:24:25 - shared_modules.data_collection.optimized_data_fetcher - INFO - [OK] Chunk 5: Got 999 candles
2025-10-22 22:24:25 - shared_modules.data_collection.optimized_data_fetcher - INFO - [DATA] Fetching chunk 6/44: 2025-10-18 18:30:21.129000 to 2025-10-19 11:09:21.129000
2025-10-22 22:24:25 - shared_modules.data_collection.optimized_data_fetcher - INFO - [OK] Chunk 5: Got 999 candles
2025-10-22 22:24:25 - shared_modules.data_collection.optimized_data_fetcher - INFO - [DATA] Fetching chunk 6/44: 2025-10-18 18:30:21.104000 to 2025-10-19 11:09:21.104000
2025-10-22 22:24:25 - shared_modules.data_collection.optimized_data_fetcher - INFO - [OK] Chunk 5: Got 999 candles
2025-10-22 22:24:25 - shared_modules.data_collection.optimized_data_fetcher - INFO - [OK] Chunk 5: Got 999 candles
2025-10-22 22:24:25 - shared_modules.data_collection.optimized_data_fetcher - INFO - [DATA] Fetching chunk 6/44: 2025-10-18 18:30:21.158000 to 2025-10-19 11:09:21.158000
2025-10-22 22:24:25 - shared_modules.data_collection.optimized_data_fetcher - INFO - [DATA] Fetching chunk 6/9: 2025-10-02 02:54:21.131000 to 2025-10-05 14:09:21.131000
2025-10-22 22:24:26 - shared_modules.data_collection.optimized_data_fetcher - INFO - [OK] Chunk 6: Got 999 candles
2025-10-22 22:24:26 - shared_modules.data_collection.optimized_data_fetcher - INFO - [DATA] Fetching chunk 7/9: 2025-09-28 15:39:21.144000 to 2025-10-02 02:54:21.144000
2025-10-22 22:24:26 - shared_modules.data_collection.optimized_data_fetcher - INFO - [OK] Chunk 6: Got 999 candles
2025-10-22 22:24:26 - shared_modules.data_collection.optimized_data_fetcher - INFO - [DATA] Fetching chunk 7/44: 2025-10-18 01:51:21.158000 to 2025-10-18 18:30:21.158000
2025-10-22 22:24:26 - shared_modules.data_collection.optimized_data_fetcher - INFO - [OK] Chunk 5: Got 999 candles
2025-10-22 22:24:26 - shared_modules.data_collection.optimized_data_fetcher - INFO - [DATA] Fetching chunk 6/9: 2025-10-02 02:54:21.116000 to 2025-10-05 14:09:21.116000
2025-10-22 22:24:26 - shared_modules.data_collection.optimized_data_fetcher - INFO - [OK] Chunk 6: Got 999 candles
2025-10-22 22:24:26 - shared_modules.data_collection.optimized_data_fetcher - INFO - [DATA] Fetching chunk 7/9: 2025-09-28 15:39:21.164000 to 2025-10-02 02:54:21.164000
2025-10-22 22:24:26 - shared_modules.data_collection.optimized_data_fetcher - INFO - [OK] Chunk 7: Got 999 candles
2025-10-22 22:24:26 - shared_modules.data_collection.optimized_data_fetcher - INFO - [DATA] Fetching chunk 8/44: 2025-10-17 09:12:21.143000 to 2025-10-18 01:51:21.143000
2025-10-22 22:24:26 - shared_modules.data_collection.optimized_data_fetcher - INFO - [OK] Chunk 6: Got 999 candles
2025-10-22 22:24:26 - shared_modules.data_collection.optimized_data_fetcher - INFO - [DATA] Fetching chunk 7/44: 2025-10-18 01:51:21.129000 to 2025-10-18 18:30:21.129000
2025-10-22 22:24:26 - shared_modules.data_collection.optimized_data_fetcher - INFO - [OK] Chunk 7: Got 999 candles
2025-10-22 22:24:26 - shared_modules.data_collection.optimized_data_fetcher - INFO - [DATA] Fetching chunk 8/44: 2025-10-17 09:12:21.129000 to 2025-10-18 01:51:21.129000
2025-10-22 22:24:26 - shared_modules.data_collection.optimized_data_fetcher - INFO - [OK] Chunk 6: Got 999 candles
2025-10-22 22:24:26 - shared_modules.data_collection.optimized_data_fetcher - INFO - [DATA] Fetching chunk 7/44: 2025-10-18 01:51:21.104000 to 2025-10-18 18:30:21.104000
2025-10-22 22:24:26 - shared_modules.data_collection.optimized_data_fetcher - INFO - [OK] Chunk 6: Got 999 candles
2025-10-22 22:24:26 - shared_modules.data_collection.optimized_data_fetcher - INFO - [DATA] Fetching chunk 7/9: 2025-09-28 15:39:21.131000 to 2025-10-02 02:54:21.131000
2025-10-22 22:24:27 - shared_modules.data_collection.optimized_data_fetcher - INFO - [OK] Chunk 7: Got 999 candles
2025-10-22 22:24:27 - shared_modules.data_collection.optimized_data_fetcher - INFO - [DATA] Fetching chunk 8/9: 2025-09-25 04:24:21.144000 to 2025-09-28 15:39:21.144000
2025-10-22 22:24:27 - shared_modules.data_collection.optimized_data_fetcher - INFO - [OK] Chunk 8: Got 999 candles
2025-10-22 22:24:27 - shared_modules.data_collection.optimized_data_fetcher - INFO - [DATA] Fetching chunk 9/44: 2025-10-16 16:33:21.129000 to 2025-10-17 09:12:21.129000
2025-10-22 22:24:27 - shared_modules.data_collection.optimized_data_fetcher - INFO - [OK] Chunk 7: Got 999 candles
2025-10-22 22:24:27 - shared_modules.data_collection.optimized_data_fetcher - INFO - [DATA] Fetching chunk 8/44: 2025-10-17 09:12:21.158000 to 2025-10-18 01:51:21.158000
2025-10-22 22:24:27 - shared_modules.data_collection.optimized_data_fetcher - INFO - [OK] Chunk 7: Got 999 candles
2025-10-22 22:24:27 - shared_modules.data_collection.optimized_data_fetcher - INFO - [DATA] Fetching chunk 8/9: 2025-09-25 04:24:21.131000 to 2025-09-28 15:39:21.131000
2025-10-22 22:24:27 - shared_modules.data_collection.optimized_data_fetcher - INFO - [OK] Chunk 6: Got 999 candles
2025-10-22 22:24:27 - shared_modules.data_collection.optimized_data_fetcher - INFO - [DATA] Fetching chunk 7/9: 2025-09-28 15:39:21.116000 to 2025-10-02 02:54:21.116000
2025-10-22 22:24:27 - shared_modules.data_collection.optimized_data_fetcher - INFO - [OK] Chunk 7: Got 999 candles
2025-10-22 22:24:27 - shared_modules.data_collection.optimized_data_fetcher - INFO - [DATA] Fetching chunk 8/44: 2025-10-17 09:12:21.104000 to 2025-10-18 01:51:21.104000
2025-10-22 22:24:27 - shared_modules.data_collection.optimized_data_fetcher - INFO - [OK] Chunk 7: Got 999 candles
2025-10-22 22:24:27 - shared_modules.data_collection.optimized_data_fetcher - INFO - [DATA] Fetching chunk 8/9: 2025-09-25 04:24:21.164000 to 2025-09-28 15:39:21.164000
2025-10-22 22:24:27 - shared_modules.data_collection.optimized_data_fetcher - INFO - [OK] Chunk 8: Got 999 candles
2025-10-22 22:24:27 - shared_modules.data_collection.optimized_data_fetcher - INFO - [DATA] Fetching chunk 9/44: 2025-10-16 16:33:21.143000 to 2025-10-17 09:12:21.143000
2025-10-22 22:24:27 - shared_modules.data_collection.optimized_data_fetcher - INFO - [OK] Chunk 8: Got 999 candles
2025-10-22 22:24:27 - shared_modules.data_collection.optimized_data_fetcher - INFO - [DATA] Fetching chunk 9/9: 2025-09-22 22:24:21.164000 to 2025-09-25 04:24:21.164000
2025-10-22 22:24:27 - shared_modules.data_collection.optimized_data_fetcher - INFO - [OK] Chunk 9: Got 999 candles
2025-10-22 22:24:27 - shared_modules.data_collection.optimized_data_fetcher - INFO - [DATA] Fetching chunk 10/44: 2025-10-15 23:54:21.143000 to 2025-10-16 16:33:21.143000
2025-10-22 22:24:27 - shared_modules.data_collection.optimized_data_fetcher - INFO - [OK] Chunk 7: Got 999 candles
2025-10-22 22:24:27 - shared_modules.data_collection.optimized_data_fetcher - INFO - [DATA] Fetching chunk 8/9: 2025-09-25 04:24:21.116000 to 2025-09-28 15:39:21.116000
2025-10-22 22:24:28 - shared_modules.data_collection.optimized_data_fetcher - INFO - [OK] Chunk 8: Got 999 candles
2025-10-22 22:24:28 - shared_modules.data_collection.optimized_data_fetcher - INFO - [DATA] Fetching chunk 9/9: 2025-09-22 22:24:21.116000 to 2025-09-25 04:24:21.116000
2025-10-22 22:24:28 - shared_modules.data_collection.optimized_data_fetcher - INFO - [OK] Chunk 8: Got 999 candles
2025-10-22 22:24:28 - shared_modules.data_collection.optimized_data_fetcher - INFO - [DATA] Fetching chunk 9/9: 2025-09-22 22:24:21.144000 to 2025-09-25 04:24:21.144000
2025-10-22 22:24:28 - shared_modules.data_collection.optimized_data_fetcher - INFO - [OK] Chunk 9: Got 999 candles
2025-10-22 22:24:28 - shared_modules.data_collection.optimized_data_fetcher - INFO - [DATA] Fetching chunk 10/44: 2025-10-15 23:54:21.129000 to 2025-10-16 16:33:21.129000
2025-10-22 22:24:28 - shared_modules.data_collection.optimized_data_fetcher - INFO - [OK] Chunk 8: Got 999 candles
2025-10-22 22:24:28 - shared_modules.data_collection.optimized_data_fetcher - INFO - [DATA] Fetching chunk 9/44: 2025-10-16 16:33:21.158000 to 2025-10-17 09:12:21.158000
2025-10-22 22:24:28 - shared_modules.data_collection.optimized_data_fetcher - INFO - [OK] Chunk 8: Got 999 candles
2025-10-22 22:24:28 - shared_modules.data_collection.optimized_data_fetcher - INFO - [DATA] Fetching chunk 9/9: 2025-09-22 22:24:21.131000 to 2025-09-25 04:24:21.131000
2025-10-22 22:24:28 - shared_modules.data_collection.optimized_data_fetcher - INFO - [OK] Chunk 9: Got 648 candles
2025-10-22 22:24:28 - shared_modules.data_collection.csv_manager - INFO - Wrote 8532 entries to data\SOLUSDT_5.csv
2025-10-22 22:24:28 - shared_modules.data_collection.optimized_data_fetcher - INFO - [OK] Fetched 8532 candles for SOLUSDT_5 (9 successful, 0 failed)
2025-10-22 22:24:28 - shared_modules.data_collection.optimized_data_fetcher - INFO - [OK] Chunk 9: Got 999 candles
2025-10-22 22:24:28 - shared_modules.data_collection.optimized_data_fetcher - INFO - [DATA] Fetching chunk 10/44: 2025-10-15 23:54:21.158000 to 2025-10-16 16:33:21.158000
2025-10-22 22:24:28 - shared_modules.data_collection.optimized_data_fetcher - INFO - [OK] Chunk 9: Got 648 candles
2025-10-22 22:24:28 - shared_modules.data_collection.optimized_data_fetcher - INFO - [OK] Chunk 8: Got 999 candles
2025-10-22 22:24:28 - shared_modules.data_collection.csv_manager - INFO - Wrote 8532 entries to data\ETHUSDT_5.csv
2025-10-22 22:24:28 - shared_modules.data_collection.optimized_data_fetcher - INFO - [OK] Fetched 8532 candles for ETHUSDT_5 (9 successful, 0 failed)
2025-10-22 22:24:28 - shared_modules.data_collection.optimized_data_fetcher - INFO - [DATA] Fetching chunk 9/44: 2025-10-16 16:33:21.104000 to 2025-10-17 09:12:21.104000
2025-10-22 22:24:28 - shared_modules.data_collection.optimized_data_fetcher - INFO - [OK] Chunk 10: Got 999 candles
2025-10-22 22:24:28 - shared_modules.data_collection.optimized_data_fetcher - INFO - [DATA] Fetching chunk 11/44: 2025-10-15 07:15:21.129000 to 2025-10-15 23:54:21.129000
2025-10-22 22:24:28 - shared_modules.data_collection.optimized_data_fetcher - INFO - [OK] Chunk 9: Got 648 candles
2025-10-22 22:24:28 - shared_modules.data_collection.csv_manager - INFO - Wrote 8532 entries to data\ADAUSDT_5.csv
2025-10-22 22:24:28 - shared_modules.data_collection.optimized_data_fetcher - INFO - [OK] Fetched 8532 candles for ADAUSDT_5 (9 successful, 0 failed)
2025-10-22 22:24:28 - shared_modules.data_collection.optimized_data_fetcher - INFO - [OK] Chunk 10: Got 999 candles
2025-10-22 22:24:28 - shared_modules.data_collection.optimized_data_fetcher - INFO - [DATA] Fetching chunk 11/44: 2025-10-15 07:15:21.143000 to 2025-10-15 23:54:21.143000
2025-10-22 22:24:28 - shared_modules.data_collection.optimized_data_fetcher - INFO - [OK] Chunk 9: Got 999 candles
2025-10-22 22:24:28 - shared_modules.data_collection.optimized_data_fetcher - INFO - [DATA] Fetching chunk 10/44: 2025-10-15 23:54:21.104000 to 2025-10-16 16:33:21.104000
2025-10-22 22:24:29 - shared_modules.data_collection.optimized_data_fetcher - INFO - [OK] Chunk 11: Got 999 candles
2025-10-22 22:24:29 - shared_modules.data_collection.optimized_data_fetcher - INFO - [DATA] Fetching chunk 12/44: 2025-10-14 14:36:21.143000 to 2025-10-15 07:15:21.143000
2025-10-22 22:24:29 - shared_modules.data_collection.optimized_data_fetcher - INFO - [OK] Chunk 9: Got 648 candles
2025-10-22 22:24:29 - shared_modules.data_collection.csv_manager - INFO - Wrote 8532 entries to data\BTCUSDT_5.csv
2025-10-22 22:24:29 - shared_modules.data_collection.optimized_data_fetcher - INFO - [OK] Fetched 8532 candles for BTCUSDT_5 (9 successful, 0 failed)
2025-10-22 22:24:29 - shared_modules.data_collection.optimized_data_fetcher - INFO - [OK] Chunk 10: Got 999 candles
2025-10-22 22:24:29 - shared_modules.data_collection.optimized_data_fetcher - INFO - [DATA] Fetching chunk 11/44: 2025-10-15 07:15:21.158000 to 2025-10-15 23:54:21.158000
2025-10-22 22:24:29 - shared_modules.data_collection.optimized_data_fetcher - INFO - [OK] Chunk 11: Got 999 candles
2025-10-22 22:24:29 - shared_modules.data_collection.optimized_data_fetcher - INFO - [DATA] Fetching chunk 12/44: 2025-10-14 14:36:21.129000 to 2025-10-15 07:15:21.129000
2025-10-22 22:24:29 - shared_modules.data_collection.optimized_data_fetcher - INFO - [OK] Chunk 10: Got 999 candles
2025-10-22 22:24:29 - shared_modules.data_collection.optimized_data_fetcher - INFO - [DATA] Fetching chunk 11/44: 2025-10-15 07:15:21.104000 to 2025-10-15 23:54:21.104000
2025-10-22 22:24:30 - shared_modules.data_collection.optimized_data_fetcher - INFO - [OK] Chunk 12: Got 999 candles
2025-10-22 22:24:30 - shared_modules.data_collection.optimized_data_fetcher - INFO - [DATA] Fetching chunk 13/44: 2025-10-13 21:57:21.143000 to 2025-10-14 14:36:21.143000
2025-10-22 22:24:30 - shared_modules.data_collection.optimized_data_fetcher - INFO - [OK] Chunk 11: Got 999 candles
2025-10-22 22:24:30 - shared_modules.data_collection.optimized_data_fetcher - INFO - [DATA] Fetching chunk 12/44: 2025-10-14 14:36:21.158000 to 2025-10-15 07:15:21.158000
2025-10-22 22:24:30 - shared_modules.data_collection.optimized_data_fetcher - INFO - [OK] Chunk 12: Got 999 candles
2025-10-22 22:24:30 - shared_modules.data_collection.optimized_data_fetcher - INFO - [DATA] Fetching chunk 13/44: 2025-10-13 21:57:21.129000 to 2025-10-14 14:36:21.129000
2025-10-22 22:24:30 - shared_modules.data_collection.optimized_data_fetcher - INFO - [OK] Chunk 12: Got 999 candles
2025-10-22 22:24:30 - shared_modules.data_collection.optimized_data_fetcher - INFO - [DATA] Fetching chunk 13/44: 2025-10-13 21:57:21.158000 to 2025-10-14 14:36:21.158000
2025-10-22 22:24:30 - shared_modules.data_collection.optimized_data_fetcher - INFO - [OK] Chunk 11: Got 999 candles
2025-10-22 22:24:30 - shared_modules.data_collection.optimized_data_fetcher - INFO - [DATA] Fetching chunk 12/44: 2025-10-14 14:36:21.104000 to 2025-10-15 07:15:21.104000
2025-10-22 22:24:31 - shared_modules.data_collection.optimized_data_fetcher - INFO - [OK] Chunk 13: Got 999 candles
2025-10-22 22:24:31 - shared_modules.data_collection.optimized_data_fetcher - INFO - [DATA] Fetching chunk 14/44: 2025-10-13 05:18:21.129000 to 2025-10-13 21:57:21.129000
2025-10-22 22:24:31 - shared_modules.data_collection.optimized_data_fetcher - INFO - [OK] Chunk 13: Got 999 candles
2025-10-22 22:24:31 - shared_modules.data_collection.optimized_data_fetcher - INFO - [DATA] Fetching chunk 14/44: 2025-10-13 05:18:21.143000 to 2025-10-13 21:57:21.143000
2025-10-22 22:24:31 - shared_modules.data_collection.optimized_data_fetcher - INFO - [OK] Chunk 12: Got 999 candles
2025-10-22 22:24:31 - shared_modules.data_collection.optimized_data_fetcher - INFO - [DATA] Fetching chunk 13/44: 2025-10-13 21:57:21.104000 to 2025-10-14 14:36:21.104000
2025-10-22 22:24:31 - shared_modules.data_collection.optimized_data_fetcher - INFO - [OK] Chunk 13: Got 999 candles
2025-10-22 22:24:31 - shared_modules.data_collection.optimized_data_fetcher - INFO - [DATA] Fetching chunk 14/44: 2025-10-13 05:18:21.104000 to 2025-10-13 21:57:21.104000
2025-10-22 22:24:31 - shared_modules.data_collection.optimized_data_fetcher - INFO - [OK] Chunk 13: Got 999 candles
2025-10-22 22:24:31 - shared_modules.data_collection.optimized_data_fetcher - INFO - [DATA] Fetching chunk 14/44: 2025-10-13 05:18:21.158000 to 2025-10-13 21:57:21.158000
2025-10-22 22:24:32 - shared_modules.data_collection.optimized_data_fetcher - INFO - [OK] Chunk 14: Got 999 candles
2025-10-22 22:24:32 - shared_modules.data_collection.optimized_data_fetcher - INFO - [DATA] Fetching chunk 15/44: 2025-10-12 12:39:21.129000 to 2025-10-13 05:18:21.129000
2025-10-22 22:24:32 - shared_modules.data_collection.optimized_data_fetcher - INFO - [OK] Chunk 14: Got 999 candles
2025-10-22 22:24:32 - shared_modules.data_collection.optimized_data_fetcher - INFO - [DATA] Fetching chunk 15/44: 2025-10-12 12:39:21.143000 to 2025-10-13 05:18:21.143000
2025-10-22 22:24:32 - shared_modules.data_collection.optimized_data_fetcher - INFO - [OK] Chunk 15: Got 999 candles
2025-10-22 22:24:32 - shared_modules.data_collection.optimized_data_fetcher - INFO - [DATA] Fetching chunk 16/44: 2025-10-11 20:00:21.129000 to 2025-10-12 12:39:21.129000
2025-10-22 22:24:32 - shared_modules.data_collection.optimized_data_fetcher - INFO - [OK] Chunk 14: Got 999 candles
2025-10-22 22:24:32 - shared_modules.data_collection.optimized_data_fetcher - INFO - [DATA] Fetching chunk 15/44: 2025-10-12 12:39:21.104000 to 2025-10-13 05:18:21.104000
2025-10-22 22:24:32 - shared_modules.data_collection.optimized_data_fetcher - INFO - [OK] Chunk 16: Got 999 candles
2025-10-22 22:24:32 - shared_modules.data_collection.optimized_data_fetcher - INFO - [DATA] Fetching chunk 17/44: 2025-10-11 03:21:21.129000 to 2025-10-11 20:00:21.129000
2025-10-22 22:24:32 - shared_modules.data_collection.optimized_data_fetcher - INFO - [OK] Chunk 14: Got 999 candles
2025-10-22 22:24:32 - shared_modules.data_collection.optimized_data_fetcher - INFO - [DATA] Fetching chunk 15/44: 2025-10-12 12:39:21.158000 to 2025-10-13 05:18:21.158000
2025-10-22 22:24:32 - shared_modules.data_collection.optimized_data_fetcher - INFO - [OK] Chunk 15: Got 999 candles
2025-10-22 22:24:32 - shared_modules.data_collection.optimized_data_fetcher - INFO - [DATA] Fetching chunk 16/44: 2025-10-11 20:00:21.104000 to 2025-10-12 12:39:21.104000
2025-10-22 22:24:33 - shared_modules.data_collection.optimized_data_fetcher - INFO - [OK] Chunk 15: Got 999 candles
2025-10-22 22:24:33 - shared_modules.data_collection.optimized_data_fetcher - INFO - [DATA] Fetching chunk 16/44: 2025-10-11 20:00:21.158000 to 2025-10-12 12:39:21.158000
2025-10-22 22:24:33 - shared_modules.data_collection.optimized_data_fetcher - INFO - [OK] Chunk 15: Got 999 candles
2025-10-22 22:24:33 - shared_modules.data_collection.optimized_data_fetcher - INFO - [DATA] Fetching chunk 16/44: 2025-10-11 20:00:21.143000 to 2025-10-12 12:39:21.143000
2025-10-22 22:24:33 - shared_modules.data_collection.optimized_data_fetcher - INFO - [OK] Chunk 16: Got 999 candles
2025-10-22 22:24:33 - shared_modules.data_collection.optimized_data_fetcher - INFO - [DATA] Fetching chunk 17/44: 2025-10-11 03:21:21.158000 to 2025-10-11 20:00:21.158000
2025-10-22 22:24:33 - shared_modules.data_collection.optimized_data_fetcher - INFO - [OK] Chunk 17: Got 999 candles
2025-10-22 22:24:33 - shared_modules.data_collection.optimized_data_fetcher - INFO - [DATA] Fetching chunk 18/44: 2025-10-10 10:42:21.129000 to 2025-10-11 03:21:21.129000
2025-10-22 22:24:33 - shared_modules.data_collection.optimized_data_fetcher - INFO - [OK] Chunk 16: Got 999 candles
2025-10-22 22:24:34 - shared_modules.data_collection.optimized_data_fetcher - INFO - [DATA] Fetching chunk 17/44: 2025-10-11 03:21:21.104000 to 2025-10-11 20:00:21.104000
2025-10-22 22:24:34 - shared_modules.data_collection.optimized_data_fetcher - INFO - [OK] Chunk 17: Got 999 candles
2025-10-22 22:24:34 - shared_modules.data_collection.optimized_data_fetcher - INFO - [DATA] Fetching chunk 18/44: 2025-10-10 10:42:21.104000 to 2025-10-11 03:21:21.104000
2025-10-22 22:24:34 - shared_modules.data_collection.optimized_data_fetcher - INFO - [OK] Chunk 16: Got 999 candles
2025-10-22 22:24:34 - shared_modules.data_collection.optimized_data_fetcher - INFO - [DATA] Fetching chunk 17/44: 2025-10-11 03:21:21.143000 to 2025-10-11 20:00:21.143000
2025-10-22 22:24:34 - shared_modules.data_collection.optimized_data_fetcher - INFO - [OK] Chunk 17: Got 999 candles
2025-10-22 22:24:34 - shared_modules.data_collection.optimized_data_fetcher - INFO - [DATA] Fetching chunk 18/44: 2025-10-10 10:42:21.158000 to 2025-10-11 03:21:21.158000
2025-10-22 22:24:34 - shared_modules.data_collection.optimized_data_fetcher - INFO - [OK] Chunk 18: Got 999 candles
2025-10-22 22:24:34 - shared_modules.data_collection.optimized_data_fetcher - INFO - [DATA] Fetching chunk 19/44: 2025-10-09 18:03:21.129000 to 2025-10-10 10:42:21.129000
2025-10-22 22:24:35 - shared_modules.data_collection.optimized_data_fetcher - INFO - [OK] Chunk 19: Got 999 candles
2025-10-22 22:24:35 - shared_modules.data_collection.optimized_data_fetcher - INFO - [DATA] Fetching chunk 20/44: 2025-10-09 01:24:21.129000 to 2025-10-09 18:03:21.129000
2025-10-22 22:24:35 - shared_modules.data_collection.optimized_data_fetcher - INFO - [OK] Chunk 18: Got 999 candles
2025-10-22 22:24:35 - shared_modules.data_collection.optimized_data_fetcher - INFO - [DATA] Fetching chunk 19/44: 2025-10-09 18:03:21.104000 to 2025-10-10 10:42:21.104000
2025-10-22 22:24:35 - shared_modules.data_collection.optimized_data_fetcher - INFO - [OK] Chunk 17: Got 999 candles
2025-10-22 22:24:35 - shared_modules.data_collection.optimized_data_fetcher - INFO - [DATA] Fetching chunk 18/44: 2025-10-10 10:42:21.143000 to 2025-10-11 03:21:21.143000
2025-10-22 22:24:35 - shared_modules.data_collection.optimized_data_fetcher - INFO - [OK] Chunk 20: Got 999 candles
2025-10-22 22:24:35 - shared_modules.data_collection.optimized_data_fetcher - INFO - [DATA] Fetching chunk 21/44: 2025-10-08 08:45:21.129000 to 2025-10-09 01:24:21.129000
2025-10-22 22:24:35 - shared_modules.data_collection.optimized_data_fetcher - INFO - [OK] Chunk 18: Got 999 candles
2025-10-22 22:24:35 - shared_modules.data_collection.optimized_data_fetcher - INFO - [DATA] Fetching chunk 19/44: 2025-10-09 18:03:21.143000 to 2025-10-10 10:42:21.143000
2025-10-22 22:24:35 - shared_modules.data_collection.optimized_data_fetcher - INFO - [OK] Chunk 18: Got 999 candles
2025-10-22 22:24:35 - shared_modules.data_collection.optimized_data_fetcher - INFO - [DATA] Fetching chunk 19/44: 2025-10-09 18:03:21.158000 to 2025-10-10 10:42:21.158000
2025-10-22 22:24:35 - shared_modules.data_collection.optimized_data_fetcher - INFO - [OK] Chunk 19: Got 999 candles
2025-10-22 22:24:35 - shared_modules.data_collection.optimized_data_fetcher - INFO - [DATA] Fetching chunk 20/44: 2025-10-09 01:24:21.104000 to 2025-10-09 18:03:21.104000
2025-10-22 22:24:35 - shared_modules.data_collection.optimized_data_fetcher - INFO - [OK] Chunk 19: Got 999 candles
2025-10-22 22:24:35 - shared_modules.data_collection.optimized_data_fetcher - INFO - [DATA] Fetching chunk 20/44: 2025-10-09 01:24:21.143000 to 2025-10-09 18:03:21.143000
2025-10-22 22:24:35 - shared_modules.data_collection.optimized_data_fetcher - INFO - [OK] Chunk 21: Got 999 candles
2025-10-22 22:24:35 - shared_modules.data_collection.optimized_data_fetcher - INFO - [DATA] Fetching chunk 22/44: 2025-10-07 16:06:21.129000 to 2025-10-08 08:45:21.129000
2025-10-22 22:24:36 - shared_modules.data_collection.optimized_data_fetcher - INFO - [OK] Chunk 19: Got 999 candles
2025-10-22 22:24:36 - shared_modules.data_collection.optimized_data_fetcher - INFO - [DATA] Fetching chunk 20/44: 2025-10-09 01:24:21.158000 to 2025-10-09 18:03:21.158000
2025-10-22 22:24:36 - shared_modules.data_collection.optimized_data_fetcher - INFO - [OK] Chunk 20: Got 999 candles
2025-10-22 22:24:36 - shared_modules.data_collection.optimized_data_fetcher - INFO - [DATA] Fetching chunk 21/44: 2025-10-08 08:45:21.104000 to 2025-10-09 01:24:21.104000
2025-10-22 22:24:36 - shared_modules.data_collection.optimized_data_fetcher - INFO - [OK] Chunk 20: Got 999 candles
2025-10-22 22:24:36 - shared_modules.data_collection.optimized_data_fetcher - INFO - [DATA] Fetching chunk 21/44: 2025-10-08 08:45:21.143000 to 2025-10-09 01:24:21.143000
2025-10-22 22:24:36 - shared_modules.data_collection.optimized_data_fetcher - INFO - [OK] Chunk 20: Got 999 candles
2025-10-22 22:24:36 - shared_modules.data_collection.optimized_data_fetcher - INFO - [DATA] Fetching chunk 21/44: 2025-10-08 08:45:21.158000 to 2025-10-09 01:24:21.158000
2025-10-22 22:24:36 - shared_modules.data_collection.optimized_data_fetcher - INFO - [OK] Chunk 22: Got 999 candles
2025-10-22 22:24:36 - shared_modules.data_collection.optimized_data_fetcher - INFO - [DATA] Fetching chunk 23/44: 2025-10-06 23:27:21.129000 to 2025-10-07 16:06:21.129000
2025-10-22 22:24:36 - shared_modules.data_collection.optimized_data_fetcher - INFO - [OK] Chunk 21: Got 999 candles
2025-10-22 22:24:36 - shared_modules.data_collection.optimized_data_fetcher - INFO - [DATA] Fetching chunk 22/44: 2025-10-07 16:06:21.143000 to 2025-10-08 08:45:21.143000
2025-10-22 22:24:36 - shared_modules.data_collection.optimized_data_fetcher - INFO - [OK] Chunk 21: Got 999 candles
2025-10-22 22:24:36 - shared_modules.data_collection.optimized_data_fetcher - INFO - [DATA] Fetching chunk 22/44: 2025-10-07 16:06:21.158000 to 2025-10-08 08:45:21.158000
2025-10-22 22:24:36 - shared_modules.data_collection.optimized_data_fetcher - INFO - [OK] Chunk 22: Got 999 candles
2025-10-22 22:24:36 - shared_modules.data_collection.optimized_data_fetcher - INFO - [DATA] Fetching chunk 23/44: 2025-10-06 23:27:21.143000 to 2025-10-07 16:06:21.143000
2025-10-22 22:24:36 - shared_modules.data_collection.optimized_data_fetcher - INFO - [OK] Chunk 22: Got 999 candles
2025-10-22 22:24:36 - shared_modules.data_collection.optimized_data_fetcher - INFO - [DATA] Fetching chunk 23/44: 2025-10-06 23:27:21.158000 to 2025-10-07 16:06:21.158000
2025-10-22 22:24:37 - shared_modules.data_collection.optimized_data_fetcher - INFO - [OK] Chunk 21: Got 999 candles
2025-10-22 22:24:37 - shared_modules.data_collection.optimized_data_fetcher - INFO - [DATA] Fetching chunk 22/44: 2025-10-07 16:06:21.104000 to 2025-10-08 08:45:21.104000
2025-10-22 22:24:37 - shared_modules.data_collection.optimized_data_fetcher - INFO - [OK] Chunk 23: Got 999 candles
2025-10-22 22:24:37 - shared_modules.data_collection.optimized_data_fetcher - INFO - [DATA] Fetching chunk 24/44: 2025-10-06 06:48:21.158000 to 2025-10-06 23:27:21.158000
2025-10-22 22:24:37 - shared_modules.data_collection.optimized_data_fetcher - INFO - [OK] Chunk 22: Got 999 candles
2025-10-22 22:24:37 - shared_modules.data_collection.optimized_data_fetcher - INFO - [DATA] Fetching chunk 23/44: 2025-10-06 23:27:21.104000 to 2025-10-07 16:06:21.104000
2025-10-22 22:24:37 - shared_modules.data_collection.optimized_data_fetcher - INFO - [OK] Chunk 23: Got 999 candles
2025-10-22 22:24:37 - shared_modules.data_collection.optimized_data_fetcher - INFO - [OK] Chunk 24: Got 999 candles
2025-10-22 22:24:37 - shared_modules.data_collection.optimized_data_fetcher - INFO - [DATA] Fetching chunk 24/44: 2025-10-06 06:48:21.129000 to 2025-10-06 23:27:21.129000
2025-10-22 22:24:37 - shared_modules.data_collection.optimized_data_fetcher - INFO - [DATA] Fetching chunk 25/44: 2025-10-05 14:09:21.158000 to 2025-10-06 06:48:21.158000
2025-10-22 22:24:37 - shared_modules.data_collection.optimized_data_fetcher - INFO - [OK] Chunk 24: Got 999 candles
2025-10-22 22:24:37 - shared_modules.data_collection.optimized_data_fetcher - INFO - [DATA] Fetching chunk 25/44: 2025-10-05 14:09:21.129000 to 2025-10-06 06:48:21.129000
2025-10-22 22:24:37 - shared_modules.data_collection.optimized_data_fetcher - INFO - [OK] Chunk 23: Got 999 candles
2025-10-22 22:24:37 - shared_modules.data_collection.optimized_data_fetcher - INFO - [DATA] Fetching chunk 24/44: 2025-10-06 06:48:21.143000 to 2025-10-06 23:27:21.143000
2025-10-22 22:24:37 - shared_modules.data_collection.optimized_data_fetcher - INFO - [OK] Chunk 23: Got 999 candles
2025-10-22 22:24:37 - shared_modules.data_collection.optimized_data_fetcher - INFO - [DATA] Fetching chunk 24/44: 2025-10-06 06:48:21.104000 to 2025-10-06 23:27:21.104000
2025-10-22 22:24:38 - shared_modules.data_collection.optimized_data_fetcher - INFO - [OK] Chunk 24: Got 999 candles
2025-10-22 22:24:38 - shared_modules.data_collection.optimized_data_fetcher - INFO - [DATA] Fetching chunk 25/44: 2025-10-05 14:09:21.104000 to 2025-10-06 06:48:21.104000
2025-10-22 22:24:38 - shared_modules.data_collection.optimized_data_fetcher - INFO - [OK] Chunk 25: Got 999 candles
2025-10-22 22:24:38 - shared_modules.data_collection.optimized_data_fetcher - INFO - [DATA] Fetching chunk 26/44: 2025-10-04 21:30:21.158000 to 2025-10-05 14:09:21.158000
2025-10-22 22:24:38 - shared_modules.data_collection.optimized_data_fetcher - INFO - [OK] Chunk 26: Got 999 candles
2025-10-22 22:24:38 - shared_modules.data_collection.optimized_data_fetcher - INFO - [DATA] Fetching chunk 27/44: 2025-10-04 04:51:21.158000 to 2025-10-04 21:30:21.158000
2025-10-22 22:24:38 - shared_modules.data_collection.optimized_data_fetcher - INFO - [OK] Chunk 25: Got 999 candles
2025-10-22 22:24:38 - shared_modules.data_collection.optimized_data_fetcher - INFO - [DATA] Fetching chunk 26/44: 2025-10-04 21:30:21.104000 to 2025-10-05 14:09:21.104000
2025-10-22 22:24:38 - shared_modules.data_collection.optimized_data_fetcher - INFO - [OK] Chunk 25: Got 999 candles
2025-10-22 22:24:38 - shared_modules.data_collection.optimized_data_fetcher - INFO - [DATA] Fetching chunk 26/44: 2025-10-04 21:30:21.129000 to 2025-10-05 14:09:21.129000
2025-10-22 22:24:38 - shared_modules.data_collection.optimized_data_fetcher - INFO - [OK] Chunk 24: Got 999 candles
2025-10-22 22:24:38 - shared_modules.data_collection.optimized_data_fetcher - INFO - [DATA] Fetching chunk 25/44: 2025-10-05 14:09:21.143000 to 2025-10-06 06:48:21.143000
2025-10-22 22:24:39 - shared_modules.data_collection.optimized_data_fetcher - INFO - [OK] Chunk 27: Got 999 candles
2025-10-22 22:24:39 - shared_modules.data_collection.optimized_data_fetcher - INFO - [DATA] Fetching chunk 28/44: 2025-10-03 12:12:21.158000 to 2025-10-04 04:51:21.158000
2025-10-22 22:24:39 - shared_modules.data_collection.optimized_data_fetcher - INFO - [OK] Chunk 25: Got 999 candles
2025-10-22 22:24:39 - shared_modules.data_collection.optimized_data_fetcher - INFO - [DATA] Fetching chunk 26/44: 2025-10-04 21:30:21.143000 to 2025-10-05 14:09:21.143000
2025-10-22 22:24:39 - shared_modules.data_collection.optimized_data_fetcher - INFO - [OK] Chunk 26: Got 999 candles
2025-10-22 22:24:39 - shared_modules.data_collection.optimized_data_fetcher - INFO - [OK] Chunk 28: Got 999 candles
2025-10-22 22:24:39 - shared_modules.data_collection.optimized_data_fetcher - INFO - [DATA] Fetching chunk 29/44: 2025-10-02 19:33:21.158000 to 2025-10-03 12:12:21.158000
2025-10-22 22:24:39 - shared_modules.data_collection.optimized_data_fetcher - INFO - [DATA] Fetching chunk 27/44: 2025-10-04 04:51:21.129000 to 2025-10-04 21:30:21.129000
2025-10-22 22:24:39 - shared_modules.data_collection.optimized_data_fetcher - INFO - [OK] Chunk 29: Got 999 candles
2025-10-22 22:24:39 - shared_modules.data_collection.optimized_data_fetcher - INFO - [DATA] Fetching chunk 30/44: 2025-10-02 02:54:21.158000 to 2025-10-02 19:33:21.158000
2025-10-22 22:24:39 - shared_modules.data_collection.optimized_data_fetcher - INFO - [OK] Chunk 26: Got 999 candles
2025-10-22 22:24:39 - shared_modules.data_collection.optimized_data_fetcher - INFO - [OK] Chunk 30: Got 999 candles
2025-10-22 22:24:39 - shared_modules.data_collection.optimized_data_fetcher - INFO - [DATA] Fetching chunk 27/44: 2025-10-04 04:51:21.104000 to 2025-10-04 21:30:21.104000
2025-10-22 22:24:39 - shared_modules.data_collection.optimized_data_fetcher - INFO - [DATA] Fetching chunk 31/44: 2025-10-01 10:15:21.158000 to 2025-10-02 02:54:21.158000
2025-10-22 22:24:40 - shared_modules.data_collection.optimized_data_fetcher - INFO - [OK] Chunk 27: Got 999 candles
2025-10-22 22:24:40 - shared_modules.data_collection.optimized_data_fetcher - INFO - [OK] Chunk 31: Got 999 candles
2025-10-22 22:24:40 - shared_modules.data_collection.optimized_data_fetcher - INFO - [DATA] Fetching chunk 28/44: 2025-10-03 12:12:21.104000 to 2025-10-04 04:51:21.104000
2025-10-22 22:24:40 - shared_modules.data_collection.optimized_data_fetcher - INFO - [DATA] Fetching chunk 32/44: 2025-09-30 17:36:21.158000 to 2025-10-01 10:15:21.158000
2025-10-22 22:24:40 - shared_modules.data_collection.optimized_data_fetcher - INFO - [OK] Chunk 27: Got 999 candles
2025-10-22 22:24:40 - shared_modules.data_collection.optimized_data_fetcher - INFO - [DATA] Fetching chunk 28/44: 2025-10-03 12:12:21.129000 to 2025-10-04 04:51:21.129000
2025-10-22 22:24:40 - shared_modules.data_collection.optimized_data_fetcher - INFO - [OK] Chunk 28: Got 999 candles
2025-10-22 22:24:40 - shared_modules.data_collection.optimized_data_fetcher - INFO - [DATA] Fetching chunk 29/44: 2025-10-02 19:33:21.104000 to 2025-10-03 12:12:21.104000
2025-10-22 22:24:40 - shared_modules.data_collection.optimized_data_fetcher - INFO - [OK] Chunk 26: Got 999 candles
2025-10-22 22:24:40 - shared_modules.data_collection.optimized_data_fetcher - INFO - [DATA] Fetching chunk 27/44: 2025-10-04 04:51:21.143000 to 2025-10-04 21:30:21.143000
2025-10-22 22:24:41 - shared_modules.data_collection.optimized_data_fetcher - INFO - [OK] Chunk 32: Got 999 candles
2025-10-22 22:24:41 - shared_modules.data_collection.optimized_data_fetcher - INFO - [DATA] Fetching chunk 33/44: 2025-09-30 00:57:21.158000 to 2025-09-30 17:36:21.158000
2025-10-22 22:24:41 - shared_modules.data_collection.optimized_data_fetcher - INFO - [OK] Chunk 28: Got 999 candles
2025-10-22 22:24:41 - shared_modules.data_collection.optimized_data_fetcher - INFO - [DATA] Fetching chunk 29/44: 2025-10-02 19:33:21.129000 to 2025-10-03 12:12:21.129000
2025-10-22 22:24:41 - shared_modules.data_collection.optimized_data_fetcher - INFO - [OK] Chunk 33: Got 999 candles
2025-10-22 22:24:41 - shared_modules.data_collection.optimized_data_fetcher - INFO - [DATA] Fetching chunk 34/44: 2025-09-29 08:18:21.158000 to 2025-09-30 00:57:21.158000
2025-10-22 22:24:41 - shared_modules.data_collection.optimized_data_fetcher - INFO - [OK] Chunk 29: Got 999 candles
2025-10-22 22:24:41 - shared_modules.data_collection.optimized_data_fetcher - INFO - [DATA] Fetching chunk 30/44: 2025-10-02 02:54:21.104000 to 2025-10-02 19:33:21.104000
2025-10-22 22:24:41 - shared_modules.data_collection.optimized_data_fetcher - INFO - [OK] Chunk 27: Got 999 candles
2025-10-22 22:24:41 - shared_modules.data_collection.optimized_data_fetcher - INFO - [DATA] Fetching chunk 28/44: 2025-10-03 12:12:21.143000 to 2025-10-04 04:51:21.143000
2025-10-22 22:24:41 - shared_modules.data_collection.optimized_data_fetcher - INFO - [OK] Chunk 29: Got 999 candles
2025-10-22 22:24:41 - shared_modules.data_collection.optimized_data_fetcher - INFO - [DATA] Fetching chunk 30/44: 2025-10-02 02:54:21.129000 to 2025-10-02 19:33:21.129000
2025-10-22 22:24:41 - shared_modules.data_collection.optimized_data_fetcher - INFO - [OK] Chunk 30: Got 999 candles
2025-10-22 22:24:41 - shared_modules.data_collection.optimized_data_fetcher - INFO - [DATA] Fetching chunk 31/44: 2025-10-01 10:15:21.104000 to 2025-10-02 02:54:21.104000
2025-10-22 22:24:42 - shared_modules.data_collection.optimized_data_fetcher - INFO - [OK] Chunk 28: Got 999 candles
2025-10-22 22:24:42 - shared_modules.data_collection.optimized_data_fetcher - INFO - [DATA] Fetching chunk 29/44: 2025-10-02 19:33:21.143000 to 2025-10-03 12:12:21.143000
2025-10-22 22:24:42 - shared_modules.data_collection.optimized_data_fetcher - INFO - [OK] Chunk 30: Got 999 candles
2025-10-22 22:24:42 - shared_modules.data_collection.optimized_data_fetcher - INFO - [DATA] Fetching chunk 31/44: 2025-10-01 10:15:21.129000 to 2025-10-02 02:54:21.129000
2025-10-22 22:24:42 - shared_modules.data_collection.optimized_data_fetcher - INFO - [OK] Chunk 29: Got 999 candles
2025-10-22 22:24:42 - shared_modules.data_collection.optimized_data_fetcher - INFO - [DATA] Fetching chunk 30/44: 2025-10-02 02:54:21.143000 to 2025-10-02 19:33:21.143000
2025-10-22 22:24:42 - shared_modules.data_collection.optimized_data_fetcher - INFO - [OK] Chunk 34: Got 999 candles
2025-10-22 22:24:42 - shared_modules.data_collection.optimized_data_fetcher - INFO - [DATA] Fetching chunk 35/44: 2025-09-28 15:39:21.158000 to 2025-09-29 08:18:21.158000
2025-10-22 22:24:43 - shared_modules.data_collection.optimized_data_fetcher - INFO - [OK] Chunk 31: Got 999 candles
2025-10-22 22:24:43 - shared_modules.data_collection.optimized_data_fetcher - INFO - [DATA] Fetching chunk 32/44: 2025-09-30 17:36:21.104000 to 2025-10-01 10:15:21.104000
2025-10-22 22:24:43 - shared_modules.data_collection.optimized_data_fetcher - INFO - [OK] Chunk 31: Got 999 candles
2025-10-22 22:24:43 - shared_modules.data_collection.optimized_data_fetcher - INFO - [DATA] Fetching chunk 32/44: 2025-09-30 17:36:21.129000 to 2025-10-01 10:15:21.129000
2025-10-22 22:24:43 - shared_modules.data_collection.optimized_data_fetcher - INFO - [OK] Chunk 32: Got 999 candles
2025-10-22 22:24:43 - shared_modules.data_collection.optimized_data_fetcher - INFO - [DATA] Fetching chunk 33/44: 2025-09-30 00:57:21.104000 to 2025-09-30 17:36:21.104000
2025-10-22 22:24:43 - shared_modules.data_collection.optimized_data_fetcher - INFO - [OK] Chunk 30: Got 999 candles
2025-10-22 22:24:43 - shared_modules.data_collection.optimized_data_fetcher - INFO - [DATA] Fetching chunk 31/44: 2025-10-01 10:15:21.143000 to 2025-10-02 02:54:21.143000
2025-10-22 22:24:43 - shared_modules.data_collection.optimized_data_fetcher - INFO - [OK] Chunk 33: Got 999 candles
2025-10-22 22:24:43 - shared_modules.data_collection.optimized_data_fetcher - INFO - [OK] Chunk 35: Got 999 candles
2025-10-22 22:24:43 - shared_modules.data_collection.optimized_data_fetcher - INFO - [DATA] Fetching chunk 34/44: 2025-09-29 08:18:21.104000 to 2025-09-30 00:57:21.104000
2025-10-22 22:24:43 - shared_modules.data_collection.optimized_data_fetcher - INFO - [DATA] Fetching chunk 36/44: 2025-09-27 23:00:21.158000 to 2025-09-28 15:39:21.158000
2025-10-22 22:24:43 - shared_modules.data_collection.optimized_data_fetcher - INFO - [OK] Chunk 34: Got 999 candles
2025-10-22 22:24:43 - shared_modules.data_collection.optimized_data_fetcher - INFO - [DATA] Fetching chunk 35/44: 2025-09-28 15:39:21.104000 to 2025-09-29 08:18:21.104000
2025-10-22 22:24:44 - shared_modules.data_collection.optimized_data_fetcher - INFO - [OK] Chunk 32: Got 999 candles
2025-10-22 22:24:44 - shared_modules.data_collection.optimized_data_fetcher - INFO - [DATA] Fetching chunk 33/44: 2025-09-30 00:57:21.129000 to 2025-09-30 17:36:21.129000
2025-10-22 22:24:44 - shared_modules.data_collection.optimized_data_fetcher - INFO - [OK] Chunk 31: Got 999 candles
2025-10-22 22:24:44 - shared_modules.data_collection.optimized_data_fetcher - INFO - [DATA] Fetching chunk 32/44: 2025-09-30 17:36:21.143000 to 2025-10-01 10:15:21.143000
2025-10-22 22:24:44 - shared_modules.data_collection.optimized_data_fetcher - INFO - [OK] Chunk 33: Got 999 candles
2025-10-22 22:24:44 - shared_modules.data_collection.optimized_data_fetcher - INFO - [DATA] Fetching chunk 34/44: 2025-09-29 08:18:21.129000 to 2025-09-30 00:57:21.129000
2025-10-22 22:24:44 - shared_modules.data_collection.optimized_data_fetcher - INFO - [OK] Chunk 36: Got 999 candles
2025-10-22 22:24:44 - shared_modules.data_collection.optimized_data_fetcher - INFO - [DATA] Fetching chunk 37/44: 2025-09-27 06:21:21.158000 to 2025-09-27 23:00:21.158000
2025-10-22 22:24:44 - shared_modules.data_collection.optimized_data_fetcher - INFO - [OK] Chunk 34: Got 999 candles
2025-10-22 22:24:44 - shared_modules.data_collection.optimized_data_fetcher - INFO - [DATA] Fetching chunk 35/44: 2025-09-28 15:39:21.129000 to 2025-09-29 08:18:21.129000
2025-10-22 22:24:44 - shared_modules.data_collection.optimized_data_fetcher - INFO - [OK] Chunk 35: Got 999 candles
2025-10-22 22:24:44 - shared_modules.data_collection.optimized_data_fetcher - INFO - [DATA] Fetching chunk 36/44: 2025-09-27 23:00:21.104000 to 2025-09-28 15:39:21.104000
2025-10-22 22:24:45 - shared_modules.data_collection.optimized_data_fetcher - INFO - [OK] Chunk 35: Got 999 candles
2025-10-22 22:24:45 - shared_modules.data_collection.optimized_data_fetcher - INFO - [DATA] Fetching chunk 36/44: 2025-09-27 23:00:21.129000 to 2025-09-28 15:39:21.129000
2025-10-22 22:24:45 - shared_modules.data_collection.optimized_data_fetcher - INFO - [OK] Chunk 36: Got 999 candles
2025-10-22 22:24:45 - shared_modules.data_collection.optimized_data_fetcher - INFO - [DATA] Fetching chunk 37/44: 2025-09-27 06:21:21.104000 to 2025-09-27 23:00:21.104000
2025-10-22 22:24:45 - shared_modules.data_collection.optimized_data_fetcher - INFO - [OK] Chunk 36: Got 999 candles
2025-10-22 22:24:45 - shared_modules.data_collection.optimized_data_fetcher - INFO - [DATA] Fetching chunk 37/44: 2025-09-27 06:21:21.129000 to 2025-09-27 23:00:21.129000
2025-10-22 22:24:45 - shared_modules.data_collection.optimized_data_fetcher - INFO - [OK] Chunk 32: Got 999 candles
2025-10-22 22:24:45 - shared_modules.data_collection.optimized_data_fetcher - INFO - [DATA] Fetching chunk 33/44: 2025-09-30 00:57:21.143000 to 2025-09-30 17:36:21.143000
2025-10-22 22:24:45 - shared_modules.data_collection.optimized_data_fetcher - INFO - [OK] Chunk 37: Got 999 candles
2025-10-22 22:24:45 - shared_modules.data_collection.optimized_data_fetcher - INFO - [DATA] Fetching chunk 38/44: 2025-09-26 13:42:21.104000 to 2025-09-27 06:21:21.104000
2025-10-22 22:24:45 - shared_modules.data_collection.optimized_data_fetcher - INFO - [OK] Chunk 37: Got 999 candles
2025-10-22 22:24:45 - shared_modules.data_collection.optimized_data_fetcher - INFO - [DATA] Fetching chunk 38/44: 2025-09-26 13:42:21.129000 to 2025-09-27 06:21:21.129000
2025-10-22 22:24:45 - shared_modules.data_collection.optimized_data_fetcher - INFO - [OK] Chunk 37: Got 999 candles
2025-10-22 22:24:45 - shared_modules.data_collection.optimized_data_fetcher - INFO - [DATA] Fetching chunk 38/44: 2025-09-26 13:42:21.158000 to 2025-09-27 06:21:21.158000
2025-10-22 22:24:45 - shared_modules.data_collection.optimized_data_fetcher - INFO - [OK] Chunk 38: Got 999 candles
2025-10-22 22:24:45 - shared_modules.data_collection.optimized_data_fetcher - INFO - [DATA] Fetching chunk 39/44: 2025-09-25 21:03:21.104000 to 2025-09-26 13:42:21.104000
2025-10-22 22:24:45 - shared_modules.data_collection.optimized_data_fetcher - INFO - [OK] Chunk 38: Got 999 candles
2025-10-22 22:24:45 - shared_modules.data_collection.optimized_data_fetcher - INFO - [DATA] Fetching chunk 39/44: 2025-09-25 21:03:21.129000 to 2025-09-26 13:42:21.129000
2025-10-22 22:24:45 - shared_modules.data_collection.optimized_data_fetcher - INFO - [OK] Chunk 38: Got 999 candles
2025-10-22 22:24:45 - shared_modules.data_collection.optimized_data_fetcher - INFO - [DATA] Fetching chunk 39/44: 2025-09-25 21:03:21.158000 to 2025-09-26 13:42:21.158000
2025-10-22 22:24:46 - shared_modules.data_collection.optimized_data_fetcher - INFO - [OK] Chunk 39: Got 999 candles
2025-10-22 22:24:46 - shared_modules.data_collection.optimized_data_fetcher - INFO - [DATA] Fetching chunk 40/44: 2025-09-25 04:24:21.104000 to 2025-09-25 21:03:21.104000
2025-10-22 22:24:46 - shared_modules.data_collection.optimized_data_fetcher - INFO - [OK] Chunk 39: Got 999 candles
2025-10-22 22:24:46 - shared_modules.data_collection.optimized_data_fetcher - INFO - [DATA] Fetching chunk 40/44: 2025-09-25 04:24:21.129000 to 2025-09-25 21:03:21.129000
2025-10-22 22:24:46 - shared_modules.data_collection.optimized_data_fetcher - INFO - [OK] Chunk 39: Got 999 candles
2025-10-22 22:24:46 - shared_modules.data_collection.optimized_data_fetcher - INFO - [DATA] Fetching chunk 40/44: 2025-09-25 04:24:21.158000 to 2025-09-25 21:03:21.158000
2025-10-22 22:24:46 - shared_modules.data_collection.optimized_data_fetcher - INFO - [OK] Chunk 33: Got 999 candles
2025-10-22 22:24:46 - shared_modules.data_collection.optimized_data_fetcher - INFO - [DATA] Fetching chunk 34/44: 2025-09-29 08:18:21.143000 to 2025-09-30 00:57:21.143000
2025-10-22 22:24:46 - shared_modules.data_collection.optimized_data_fetcher - INFO - [OK] Chunk 40: Got 999 candles
2025-10-22 22:24:46 - shared_modules.data_collection.optimized_data_fetcher - INFO - [DATA] Fetching chunk 41/44: 2025-09-24 11:45:21.158000 to 2025-09-25 04:24:21.158000
2025-10-22 22:24:46 - shared_modules.data_collection.optimized_data_fetcher - INFO - [OK] Chunk 34: Got 999 candles
2025-10-22 22:24:46 - shared_modules.data_collection.optimized_data_fetcher - INFO - [DATA] Fetching chunk 35/44: 2025-09-28 15:39:21.143000 to 2025-09-29 08:18:21.143000
2025-10-22 22:24:46 - shared_modules.data_collection.optimized_data_fetcher - INFO - [OK] Chunk 41: Got 999 candles
2025-10-22 22:24:46 - shared_modules.data_collection.optimized_data_fetcher - INFO - [DATA] Fetching chunk 42/44: 2025-09-23 19:06:21.158000 to 2025-09-24 11:45:21.158000
2025-10-22 22:24:47 - shared_modules.data_collection.optimized_data_fetcher - INFO - [OK] Chunk 40: Got 999 candles
2025-10-22 22:24:47 - shared_modules.data_collection.optimized_data_fetcher - INFO - [DATA] Fetching chunk 41/44: 2025-09-24 11:45:21.104000 to 2025-09-25 04:24:21.104000
2025-10-22 22:24:47 - shared_modules.data_collection.optimized_data_fetcher - INFO - [OK] Chunk 40: Got 999 candles
2025-10-22 22:24:47 - shared_modules.data_collection.optimized_data_fetcher - INFO - [DATA] Fetching chunk 41/44: 2025-09-24 11:45:21.129000 to 2025-09-25 04:24:21.129000
2025-10-22 22:24:47 - shared_modules.data_collection.optimized_data_fetcher - INFO - [OK] Chunk 41: Got 999 candles
2025-10-22 22:24:47 - shared_modules.data_collection.optimized_data_fetcher - INFO - [DATA] Fetching chunk 42/44: 2025-09-23 19:06:21.129000 to 2025-09-24 11:45:21.129000
2025-10-22 22:24:47 - shared_modules.data_collection.optimized_data_fetcher - INFO - [OK] Chunk 41: Got 999 candles
2025-10-22 22:24:47 - shared_modules.data_collection.optimized_data_fetcher - INFO - [DATA] Fetching chunk 42/44: 2025-09-23 19:06:21.104000 to 2025-09-24 11:45:21.104000
2025-10-22 22:24:47 - shared_modules.data_collection.optimized_data_fetcher - INFO - [OK] Chunk 35: Got 999 candles
2025-10-22 22:24:47 - shared_modules.data_collection.optimized_data_fetcher - INFO - [DATA] Fetching chunk 36/44: 2025-09-27 23:00:21.143000 to 2025-09-28 15:39:21.143000
2025-10-22 22:24:47 - shared_modules.data_collection.optimized_data_fetcher - INFO - [OK] Chunk 42: Got 999 candles
2025-10-22 22:24:47 - shared_modules.data_collection.optimized_data_fetcher - INFO - [DATA] Fetching chunk 43/44: 2025-09-23 02:27:21.129000 to 2025-09-23 19:06:21.129000
2025-10-22 22:24:47 - shared_modules.data_collection.optimized_data_fetcher - INFO - [OK] Chunk 42: Got 999 candles
2025-10-22 22:24:47 - shared_modules.data_collection.optimized_data_fetcher - INFO - [DATA] Fetching chunk 43/44: 2025-09-23 02:27:21.158000 to 2025-09-23 19:06:21.158000
2025-10-22 22:24:47 - shared_modules.data_collection.optimized_data_fetcher - INFO - [OK] Chunk 42: Got 999 candles
2025-10-22 22:24:47 - shared_modules.data_collection.optimized_data_fetcher - INFO - [DATA] Fetching chunk 43/44: 2025-09-23 02:27:21.104000 to 2025-09-23 19:06:21.104000
2025-10-22 22:24:48 - shared_modules.data_collection.optimized_data_fetcher - INFO - [OK] Chunk 43: Got 999 candles
2025-10-22 22:24:48 - shared_modules.data_collection.optimized_data_fetcher - INFO - [DATA] Fetching chunk 44/44: 2025-09-22 22:24:21.129000 to 2025-09-23 02:27:21.129000
2025-10-22 22:24:48 - shared_modules.data_collection.optimized_data_fetcher - INFO - [OK] Chunk 43: Got 999 candles
2025-10-22 22:24:48 - shared_modules.data_collection.optimized_data_fetcher - INFO - [DATA] Fetching chunk 44/44: 2025-09-22 22:24:21.158000 to 2025-09-23 02:27:21.158000
2025-10-22 22:24:48 - shared_modules.data_collection.optimized_data_fetcher - INFO - [OK] Chunk 43: Got 999 candles
2025-10-22 22:24:48 - shared_modules.data_collection.optimized_data_fetcher - INFO - [DATA] Fetching chunk 44/44: 2025-09-22 22:24:21.104000 to 2025-09-23 02:27:21.104000
2025-10-22 22:24:48 - shared_modules.data_collection.optimized_data_fetcher - INFO - [OK] Chunk 36: Got 999 candles
2025-10-22 22:24:48 - shared_modules.data_collection.optimized_data_fetcher - INFO - [DATA] Fetching chunk 37/44: 2025-09-27 06:21:21.143000 to 2025-09-27 23:00:21.143000
2025-10-22 22:24:48 - shared_modules.data_collection.optimized_data_fetcher - INFO - [OK] Chunk 44: Got 243 candles
2025-10-22 22:24:49 - shared_modules.data_collection.csv_manager - INFO - Wrote 42660 entries to data\ADAUSDT_1.csv
2025-10-22 22:24:49 - shared_modules.data_collection.optimized_data_fetcher - INFO - [OK] Fetched 42660 candles for ADAUSDT_1 (44 successful, 0 failed)
2025-10-22 22:24:49 - shared_modules.data_collection.optimized_data_fetcher - INFO - [OK] Chunk 44: Got 243 candles
2025-10-22 22:24:49 - shared_modules.data_collection.optimized_data_fetcher - INFO - [OK] Chunk 44: Got 243 candles
2025-10-22 22:24:49 - shared_modules.data_collection.csv_manager - INFO - Wrote 42660 entries to data\BTCUSDT_1.csv
2025-10-22 22:24:49 - shared_modules.data_collection.optimized_data_fetcher - INFO - [OK] Fetched 42660 candles for BTCUSDT_1 (44 successful, 0 failed)
2025-10-22 22:24:50 - shared_modules.data_collection.csv_manager - INFO - Wrote 42660 entries to data\ETHUSDT_1.csv
2025-10-22 22:24:50 - shared_modules.data_collection.optimized_data_fetcher - INFO - [OK] Fetched 42660 candles for ETHUSDT_1 (44 successful, 0 failed)
2025-10-22 22:24:50 - shared_modules.data_collection.optimized_data_fetcher - INFO - [OK] Chunk 37: Got 999 candles
2025-10-22 22:24:50 - shared_modules.data_collection.optimized_data_fetcher - INFO - [DATA] Fetching chunk 38/44: 2025-09-26 13:42:21.143000 to 2025-09-27 06:21:21.143000
2025-10-22 22:24:50 - shared_modules.data_collection.optimized_data_fetcher - INFO - [OK] Chunk 38: Got 999 candles
2025-10-22 22:24:50 - shared_modules.data_collection.optimized_data_fetcher - INFO - [DATA] Fetching chunk 39/44: 2025-09-25 21:03:21.143000 to 2025-09-26 13:42:21.143000
2025-10-22 22:24:50 - shared_modules.data_collection.optimized_data_fetcher - INFO - [OK] Chunk 39: Got 999 candles
2025-10-22 22:24:50 - shared_modules.data_collection.optimized_data_fetcher - INFO - [DATA] Fetching chunk 40/44: 2025-09-25 04:24:21.143000 to 2025-09-25 21:03:21.143000
2025-10-22 22:24:51 - shared_modules.data_collection.optimized_data_fetcher - INFO - [OK] Chunk 40: Got 999 candles
2025-10-22 22:24:51 - shared_modules.data_collection.optimized_data_fetcher - INFO - [DATA] Fetching chunk 41/44: 2025-09-24 11:45:21.143000 to 2025-09-25 04:24:21.143000
2025-10-22 22:24:52 - shared_modules.data_collection.optimized_data_fetcher - INFO - [OK] Chunk 41: Got 999 candles
2025-10-22 22:24:52 - shared_modules.data_collection.optimized_data_fetcher - INFO - [DATA] Fetching chunk 42/44: 2025-09-23 19:06:21.143000 to 2025-09-24 11:45:21.143000
2025-10-22 22:24:52 - shared_modules.data_collection.optimized_data_fetcher - INFO - [OK] Chunk 42: Got 999 candles
2025-10-22 22:24:52 - shared_modules.data_collection.optimized_data_fetcher - INFO - [DATA] Fetching chunk 43/44: 2025-09-23 02:27:21.143000 to 2025-09-23 19:06:21.143000
2025-10-22 22:24:53 - shared_modules.data_collection.optimized_data_fetcher - INFO - [OK] Chunk 43: Got 999 candles
2025-10-22 22:24:53 - shared_modules.data_collection.optimized_data_fetcher - INFO - [DATA] Fetching chunk 44/44: 2025-09-22 22:24:21.143000 to 2025-09-23 02:27:21.143000
2025-10-22 22:24:54 - shared_modules.data_collection.optimized_data_fetcher - INFO - [OK] Chunk 44: Got 243 candles
2025-10-22 22:24:54 - shared_modules.data_collection.csv_manager - INFO - Wrote 42660 entries to data\SOLUSDT_1.csv
2025-10-22 22:24:54 - shared_modules.data_collection.optimized_data_fetcher - INFO - [OK] Fetched 42660 candles for SOLUSDT_1 (44 successful, 0 failed)
2025-10-22 22:24:54 - shared_modules.data_collection.optimized_data_fetcher - INFO - [DATA] Historical data fetch completed in 33.40 seconds
2025-10-22 22:24:54 - shared_modules.data_collection.optimized_data_fetcher - INFO - [OK] Successful: 24/24 (100.0%)
2025-10-22 22:24:54 - shared_modules.data_collection.hybrid_system - INFO - [OK] Historical data fetched successfully
2025-10-22 22:24:54 - shared_modules.data_collection.hybrid_system - INFO - 
[INFO] Sample of fetched historical data:
2025-10-22 22:24:54 - shared_modules.data_collection.hybrid_system - INFO -  BTCUSDT_1: 42660 candles
2025-10-22 22:24:54 - shared_modules.data_collection.hybrid_system - INFO -  Latest: 2025-10-22 13:24:00 - O:107629.5 H:107675.6 L:107625.0 C:107675.6
2025-10-22 22:24:54 - shared_modules.data_collection.hybrid_system - INFO -  BTCUSDT_5: 8532 candles
2025-10-22 22:24:54 - shared_modules.data_collection.hybrid_system - INFO -  Latest: 2025-10-22 13:20:00 - O:107664.1 H:107698.4 L:107600.0 C:107675.6
2025-10-22 22:24:54 - shared_modules.data_collection.hybrid_system - INFO -  ETHUSDT_1: 42660 candles
2025-10-22 22:24:54 - shared_modules.data_collection.hybrid_system - INFO -  Latest: 2025-10-22 13:24:00 - O:3786.54 H:3787.96 L:3786.27 C:3787.76
2025-10-22 22:24:54 - shared_modules.data_collection.hybrid_system - INFO -  ETHUSDT_5: 8532 candles
2025-10-22 22:24:54 - shared_modules.data_collection.hybrid_system - INFO -  Latest: 2025-10-22 13:20:00 - O:3785.38 H:3787.96 L:3775.48 C:3787.75
2025-10-22 22:25:02 - asyncio - ERROR - Unclosed client session
client_session: <aiohttp.client.ClientSession object at 0x00000257EE2523D0>
2025-10-22 22:25:02 - asyncio - ERROR - Unclosed connector
connections: ['[(<aiohttp.client_proto.ResponseHandler object at 0x00000257EE5DBA60>, 1710.515), (<aiohttp.client_proto.ResponseHandler object at 0x00000257EE5DB6A0>, 1711.406), (<aiohttp.client_proto.ResponseHandler object at 0x00000257EE5EC6A0>, 1711.406), (<aiohttp.client_proto.ResponseHandler object at 0x00000257EE5DBA00>, 1716.14)]']
connector: <aiohttp.connector.TCPConnector object at 0x00000257EE252190>
2025-10-22 22:25:02 - asyncio - ERROR - Fatal error on SSL transport
protocol: <asyncio.sslproto.SSLProtocol object at 0x00000257EE22A9D0>
transport: <_ProactorSocketTransport fd=1168 read=<_OverlappedFuture cancelled>>
Traceback (most recent call last):
  File "C:\Users\Thys\AppData\Local\Programs\Python\Python39\lib\asyncio\sslproto.py", line 690, in _process_write_backlog
    self._transport.write(chunk)
  File "C:\Users\Thys\AppData\Local\Programs\Python\Python39\lib\asyncio\proactor_events.py", line 359, in write
    self._loop_writing(data=bytes(data))
  File "C:\Users\Thys\AppData\Local\Programs\Python\Python39\lib\asyncio\proactor_events.py", line 395, in _loop_writing
    self._write_fut = self._loop._proactor.send(self._sock, data)
AttributeError: 'NoneType' object has no attribute 'send'
2025-10-22 22:25:02 - asyncio - ERROR - Fatal error on SSL transport
protocol: <asyncio.sslproto.SSLProtocol object at 0x00000257EE5D62B0>
transport: <_ProactorSocketTransport fd=1160 read=<_OverlappedFuture cancelled>>
Traceback (most recent call last):
  File "C:\Users\Thys\AppData\Local\Programs\Python\Python39\lib\asyncio\sslproto.py", line 690, in _process_write_backlog
    self._transport.write(chunk)
  File "C:\Users\Thys\AppData\Local\Programs\Python\Python39\lib\asyncio\proactor_events.py", line 359, in write
    self._loop_writing(data=bytes(data))
  File "C:\Users\Thys\AppData\Local\Programs\Python\Python39\lib\asyncio\proactor_events.py", line 395, in _loop_writing
    self._write_fut = self._loop._proactor.send(self._sock, data)
AttributeError: 'NoneType' object has no attribute 'send'
2025-10-22 22:25:02 - asyncio - ERROR - Fatal error on SSL transport
protocol: <asyncio.sslproto.SSLProtocol object at 0x00000257EE5D6550>
transport: <_ProactorSocketTransport fd=1324 read=<_OverlappedFuture cancelled>>
Traceback (most recent call last):
  File "C:\Users\Thys\AppData\Local\Programs\Python\Python39\lib\asyncio\sslproto.py", line 690, in _process_write_backlog
    self._transport.write(chunk)
  File "C:\Users\Thys\AppData\Local\Programs\Python\Python39\lib\asyncio\proactor_events.py", line 359, in write
    self._loop_writing(data=bytes(data))
  File "C:\Users\Thys\AppData\Local\Programs\Python\Python39\lib\asyncio\proactor_events.py", line 395, in _loop_writing
    self._write_fut = self._loop._proactor.send(self._sock, data)
AttributeError: 'NoneType' object has no attribute 'send'
2025-10-22 22:25:02 - asyncio - ERROR - Fatal error on SSL transport
protocol: <asyncio.sslproto.SSLProtocol object at 0x00000257EE5E0310>
transport: <_ProactorSocketTransport fd=-1 read=<_OverlappedFuture cancelled>>
Traceback (most recent call last):
  File "C:\Users\Thys\AppData\Local\Programs\Python\Python39\lib\asyncio\sslproto.py", line 690, in _process_write_backlog
    self._transport.write(chunk)
  File "C:\Users\Thys\AppData\Local\Programs\Python\Python39\lib\asyncio\proactor_events.py", line 359, in write
    self._loop_writing(data=bytes(data))
  File "C:\Users\Thys\AppData\Local\Programs\Python\Python39\lib\asyncio\proactor_events.py", line 395, in _loop_writing
    self._write_fut = self._loop._proactor.send(self._sock, data)
AttributeError: 'NoneType' object has no attribute 'send'
2025-10-22 23:46:25 - root - INFO - Logging system initialized
2025-10-22 23:46:25 - root - INFO - Logging system initialized
2025-10-22 23:46:25 - shared_modules.data_collection.websocket_handler - INFO - All subscription batches sent
2025-10-22 23:46:25 - root - INFO - Logging system initialized
